[2022-12-03 14:51:25,867] {taskinstance.py:1159} INFO - Dependencies all met for <TaskInstance: prepare_data.transfer_data scheduled__2022-11-28T18:15:00+00:00 [queued]>
[2022-12-03 14:51:27,531] {taskinstance.py:1159} INFO - Dependencies all met for <TaskInstance: prepare_data.transfer_data scheduled__2022-11-28T18:15:00+00:00 [queued]>
[2022-12-03 14:51:27,531] {taskinstance.py:1356} INFO - 
--------------------------------------------------------------------------------
[2022-12-03 14:51:27,531] {taskinstance.py:1357} INFO - Starting attempt 1 of 1
[2022-12-03 14:51:27,531] {taskinstance.py:1358} INFO - 
--------------------------------------------------------------------------------
[2022-12-03 14:51:29,982] {taskinstance.py:1377} INFO - Executing <Task(PythonOperator): transfer_data> on 2022-11-28 18:15:00+00:00
[2022-12-03 14:51:30,574] {standard_task_runner.py:52} INFO - Started process 563 to run task
[2022-12-03 14:51:31,082] {standard_task_runner.py:79} INFO - Running: ['airflow', 'tasks', 'run', 'prepare_data', 'transfer_data', 'scheduled__2022-11-28T18:15:00+00:00', '--job-id', '123', '--raw', '--subdir', 'DAGS_FOLDER/prepare_data.py', '--cfg-path', '/tmp/tmp9qtclja5', '--error-file', '/tmp/tmpr8g5esc3']
[2022-12-03 14:51:31,084] {standard_task_runner.py:80} INFO - Job 123: Subtask transfer_data
[2022-12-03 14:51:36,800] {task_command.py:369} INFO - Running <TaskInstance: prepare_data.transfer_data scheduled__2022-11-28T18:15:00+00:00 [running]> on host b41792e8e843
[2022-12-03 14:51:46,157] {taskinstance.py:1571} INFO - Exporting the following env vars:
AIRFLOW_CTX_DAG_OWNER=airflow
AIRFLOW_CTX_DAG_ID=prepare_data
AIRFLOW_CTX_TASK_ID=transfer_data
AIRFLOW_CTX_EXECUTION_DATE=2022-11-28T18:15:00+00:00
AIRFLOW_CTX_TRY_NUMBER=1
AIRFLOW_CTX_DAG_RUN_ID=scheduled__2022-11-28T18:15:00+00:00
[2022-12-03 14:51:47,726] {base.py:68} INFO - Using connection ID 'postgres_default' for task execution.
[2022-12-03 14:52:01,663] {python.py:173} INFO - Done. Returned value was: None
[2022-12-03 14:52:03,916] {taskinstance.py:1400} INFO - Marking task as SUCCESS. dag_id=prepare_data, task_id=transfer_data, execution_date=20221128T181500, start_date=20221203T145126, end_date=20221203T145203
[2022-12-03 14:52:05,709] {local_task_job.py:156} INFO - Task exited with return code 0
[2022-12-03 14:52:10,590] {local_task_job.py:273} INFO - 0 downstream tasks scheduled from follow-on schedule check
