[2022-12-12 13:19:39,082] {taskinstance.py:1159} INFO - Dependencies all met for <TaskInstance: prepare_data.transfer_data scheduled__2022-11-29T00:40:00+00:00 [queued]>
[2022-12-12 13:19:39,315] {taskinstance.py:1159} INFO - Dependencies all met for <TaskInstance: prepare_data.transfer_data scheduled__2022-11-29T00:40:00+00:00 [queued]>
[2022-12-12 13:19:39,315] {taskinstance.py:1356} INFO - 
--------------------------------------------------------------------------------
[2022-12-12 13:19:39,315] {taskinstance.py:1357} INFO - Starting attempt 1 of 1
[2022-12-12 13:19:39,322] {taskinstance.py:1358} INFO - 
--------------------------------------------------------------------------------
[2022-12-12 13:19:39,634] {taskinstance.py:1377} INFO - Executing <Task(PythonOperator): transfer_data> on 2022-11-29 00:40:00+00:00
[2022-12-12 13:19:39,657] {standard_task_runner.py:52} INFO - Started process 2455 to run task
[2022-12-12 13:19:39,725] {standard_task_runner.py:79} INFO - Running: ['airflow', 'tasks', 'run', 'prepare_data', 'transfer_data', 'scheduled__2022-11-29T00:40:00+00:00', '--job-id', '896', '--raw', '--subdir', 'DAGS_FOLDER/prepare_data.py', '--cfg-path', '/tmp/tmpu6eylvrp', '--error-file', '/tmp/tmpk20ds_cw']
[2022-12-12 13:19:39,727] {standard_task_runner.py:80} INFO - Job 896: Subtask transfer_data
[2022-12-12 13:19:40,959] {task_command.py:369} INFO - Running <TaskInstance: prepare_data.transfer_data scheduled__2022-11-29T00:40:00+00:00 [running]> on host b778137d8ea6
[2022-12-12 13:19:44,132] {taskinstance.py:1571} INFO - Exporting the following env vars:
AIRFLOW_CTX_DAG_OWNER=airflow
AIRFLOW_CTX_DAG_ID=prepare_data
AIRFLOW_CTX_TASK_ID=transfer_data
AIRFLOW_CTX_EXECUTION_DATE=2022-11-29T00:40:00+00:00
AIRFLOW_CTX_TRY_NUMBER=1
AIRFLOW_CTX_DAG_RUN_ID=scheduled__2022-11-29T00:40:00+00:00
[2022-12-12 13:19:44,942] {base.py:68} INFO - Using connection ID 'postgres_default' for task execution.
[2022-12-12 13:19:46,099] {python.py:173} INFO - Done. Returned value was: None
[2022-12-12 13:19:47,380] {taskinstance.py:1400} INFO - Marking task as SUCCESS. dag_id=prepare_data, task_id=transfer_data, execution_date=20221129T004000, start_date=20221212T131939, end_date=20221212T131947
[2022-12-12 13:19:47,986] {local_task_job.py:156} INFO - Task exited with return code 0
[2022-12-12 13:19:49,531] {local_task_job.py:273} INFO - 0 downstream tasks scheduled from follow-on schedule check
