[2022-12-03 14:44:25,166] {taskinstance.py:1159} INFO - Dependencies all met for <TaskInstance: prepare_data.create_table scheduled__2022-11-28T16:51:00+00:00 [queued]>
[2022-12-03 14:44:25,266] {taskinstance.py:1159} INFO - Dependencies all met for <TaskInstance: prepare_data.create_table scheduled__2022-11-28T16:51:00+00:00 [queued]>
[2022-12-03 14:44:25,267] {taskinstance.py:1356} INFO - 
--------------------------------------------------------------------------------
[2022-12-03 14:44:25,267] {taskinstance.py:1357} INFO - Starting attempt 1 of 1
[2022-12-03 14:44:25,267] {taskinstance.py:1358} INFO - 
--------------------------------------------------------------------------------
[2022-12-03 14:44:25,499] {taskinstance.py:1377} INFO - Executing <Task(PostgresOperator): create_table> on 2022-11-28 16:51:00+00:00
[2022-12-03 14:44:25,539] {standard_task_runner.py:52} INFO - Started process 296 to run task
[2022-12-03 14:44:25,598] {standard_task_runner.py:79} INFO - Running: ['airflow', 'tasks', 'run', 'prepare_data', 'create_table', 'scheduled__2022-11-28T16:51:00+00:00', '--job-id', '19', '--raw', '--subdir', 'DAGS_FOLDER/prepare_data.py', '--cfg-path', '/tmp/tmpgjxaj1sq', '--error-file', '/tmp/tmpgxnly59_']
[2022-12-03 14:44:25,619] {standard_task_runner.py:80} INFO - Job 19: Subtask create_table
[2022-12-03 14:44:27,138] {task_command.py:369} INFO - Running <TaskInstance: prepare_data.create_table scheduled__2022-11-28T16:51:00+00:00 [running]> on host b41792e8e843
[2022-12-03 14:44:29,842] {taskinstance.py:1571} INFO - Exporting the following env vars:
AIRFLOW_CTX_DAG_OWNER=airflow
AIRFLOW_CTX_DAG_ID=prepare_data
AIRFLOW_CTX_TASK_ID=create_table
AIRFLOW_CTX_EXECUTION_DATE=2022-11-28T16:51:00+00:00
AIRFLOW_CTX_TRY_NUMBER=1
AIRFLOW_CTX_DAG_RUN_ID=scheduled__2022-11-28T16:51:00+00:00
[2022-12-03 14:44:30,399] {taskinstance.py:1889} ERROR - Task failed with exception
Traceback (most recent call last):
  File "/home/airflow/.local/lib/python3.7/site-packages/airflow/providers/postgres/operators/postgres.py", line 92, in execute
    self.hook.run(self.sql, self.autocommit, parameters=self.parameters)
  File "/home/airflow/.local/lib/python3.7/site-packages/airflow/hooks/dbapi.py", line 181, in run
    with closing(self.get_conn()) as conn:
  File "/home/airflow/.local/lib/python3.7/site-packages/airflow/providers/postgres/hooks/postgres.py", line 86, in get_conn
    conn = deepcopy(self.connection or self.get_connection(conn_id))
  File "/home/airflow/.local/lib/python3.7/site-packages/airflow/hooks/base.py", line 67, in get_connection
    conn = Connection.get_connection_from_secrets(conn_id)
  File "/home/airflow/.local/lib/python3.7/site-packages/airflow/models/connection.py", line 430, in get_connection_from_secrets
    raise AirflowNotFoundException(f"The conn_id `{conn_id}` isn't defined")
airflow.exceptions.AirflowNotFoundException: The conn_id `postgres_default` isn't defined
[2022-12-03 14:44:30,490] {taskinstance.py:1400} INFO - Marking task as FAILED. dag_id=prepare_data, task_id=create_table, execution_date=20221128T165100, start_date=20221203T144425, end_date=20221203T144430
[2022-12-03 14:44:30,786] {standard_task_runner.py:97} ERROR - Failed to execute job 19 for task create_table (The conn_id `postgres_default` isn't defined; 296)
[2022-12-03 14:44:31,481] {local_task_job.py:156} INFO - Task exited with return code 1
[2022-12-03 14:44:32,892] {local_task_job.py:273} INFO - 0 downstream tasks scheduled from follow-on schedule check
[2022-12-12 12:29:22,340] {taskinstance.py:1159} INFO - Dependencies all met for <TaskInstance: prepare_data.create_table scheduled__2022-11-28T16:51:00+00:00 [queued]>
[2022-12-12 12:29:23,390] {taskinstance.py:1159} INFO - Dependencies all met for <TaskInstance: prepare_data.create_table scheduled__2022-11-28T16:51:00+00:00 [queued]>
[2022-12-12 12:29:23,456] {taskinstance.py:1356} INFO - 
--------------------------------------------------------------------------------
[2022-12-12 12:29:23,456] {taskinstance.py:1357} INFO - Starting attempt 1 of 1
[2022-12-12 12:29:23,456] {taskinstance.py:1358} INFO - 
--------------------------------------------------------------------------------
[2022-12-12 12:29:25,054] {taskinstance.py:1377} INFO - Executing <Task(PostgresOperator): create_table> on 2022-11-28 16:51:00+00:00
[2022-12-12 12:29:25,422] {standard_task_runner.py:52} INFO - Started process 286 to run task
[2022-12-12 12:29:25,832] {standard_task_runner.py:79} INFO - Running: ['airflow', 'tasks', 'run', 'prepare_data', 'create_table', 'scheduled__2022-11-28T16:51:00+00:00', '--job-id', '19', '--raw', '--subdir', 'DAGS_FOLDER/prepare_data.py', '--cfg-path', '/tmp/tmpt4_r0oxu', '--error-file', '/tmp/tmp99vvulo5']
[2022-12-12 12:29:26,009] {standard_task_runner.py:80} INFO - Job 19: Subtask create_table
[2022-12-12 12:29:29,568] {task_command.py:369} INFO - Running <TaskInstance: prepare_data.create_table scheduled__2022-11-28T16:51:00+00:00 [running]> on host b778137d8ea6
[2022-12-12 12:29:39,531] {taskinstance.py:1571} INFO - Exporting the following env vars:
AIRFLOW_CTX_DAG_OWNER=airflow
AIRFLOW_CTX_DAG_ID=prepare_data
AIRFLOW_CTX_TASK_ID=create_table
AIRFLOW_CTX_EXECUTION_DATE=2022-11-28T16:51:00+00:00
AIRFLOW_CTX_TRY_NUMBER=1
AIRFLOW_CTX_DAG_RUN_ID=scheduled__2022-11-28T16:51:00+00:00
[2022-12-12 12:29:44,129] {taskinstance.py:1889} ERROR - Task failed with exception
Traceback (most recent call last):
  File "/home/airflow/.local/lib/python3.7/site-packages/airflow/providers/postgres/operators/postgres.py", line 92, in execute
    self.hook.run(self.sql, self.autocommit, parameters=self.parameters)
  File "/home/airflow/.local/lib/python3.7/site-packages/airflow/hooks/dbapi.py", line 181, in run
    with closing(self.get_conn()) as conn:
  File "/home/airflow/.local/lib/python3.7/site-packages/airflow/providers/postgres/hooks/postgres.py", line 86, in get_conn
    conn = deepcopy(self.connection or self.get_connection(conn_id))
  File "/home/airflow/.local/lib/python3.7/site-packages/airflow/hooks/base.py", line 67, in get_connection
    conn = Connection.get_connection_from_secrets(conn_id)
  File "/home/airflow/.local/lib/python3.7/site-packages/airflow/models/connection.py", line 430, in get_connection_from_secrets
    raise AirflowNotFoundException(f"The conn_id `{conn_id}` isn't defined")
airflow.exceptions.AirflowNotFoundException: The conn_id `postgres_default` isn't defined
[2022-12-12 12:29:44,413] {taskinstance.py:1400} INFO - Marking task as FAILED. dag_id=prepare_data, task_id=create_table, execution_date=20221128T165100, start_date=20221212T122922, end_date=20221212T122944
[2022-12-12 12:29:45,085] {standard_task_runner.py:97} ERROR - Failed to execute job 19 for task create_table (The conn_id `postgres_default` isn't defined; 286)
[2022-12-12 12:29:45,392] {local_task_job.py:156} INFO - Task exited with return code 1
[2022-12-12 12:29:48,915] {local_task_job.py:273} INFO - 0 downstream tasks scheduled from follow-on schedule check
[2022-12-12 15:13:23,818] {taskinstance.py:1159} INFO - Dependencies all met for <TaskInstance: prepare_data.create_table scheduled__2022-11-28T16:51:00+00:00 [queued]>
[2022-12-12 15:13:24,949] {taskinstance.py:1159} INFO - Dependencies all met for <TaskInstance: prepare_data.create_table scheduled__2022-11-28T16:51:00+00:00 [queued]>
[2022-12-12 15:13:24,949] {taskinstance.py:1356} INFO - 
--------------------------------------------------------------------------------
[2022-12-12 15:13:25,056] {taskinstance.py:1357} INFO - Starting attempt 1 of 1
[2022-12-12 15:13:25,058] {taskinstance.py:1358} INFO - 
--------------------------------------------------------------------------------
[2022-12-12 15:13:26,629] {taskinstance.py:1377} INFO - Executing <Task(PostgresOperator): create_table> on 2022-11-28 16:51:00+00:00
[2022-12-12 15:13:26,873] {standard_task_runner.py:52} INFO - Started process 321 to run task
[2022-12-12 15:13:27,191] {standard_task_runner.py:79} INFO - Running: ['airflow', 'tasks', 'run', 'prepare_data', 'create_table', 'scheduled__2022-11-28T16:51:00+00:00', '--job-id', '19', '--raw', '--subdir', 'DAGS_FOLDER/prepare_data.py', '--cfg-path', '/tmp/tmplm5zzmbz', '--error-file', '/tmp/tmpgiv48rff']
[2022-12-12 15:13:27,375] {standard_task_runner.py:80} INFO - Job 19: Subtask create_table
[2022-12-12 15:13:33,123] {task_command.py:369} INFO - Running <TaskInstance: prepare_data.create_table scheduled__2022-11-28T16:51:00+00:00 [running]> on host d4eb34144d92
[2022-12-12 15:13:39,773] {taskinstance.py:1571} INFO - Exporting the following env vars:
AIRFLOW_CTX_DAG_OWNER=airflow
AIRFLOW_CTX_DAG_ID=prepare_data
AIRFLOW_CTX_TASK_ID=create_table
AIRFLOW_CTX_EXECUTION_DATE=2022-11-28T16:51:00+00:00
AIRFLOW_CTX_TRY_NUMBER=1
AIRFLOW_CTX_DAG_RUN_ID=scheduled__2022-11-28T16:51:00+00:00
[2022-12-12 15:13:41,898] {taskinstance.py:1889} ERROR - Task failed with exception
Traceback (most recent call last):
  File "/home/airflow/.local/lib/python3.7/site-packages/airflow/providers/postgres/operators/postgres.py", line 92, in execute
    self.hook.run(self.sql, self.autocommit, parameters=self.parameters)
  File "/home/airflow/.local/lib/python3.7/site-packages/airflow/hooks/dbapi.py", line 181, in run
    with closing(self.get_conn()) as conn:
  File "/home/airflow/.local/lib/python3.7/site-packages/airflow/providers/postgres/hooks/postgres.py", line 86, in get_conn
    conn = deepcopy(self.connection or self.get_connection(conn_id))
  File "/home/airflow/.local/lib/python3.7/site-packages/airflow/hooks/base.py", line 67, in get_connection
    conn = Connection.get_connection_from_secrets(conn_id)
  File "/home/airflow/.local/lib/python3.7/site-packages/airflow/models/connection.py", line 430, in get_connection_from_secrets
    raise AirflowNotFoundException(f"The conn_id `{conn_id}` isn't defined")
airflow.exceptions.AirflowNotFoundException: The conn_id `postgres_default` isn't defined
[2022-12-12 15:13:43,753] {taskinstance.py:1400} INFO - Marking task as FAILED. dag_id=prepare_data, task_id=create_table, execution_date=20221128T165100, start_date=20221212T151323, end_date=20221212T151343
[2022-12-12 15:13:45,961] {standard_task_runner.py:97} ERROR - Failed to execute job 19 for task create_table (The conn_id `postgres_default` isn't defined; 321)
[2022-12-12 15:13:47,411] {local_task_job.py:156} INFO - Task exited with return code 1
[2022-12-12 15:13:50,238] {local_task_job.py:273} INFO - 0 downstream tasks scheduled from follow-on schedule check
