[2022-12-12 13:21:00,350] {taskinstance.py:1159} INFO - Dependencies all met for <TaskInstance: prepare_data.create_table scheduled__2022-11-29T00:50:00+00:00 [queued]>
[2022-12-12 13:21:01,760] {taskinstance.py:1159} INFO - Dependencies all met for <TaskInstance: prepare_data.create_table scheduled__2022-11-29T00:50:00+00:00 [queued]>
[2022-12-12 13:21:01,761] {taskinstance.py:1356} INFO - 
--------------------------------------------------------------------------------
[2022-12-12 13:21:01,761] {taskinstance.py:1357} INFO - Starting attempt 1 of 1
[2022-12-12 13:21:01,761] {taskinstance.py:1358} INFO - 
--------------------------------------------------------------------------------
[2022-12-12 13:21:04,064] {taskinstance.py:1377} INFO - Executing <Task(PostgresOperator): create_table> on 2022-11-29 00:50:00+00:00
[2022-12-12 13:21:04,860] {standard_task_runner.py:52} INFO - Started process 2495 to run task
[2022-12-12 13:21:05,474] {standard_task_runner.py:79} INFO - Running: ['airflow', 'tasks', 'run', 'prepare_data', 'create_table', 'scheduled__2022-11-29T00:50:00+00:00', '--job-id', '910', '--raw', '--subdir', 'DAGS_FOLDER/prepare_data.py', '--cfg-path', '/tmp/tmps9xdeef9', '--error-file', '/tmp/tmpz8mhsedi']
[2022-12-12 13:21:05,920] {standard_task_runner.py:80} INFO - Job 910: Subtask create_table
[2022-12-12 13:21:12,844] {task_command.py:369} INFO - Running <TaskInstance: prepare_data.create_table scheduled__2022-11-29T00:50:00+00:00 [running]> on host b778137d8ea6
[2022-12-12 13:21:20,772] {taskinstance.py:1571} INFO - Exporting the following env vars:
AIRFLOW_CTX_DAG_OWNER=airflow
AIRFLOW_CTX_DAG_ID=prepare_data
AIRFLOW_CTX_TASK_ID=create_table
AIRFLOW_CTX_EXECUTION_DATE=2022-11-29T00:50:00+00:00
AIRFLOW_CTX_TRY_NUMBER=1
AIRFLOW_CTX_DAG_RUN_ID=scheduled__2022-11-29T00:50:00+00:00
[2022-12-12 13:21:22,596] {base.py:68} INFO - Using connection ID 'postgres_default' for task execution.
[2022-12-12 13:21:22,834] {dbapi.py:208} INFO - Running statement: CREATE TABLE IF NOT EXISTS prepared_data (
	id SERIAL,
	sensor_id BIGINT,
	longitude FLOAT,
	latitude FLOAT,
	controller_id BIGINT,
	datetime TIMESTAMP WITH TIME ZONE,
	temperature INTEGER
);, parameters: None
[2022-12-12 13:21:22,887] {postgres.py:94} INFO - NOTICE:  relation "prepared_data" already exists, skipping

[2022-12-12 13:21:24,697] {taskinstance.py:1400} INFO - Marking task as SUCCESS. dag_id=prepare_data, task_id=create_table, execution_date=20221129T005000, start_date=20221212T132100, end_date=20221212T132124
[2022-12-12 13:21:27,075] {local_task_job.py:221} WARNING - State of this instance has been externally set to success. Terminating instance.
[2022-12-12 13:21:27,748] {process_utils.py:129} INFO - Sending Signals.SIGTERM to group 2495. PIDs of all processes in the group: [2495]
[2022-12-12 13:21:27,806] {process_utils.py:80} INFO - Sending the signal Signals.SIGTERM to group 2495
[2022-12-12 13:21:28,019] {process_utils.py:75} INFO - Process psutil.Process(pid=2495, status='terminated', exitcode=0, started='13:21:04') (2495) terminated with exit code 0
