[2022-12-12 13:01:02,412] {taskinstance.py:1159} INFO - Dependencies all met for <TaskInstance: prepare_data.get_last_id scheduled__2022-11-28T22:57:00+00:00 [queued]>
[2022-12-12 13:01:02,636] {taskinstance.py:1159} INFO - Dependencies all met for <TaskInstance: prepare_data.get_last_id scheduled__2022-11-28T22:57:00+00:00 [queued]>
[2022-12-12 13:01:02,648] {taskinstance.py:1356} INFO - 
--------------------------------------------------------------------------------
[2022-12-12 13:01:02,648] {taskinstance.py:1357} INFO - Starting attempt 1 of 1
[2022-12-12 13:01:02,659] {taskinstance.py:1358} INFO - 
--------------------------------------------------------------------------------
[2022-12-12 13:01:03,063] {taskinstance.py:1377} INFO - Executing <Task(PythonOperator): get_last_id> on 2022-11-28 22:57:00+00:00
[2022-12-12 13:01:03,110] {standard_task_runner.py:52} INFO - Started process 1565 to run task
[2022-12-12 13:01:03,163] {standard_task_runner.py:79} INFO - Running: ['airflow', 'tasks', 'run', 'prepare_data', 'get_last_id', 'scheduled__2022-11-28T22:57:00+00:00', '--job-id', '528', '--raw', '--subdir', 'DAGS_FOLDER/prepare_data.py', '--cfg-path', '/tmp/tmphp7zzyjw', '--error-file', '/tmp/tmpkdqkq0nl']
[2022-12-12 13:01:03,165] {standard_task_runner.py:80} INFO - Job 528: Subtask get_last_id
[2022-12-12 13:01:04,660] {task_command.py:369} INFO - Running <TaskInstance: prepare_data.get_last_id scheduled__2022-11-28T22:57:00+00:00 [running]> on host b778137d8ea6
[2022-12-12 13:01:05,986] {taskinstance.py:1571} INFO - Exporting the following env vars:
AIRFLOW_CTX_DAG_OWNER=airflow
AIRFLOW_CTX_DAG_ID=prepare_data
AIRFLOW_CTX_TASK_ID=get_last_id
AIRFLOW_CTX_EXECUTION_DATE=2022-11-28T22:57:00+00:00
AIRFLOW_CTX_TRY_NUMBER=1
AIRFLOW_CTX_DAG_RUN_ID=scheduled__2022-11-28T22:57:00+00:00
[2022-12-12 13:01:06,130] {base.py:68} INFO - Using connection ID 'postgres_default' for task execution.
[2022-12-12 13:01:06,423] {python.py:173} INFO - Done. Returned value was: None
[2022-12-12 13:01:06,562] {taskinstance.py:1400} INFO - Marking task as SUCCESS. dag_id=prepare_data, task_id=get_last_id, execution_date=20221128T225700, start_date=20221212T130102, end_date=20221212T130106
[2022-12-12 13:01:06,753] {local_task_job.py:156} INFO - Task exited with return code 0
[2022-12-12 13:01:07,775] {local_task_job.py:273} INFO - 0 downstream tasks scheduled from follow-on schedule check
