[2022-12-12 13:59:01,814] {taskinstance.py:1159} INFO - Dependencies all met for <TaskInstance: prepare_data.create_table scheduled__2022-12-12T13:58:00+00:00 [queued]>
[2022-12-12 13:59:01,858] {taskinstance.py:1159} INFO - Dependencies all met for <TaskInstance: prepare_data.create_table scheduled__2022-12-12T13:58:00+00:00 [queued]>
[2022-12-12 13:59:01,858] {taskinstance.py:1356} INFO - 
--------------------------------------------------------------------------------
[2022-12-12 13:59:01,859] {taskinstance.py:1357} INFO - Starting attempt 1 of 1
[2022-12-12 13:59:01,859] {taskinstance.py:1358} INFO - 
--------------------------------------------------------------------------------
[2022-12-12 13:59:01,907] {taskinstance.py:1377} INFO - Executing <Task(PostgresOperator): create_table> on 2022-12-12 13:58:00+00:00
[2022-12-12 13:59:01,916] {standard_task_runner.py:52} INFO - Started process 3132 to run task
[2022-12-12 13:59:01,931] {standard_task_runner.py:79} INFO - Running: ['airflow', 'tasks', 'run', 'prepare_data', 'create_table', 'scheduled__2022-12-12T13:58:00+00:00', '--job-id', '1048', '--raw', '--subdir', 'DAGS_FOLDER/prepare_data.py', '--cfg-path', '/tmp/tmpjvz8b3nn', '--error-file', '/tmp/tmpkyj1iwfh']
[2022-12-12 13:59:01,932] {standard_task_runner.py:80} INFO - Job 1048: Subtask create_table
[2022-12-12 13:59:02,271] {task_command.py:369} INFO - Running <TaskInstance: prepare_data.create_table scheduled__2022-12-12T13:58:00+00:00 [running]> on host b778137d8ea6
[2022-12-12 13:59:02,610] {taskinstance.py:1571} INFO - Exporting the following env vars:
AIRFLOW_CTX_DAG_OWNER=airflow
AIRFLOW_CTX_DAG_ID=prepare_data
AIRFLOW_CTX_TASK_ID=create_table
AIRFLOW_CTX_EXECUTION_DATE=2022-12-12T13:58:00+00:00
AIRFLOW_CTX_TRY_NUMBER=1
AIRFLOW_CTX_DAG_RUN_ID=scheduled__2022-12-12T13:58:00+00:00
[2022-12-12 13:59:02,668] {base.py:68} INFO - Using connection ID 'postgres_default' for task execution.
[2022-12-12 13:59:02,680] {dbapi.py:208} INFO - Running statement: CREATE TABLE IF NOT EXISTS prepared_data (
	id SERIAL,
	sensor_id BIGINT,
	longitude FLOAT,
	latitude FLOAT,
	controller_id BIGINT,
	datetime TIMESTAMP WITH TIME ZONE,
	temperature INTEGER
);, parameters: None
[2022-12-12 13:59:02,682] {postgres.py:94} INFO - NOTICE:  relation "prepared_data" already exists, skipping

[2022-12-12 13:59:02,724] {taskinstance.py:1400} INFO - Marking task as SUCCESS. dag_id=prepare_data, task_id=create_table, execution_date=20221212T135800, start_date=20221212T135901, end_date=20221212T135902
[2022-12-12 13:59:02,790] {local_task_job.py:156} INFO - Task exited with return code 0
[2022-12-12 13:59:02,905] {local_task_job.py:273} INFO - 1 downstream tasks scheduled from follow-on schedule check
