[2022-12-12 12:52:33,327] {taskinstance.py:1159} INFO - Dependencies all met for <TaskInstance: prepare_data.get_last_id scheduled__2022-11-28T22:33:00+00:00 [queued]>
[2022-12-12 12:52:33,962] {taskinstance.py:1159} INFO - Dependencies all met for <TaskInstance: prepare_data.get_last_id scheduled__2022-11-28T22:33:00+00:00 [queued]>
[2022-12-12 12:52:33,962] {taskinstance.py:1356} INFO - 
--------------------------------------------------------------------------------
[2022-12-12 12:52:33,962] {taskinstance.py:1357} INFO - Starting attempt 1 of 1
[2022-12-12 12:52:33,962] {taskinstance.py:1358} INFO - 
--------------------------------------------------------------------------------
[2022-12-12 12:52:35,181] {taskinstance.py:1377} INFO - Executing <Task(PythonOperator): get_last_id> on 2022-11-28 22:33:00+00:00
[2022-12-12 12:52:35,332] {standard_task_runner.py:52} INFO - Started process 1299 to run task
[2022-12-12 12:52:35,487] {standard_task_runner.py:79} INFO - Running: ['airflow', 'tasks', 'run', 'prepare_data', 'get_last_id', 'scheduled__2022-11-28T22:33:00+00:00', '--job-id', '428', '--raw', '--subdir', 'DAGS_FOLDER/prepare_data.py', '--cfg-path', '/tmp/tmpk5i5yz2z', '--error-file', '/tmp/tmpnbqjdicl']
[2022-12-12 12:52:35,488] {standard_task_runner.py:80} INFO - Job 428: Subtask get_last_id
[2022-12-12 12:52:38,758] {task_command.py:369} INFO - Running <TaskInstance: prepare_data.get_last_id scheduled__2022-11-28T22:33:00+00:00 [running]> on host b778137d8ea6
[2022-12-12 12:52:43,111] {taskinstance.py:1571} INFO - Exporting the following env vars:
AIRFLOW_CTX_DAG_OWNER=airflow
AIRFLOW_CTX_DAG_ID=prepare_data
AIRFLOW_CTX_TASK_ID=get_last_id
AIRFLOW_CTX_EXECUTION_DATE=2022-11-28T22:33:00+00:00
AIRFLOW_CTX_TRY_NUMBER=1
AIRFLOW_CTX_DAG_RUN_ID=scheduled__2022-11-28T22:33:00+00:00
[2022-12-12 12:52:44,352] {base.py:68} INFO - Using connection ID 'postgres_default' for task execution.
[2022-12-12 12:52:45,716] {python.py:173} INFO - Done. Returned value was: None
[2022-12-12 12:52:46,264] {taskinstance.py:1400} INFO - Marking task as SUCCESS. dag_id=prepare_data, task_id=get_last_id, execution_date=20221128T223300, start_date=20221212T125233, end_date=20221212T125246
[2022-12-12 12:52:48,029] {local_task_job.py:156} INFO - Task exited with return code 0
[2022-12-12 12:52:50,185] {local_task_job.py:273} INFO - 0 downstream tasks scheduled from follow-on schedule check
