[2022-12-03 14:49:29,158] {taskinstance.py:1159} INFO - Dependencies all met for <TaskInstance: prepare_data.create_table scheduled__2022-11-28T18:16:00+00:00 [queued]>
[2022-12-03 14:49:29,683] {taskinstance.py:1159} INFO - Dependencies all met for <TaskInstance: prepare_data.create_table scheduled__2022-11-28T18:16:00+00:00 [queued]>
[2022-12-03 14:49:29,683] {taskinstance.py:1356} INFO - 
--------------------------------------------------------------------------------
[2022-12-03 14:49:29,683] {taskinstance.py:1357} INFO - Starting attempt 1 of 1
[2022-12-03 14:49:29,684] {taskinstance.py:1358} INFO - 
--------------------------------------------------------------------------------
[2022-12-03 14:49:31,454] {taskinstance.py:1377} INFO - Executing <Task(PostgresOperator): create_table> on 2022-11-28 18:16:00+00:00
[2022-12-03 14:49:31,676] {standard_task_runner.py:52} INFO - Started process 515 to run task
[2022-12-03 14:49:31,999] {standard_task_runner.py:79} INFO - Running: ['airflow', 'tasks', 'run', 'prepare_data', 'create_table', 'scheduled__2022-11-28T18:16:00+00:00', '--job-id', '105', '--raw', '--subdir', 'DAGS_FOLDER/prepare_data.py', '--cfg-path', '/tmp/tmpg_ph910d', '--error-file', '/tmp/tmpri_j5g6z']
[2022-12-03 14:49:32,072] {standard_task_runner.py:80} INFO - Job 105: Subtask create_table
[2022-12-03 14:49:38,101] {task_command.py:369} INFO - Running <TaskInstance: prepare_data.create_table scheduled__2022-11-28T18:16:00+00:00 [running]> on host b41792e8e843
[2022-12-03 14:49:46,441] {taskinstance.py:1571} INFO - Exporting the following env vars:
AIRFLOW_CTX_DAG_OWNER=airflow
AIRFLOW_CTX_DAG_ID=prepare_data
AIRFLOW_CTX_TASK_ID=create_table
AIRFLOW_CTX_EXECUTION_DATE=2022-11-28T18:16:00+00:00
AIRFLOW_CTX_TRY_NUMBER=1
AIRFLOW_CTX_DAG_RUN_ID=scheduled__2022-11-28T18:16:00+00:00
[2022-12-03 14:49:47,910] {base.py:68} INFO - Using connection ID 'postgres_default' for task execution.
[2022-12-03 14:49:48,416] {dbapi.py:208} INFO - Running statement: CREATE TABLE IF NOT EXISTS prepared_data (
	id SERIAL,
	sensor_id BIGINT,
	longitude FLOAT,
	latitude FLOAT,
	controller_id BIGINT,
	datetime TIMESTAMP WITH TIME ZONE,
	temperature INTEGER
);, parameters: None
[2022-12-03 14:49:48,442] {postgres.py:94} INFO - NOTICE:  relation "prepared_data" already exists, skipping

[2022-12-03 14:49:49,899] {taskinstance.py:1400} INFO - Marking task as SUCCESS. dag_id=prepare_data, task_id=create_table, execution_date=20221128T181600, start_date=20221203T144929, end_date=20221203T144949
[2022-12-03 14:49:51,067] {local_task_job.py:156} INFO - Task exited with return code 0
[2022-12-03 14:49:54,351] {local_task_job.py:273} INFO - 1 downstream tasks scheduled from follow-on schedule check
[2022-12-12 12:33:41,885] {taskinstance.py:1159} INFO - Dependencies all met for <TaskInstance: prepare_data.create_table scheduled__2022-11-28T18:16:00+00:00 [queued]>
[2022-12-12 12:33:42,019] {taskinstance.py:1159} INFO - Dependencies all met for <TaskInstance: prepare_data.create_table scheduled__2022-11-28T18:16:00+00:00 [queued]>
[2022-12-12 12:33:42,019] {taskinstance.py:1356} INFO - 
--------------------------------------------------------------------------------
[2022-12-12 12:33:42,020] {taskinstance.py:1357} INFO - Starting attempt 1 of 1
[2022-12-12 12:33:42,020] {taskinstance.py:1358} INFO - 
--------------------------------------------------------------------------------
[2022-12-12 12:33:42,139] {taskinstance.py:1377} INFO - Executing <Task(PostgresOperator): create_table> on 2022-11-28 18:16:00+00:00
[2022-12-12 12:33:42,162] {standard_task_runner.py:52} INFO - Started process 496 to run task
[2022-12-12 12:33:42,205] {standard_task_runner.py:79} INFO - Running: ['airflow', 'tasks', 'run', 'prepare_data', 'create_table', 'scheduled__2022-11-28T18:16:00+00:00', '--job-id', '104', '--raw', '--subdir', 'DAGS_FOLDER/prepare_data.py', '--cfg-path', '/tmp/tmp90q_5gv_', '--error-file', '/tmp/tmpf26usyyg']
[2022-12-12 12:33:42,224] {standard_task_runner.py:80} INFO - Job 104: Subtask create_table
[2022-12-12 12:33:42,795] {task_command.py:369} INFO - Running <TaskInstance: prepare_data.create_table scheduled__2022-11-28T18:16:00+00:00 [running]> on host b778137d8ea6
[2022-12-12 12:33:44,536] {taskinstance.py:1571} INFO - Exporting the following env vars:
AIRFLOW_CTX_DAG_OWNER=airflow
AIRFLOW_CTX_DAG_ID=prepare_data
AIRFLOW_CTX_TASK_ID=create_table
AIRFLOW_CTX_EXECUTION_DATE=2022-11-28T18:16:00+00:00
AIRFLOW_CTX_TRY_NUMBER=1
AIRFLOW_CTX_DAG_RUN_ID=scheduled__2022-11-28T18:16:00+00:00
[2022-12-12 12:33:44,807] {taskinstance.py:1889} ERROR - Task failed with exception
Traceback (most recent call last):
  File "/home/airflow/.local/lib/python3.7/site-packages/airflow/providers/postgres/operators/postgres.py", line 92, in execute
    self.hook.run(self.sql, self.autocommit, parameters=self.parameters)
  File "/home/airflow/.local/lib/python3.7/site-packages/airflow/hooks/dbapi.py", line 181, in run
    with closing(self.get_conn()) as conn:
  File "/home/airflow/.local/lib/python3.7/site-packages/airflow/providers/postgres/hooks/postgres.py", line 86, in get_conn
    conn = deepcopy(self.connection or self.get_connection(conn_id))
  File "/home/airflow/.local/lib/python3.7/site-packages/airflow/hooks/base.py", line 67, in get_connection
    conn = Connection.get_connection_from_secrets(conn_id)
  File "/home/airflow/.local/lib/python3.7/site-packages/airflow/models/connection.py", line 430, in get_connection_from_secrets
    raise AirflowNotFoundException(f"The conn_id `{conn_id}` isn't defined")
airflow.exceptions.AirflowNotFoundException: The conn_id `postgres_default` isn't defined
[2022-12-12 12:33:44,860] {taskinstance.py:1400} INFO - Marking task as FAILED. dag_id=prepare_data, task_id=create_table, execution_date=20221128T181600, start_date=20221212T123341, end_date=20221212T123344
[2022-12-12 12:33:45,006] {standard_task_runner.py:97} ERROR - Failed to execute job 104 for task create_table (The conn_id `postgres_default` isn't defined; 496)
[2022-12-12 12:33:45,044] {local_task_job.py:156} INFO - Task exited with return code 1
[2022-12-12 12:33:46,207] {local_task_job.py:273} INFO - 0 downstream tasks scheduled from follow-on schedule check
