[2022-12-03 15:12:25,663] {taskinstance.py:1159} INFO - Dependencies all met for <TaskInstance: prepare_data.get_last_id scheduled__2022-11-28T20:00:00+00:00 [queued]>
[2022-12-03 15:12:26,075] {taskinstance.py:1159} INFO - Dependencies all met for <TaskInstance: prepare_data.get_last_id scheduled__2022-11-28T20:00:00+00:00 [queued]>
[2022-12-03 15:12:26,075] {taskinstance.py:1356} INFO - 
--------------------------------------------------------------------------------
[2022-12-03 15:12:26,075] {taskinstance.py:1357} INFO - Starting attempt 1 of 1
[2022-12-03 15:12:26,075] {taskinstance.py:1358} INFO - 
--------------------------------------------------------------------------------
[2022-12-03 15:12:26,774] {taskinstance.py:1377} INFO - Executing <Task(PythonOperator): get_last_id> on 2022-11-28 20:00:00+00:00
[2022-12-03 15:12:26,917] {standard_task_runner.py:52} INFO - Started process 1334 to run task
[2022-12-03 15:12:27,088] {standard_task_runner.py:79} INFO - Running: ['airflow', 'tasks', 'run', 'prepare_data', 'get_last_id', 'scheduled__2022-11-28T20:00:00+00:00', '--job-id', '428', '--raw', '--subdir', 'DAGS_FOLDER/prepare_data.py', '--cfg-path', '/tmp/tmpbnsduic0', '--error-file', '/tmp/tmpfckuoh2q']
[2022-12-03 15:12:27,179] {standard_task_runner.py:80} INFO - Job 428: Subtask get_last_id
[2022-12-03 15:12:30,016] {task_command.py:369} INFO - Running <TaskInstance: prepare_data.get_last_id scheduled__2022-11-28T20:00:00+00:00 [running]> on host b41792e8e843
[2022-12-03 15:12:33,114] {taskinstance.py:1571} INFO - Exporting the following env vars:
AIRFLOW_CTX_DAG_OWNER=airflow
AIRFLOW_CTX_DAG_ID=prepare_data
AIRFLOW_CTX_TASK_ID=get_last_id
AIRFLOW_CTX_EXECUTION_DATE=2022-11-28T20:00:00+00:00
AIRFLOW_CTX_TRY_NUMBER=1
AIRFLOW_CTX_DAG_RUN_ID=scheduled__2022-11-28T20:00:00+00:00
[2022-12-03 15:12:33,584] {base.py:68} INFO - Using connection ID 'postgres_default' for task execution.
[2022-12-03 15:12:34,317] {python.py:173} INFO - Done. Returned value was: None
[2022-12-03 15:12:35,250] {taskinstance.py:1400} INFO - Marking task as SUCCESS. dag_id=prepare_data, task_id=get_last_id, execution_date=20221128T200000, start_date=20221203T151225, end_date=20221203T151235
[2022-12-03 15:12:35,654] {local_task_job.py:156} INFO - Task exited with return code 0
[2022-12-03 15:12:36,843] {local_task_job.py:273} INFO - 1 downstream tasks scheduled from follow-on schedule check
