[2022-12-03 14:46:30,520] {taskinstance.py:1159} INFO - Dependencies all met for <TaskInstance: prepare_data.create_table scheduled__2022-11-28T17:29:00+00:00 [queued]>
[2022-12-03 14:46:30,584] {taskinstance.py:1159} INFO - Dependencies all met for <TaskInstance: prepare_data.create_table scheduled__2022-11-28T17:29:00+00:00 [queued]>
[2022-12-03 14:46:30,584] {taskinstance.py:1356} INFO - 
--------------------------------------------------------------------------------
[2022-12-03 14:46:30,584] {taskinstance.py:1357} INFO - Starting attempt 1 of 1
[2022-12-03 14:46:30,584] {taskinstance.py:1358} INFO - 
--------------------------------------------------------------------------------
[2022-12-03 14:46:30,721] {taskinstance.py:1377} INFO - Executing <Task(PostgresOperator): create_table> on 2022-11-28 17:29:00+00:00
[2022-12-03 14:46:30,741] {standard_task_runner.py:52} INFO - Started process 390 to run task
[2022-12-03 14:46:30,774] {standard_task_runner.py:79} INFO - Running: ['airflow', 'tasks', 'run', 'prepare_data', 'create_table', 'scheduled__2022-11-28T17:29:00+00:00', '--job-id', '57', '--raw', '--subdir', 'DAGS_FOLDER/prepare_data.py', '--cfg-path', '/tmp/tmpehtqoko5', '--error-file', '/tmp/tmp5ndkjxb2']
[2022-12-03 14:46:30,783] {standard_task_runner.py:80} INFO - Job 57: Subtask create_table
[2022-12-03 14:46:31,183] {task_command.py:369} INFO - Running <TaskInstance: prepare_data.create_table scheduled__2022-11-28T17:29:00+00:00 [running]> on host b41792e8e843
[2022-12-03 14:46:31,967] {taskinstance.py:1571} INFO - Exporting the following env vars:
AIRFLOW_CTX_DAG_OWNER=airflow
AIRFLOW_CTX_DAG_ID=prepare_data
AIRFLOW_CTX_TASK_ID=create_table
AIRFLOW_CTX_EXECUTION_DATE=2022-11-28T17:29:00+00:00
AIRFLOW_CTX_TRY_NUMBER=1
AIRFLOW_CTX_DAG_RUN_ID=scheduled__2022-11-28T17:29:00+00:00
[2022-12-03 14:46:32,242] {taskinstance.py:1889} ERROR - Task failed with exception
Traceback (most recent call last):
  File "/home/airflow/.local/lib/python3.7/site-packages/airflow/providers/postgres/operators/postgres.py", line 92, in execute
    self.hook.run(self.sql, self.autocommit, parameters=self.parameters)
  File "/home/airflow/.local/lib/python3.7/site-packages/airflow/hooks/dbapi.py", line 181, in run
    with closing(self.get_conn()) as conn:
  File "/home/airflow/.local/lib/python3.7/site-packages/airflow/providers/postgres/hooks/postgres.py", line 86, in get_conn
    conn = deepcopy(self.connection or self.get_connection(conn_id))
  File "/home/airflow/.local/lib/python3.7/site-packages/airflow/hooks/base.py", line 67, in get_connection
    conn = Connection.get_connection_from_secrets(conn_id)
  File "/home/airflow/.local/lib/python3.7/site-packages/airflow/models/connection.py", line 430, in get_connection_from_secrets
    raise AirflowNotFoundException(f"The conn_id `{conn_id}` isn't defined")
airflow.exceptions.AirflowNotFoundException: The conn_id `postgres_default` isn't defined
[2022-12-03 14:46:32,393] {taskinstance.py:1400} INFO - Marking task as FAILED. dag_id=prepare_data, task_id=create_table, execution_date=20221128T172900, start_date=20221203T144630, end_date=20221203T144632
[2022-12-03 14:46:32,576] {standard_task_runner.py:97} ERROR - Failed to execute job 57 for task create_table (The conn_id `postgres_default` isn't defined; 390)
[2022-12-03 14:46:32,698] {local_task_job.py:156} INFO - Task exited with return code 1
[2022-12-03 14:46:33,237] {local_task_job.py:273} INFO - 0 downstream tasks scheduled from follow-on schedule check
[2022-12-12 12:32:04,503] {taskinstance.py:1159} INFO - Dependencies all met for <TaskInstance: prepare_data.create_table scheduled__2022-11-28T17:29:00+00:00 [queued]>
[2022-12-12 12:32:04,796] {taskinstance.py:1159} INFO - Dependencies all met for <TaskInstance: prepare_data.create_table scheduled__2022-11-28T17:29:00+00:00 [queued]>
[2022-12-12 12:32:04,796] {taskinstance.py:1356} INFO - 
--------------------------------------------------------------------------------
[2022-12-12 12:32:04,797] {taskinstance.py:1357} INFO - Starting attempt 1 of 1
[2022-12-12 12:32:04,797] {taskinstance.py:1358} INFO - 
--------------------------------------------------------------------------------
[2022-12-12 12:32:05,091] {taskinstance.py:1377} INFO - Executing <Task(PostgresOperator): create_table> on 2022-11-28 17:29:00+00:00
[2022-12-12 12:32:05,094] {standard_task_runner.py:52} INFO - Started process 387 to run task
[2022-12-12 12:32:05,213] {standard_task_runner.py:79} INFO - Running: ['airflow', 'tasks', 'run', 'prepare_data', 'create_table', 'scheduled__2022-11-28T17:29:00+00:00', '--job-id', '57', '--raw', '--subdir', 'DAGS_FOLDER/prepare_data.py', '--cfg-path', '/tmp/tmpjhx397zh', '--error-file', '/tmp/tmp84j23ryt']
[2022-12-12 12:32:05,215] {standard_task_runner.py:80} INFO - Job 57: Subtask create_table
[2022-12-12 12:32:06,843] {task_command.py:369} INFO - Running <TaskInstance: prepare_data.create_table scheduled__2022-11-28T17:29:00+00:00 [running]> on host b778137d8ea6
[2022-12-12 12:32:08,366] {taskinstance.py:1571} INFO - Exporting the following env vars:
AIRFLOW_CTX_DAG_OWNER=airflow
AIRFLOW_CTX_DAG_ID=prepare_data
AIRFLOW_CTX_TASK_ID=create_table
AIRFLOW_CTX_EXECUTION_DATE=2022-11-28T17:29:00+00:00
AIRFLOW_CTX_TRY_NUMBER=1
AIRFLOW_CTX_DAG_RUN_ID=scheduled__2022-11-28T17:29:00+00:00
[2022-12-12 12:32:09,168] {taskinstance.py:1889} ERROR - Task failed with exception
Traceback (most recent call last):
  File "/home/airflow/.local/lib/python3.7/site-packages/airflow/providers/postgres/operators/postgres.py", line 92, in execute
    self.hook.run(self.sql, self.autocommit, parameters=self.parameters)
  File "/home/airflow/.local/lib/python3.7/site-packages/airflow/hooks/dbapi.py", line 181, in run
    with closing(self.get_conn()) as conn:
  File "/home/airflow/.local/lib/python3.7/site-packages/airflow/providers/postgres/hooks/postgres.py", line 86, in get_conn
    conn = deepcopy(self.connection or self.get_connection(conn_id))
  File "/home/airflow/.local/lib/python3.7/site-packages/airflow/hooks/base.py", line 67, in get_connection
    conn = Connection.get_connection_from_secrets(conn_id)
  File "/home/airflow/.local/lib/python3.7/site-packages/airflow/models/connection.py", line 430, in get_connection_from_secrets
    raise AirflowNotFoundException(f"The conn_id `{conn_id}` isn't defined")
airflow.exceptions.AirflowNotFoundException: The conn_id `postgres_default` isn't defined
[2022-12-12 12:32:09,510] {taskinstance.py:1400} INFO - Marking task as FAILED. dag_id=prepare_data, task_id=create_table, execution_date=20221128T172900, start_date=20221212T123204, end_date=20221212T123209
[2022-12-12 12:32:10,223] {standard_task_runner.py:97} ERROR - Failed to execute job 57 for task create_table (The conn_id `postgres_default` isn't defined; 387)
[2022-12-12 12:32:10,864] {local_task_job.py:156} INFO - Task exited with return code 1
[2022-12-12 12:32:11,745] {local_task_job.py:273} INFO - 0 downstream tasks scheduled from follow-on schedule check
