[2022-12-03 14:46:39,286] {taskinstance.py:1159} INFO - Dependencies all met for <TaskInstance: prepare_data.create_table scheduled__2022-11-28T17:32:00+00:00 [queued]>
[2022-12-03 14:46:39,312] {taskinstance.py:1159} INFO - Dependencies all met for <TaskInstance: prepare_data.create_table scheduled__2022-11-28T17:32:00+00:00 [queued]>
[2022-12-03 14:46:39,312] {taskinstance.py:1356} INFO - 
--------------------------------------------------------------------------------
[2022-12-03 14:46:39,313] {taskinstance.py:1357} INFO - Starting attempt 1 of 1
[2022-12-03 14:46:39,313] {taskinstance.py:1358} INFO - 
--------------------------------------------------------------------------------
[2022-12-03 14:46:39,350] {taskinstance.py:1377} INFO - Executing <Task(PostgresOperator): create_table> on 2022-11-28 17:32:00+00:00
[2022-12-03 14:46:39,357] {standard_task_runner.py:52} INFO - Started process 396 to run task
[2022-12-03 14:46:39,370] {standard_task_runner.py:79} INFO - Running: ['airflow', 'tasks', 'run', 'prepare_data', 'create_table', 'scheduled__2022-11-28T17:32:00+00:00', '--job-id', '60', '--raw', '--subdir', 'DAGS_FOLDER/prepare_data.py', '--cfg-path', '/tmp/tmp_nfgi3ii', '--error-file', '/tmp/tmp4_s_cn1z']
[2022-12-03 14:46:39,372] {standard_task_runner.py:80} INFO - Job 60: Subtask create_table
[2022-12-03 14:46:39,651] {task_command.py:369} INFO - Running <TaskInstance: prepare_data.create_table scheduled__2022-11-28T17:32:00+00:00 [running]> on host b41792e8e843
[2022-12-03 14:46:40,071] {taskinstance.py:1571} INFO - Exporting the following env vars:
AIRFLOW_CTX_DAG_OWNER=airflow
AIRFLOW_CTX_DAG_ID=prepare_data
AIRFLOW_CTX_TASK_ID=create_table
AIRFLOW_CTX_EXECUTION_DATE=2022-11-28T17:32:00+00:00
AIRFLOW_CTX_TRY_NUMBER=1
AIRFLOW_CTX_DAG_RUN_ID=scheduled__2022-11-28T17:32:00+00:00
[2022-12-03 14:46:40,373] {taskinstance.py:1889} ERROR - Task failed with exception
Traceback (most recent call last):
  File "/home/airflow/.local/lib/python3.7/site-packages/airflow/providers/postgres/operators/postgres.py", line 92, in execute
    self.hook.run(self.sql, self.autocommit, parameters=self.parameters)
  File "/home/airflow/.local/lib/python3.7/site-packages/airflow/hooks/dbapi.py", line 181, in run
    with closing(self.get_conn()) as conn:
  File "/home/airflow/.local/lib/python3.7/site-packages/airflow/providers/postgres/hooks/postgres.py", line 86, in get_conn
    conn = deepcopy(self.connection or self.get_connection(conn_id))
  File "/home/airflow/.local/lib/python3.7/site-packages/airflow/hooks/base.py", line 67, in get_connection
    conn = Connection.get_connection_from_secrets(conn_id)
  File "/home/airflow/.local/lib/python3.7/site-packages/airflow/models/connection.py", line 430, in get_connection_from_secrets
    raise AirflowNotFoundException(f"The conn_id `{conn_id}` isn't defined")
airflow.exceptions.AirflowNotFoundException: The conn_id `postgres_default` isn't defined
[2022-12-03 14:46:40,437] {taskinstance.py:1400} INFO - Marking task as FAILED. dag_id=prepare_data, task_id=create_table, execution_date=20221128T173200, start_date=20221203T144639, end_date=20221203T144640
[2022-12-03 14:46:40,580] {standard_task_runner.py:97} ERROR - Failed to execute job 60 for task create_table (The conn_id `postgres_default` isn't defined; 396)
[2022-12-03 14:46:40,661] {local_task_job.py:156} INFO - Task exited with return code 1
[2022-12-03 14:46:41,137] {local_task_job.py:273} INFO - 0 downstream tasks scheduled from follow-on schedule check
[2022-12-12 12:32:11,486] {taskinstance.py:1159} INFO - Dependencies all met for <TaskInstance: prepare_data.create_table scheduled__2022-11-28T17:32:00+00:00 [queued]>
[2022-12-12 12:32:11,711] {taskinstance.py:1159} INFO - Dependencies all met for <TaskInstance: prepare_data.create_table scheduled__2022-11-28T17:32:00+00:00 [queued]>
[2022-12-12 12:32:11,712] {taskinstance.py:1356} INFO - 
--------------------------------------------------------------------------------
[2022-12-12 12:32:11,712] {taskinstance.py:1357} INFO - Starting attempt 1 of 1
[2022-12-12 12:32:11,712] {taskinstance.py:1358} INFO - 
--------------------------------------------------------------------------------
[2022-12-12 12:32:12,092] {taskinstance.py:1377} INFO - Executing <Task(PostgresOperator): create_table> on 2022-11-28 17:32:00+00:00
[2022-12-12 12:32:12,121] {standard_task_runner.py:52} INFO - Started process 393 to run task
[2022-12-12 12:32:12,227] {standard_task_runner.py:79} INFO - Running: ['airflow', 'tasks', 'run', 'prepare_data', 'create_table', 'scheduled__2022-11-28T17:32:00+00:00', '--job-id', '60', '--raw', '--subdir', 'DAGS_FOLDER/prepare_data.py', '--cfg-path', '/tmp/tmp3apw079v', '--error-file', '/tmp/tmp1xn094p6']
[2022-12-12 12:32:12,228] {standard_task_runner.py:80} INFO - Job 60: Subtask create_table
[2022-12-12 12:32:13,175] {task_command.py:369} INFO - Running <TaskInstance: prepare_data.create_table scheduled__2022-11-28T17:32:00+00:00 [running]> on host b778137d8ea6
[2022-12-12 12:32:14,643] {taskinstance.py:1571} INFO - Exporting the following env vars:
AIRFLOW_CTX_DAG_OWNER=airflow
AIRFLOW_CTX_DAG_ID=prepare_data
AIRFLOW_CTX_TASK_ID=create_table
AIRFLOW_CTX_EXECUTION_DATE=2022-11-28T17:32:00+00:00
AIRFLOW_CTX_TRY_NUMBER=1
AIRFLOW_CTX_DAG_RUN_ID=scheduled__2022-11-28T17:32:00+00:00
[2022-12-12 12:32:15,848] {taskinstance.py:1889} ERROR - Task failed with exception
Traceback (most recent call last):
  File "/home/airflow/.local/lib/python3.7/site-packages/airflow/providers/postgres/operators/postgres.py", line 92, in execute
    self.hook.run(self.sql, self.autocommit, parameters=self.parameters)
  File "/home/airflow/.local/lib/python3.7/site-packages/airflow/hooks/dbapi.py", line 181, in run
    with closing(self.get_conn()) as conn:
  File "/home/airflow/.local/lib/python3.7/site-packages/airflow/providers/postgres/hooks/postgres.py", line 86, in get_conn
    conn = deepcopy(self.connection or self.get_connection(conn_id))
  File "/home/airflow/.local/lib/python3.7/site-packages/airflow/hooks/base.py", line 67, in get_connection
    conn = Connection.get_connection_from_secrets(conn_id)
  File "/home/airflow/.local/lib/python3.7/site-packages/airflow/models/connection.py", line 430, in get_connection_from_secrets
    raise AirflowNotFoundException(f"The conn_id `{conn_id}` isn't defined")
airflow.exceptions.AirflowNotFoundException: The conn_id `postgres_default` isn't defined
[2022-12-12 12:32:15,984] {taskinstance.py:1400} INFO - Marking task as FAILED. dag_id=prepare_data, task_id=create_table, execution_date=20221128T173200, start_date=20221212T123211, end_date=20221212T123215
[2022-12-12 12:32:16,654] {standard_task_runner.py:97} ERROR - Failed to execute job 60 for task create_table (The conn_id `postgres_default` isn't defined; 393)
[2022-12-12 12:32:16,868] {local_task_job.py:156} INFO - Task exited with return code 1
[2022-12-12 12:32:17,751] {local_task_job.py:273} INFO - 0 downstream tasks scheduled from follow-on schedule check
