[2022-12-03 15:10:20,374] {taskinstance.py:1159} INFO - Dependencies all met for <TaskInstance: prepare_data.get_last_id scheduled__2022-11-28T19:46:00+00:00 [queued]>
[2022-12-03 15:10:20,924] {taskinstance.py:1159} INFO - Dependencies all met for <TaskInstance: prepare_data.get_last_id scheduled__2022-11-28T19:46:00+00:00 [queued]>
[2022-12-03 15:10:20,953] {taskinstance.py:1356} INFO - 
--------------------------------------------------------------------------------
[2022-12-03 15:10:20,954] {taskinstance.py:1357} INFO - Starting attempt 1 of 1
[2022-12-03 15:10:20,954] {taskinstance.py:1358} INFO - 
--------------------------------------------------------------------------------
[2022-12-03 15:10:21,543] {taskinstance.py:1377} INFO - Executing <Task(PythonOperator): get_last_id> on 2022-11-28 19:46:00+00:00
[2022-12-03 15:10:21,575] {standard_task_runner.py:52} INFO - Started process 1235 to run task
[2022-12-03 15:10:21,847] {standard_task_runner.py:79} INFO - Running: ['airflow', 'tasks', 'run', 'prepare_data', 'get_last_id', 'scheduled__2022-11-28T19:46:00+00:00', '--job-id', '386', '--raw', '--subdir', 'DAGS_FOLDER/prepare_data.py', '--cfg-path', '/tmp/tmpsgppl_95', '--error-file', '/tmp/tmp3_080zpf']
[2022-12-03 15:10:21,936] {standard_task_runner.py:80} INFO - Job 386: Subtask get_last_id
[2022-12-03 15:10:23,890] {task_command.py:369} INFO - Running <TaskInstance: prepare_data.get_last_id scheduled__2022-11-28T19:46:00+00:00 [running]> on host b41792e8e843
[2022-12-03 15:10:26,367] {taskinstance.py:1571} INFO - Exporting the following env vars:
AIRFLOW_CTX_DAG_OWNER=airflow
AIRFLOW_CTX_DAG_ID=prepare_data
AIRFLOW_CTX_TASK_ID=get_last_id
AIRFLOW_CTX_EXECUTION_DATE=2022-11-28T19:46:00+00:00
AIRFLOW_CTX_TRY_NUMBER=1
AIRFLOW_CTX_DAG_RUN_ID=scheduled__2022-11-28T19:46:00+00:00
[2022-12-03 15:10:26,714] {base.py:68} INFO - Using connection ID 'postgres_default' for task execution.
[2022-12-03 15:10:27,752] {python.py:173} INFO - Done. Returned value was: None
[2022-12-03 15:10:28,929] {taskinstance.py:1400} INFO - Marking task as SUCCESS. dag_id=prepare_data, task_id=get_last_id, execution_date=20221128T194600, start_date=20221203T151020, end_date=20221203T151028
[2022-12-03 15:10:29,390] {local_task_job.py:156} INFO - Task exited with return code 0
[2022-12-03 15:10:30,862] {local_task_job.py:273} INFO - 1 downstream tasks scheduled from follow-on schedule check
