[2022-12-03 14:56:04,296] {taskinstance.py:1159} INFO - Dependencies all met for <TaskInstance: prepare_data.transfer_data scheduled__2022-11-28T18:29:00+00:00 [queued]>
[2022-12-03 14:56:05,724] {taskinstance.py:1159} INFO - Dependencies all met for <TaskInstance: prepare_data.transfer_data scheduled__2022-11-28T18:29:00+00:00 [queued]>
[2022-12-03 14:56:05,725] {taskinstance.py:1356} INFO - 
--------------------------------------------------------------------------------
[2022-12-03 14:56:05,725] {taskinstance.py:1357} INFO - Starting attempt 1 of 1
[2022-12-03 14:56:05,725] {taskinstance.py:1358} INFO - 
--------------------------------------------------------------------------------
[2022-12-03 14:56:07,944] {taskinstance.py:1377} INFO - Executing <Task(PythonOperator): transfer_data> on 2022-11-28 18:29:00+00:00
[2022-12-03 14:56:08,388] {standard_task_runner.py:52} INFO - Started process 684 to run task
[2022-12-03 14:56:08,926] {standard_task_runner.py:79} INFO - Running: ['airflow', 'tasks', 'run', 'prepare_data', 'transfer_data', 'scheduled__2022-11-28T18:29:00+00:00', '--job-id', '166', '--raw', '--subdir', 'DAGS_FOLDER/prepare_data.py', '--cfg-path', '/tmp/tmpxbfoqyoc', '--error-file', '/tmp/tmpm2t10ulv']
[2022-12-03 14:56:09,077] {standard_task_runner.py:80} INFO - Job 166: Subtask transfer_data
[2022-12-03 14:56:13,300] {task_command.py:369} INFO - Running <TaskInstance: prepare_data.transfer_data scheduled__2022-11-28T18:29:00+00:00 [running]> on host b41792e8e843
[2022-12-03 14:56:22,693] {taskinstance.py:1571} INFO - Exporting the following env vars:
AIRFLOW_CTX_DAG_OWNER=airflow
AIRFLOW_CTX_DAG_ID=prepare_data
AIRFLOW_CTX_TASK_ID=transfer_data
AIRFLOW_CTX_EXECUTION_DATE=2022-11-28T18:29:00+00:00
AIRFLOW_CTX_TRY_NUMBER=1
AIRFLOW_CTX_DAG_RUN_ID=scheduled__2022-11-28T18:29:00+00:00
[2022-12-03 14:56:24,279] {base.py:68} INFO - Using connection ID 'postgres_default' for task execution.
[2022-12-03 14:56:26,965] {python.py:173} INFO - Done. Returned value was: None
[2022-12-03 14:56:31,591] {taskinstance.py:1400} INFO - Marking task as SUCCESS. dag_id=prepare_data, task_id=transfer_data, execution_date=20221128T182900, start_date=20221203T145604, end_date=20221203T145631
[2022-12-03 14:56:33,057] {local_task_job.py:156} INFO - Task exited with return code 0
[2022-12-03 14:56:37,489] {local_task_job.py:273} INFO - 0 downstream tasks scheduled from follow-on schedule check
