[2022-12-03 14:58:27,775] {taskinstance.py:1159} INFO - Dependencies all met for <TaskInstance: prepare_data.create_table scheduled__2022-11-28T18:49:00+00:00 [queued]>
[2022-12-03 14:58:28,206] {taskinstance.py:1159} INFO - Dependencies all met for <TaskInstance: prepare_data.create_table scheduled__2022-11-28T18:49:00+00:00 [queued]>
[2022-12-03 14:58:28,206] {taskinstance.py:1356} INFO - 
--------------------------------------------------------------------------------
[2022-12-03 14:58:28,206] {taskinstance.py:1357} INFO - Starting attempt 1 of 1
[2022-12-03 14:58:28,206] {taskinstance.py:1358} INFO - 
--------------------------------------------------------------------------------
[2022-12-03 14:58:28,838] {taskinstance.py:1377} INFO - Executing <Task(PostgresOperator): create_table> on 2022-11-28 18:49:00+00:00
[2022-12-03 14:58:29,051] {standard_task_runner.py:52} INFO - Started process 780 to run task
[2022-12-03 14:58:29,215] {standard_task_runner.py:79} INFO - Running: ['airflow', 'tasks', 'run', 'prepare_data', 'create_table', 'scheduled__2022-11-28T18:49:00+00:00', '--job-id', '205', '--raw', '--subdir', 'DAGS_FOLDER/prepare_data.py', '--cfg-path', '/tmp/tmpeozl7yyo', '--error-file', '/tmp/tmp0vv09x77']
[2022-12-03 14:58:29,364] {standard_task_runner.py:80} INFO - Job 205: Subtask create_table
[2022-12-03 14:58:31,798] {task_command.py:369} INFO - Running <TaskInstance: prepare_data.create_table scheduled__2022-11-28T18:49:00+00:00 [running]> on host b41792e8e843
[2022-12-03 14:58:40,063] {taskinstance.py:1571} INFO - Exporting the following env vars:
AIRFLOW_CTX_DAG_OWNER=airflow
AIRFLOW_CTX_DAG_ID=prepare_data
AIRFLOW_CTX_TASK_ID=create_table
AIRFLOW_CTX_EXECUTION_DATE=2022-11-28T18:49:00+00:00
AIRFLOW_CTX_TRY_NUMBER=1
AIRFLOW_CTX_DAG_RUN_ID=scheduled__2022-11-28T18:49:00+00:00
[2022-12-03 14:58:41,050] {base.py:68} INFO - Using connection ID 'postgres_default' for task execution.
[2022-12-03 14:58:41,499] {dbapi.py:208} INFO - Running statement: CREATE TABLE IF NOT EXISTS prepared_data (
	id SERIAL,
	sensor_id BIGINT,
	longitude FLOAT,
	latitude FLOAT,
	controller_id BIGINT,
	datetime TIMESTAMP WITH TIME ZONE,
	temperature INTEGER
);, parameters: None
[2022-12-03 14:58:41,574] {postgres.py:94} INFO - NOTICE:  relation "prepared_data" already exists, skipping

[2022-12-03 14:58:43,639] {taskinstance.py:1400} INFO - Marking task as SUCCESS. dag_id=prepare_data, task_id=create_table, execution_date=20221128T184900, start_date=20221203T145827, end_date=20221203T145843
[2022-12-03 14:58:45,170] {local_task_job.py:156} INFO - Task exited with return code 0
[2022-12-03 14:58:47,992] {local_task_job.py:273} INFO - 1 downstream tasks scheduled from follow-on schedule check
[2022-12-12 12:34:37,926] {taskinstance.py:1159} INFO - Dependencies all met for <TaskInstance: prepare_data.create_table scheduled__2022-11-28T18:49:00+00:00 [queued]>
[2022-12-12 12:34:38,093] {taskinstance.py:1159} INFO - Dependencies all met for <TaskInstance: prepare_data.create_table scheduled__2022-11-28T18:49:00+00:00 [queued]>
[2022-12-12 12:34:38,094] {taskinstance.py:1356} INFO - 
--------------------------------------------------------------------------------
[2022-12-12 12:34:38,094] {taskinstance.py:1357} INFO - Starting attempt 1 of 1
[2022-12-12 12:34:38,094] {taskinstance.py:1358} INFO - 
--------------------------------------------------------------------------------
[2022-12-12 12:34:38,345] {taskinstance.py:1377} INFO - Executing <Task(PostgresOperator): create_table> on 2022-11-28 18:49:00+00:00
[2022-12-12 12:34:38,413] {standard_task_runner.py:52} INFO - Started process 572 to run task
[2022-12-12 12:34:38,498] {standard_task_runner.py:79} INFO - Running: ['airflow', 'tasks', 'run', 'prepare_data', 'create_table', 'scheduled__2022-11-28T18:49:00+00:00', '--job-id', '137', '--raw', '--subdir', 'DAGS_FOLDER/prepare_data.py', '--cfg-path', '/tmp/tmp0zackwiw', '--error-file', '/tmp/tmppepls0yv']
[2022-12-12 12:34:38,595] {standard_task_runner.py:80} INFO - Job 137: Subtask create_table
[2022-12-12 12:34:39,576] {task_command.py:369} INFO - Running <TaskInstance: prepare_data.create_table scheduled__2022-11-28T18:49:00+00:00 [running]> on host b778137d8ea6
[2022-12-12 12:34:41,311] {taskinstance.py:1571} INFO - Exporting the following env vars:
AIRFLOW_CTX_DAG_OWNER=airflow
AIRFLOW_CTX_DAG_ID=prepare_data
AIRFLOW_CTX_TASK_ID=create_table
AIRFLOW_CTX_EXECUTION_DATE=2022-11-28T18:49:00+00:00
AIRFLOW_CTX_TRY_NUMBER=1
AIRFLOW_CTX_DAG_RUN_ID=scheduled__2022-11-28T18:49:00+00:00
[2022-12-12 12:34:41,844] {taskinstance.py:1889} ERROR - Task failed with exception
Traceback (most recent call last):
  File "/home/airflow/.local/lib/python3.7/site-packages/airflow/providers/postgres/operators/postgres.py", line 92, in execute
    self.hook.run(self.sql, self.autocommit, parameters=self.parameters)
  File "/home/airflow/.local/lib/python3.7/site-packages/airflow/hooks/dbapi.py", line 181, in run
    with closing(self.get_conn()) as conn:
  File "/home/airflow/.local/lib/python3.7/site-packages/airflow/providers/postgres/hooks/postgres.py", line 86, in get_conn
    conn = deepcopy(self.connection or self.get_connection(conn_id))
  File "/home/airflow/.local/lib/python3.7/site-packages/airflow/hooks/base.py", line 67, in get_connection
    conn = Connection.get_connection_from_secrets(conn_id)
  File "/home/airflow/.local/lib/python3.7/site-packages/airflow/models/connection.py", line 430, in get_connection_from_secrets
    raise AirflowNotFoundException(f"The conn_id `{conn_id}` isn't defined")
airflow.exceptions.AirflowNotFoundException: The conn_id `postgres_default` isn't defined
[2022-12-12 12:34:41,881] {taskinstance.py:1400} INFO - Marking task as FAILED. dag_id=prepare_data, task_id=create_table, execution_date=20221128T184900, start_date=20221212T123437, end_date=20221212T123441
[2022-12-12 12:34:42,314] {standard_task_runner.py:97} ERROR - Failed to execute job 137 for task create_table (The conn_id `postgres_default` isn't defined; 572)
[2022-12-12 12:34:42,495] {local_task_job.py:156} INFO - Task exited with return code 1
[2022-12-12 12:34:44,717] {local_task_job.py:273} INFO - 0 downstream tasks scheduled from follow-on schedule check
