[2022-12-03 14:57:03,593] {taskinstance.py:1159} INFO - Dependencies all met for <TaskInstance: prepare_data.transfer_data scheduled__2022-11-28T18:33:00+00:00 [queued]>
[2022-12-03 14:57:04,638] {taskinstance.py:1159} INFO - Dependencies all met for <TaskInstance: prepare_data.transfer_data scheduled__2022-11-28T18:33:00+00:00 [queued]>
[2022-12-03 14:57:04,639] {taskinstance.py:1356} INFO - 
--------------------------------------------------------------------------------
[2022-12-03 14:57:04,639] {taskinstance.py:1357} INFO - Starting attempt 1 of 1
[2022-12-03 14:57:04,639] {taskinstance.py:1358} INFO - 
--------------------------------------------------------------------------------
[2022-12-03 14:57:05,856] {taskinstance.py:1377} INFO - Executing <Task(PythonOperator): transfer_data> on 2022-11-28 18:33:00+00:00
[2022-12-03 14:57:06,128] {standard_task_runner.py:52} INFO - Started process 711 to run task
[2022-12-03 14:57:06,499] {standard_task_runner.py:79} INFO - Running: ['airflow', 'tasks', 'run', 'prepare_data', 'transfer_data', 'scheduled__2022-11-28T18:33:00+00:00', '--job-id', '177', '--raw', '--subdir', 'DAGS_FOLDER/prepare_data.py', '--cfg-path', '/tmp/tmpi_zw1e6j', '--error-file', '/tmp/tmprkjb8ov9']
[2022-12-03 14:57:06,565] {standard_task_runner.py:80} INFO - Job 177: Subtask transfer_data
[2022-12-03 14:57:10,220] {task_command.py:369} INFO - Running <TaskInstance: prepare_data.transfer_data scheduled__2022-11-28T18:33:00+00:00 [running]> on host b41792e8e843
[2022-12-03 14:57:16,715] {taskinstance.py:1571} INFO - Exporting the following env vars:
AIRFLOW_CTX_DAG_OWNER=airflow
AIRFLOW_CTX_DAG_ID=prepare_data
AIRFLOW_CTX_TASK_ID=transfer_data
AIRFLOW_CTX_EXECUTION_DATE=2022-11-28T18:33:00+00:00
AIRFLOW_CTX_TRY_NUMBER=1
AIRFLOW_CTX_DAG_RUN_ID=scheduled__2022-11-28T18:33:00+00:00
[2022-12-03 14:57:17,226] {base.py:68} INFO - Using connection ID 'postgres_default' for task execution.
[2022-12-03 14:57:18,726] {python.py:173} INFO - Done. Returned value was: None
[2022-12-03 14:57:21,134] {taskinstance.py:1400} INFO - Marking task as SUCCESS. dag_id=prepare_data, task_id=transfer_data, execution_date=20221128T183300, start_date=20221203T145703, end_date=20221203T145721
[2022-12-03 14:57:22,549] {local_task_job.py:156} INFO - Task exited with return code 0
[2022-12-03 14:57:24,716] {local_task_job.py:273} INFO - 0 downstream tasks scheduled from follow-on schedule check
