[2022-12-03 15:12:09,844] {taskinstance.py:1159} INFO - Dependencies all met for <TaskInstance: prepare_data.get_last_id scheduled__2022-11-28T19:57:00+00:00 [queued]>
[2022-12-03 15:12:10,362] {taskinstance.py:1159} INFO - Dependencies all met for <TaskInstance: prepare_data.get_last_id scheduled__2022-11-28T19:57:00+00:00 [queued]>
[2022-12-03 15:12:10,363] {taskinstance.py:1356} INFO - 
--------------------------------------------------------------------------------
[2022-12-03 15:12:10,363] {taskinstance.py:1357} INFO - Starting attempt 1 of 1
[2022-12-03 15:12:10,363] {taskinstance.py:1358} INFO - 
--------------------------------------------------------------------------------
[2022-12-03 15:12:12,012] {taskinstance.py:1377} INFO - Executing <Task(PythonOperator): get_last_id> on 2022-11-28 19:57:00+00:00
[2022-12-03 15:12:12,128] {standard_task_runner.py:52} INFO - Started process 1323 to run task
[2022-12-03 15:12:12,453] {standard_task_runner.py:79} INFO - Running: ['airflow', 'tasks', 'run', 'prepare_data', 'get_last_id', 'scheduled__2022-11-28T19:57:00+00:00', '--job-id', '423', '--raw', '--subdir', 'DAGS_FOLDER/prepare_data.py', '--cfg-path', '/tmp/tmpx0tjvrh1', '--error-file', '/tmp/tmp4krqwgyh']
[2022-12-03 15:12:12,534] {standard_task_runner.py:80} INFO - Job 423: Subtask get_last_id
[2022-12-03 15:12:16,090] {task_command.py:369} INFO - Running <TaskInstance: prepare_data.get_last_id scheduled__2022-11-28T19:57:00+00:00 [running]> on host b41792e8e843
[2022-12-03 15:12:20,234] {taskinstance.py:1571} INFO - Exporting the following env vars:
AIRFLOW_CTX_DAG_OWNER=airflow
AIRFLOW_CTX_DAG_ID=prepare_data
AIRFLOW_CTX_TASK_ID=get_last_id
AIRFLOW_CTX_EXECUTION_DATE=2022-11-28T19:57:00+00:00
AIRFLOW_CTX_TRY_NUMBER=1
AIRFLOW_CTX_DAG_RUN_ID=scheduled__2022-11-28T19:57:00+00:00
[2022-12-03 15:12:20,891] {base.py:68} INFO - Using connection ID 'postgres_default' for task execution.
[2022-12-03 15:12:21,886] {python.py:173} INFO - Done. Returned value was: None
[2022-12-03 15:12:22,175] {taskinstance.py:1400} INFO - Marking task as SUCCESS. dag_id=prepare_data, task_id=get_last_id, execution_date=20221128T195700, start_date=20221203T151209, end_date=20221203T151222
[2022-12-03 15:12:22,659] {local_task_job.py:156} INFO - Task exited with return code 0
[2022-12-03 15:12:24,214] {local_task_job.py:273} INFO - 1 downstream tasks scheduled from follow-on schedule check
