[2022-12-03 14:46:26,114] {taskinstance.py:1159} INFO - Dependencies all met for <TaskInstance: prepare_data.create_table scheduled__2022-11-28T17:27:00+00:00 [queued]>
[2022-12-03 14:46:26,177] {taskinstance.py:1159} INFO - Dependencies all met for <TaskInstance: prepare_data.create_table scheduled__2022-11-28T17:27:00+00:00 [queued]>
[2022-12-03 14:46:26,185] {taskinstance.py:1356} INFO - 
--------------------------------------------------------------------------------
[2022-12-03 14:46:26,186] {taskinstance.py:1357} INFO - Starting attempt 1 of 1
[2022-12-03 14:46:26,186] {taskinstance.py:1358} INFO - 
--------------------------------------------------------------------------------
[2022-12-03 14:46:26,273] {taskinstance.py:1377} INFO - Executing <Task(PostgresOperator): create_table> on 2022-11-28 17:27:00+00:00
[2022-12-03 14:46:26,289] {standard_task_runner.py:52} INFO - Started process 386 to run task
[2022-12-03 14:46:26,314] {standard_task_runner.py:79} INFO - Running: ['airflow', 'tasks', 'run', 'prepare_data', 'create_table', 'scheduled__2022-11-28T17:27:00+00:00', '--job-id', '55', '--raw', '--subdir', 'DAGS_FOLDER/prepare_data.py', '--cfg-path', '/tmp/tmp6bcu5rp6', '--error-file', '/tmp/tmp5vitzpqf']
[2022-12-03 14:46:26,319] {standard_task_runner.py:80} INFO - Job 55: Subtask create_table
[2022-12-03 14:46:26,825] {task_command.py:369} INFO - Running <TaskInstance: prepare_data.create_table scheduled__2022-11-28T17:27:00+00:00 [running]> on host b41792e8e843
[2022-12-03 14:46:27,607] {taskinstance.py:1571} INFO - Exporting the following env vars:
AIRFLOW_CTX_DAG_OWNER=airflow
AIRFLOW_CTX_DAG_ID=prepare_data
AIRFLOW_CTX_TASK_ID=create_table
AIRFLOW_CTX_EXECUTION_DATE=2022-11-28T17:27:00+00:00
AIRFLOW_CTX_TRY_NUMBER=1
AIRFLOW_CTX_DAG_RUN_ID=scheduled__2022-11-28T17:27:00+00:00
[2022-12-03 14:46:27,802] {taskinstance.py:1889} ERROR - Task failed with exception
Traceback (most recent call last):
  File "/home/airflow/.local/lib/python3.7/site-packages/airflow/providers/postgres/operators/postgres.py", line 92, in execute
    self.hook.run(self.sql, self.autocommit, parameters=self.parameters)
  File "/home/airflow/.local/lib/python3.7/site-packages/airflow/hooks/dbapi.py", line 181, in run
    with closing(self.get_conn()) as conn:
  File "/home/airflow/.local/lib/python3.7/site-packages/airflow/providers/postgres/hooks/postgres.py", line 86, in get_conn
    conn = deepcopy(self.connection or self.get_connection(conn_id))
  File "/home/airflow/.local/lib/python3.7/site-packages/airflow/hooks/base.py", line 67, in get_connection
    conn = Connection.get_connection_from_secrets(conn_id)
  File "/home/airflow/.local/lib/python3.7/site-packages/airflow/models/connection.py", line 430, in get_connection_from_secrets
    raise AirflowNotFoundException(f"The conn_id `{conn_id}` isn't defined")
airflow.exceptions.AirflowNotFoundException: The conn_id `postgres_default` isn't defined
[2022-12-03 14:46:27,820] {taskinstance.py:1400} INFO - Marking task as FAILED. dag_id=prepare_data, task_id=create_table, execution_date=20221128T172700, start_date=20221203T144626, end_date=20221203T144627
[2022-12-03 14:46:27,878] {standard_task_runner.py:97} ERROR - Failed to execute job 55 for task create_table (The conn_id `postgres_default` isn't defined; 386)
[2022-12-03 14:46:27,899] {local_task_job.py:156} INFO - Task exited with return code 1
[2022-12-03 14:46:28,462] {local_task_job.py:273} INFO - 0 downstream tasks scheduled from follow-on schedule check
[2022-12-12 12:31:54,267] {taskinstance.py:1159} INFO - Dependencies all met for <TaskInstance: prepare_data.create_table scheduled__2022-11-28T17:27:00+00:00 [queued]>
[2022-12-12 12:31:54,423] {taskinstance.py:1159} INFO - Dependencies all met for <TaskInstance: prepare_data.create_table scheduled__2022-11-28T17:27:00+00:00 [queued]>
[2022-12-12 12:31:54,423] {taskinstance.py:1356} INFO - 
--------------------------------------------------------------------------------
[2022-12-12 12:31:54,423] {taskinstance.py:1357} INFO - Starting attempt 1 of 1
[2022-12-12 12:31:54,423] {taskinstance.py:1358} INFO - 
--------------------------------------------------------------------------------
[2022-12-12 12:31:54,557] {taskinstance.py:1377} INFO - Executing <Task(PostgresOperator): create_table> on 2022-11-28 17:27:00+00:00
[2022-12-12 12:31:54,577] {standard_task_runner.py:52} INFO - Started process 376 to run task
[2022-12-12 12:31:54,625] {standard_task_runner.py:79} INFO - Running: ['airflow', 'tasks', 'run', 'prepare_data', 'create_table', 'scheduled__2022-11-28T17:27:00+00:00', '--job-id', '55', '--raw', '--subdir', 'DAGS_FOLDER/prepare_data.py', '--cfg-path', '/tmp/tmp6znv918z', '--error-file', '/tmp/tmp5qh1hph1']
[2022-12-12 12:31:54,648] {standard_task_runner.py:80} INFO - Job 55: Subtask create_table
[2022-12-12 12:31:55,408] {task_command.py:369} INFO - Running <TaskInstance: prepare_data.create_table scheduled__2022-11-28T17:27:00+00:00 [running]> on host b778137d8ea6
[2022-12-12 12:31:56,314] {taskinstance.py:1571} INFO - Exporting the following env vars:
AIRFLOW_CTX_DAG_OWNER=airflow
AIRFLOW_CTX_DAG_ID=prepare_data
AIRFLOW_CTX_TASK_ID=create_table
AIRFLOW_CTX_EXECUTION_DATE=2022-11-28T17:27:00+00:00
AIRFLOW_CTX_TRY_NUMBER=1
AIRFLOW_CTX_DAG_RUN_ID=scheduled__2022-11-28T17:27:00+00:00
[2022-12-12 12:31:56,518] {taskinstance.py:1889} ERROR - Task failed with exception
Traceback (most recent call last):
  File "/home/airflow/.local/lib/python3.7/site-packages/airflow/providers/postgres/operators/postgres.py", line 92, in execute
    self.hook.run(self.sql, self.autocommit, parameters=self.parameters)
  File "/home/airflow/.local/lib/python3.7/site-packages/airflow/hooks/dbapi.py", line 181, in run
    with closing(self.get_conn()) as conn:
  File "/home/airflow/.local/lib/python3.7/site-packages/airflow/providers/postgres/hooks/postgres.py", line 86, in get_conn
    conn = deepcopy(self.connection or self.get_connection(conn_id))
  File "/home/airflow/.local/lib/python3.7/site-packages/airflow/hooks/base.py", line 67, in get_connection
    conn = Connection.get_connection_from_secrets(conn_id)
  File "/home/airflow/.local/lib/python3.7/site-packages/airflow/models/connection.py", line 430, in get_connection_from_secrets
    raise AirflowNotFoundException(f"The conn_id `{conn_id}` isn't defined")
airflow.exceptions.AirflowNotFoundException: The conn_id `postgres_default` isn't defined
[2022-12-12 12:31:56,545] {taskinstance.py:1400} INFO - Marking task as FAILED. dag_id=prepare_data, task_id=create_table, execution_date=20221128T172700, start_date=20221212T123154, end_date=20221212T123156
[2022-12-12 12:31:56,695] {standard_task_runner.py:97} ERROR - Failed to execute job 55 for task create_table (The conn_id `postgres_default` isn't defined; 376)
[2022-12-12 12:31:56,747] {local_task_job.py:156} INFO - Task exited with return code 1
[2022-12-12 12:31:57,134] {local_task_job.py:273} INFO - 0 downstream tasks scheduled from follow-on schedule check
