[2022-12-12 13:24:09,415] {taskinstance.py:1159} INFO - Dependencies all met for <TaskInstance: prepare_data.create_table scheduled__2022-12-12T13:23:00+00:00 [queued]>
[2022-12-12 13:24:10,272] {taskinstance.py:1159} INFO - Dependencies all met for <TaskInstance: prepare_data.create_table scheduled__2022-12-12T13:23:00+00:00 [queued]>
[2022-12-12 13:24:10,273] {taskinstance.py:1356} INFO - 
--------------------------------------------------------------------------------
[2022-12-12 13:24:10,273] {taskinstance.py:1357} INFO - Starting attempt 1 of 1
[2022-12-12 13:24:10,273] {taskinstance.py:1358} INFO - 
--------------------------------------------------------------------------------
[2022-12-12 13:24:11,196] {taskinstance.py:1377} INFO - Executing <Task(PostgresOperator): create_table> on 2022-12-12 13:23:00+00:00
[2022-12-12 13:24:11,442] {standard_task_runner.py:52} INFO - Started process 2567 to run task
[2022-12-12 13:24:11,696] {standard_task_runner.py:79} INFO - Running: ['airflow', 'tasks', 'run', 'prepare_data', 'create_table', 'scheduled__2022-12-12T13:23:00+00:00', '--job-id', '936', '--raw', '--subdir', 'DAGS_FOLDER/prepare_data.py', '--cfg-path', '/tmp/tmpr9t8c036', '--error-file', '/tmp/tmpid88xbk9']
[2022-12-12 13:24:11,698] {standard_task_runner.py:80} INFO - Job 936: Subtask create_table
[2022-12-12 13:24:14,412] {task_command.py:369} INFO - Running <TaskInstance: prepare_data.create_table scheduled__2022-12-12T13:23:00+00:00 [running]> on host b778137d8ea6
[2022-12-12 13:24:17,329] {taskinstance.py:1571} INFO - Exporting the following env vars:
AIRFLOW_CTX_DAG_OWNER=airflow
AIRFLOW_CTX_DAG_ID=prepare_data
AIRFLOW_CTX_TASK_ID=create_table
AIRFLOW_CTX_EXECUTION_DATE=2022-12-12T13:23:00+00:00
AIRFLOW_CTX_TRY_NUMBER=1
AIRFLOW_CTX_DAG_RUN_ID=scheduled__2022-12-12T13:23:00+00:00
[2022-12-12 13:24:18,063] {base.py:68} INFO - Using connection ID 'postgres_default' for task execution.
[2022-12-12 13:24:18,294] {dbapi.py:208} INFO - Running statement: CREATE TABLE IF NOT EXISTS prepared_data (
	id SERIAL,
	sensor_id BIGINT,
	longitude FLOAT,
	latitude FLOAT,
	controller_id BIGINT,
	datetime TIMESTAMP WITH TIME ZONE,
	temperature INTEGER
);, parameters: None
[2022-12-12 13:24:18,383] {postgres.py:94} INFO - NOTICE:  relation "prepared_data" already exists, skipping

[2022-12-12 13:24:18,905] {taskinstance.py:1400} INFO - Marking task as SUCCESS. dag_id=prepare_data, task_id=create_table, execution_date=20221212T132300, start_date=20221212T132409, end_date=20221212T132418
[2022-12-12 13:24:19,678] {local_task_job.py:156} INFO - Task exited with return code 0
[2022-12-12 13:24:20,899] {local_task_job.py:273} INFO - 1 downstream tasks scheduled from follow-on schedule check
