[2022-12-12 13:06:33,865] {taskinstance.py:1159} INFO - Dependencies all met for <TaskInstance: prepare_data.transfer_data scheduled__2022-11-28T23:36:00+00:00 [queued]>
[2022-12-12 13:06:34,458] {taskinstance.py:1159} INFO - Dependencies all met for <TaskInstance: prepare_data.transfer_data scheduled__2022-11-28T23:36:00+00:00 [queued]>
[2022-12-12 13:06:34,459] {taskinstance.py:1356} INFO - 
--------------------------------------------------------------------------------
[2022-12-12 13:06:34,510] {taskinstance.py:1357} INFO - Starting attempt 1 of 1
[2022-12-12 13:06:34,510] {taskinstance.py:1358} INFO - 
--------------------------------------------------------------------------------
[2022-12-12 13:06:35,149] {taskinstance.py:1377} INFO - Executing <Task(PythonOperator): transfer_data> on 2022-11-28 23:36:00+00:00
[2022-12-12 13:06:35,417] {standard_task_runner.py:52} INFO - Started process 1875 to run task
[2022-12-12 13:06:35,465] {standard_task_runner.py:79} INFO - Running: ['airflow', 'tasks', 'run', 'prepare_data', 'transfer_data', 'scheduled__2022-11-28T23:36:00+00:00', '--job-id', '660', '--raw', '--subdir', 'DAGS_FOLDER/prepare_data.py', '--cfg-path', '/tmp/tmp_i8vn33i', '--error-file', '/tmp/tmpmr2hetjf']
[2022-12-12 13:06:35,575] {standard_task_runner.py:80} INFO - Job 660: Subtask transfer_data
[2022-12-12 13:06:37,926] {task_command.py:369} INFO - Running <TaskInstance: prepare_data.transfer_data scheduled__2022-11-28T23:36:00+00:00 [running]> on host b778137d8ea6
[2022-12-12 13:06:39,810] {taskinstance.py:1571} INFO - Exporting the following env vars:
AIRFLOW_CTX_DAG_OWNER=airflow
AIRFLOW_CTX_DAG_ID=prepare_data
AIRFLOW_CTX_TASK_ID=transfer_data
AIRFLOW_CTX_EXECUTION_DATE=2022-11-28T23:36:00+00:00
AIRFLOW_CTX_TRY_NUMBER=1
AIRFLOW_CTX_DAG_RUN_ID=scheduled__2022-11-28T23:36:00+00:00
[2022-12-12 13:06:39,967] {base.py:68} INFO - Using connection ID 'postgres_default' for task execution.
[2022-12-12 13:06:40,304] {python.py:173} INFO - Done. Returned value was: None
[2022-12-12 13:06:40,460] {taskinstance.py:1400} INFO - Marking task as SUCCESS. dag_id=prepare_data, task_id=transfer_data, execution_date=20221128T233600, start_date=20221212T130633, end_date=20221212T130640
[2022-12-12 13:06:41,363] {local_task_job.py:156} INFO - Task exited with return code 0
[2022-12-12 13:06:42,013] {local_task_job.py:273} INFO - 0 downstream tasks scheduled from follow-on schedule check
