[2022-12-12 12:56:40,597] {taskinstance.py:1159} INFO - Dependencies all met for <TaskInstance: prepare_data.get_last_id scheduled__2022-11-28T22:46:00+00:00 [queued]>
[2022-12-12 12:56:40,914] {taskinstance.py:1159} INFO - Dependencies all met for <TaskInstance: prepare_data.get_last_id scheduled__2022-11-28T22:46:00+00:00 [queued]>
[2022-12-12 12:56:40,921] {taskinstance.py:1356} INFO - 
--------------------------------------------------------------------------------
[2022-12-12 12:56:40,921] {taskinstance.py:1357} INFO - Starting attempt 1 of 1
[2022-12-12 12:56:40,926] {taskinstance.py:1358} INFO - 
--------------------------------------------------------------------------------
[2022-12-12 12:56:41,245] {taskinstance.py:1377} INFO - Executing <Task(PythonOperator): get_last_id> on 2022-11-28 22:46:00+00:00
[2022-12-12 12:56:41,270] {standard_task_runner.py:52} INFO - Started process 1432 to run task
[2022-12-12 12:56:41,379] {standard_task_runner.py:79} INFO - Running: ['airflow', 'tasks', 'run', 'prepare_data', 'get_last_id', 'scheduled__2022-11-28T22:46:00+00:00', '--job-id', '479', '--raw', '--subdir', 'DAGS_FOLDER/prepare_data.py', '--cfg-path', '/tmp/tmpairy823h', '--error-file', '/tmp/tmppbl8842i']
[2022-12-12 12:56:41,434] {standard_task_runner.py:80} INFO - Job 479: Subtask get_last_id
[2022-12-12 12:56:42,812] {task_command.py:369} INFO - Running <TaskInstance: prepare_data.get_last_id scheduled__2022-11-28T22:46:00+00:00 [running]> on host b778137d8ea6
[2022-12-12 12:56:44,838] {taskinstance.py:1571} INFO - Exporting the following env vars:
AIRFLOW_CTX_DAG_OWNER=airflow
AIRFLOW_CTX_DAG_ID=prepare_data
AIRFLOW_CTX_TASK_ID=get_last_id
AIRFLOW_CTX_EXECUTION_DATE=2022-11-28T22:46:00+00:00
AIRFLOW_CTX_TRY_NUMBER=1
AIRFLOW_CTX_DAG_RUN_ID=scheduled__2022-11-28T22:46:00+00:00
[2022-12-12 12:56:45,815] {base.py:68} INFO - Using connection ID 'postgres_default' for task execution.
[2022-12-12 12:56:46,681] {python.py:173} INFO - Done. Returned value was: None
[2022-12-12 12:56:46,760] {taskinstance.py:1400} INFO - Marking task as SUCCESS. dag_id=prepare_data, task_id=get_last_id, execution_date=20221128T224600, start_date=20221212T125640, end_date=20221212T125646
[2022-12-12 12:56:49,178] {local_task_job.py:156} INFO - Task exited with return code 0
[2022-12-12 12:56:51,603] {local_task_job.py:273} INFO - 1 downstream tasks scheduled from follow-on schedule check
