[2022-12-03 14:44:10,935] {taskinstance.py:1159} INFO - Dependencies all met for <TaskInstance: prepare_data.create_table scheduled__2022-11-28T16:48:00+00:00 [queued]>
[2022-12-03 14:44:11,471] {taskinstance.py:1159} INFO - Dependencies all met for <TaskInstance: prepare_data.create_table scheduled__2022-11-28T16:48:00+00:00 [queued]>
[2022-12-03 14:44:11,471] {taskinstance.py:1356} INFO - 
--------------------------------------------------------------------------------
[2022-12-03 14:44:11,471] {taskinstance.py:1357} INFO - Starting attempt 1 of 1
[2022-12-03 14:44:11,472] {taskinstance.py:1358} INFO - 
--------------------------------------------------------------------------------
[2022-12-03 14:44:11,952] {taskinstance.py:1377} INFO - Executing <Task(PostgresOperator): create_table> on 2022-11-28 16:48:00+00:00
[2022-12-03 14:44:12,005] {standard_task_runner.py:52} INFO - Started process 290 to run task
[2022-12-03 14:44:12,101] {standard_task_runner.py:79} INFO - Running: ['airflow', 'tasks', 'run', 'prepare_data', 'create_table', 'scheduled__2022-11-28T16:48:00+00:00', '--job-id', '16', '--raw', '--subdir', 'DAGS_FOLDER/prepare_data.py', '--cfg-path', '/tmp/tmpy8zuiv0z', '--error-file', '/tmp/tmp6e783a0x']
[2022-12-03 14:44:12,171] {standard_task_runner.py:80} INFO - Job 16: Subtask create_table
[2022-12-03 14:44:13,904] {task_command.py:369} INFO - Running <TaskInstance: prepare_data.create_table scheduled__2022-11-28T16:48:00+00:00 [running]> on host b41792e8e843
[2022-12-03 14:44:15,788] {taskinstance.py:1571} INFO - Exporting the following env vars:
AIRFLOW_CTX_DAG_OWNER=airflow
AIRFLOW_CTX_DAG_ID=prepare_data
AIRFLOW_CTX_TASK_ID=create_table
AIRFLOW_CTX_EXECUTION_DATE=2022-11-28T16:48:00+00:00
AIRFLOW_CTX_TRY_NUMBER=1
AIRFLOW_CTX_DAG_RUN_ID=scheduled__2022-11-28T16:48:00+00:00
[2022-12-03 14:44:16,068] {taskinstance.py:1889} ERROR - Task failed with exception
Traceback (most recent call last):
  File "/home/airflow/.local/lib/python3.7/site-packages/airflow/providers/postgres/operators/postgres.py", line 92, in execute
    self.hook.run(self.sql, self.autocommit, parameters=self.parameters)
  File "/home/airflow/.local/lib/python3.7/site-packages/airflow/hooks/dbapi.py", line 181, in run
    with closing(self.get_conn()) as conn:
  File "/home/airflow/.local/lib/python3.7/site-packages/airflow/providers/postgres/hooks/postgres.py", line 86, in get_conn
    conn = deepcopy(self.connection or self.get_connection(conn_id))
  File "/home/airflow/.local/lib/python3.7/site-packages/airflow/hooks/base.py", line 67, in get_connection
    conn = Connection.get_connection_from_secrets(conn_id)
  File "/home/airflow/.local/lib/python3.7/site-packages/airflow/models/connection.py", line 430, in get_connection_from_secrets
    raise AirflowNotFoundException(f"The conn_id `{conn_id}` isn't defined")
airflow.exceptions.AirflowNotFoundException: The conn_id `postgres_default` isn't defined
[2022-12-03 14:44:16,103] {taskinstance.py:1400} INFO - Marking task as FAILED. dag_id=prepare_data, task_id=create_table, execution_date=20221128T164800, start_date=20221203T144410, end_date=20221203T144416
[2022-12-03 14:44:16,301] {standard_task_runner.py:97} ERROR - Failed to execute job 16 for task create_table (The conn_id `postgres_default` isn't defined; 290)
[2022-12-03 14:44:16,395] {local_task_job.py:156} INFO - Task exited with return code 1
[2022-12-03 14:44:17,091] {local_task_job.py:273} INFO - 0 downstream tasks scheduled from follow-on schedule check
[2022-12-12 12:28:46,359] {taskinstance.py:1159} INFO - Dependencies all met for <TaskInstance: prepare_data.create_table scheduled__2022-11-28T16:48:00+00:00 [queued]>
[2022-12-12 12:28:46,617] {taskinstance.py:1159} INFO - Dependencies all met for <TaskInstance: prepare_data.create_table scheduled__2022-11-28T16:48:00+00:00 [queued]>
[2022-12-12 12:28:46,617] {taskinstance.py:1356} INFO - 
--------------------------------------------------------------------------------
[2022-12-12 12:28:46,617] {taskinstance.py:1357} INFO - Starting attempt 1 of 1
[2022-12-12 12:28:46,618] {taskinstance.py:1358} INFO - 
--------------------------------------------------------------------------------
[2022-12-12 12:28:46,989] {taskinstance.py:1377} INFO - Executing <Task(PostgresOperator): create_table> on 2022-11-28 16:48:00+00:00
[2022-12-12 12:28:47,025] {standard_task_runner.py:52} INFO - Started process 273 to run task
[2022-12-12 12:28:47,144] {standard_task_runner.py:79} INFO - Running: ['airflow', 'tasks', 'run', 'prepare_data', 'create_table', 'scheduled__2022-11-28T16:48:00+00:00', '--job-id', '16', '--raw', '--subdir', 'DAGS_FOLDER/prepare_data.py', '--cfg-path', '/tmp/tmp6tb085cz', '--error-file', '/tmp/tmpkluxli4k']
[2022-12-12 12:28:47,180] {standard_task_runner.py:80} INFO - Job 16: Subtask create_table
[2022-12-12 12:28:49,311] {task_command.py:369} INFO - Running <TaskInstance: prepare_data.create_table scheduled__2022-11-28T16:48:00+00:00 [running]> on host b778137d8ea6
[2022-12-12 12:28:51,371] {taskinstance.py:1571} INFO - Exporting the following env vars:
AIRFLOW_CTX_DAG_OWNER=airflow
AIRFLOW_CTX_DAG_ID=prepare_data
AIRFLOW_CTX_TASK_ID=create_table
AIRFLOW_CTX_EXECUTION_DATE=2022-11-28T16:48:00+00:00
AIRFLOW_CTX_TRY_NUMBER=1
AIRFLOW_CTX_DAG_RUN_ID=scheduled__2022-11-28T16:48:00+00:00
[2022-12-12 12:28:52,036] {taskinstance.py:1889} ERROR - Task failed with exception
Traceback (most recent call last):
  File "/home/airflow/.local/lib/python3.7/site-packages/airflow/providers/postgres/operators/postgres.py", line 92, in execute
    self.hook.run(self.sql, self.autocommit, parameters=self.parameters)
  File "/home/airflow/.local/lib/python3.7/site-packages/airflow/hooks/dbapi.py", line 181, in run
    with closing(self.get_conn()) as conn:
  File "/home/airflow/.local/lib/python3.7/site-packages/airflow/providers/postgres/hooks/postgres.py", line 86, in get_conn
    conn = deepcopy(self.connection or self.get_connection(conn_id))
  File "/home/airflow/.local/lib/python3.7/site-packages/airflow/hooks/base.py", line 67, in get_connection
    conn = Connection.get_connection_from_secrets(conn_id)
  File "/home/airflow/.local/lib/python3.7/site-packages/airflow/models/connection.py", line 430, in get_connection_from_secrets
    raise AirflowNotFoundException(f"The conn_id `{conn_id}` isn't defined")
airflow.exceptions.AirflowNotFoundException: The conn_id `postgres_default` isn't defined
[2022-12-12 12:28:52,251] {taskinstance.py:1400} INFO - Marking task as FAILED. dag_id=prepare_data, task_id=create_table, execution_date=20221128T164800, start_date=20221212T122846, end_date=20221212T122852
[2022-12-12 12:28:52,574] {standard_task_runner.py:97} ERROR - Failed to execute job 16 for task create_table (The conn_id `postgres_default` isn't defined; 273)
[2022-12-12 12:28:53,020] {local_task_job.py:156} INFO - Task exited with return code 1
[2022-12-12 12:28:53,496] {local_task_job.py:273} INFO - 0 downstream tasks scheduled from follow-on schedule check
[2022-12-12 15:12:52,435] {taskinstance.py:1159} INFO - Dependencies all met for <TaskInstance: prepare_data.create_table scheduled__2022-11-28T16:48:00+00:00 [queued]>
[2022-12-12 15:12:52,889] {taskinstance.py:1159} INFO - Dependencies all met for <TaskInstance: prepare_data.create_table scheduled__2022-11-28T16:48:00+00:00 [queued]>
[2022-12-12 15:12:52,889] {taskinstance.py:1356} INFO - 
--------------------------------------------------------------------------------
[2022-12-12 15:12:52,889] {taskinstance.py:1357} INFO - Starting attempt 1 of 1
[2022-12-12 15:12:52,890] {taskinstance.py:1358} INFO - 
--------------------------------------------------------------------------------
[2022-12-12 15:12:53,343] {taskinstance.py:1377} INFO - Executing <Task(PostgresOperator): create_table> on 2022-11-28 16:48:00+00:00
[2022-12-12 15:12:53,381] {standard_task_runner.py:52} INFO - Started process 308 to run task
[2022-12-12 15:12:53,776] {standard_task_runner.py:79} INFO - Running: ['airflow', 'tasks', 'run', 'prepare_data', 'create_table', 'scheduled__2022-11-28T16:48:00+00:00', '--job-id', '16', '--raw', '--subdir', 'DAGS_FOLDER/prepare_data.py', '--cfg-path', '/tmp/tmpmh_30mjx', '--error-file', '/tmp/tmpvo5zz5ef']
[2022-12-12 15:12:53,792] {standard_task_runner.py:80} INFO - Job 16: Subtask create_table
[2022-12-12 15:12:56,834] {task_command.py:369} INFO - Running <TaskInstance: prepare_data.create_table scheduled__2022-11-28T16:48:00+00:00 [running]> on host d4eb34144d92
[2022-12-12 15:13:00,216] {taskinstance.py:1571} INFO - Exporting the following env vars:
AIRFLOW_CTX_DAG_OWNER=airflow
AIRFLOW_CTX_DAG_ID=prepare_data
AIRFLOW_CTX_TASK_ID=create_table
AIRFLOW_CTX_EXECUTION_DATE=2022-11-28T16:48:00+00:00
AIRFLOW_CTX_TRY_NUMBER=1
AIRFLOW_CTX_DAG_RUN_ID=scheduled__2022-11-28T16:48:00+00:00
[2022-12-12 15:13:00,990] {taskinstance.py:1889} ERROR - Task failed with exception
Traceback (most recent call last):
  File "/home/airflow/.local/lib/python3.7/site-packages/airflow/providers/postgres/operators/postgres.py", line 92, in execute
    self.hook.run(self.sql, self.autocommit, parameters=self.parameters)
  File "/home/airflow/.local/lib/python3.7/site-packages/airflow/hooks/dbapi.py", line 181, in run
    with closing(self.get_conn()) as conn:
  File "/home/airflow/.local/lib/python3.7/site-packages/airflow/providers/postgres/hooks/postgres.py", line 86, in get_conn
    conn = deepcopy(self.connection or self.get_connection(conn_id))
  File "/home/airflow/.local/lib/python3.7/site-packages/airflow/hooks/base.py", line 67, in get_connection
    conn = Connection.get_connection_from_secrets(conn_id)
  File "/home/airflow/.local/lib/python3.7/site-packages/airflow/models/connection.py", line 430, in get_connection_from_secrets
    raise AirflowNotFoundException(f"The conn_id `{conn_id}` isn't defined")
airflow.exceptions.AirflowNotFoundException: The conn_id `postgres_default` isn't defined
[2022-12-12 15:13:01,032] {taskinstance.py:1400} INFO - Marking task as FAILED. dag_id=prepare_data, task_id=create_table, execution_date=20221128T164800, start_date=20221212T151252, end_date=20221212T151301
[2022-12-12 15:13:01,155] {standard_task_runner.py:97} ERROR - Failed to execute job 16 for task create_table (The conn_id `postgres_default` isn't defined; 308)
[2022-12-12 15:13:01,223] {local_task_job.py:156} INFO - Task exited with return code 1
[2022-12-12 15:13:01,697] {local_task_job.py:273} INFO - 0 downstream tasks scheduled from follow-on schedule check
