[2022-12-12 12:54:58,427] {taskinstance.py:1159} INFO - Dependencies all met for <TaskInstance: prepare_data.create_table scheduled__2022-11-28T22:44:00+00:00 [queued]>
[2022-12-12 12:54:59,222] {taskinstance.py:1159} INFO - Dependencies all met for <TaskInstance: prepare_data.create_table scheduled__2022-11-28T22:44:00+00:00 [queued]>
[2022-12-12 12:54:59,291] {taskinstance.py:1356} INFO - 
--------------------------------------------------------------------------------
[2022-12-12 12:54:59,295] {taskinstance.py:1357} INFO - Starting attempt 1 of 1
[2022-12-12 12:54:59,295] {taskinstance.py:1358} INFO - 
--------------------------------------------------------------------------------
[2022-12-12 12:55:01,101] {taskinstance.py:1377} INFO - Executing <Task(PostgresOperator): create_table> on 2022-11-28 22:44:00+00:00
[2022-12-12 12:55:01,330] {standard_task_runner.py:52} INFO - Started process 1378 to run task
[2022-12-12 12:55:01,748] {standard_task_runner.py:79} INFO - Running: ['airflow', 'tasks', 'run', 'prepare_data', 'create_table', 'scheduled__2022-11-28T22:44:00+00:00', '--job-id', '457', '--raw', '--subdir', 'DAGS_FOLDER/prepare_data.py', '--cfg-path', '/tmp/tmp2ox74x6a', '--error-file', '/tmp/tmpmzhaly21']
[2022-12-12 12:55:01,973] {standard_task_runner.py:80} INFO - Job 457: Subtask create_table
[2022-12-12 12:55:05,361] {task_command.py:369} INFO - Running <TaskInstance: prepare_data.create_table scheduled__2022-11-28T22:44:00+00:00 [running]> on host b778137d8ea6
[2022-12-12 12:55:10,120] {taskinstance.py:1571} INFO - Exporting the following env vars:
AIRFLOW_CTX_DAG_OWNER=airflow
AIRFLOW_CTX_DAG_ID=prepare_data
AIRFLOW_CTX_TASK_ID=create_table
AIRFLOW_CTX_EXECUTION_DATE=2022-11-28T22:44:00+00:00
AIRFLOW_CTX_TRY_NUMBER=1
AIRFLOW_CTX_DAG_RUN_ID=scheduled__2022-11-28T22:44:00+00:00
[2022-12-12 12:55:11,144] {base.py:68} INFO - Using connection ID 'postgres_default' for task execution.
[2022-12-12 12:55:11,496] {dbapi.py:208} INFO - Running statement: CREATE TABLE IF NOT EXISTS prepared_data (
	id SERIAL,
	sensor_id BIGINT,
	longitude FLOAT,
	latitude FLOAT,
	controller_id BIGINT,
	datetime TIMESTAMP WITH TIME ZONE,
	temperature INTEGER
);, parameters: None
[2022-12-12 12:55:11,541] {postgres.py:94} INFO - NOTICE:  relation "prepared_data" already exists, skipping

[2022-12-12 12:55:12,729] {taskinstance.py:1400} INFO - Marking task as SUCCESS. dag_id=prepare_data, task_id=create_table, execution_date=20221128T224400, start_date=20221212T125458, end_date=20221212T125512
[2022-12-12 12:55:14,122] {local_task_job.py:221} WARNING - State of this instance has been externally set to success. Terminating instance.
