[2022-12-03 15:11:31,080] {taskinstance.py:1159} INFO - Dependencies all met for <TaskInstance: prepare_data.create_table scheduled__2022-11-28T19:57:00+00:00 [queued]>
[2022-12-03 15:11:31,544] {taskinstance.py:1159} INFO - Dependencies all met for <TaskInstance: prepare_data.create_table scheduled__2022-11-28T19:57:00+00:00 [queued]>
[2022-12-03 15:11:31,544] {taskinstance.py:1356} INFO - 
--------------------------------------------------------------------------------
[2022-12-03 15:11:31,544] {taskinstance.py:1357} INFO - Starting attempt 1 of 1
[2022-12-03 15:11:31,544] {taskinstance.py:1358} INFO - 
--------------------------------------------------------------------------------
[2022-12-03 15:11:32,074] {taskinstance.py:1377} INFO - Executing <Task(PostgresOperator): create_table> on 2022-11-28 19:57:00+00:00
[2022-12-03 15:11:32,162] {standard_task_runner.py:52} INFO - Started process 1301 to run task
[2022-12-03 15:11:32,259] {standard_task_runner.py:79} INFO - Running: ['airflow', 'tasks', 'run', 'prepare_data', 'create_table', 'scheduled__2022-11-28T19:57:00+00:00', '--job-id', '414', '--raw', '--subdir', 'DAGS_FOLDER/prepare_data.py', '--cfg-path', '/tmp/tmp5x3rnk5k', '--error-file', '/tmp/tmppu08ha_j']
[2022-12-03 15:11:32,312] {standard_task_runner.py:80} INFO - Job 414: Subtask create_table
[2022-12-03 15:11:34,363] {task_command.py:369} INFO - Running <TaskInstance: prepare_data.create_table scheduled__2022-11-28T19:57:00+00:00 [running]> on host b41792e8e843
[2022-12-03 15:11:38,800] {taskinstance.py:1571} INFO - Exporting the following env vars:
AIRFLOW_CTX_DAG_OWNER=airflow
AIRFLOW_CTX_DAG_ID=prepare_data
AIRFLOW_CTX_TASK_ID=create_table
AIRFLOW_CTX_EXECUTION_DATE=2022-11-28T19:57:00+00:00
AIRFLOW_CTX_TRY_NUMBER=1
AIRFLOW_CTX_DAG_RUN_ID=scheduled__2022-11-28T19:57:00+00:00
[2022-12-03 15:11:39,802] {base.py:68} INFO - Using connection ID 'postgres_default' for task execution.
[2022-12-03 15:11:39,971] {dbapi.py:208} INFO - Running statement: CREATE TABLE IF NOT EXISTS prepared_data (
	id SERIAL,
	sensor_id BIGINT,
	longitude FLOAT,
	latitude FLOAT,
	controller_id BIGINT,
	datetime TIMESTAMP WITH TIME ZONE,
	temperature INTEGER
);, parameters: None
[2022-12-03 15:11:40,003] {postgres.py:94} INFO - NOTICE:  relation "prepared_data" already exists, skipping

[2022-12-03 15:11:40,917] {taskinstance.py:1400} INFO - Marking task as SUCCESS. dag_id=prepare_data, task_id=create_table, execution_date=20221128T195700, start_date=20221203T151131, end_date=20221203T151140
[2022-12-03 15:11:41,873] {local_task_job.py:156} INFO - Task exited with return code 0
[2022-12-03 15:11:45,054] {local_task_job.py:273} INFO - 1 downstream tasks scheduled from follow-on schedule check
[2022-12-12 12:36:54,611] {taskinstance.py:1159} INFO - Dependencies all met for <TaskInstance: prepare_data.create_table scheduled__2022-11-28T19:57:00+00:00 [queued]>
[2022-12-12 12:36:54,795] {taskinstance.py:1159} INFO - Dependencies all met for <TaskInstance: prepare_data.create_table scheduled__2022-11-28T19:57:00+00:00 [queued]>
[2022-12-12 12:36:54,795] {taskinstance.py:1356} INFO - 
--------------------------------------------------------------------------------
[2022-12-12 12:36:54,795] {taskinstance.py:1357} INFO - Starting attempt 1 of 1
[2022-12-12 12:36:54,795] {taskinstance.py:1358} INFO - 
--------------------------------------------------------------------------------
[2022-12-12 12:36:54,994] {taskinstance.py:1377} INFO - Executing <Task(PostgresOperator): create_table> on 2022-11-28 19:57:00+00:00
[2022-12-12 12:36:55,051] {standard_task_runner.py:52} INFO - Started process 728 to run task
[2022-12-12 12:36:55,117] {standard_task_runner.py:79} INFO - Running: ['airflow', 'tasks', 'run', 'prepare_data', 'create_table', 'scheduled__2022-11-28T19:57:00+00:00', '--job-id', '205', '--raw', '--subdir', 'DAGS_FOLDER/prepare_data.py', '--cfg-path', '/tmp/tmppyhizgm5', '--error-file', '/tmp/tmp8nx2ltik']
[2022-12-12 12:36:55,164] {standard_task_runner.py:80} INFO - Job 205: Subtask create_table
[2022-12-12 12:36:56,069] {task_command.py:369} INFO - Running <TaskInstance: prepare_data.create_table scheduled__2022-11-28T19:57:00+00:00 [running]> on host b778137d8ea6
[2022-12-12 12:36:57,265] {taskinstance.py:1571} INFO - Exporting the following env vars:
AIRFLOW_CTX_DAG_OWNER=airflow
AIRFLOW_CTX_DAG_ID=prepare_data
AIRFLOW_CTX_TASK_ID=create_table
AIRFLOW_CTX_EXECUTION_DATE=2022-11-28T19:57:00+00:00
AIRFLOW_CTX_TRY_NUMBER=1
AIRFLOW_CTX_DAG_RUN_ID=scheduled__2022-11-28T19:57:00+00:00
[2022-12-12 12:36:57,378] {taskinstance.py:1889} ERROR - Task failed with exception
Traceback (most recent call last):
  File "/home/airflow/.local/lib/python3.7/site-packages/airflow/providers/postgres/operators/postgres.py", line 92, in execute
    self.hook.run(self.sql, self.autocommit, parameters=self.parameters)
  File "/home/airflow/.local/lib/python3.7/site-packages/airflow/hooks/dbapi.py", line 181, in run
    with closing(self.get_conn()) as conn:
  File "/home/airflow/.local/lib/python3.7/site-packages/airflow/providers/postgres/hooks/postgres.py", line 86, in get_conn
    conn = deepcopy(self.connection or self.get_connection(conn_id))
  File "/home/airflow/.local/lib/python3.7/site-packages/airflow/hooks/base.py", line 67, in get_connection
    conn = Connection.get_connection_from_secrets(conn_id)
  File "/home/airflow/.local/lib/python3.7/site-packages/airflow/models/connection.py", line 430, in get_connection_from_secrets
    raise AirflowNotFoundException(f"The conn_id `{conn_id}` isn't defined")
airflow.exceptions.AirflowNotFoundException: The conn_id `postgres_default` isn't defined
[2022-12-12 12:36:57,423] {taskinstance.py:1400} INFO - Marking task as FAILED. dag_id=prepare_data, task_id=create_table, execution_date=20221128T195700, start_date=20221212T123654, end_date=20221212T123657
[2022-12-12 12:36:57,563] {standard_task_runner.py:97} ERROR - Failed to execute job 205 for task create_table (The conn_id `postgres_default` isn't defined; 728)
[2022-12-12 12:36:57,708] {local_task_job.py:156} INFO - Task exited with return code 1
[2022-12-12 12:36:58,455] {local_task_job.py:273} INFO - 0 downstream tasks scheduled from follow-on schedule check
