[2022-12-12 12:58:20,298] {taskinstance.py:1159} INFO - Dependencies all met for <TaskInstance: prepare_data.get_last_id scheduled__2022-11-28T22:48:00+00:00 [queued]>
[2022-12-12 12:58:20,750] {taskinstance.py:1159} INFO - Dependencies all met for <TaskInstance: prepare_data.get_last_id scheduled__2022-11-28T22:48:00+00:00 [queued]>
[2022-12-12 12:58:20,907] {taskinstance.py:1356} INFO - 
--------------------------------------------------------------------------------
[2022-12-12 12:58:20,909] {taskinstance.py:1357} INFO - Starting attempt 1 of 1
[2022-12-12 12:58:20,909] {taskinstance.py:1358} INFO - 
--------------------------------------------------------------------------------
[2022-12-12 12:58:21,732] {taskinstance.py:1377} INFO - Executing <Task(PythonOperator): get_last_id> on 2022-11-28 22:48:00+00:00
[2022-12-12 12:58:21,846] {standard_task_runner.py:52} INFO - Started process 1474 to run task
[2022-12-12 12:58:22,000] {standard_task_runner.py:79} INFO - Running: ['airflow', 'tasks', 'run', 'prepare_data', 'get_last_id', 'scheduled__2022-11-28T22:48:00+00:00', '--job-id', '490', '--raw', '--subdir', 'DAGS_FOLDER/prepare_data.py', '--cfg-path', '/tmp/tmp52h2o8sp', '--error-file', '/tmp/tmpnjsp37fu']
[2022-12-12 12:58:22,001] {standard_task_runner.py:80} INFO - Job 490: Subtask get_last_id
[2022-12-12 12:58:23,447] {task_command.py:369} INFO - Running <TaskInstance: prepare_data.get_last_id scheduled__2022-11-28T22:48:00+00:00 [running]> on host b778137d8ea6
[2022-12-12 12:58:30,300] {taskinstance.py:1571} INFO - Exporting the following env vars:
AIRFLOW_CTX_DAG_OWNER=airflow
AIRFLOW_CTX_DAG_ID=prepare_data
AIRFLOW_CTX_TASK_ID=get_last_id
AIRFLOW_CTX_EXECUTION_DATE=2022-11-28T22:48:00+00:00
AIRFLOW_CTX_TRY_NUMBER=1
AIRFLOW_CTX_DAG_RUN_ID=scheduled__2022-11-28T22:48:00+00:00
[2022-12-12 12:58:31,073] {base.py:68} INFO - Using connection ID 'postgres_default' for task execution.
[2022-12-12 12:58:32,867] {python.py:173} INFO - Done. Returned value was: None
[2022-12-12 12:58:33,852] {taskinstance.py:1400} INFO - Marking task as SUCCESS. dag_id=prepare_data, task_id=get_last_id, execution_date=20221128T224800, start_date=20221212T125820, end_date=20221212T125833
[2022-12-12 12:58:38,514] {local_task_job.py:156} INFO - Task exited with return code 0
[2022-12-12 12:58:39,767] {local_task_job.py:273} INFO - 0 downstream tasks scheduled from follow-on schedule check
