[2022-12-12 13:00:46,299] {taskinstance.py:1159} INFO - Dependencies all met for <TaskInstance: prepare_data.transfer_data scheduled__2022-12-12T12:59:00+00:00 [queued]>
[2022-12-12 13:00:46,683] {taskinstance.py:1159} INFO - Dependencies all met for <TaskInstance: prepare_data.transfer_data scheduled__2022-12-12T12:59:00+00:00 [queued]>
[2022-12-12 13:00:46,691] {taskinstance.py:1356} INFO - 
--------------------------------------------------------------------------------
[2022-12-12 13:00:46,701] {taskinstance.py:1357} INFO - Starting attempt 1 of 1
[2022-12-12 13:00:46,701] {taskinstance.py:1358} INFO - 
--------------------------------------------------------------------------------
[2022-12-12 13:00:47,398] {taskinstance.py:1377} INFO - Executing <Task(PythonOperator): transfer_data> on 2022-12-12 12:59:00+00:00
[2022-12-12 13:00:47,442] {standard_task_runner.py:52} INFO - Started process 1553 to run task
[2022-12-12 13:00:47,703] {standard_task_runner.py:79} INFO - Running: ['airflow', 'tasks', 'run', 'prepare_data', 'transfer_data', 'scheduled__2022-12-12T12:59:00+00:00', '--job-id', '523', '--raw', '--subdir', 'DAGS_FOLDER/prepare_data.py', '--cfg-path', '/tmp/tmpqedammmj', '--error-file', '/tmp/tmpdgyl8ofq']
[2022-12-12 13:00:47,726] {standard_task_runner.py:80} INFO - Job 523: Subtask transfer_data
[2022-12-12 13:00:49,883] {task_command.py:369} INFO - Running <TaskInstance: prepare_data.transfer_data scheduled__2022-12-12T12:59:00+00:00 [running]> on host b778137d8ea6
[2022-12-12 13:00:52,455] {taskinstance.py:1571} INFO - Exporting the following env vars:
AIRFLOW_CTX_DAG_OWNER=airflow
AIRFLOW_CTX_DAG_ID=prepare_data
AIRFLOW_CTX_TASK_ID=transfer_data
AIRFLOW_CTX_EXECUTION_DATE=2022-12-12T12:59:00+00:00
AIRFLOW_CTX_TRY_NUMBER=1
AIRFLOW_CTX_DAG_RUN_ID=scheduled__2022-12-12T12:59:00+00:00
[2022-12-12 13:00:52,912] {base.py:68} INFO - Using connection ID 'postgres_default' for task execution.
[2022-12-12 13:00:53,613] {python.py:173} INFO - Done. Returned value was: None
[2022-12-12 13:00:54,208] {taskinstance.py:1400} INFO - Marking task as SUCCESS. dag_id=prepare_data, task_id=transfer_data, execution_date=20221212T125900, start_date=20221212T130046, end_date=20221212T130054
[2022-12-12 13:00:54,753] {local_task_job.py:156} INFO - Task exited with return code 0
[2022-12-12 13:00:55,398] {local_task_job.py:273} INFO - 0 downstream tasks scheduled from follow-on schedule check
