[2022-12-03 14:48:19,027] {taskinstance.py:1159} INFO - Dependencies all met for <TaskInstance: prepare_data.create_table scheduled__2022-11-28T18:03:00+00:00 [queued]>
[2022-12-03 14:48:19,232] {taskinstance.py:1159} INFO - Dependencies all met for <TaskInstance: prepare_data.create_table scheduled__2022-11-28T18:03:00+00:00 [queued]>
[2022-12-03 14:48:19,232] {taskinstance.py:1356} INFO - 
--------------------------------------------------------------------------------
[2022-12-03 14:48:19,232] {taskinstance.py:1357} INFO - Starting attempt 1 of 1
[2022-12-03 14:48:19,235] {taskinstance.py:1358} INFO - 
--------------------------------------------------------------------------------
[2022-12-03 14:48:19,621] {taskinstance.py:1377} INFO - Executing <Task(PostgresOperator): create_table> on 2022-11-28 18:03:00+00:00
[2022-12-03 14:48:19,943] {standard_task_runner.py:52} INFO - Started process 474 to run task
[2022-12-03 14:48:20,084] {standard_task_runner.py:79} INFO - Running: ['airflow', 'tasks', 'run', 'prepare_data', 'create_table', 'scheduled__2022-11-28T18:03:00+00:00', '--job-id', '91', '--raw', '--subdir', 'DAGS_FOLDER/prepare_data.py', '--cfg-path', '/tmp/tmpily_lvh6', '--error-file', '/tmp/tmpd1ey7rt9']
[2022-12-03 14:48:20,162] {standard_task_runner.py:80} INFO - Job 91: Subtask create_table
[2022-12-03 14:48:22,564] {task_command.py:369} INFO - Running <TaskInstance: prepare_data.create_table scheduled__2022-11-28T18:03:00+00:00 [running]> on host b41792e8e843
[2022-12-03 14:48:24,648] {taskinstance.py:1571} INFO - Exporting the following env vars:
AIRFLOW_CTX_DAG_OWNER=airflow
AIRFLOW_CTX_DAG_ID=prepare_data
AIRFLOW_CTX_TASK_ID=create_table
AIRFLOW_CTX_EXECUTION_DATE=2022-11-28T18:03:00+00:00
AIRFLOW_CTX_TRY_NUMBER=1
AIRFLOW_CTX_DAG_RUN_ID=scheduled__2022-11-28T18:03:00+00:00
[2022-12-03 14:48:25,142] {taskinstance.py:1889} ERROR - Task failed with exception
Traceback (most recent call last):
  File "/home/airflow/.local/lib/python3.7/site-packages/airflow/providers/postgres/operators/postgres.py", line 92, in execute
    self.hook.run(self.sql, self.autocommit, parameters=self.parameters)
  File "/home/airflow/.local/lib/python3.7/site-packages/airflow/hooks/dbapi.py", line 181, in run
    with closing(self.get_conn()) as conn:
  File "/home/airflow/.local/lib/python3.7/site-packages/airflow/providers/postgres/hooks/postgres.py", line 86, in get_conn
    conn = deepcopy(self.connection or self.get_connection(conn_id))
  File "/home/airflow/.local/lib/python3.7/site-packages/airflow/hooks/base.py", line 67, in get_connection
    conn = Connection.get_connection_from_secrets(conn_id)
  File "/home/airflow/.local/lib/python3.7/site-packages/airflow/models/connection.py", line 430, in get_connection_from_secrets
    raise AirflowNotFoundException(f"The conn_id `{conn_id}` isn't defined")
airflow.exceptions.AirflowNotFoundException: The conn_id `postgres_default` isn't defined
[2022-12-03 14:48:25,339] {taskinstance.py:1400} INFO - Marking task as FAILED. dag_id=prepare_data, task_id=create_table, execution_date=20221128T180300, start_date=20221203T144819, end_date=20221203T144825
[2022-12-03 14:48:25,906] {standard_task_runner.py:97} ERROR - Failed to execute job 91 for task create_table (The conn_id `postgres_default` isn't defined; 474)
[2022-12-03 14:48:25,998] {local_task_job.py:221} WARNING - State of this instance has been externally set to failed. Terminating instance.
[2022-12-03 14:48:26,041] {process_utils.py:129} INFO - Sending Signals.SIGTERM to group 474. PIDs of all processes in the group: [474]
[2022-12-03 14:48:26,045] {process_utils.py:80} INFO - Sending the signal Signals.SIGTERM to group 474
[2022-12-03 14:48:26,045] {process_utils.py:75} INFO - Process psutil.Process(pid=474, status='terminated', exitcode=1, started='14:48:19') (474) terminated with exit code 1
[2022-12-12 12:33:20,828] {taskinstance.py:1159} INFO - Dependencies all met for <TaskInstance: prepare_data.create_table scheduled__2022-11-28T18:03:00+00:00 [queued]>
[2022-12-12 12:33:20,964] {taskinstance.py:1159} INFO - Dependencies all met for <TaskInstance: prepare_data.create_table scheduled__2022-11-28T18:03:00+00:00 [queued]>
[2022-12-12 12:33:20,965] {taskinstance.py:1356} INFO - 
--------------------------------------------------------------------------------
[2022-12-12 12:33:20,965] {taskinstance.py:1357} INFO - Starting attempt 1 of 1
[2022-12-12 12:33:20,965] {taskinstance.py:1358} INFO - 
--------------------------------------------------------------------------------
[2022-12-12 12:33:21,150] {taskinstance.py:1377} INFO - Executing <Task(PostgresOperator): create_table> on 2022-11-28 18:03:00+00:00
[2022-12-12 12:33:21,202] {standard_task_runner.py:52} INFO - Started process 465 to run task
[2022-12-12 12:33:21,240] {standard_task_runner.py:79} INFO - Running: ['airflow', 'tasks', 'run', 'prepare_data', 'create_table', 'scheduled__2022-11-28T18:03:00+00:00', '--job-id', '91', '--raw', '--subdir', 'DAGS_FOLDER/prepare_data.py', '--cfg-path', '/tmp/tmp2i9pq5hz', '--error-file', '/tmp/tmpp_nl0ci7']
[2022-12-12 12:33:21,277] {standard_task_runner.py:80} INFO - Job 91: Subtask create_table
[2022-12-12 12:33:21,888] {task_command.py:369} INFO - Running <TaskInstance: prepare_data.create_table scheduled__2022-11-28T18:03:00+00:00 [running]> on host b778137d8ea6
[2022-12-12 12:33:22,766] {taskinstance.py:1571} INFO - Exporting the following env vars:
AIRFLOW_CTX_DAG_OWNER=airflow
AIRFLOW_CTX_DAG_ID=prepare_data
AIRFLOW_CTX_TASK_ID=create_table
AIRFLOW_CTX_EXECUTION_DATE=2022-11-28T18:03:00+00:00
AIRFLOW_CTX_TRY_NUMBER=1
AIRFLOW_CTX_DAG_RUN_ID=scheduled__2022-11-28T18:03:00+00:00
[2022-12-12 12:33:22,909] {taskinstance.py:1889} ERROR - Task failed with exception
Traceback (most recent call last):
  File "/home/airflow/.local/lib/python3.7/site-packages/airflow/providers/postgres/operators/postgres.py", line 92, in execute
    self.hook.run(self.sql, self.autocommit, parameters=self.parameters)
  File "/home/airflow/.local/lib/python3.7/site-packages/airflow/hooks/dbapi.py", line 181, in run
    with closing(self.get_conn()) as conn:
  File "/home/airflow/.local/lib/python3.7/site-packages/airflow/providers/postgres/hooks/postgres.py", line 86, in get_conn
    conn = deepcopy(self.connection or self.get_connection(conn_id))
  File "/home/airflow/.local/lib/python3.7/site-packages/airflow/hooks/base.py", line 67, in get_connection
    conn = Connection.get_connection_from_secrets(conn_id)
  File "/home/airflow/.local/lib/python3.7/site-packages/airflow/models/connection.py", line 430, in get_connection_from_secrets
    raise AirflowNotFoundException(f"The conn_id `{conn_id}` isn't defined")
airflow.exceptions.AirflowNotFoundException: The conn_id `postgres_default` isn't defined
[2022-12-12 12:33:22,932] {taskinstance.py:1400} INFO - Marking task as FAILED. dag_id=prepare_data, task_id=create_table, execution_date=20221128T180300, start_date=20221212T123320, end_date=20221212T123322
[2022-12-12 12:33:23,091] {standard_task_runner.py:97} ERROR - Failed to execute job 91 for task create_table (The conn_id `postgres_default` isn't defined; 465)
[2022-12-12 12:33:23,125] {local_task_job.py:156} INFO - Task exited with return code 1
[2022-12-12 12:33:23,619] {local_task_job.py:273} INFO - 0 downstream tasks scheduled from follow-on schedule check
