[2022-12-03 15:11:59,291] {taskinstance.py:1159} INFO - Dependencies all met for <TaskInstance: prepare_data.create_table scheduled__2022-11-28T20:01:00+00:00 [queued]>
[2022-12-03 15:12:00,326] {taskinstance.py:1159} INFO - Dependencies all met for <TaskInstance: prepare_data.create_table scheduled__2022-11-28T20:01:00+00:00 [queued]>
[2022-12-03 15:12:00,326] {taskinstance.py:1356} INFO - 
--------------------------------------------------------------------------------
[2022-12-03 15:12:00,326] {taskinstance.py:1357} INFO - Starting attempt 1 of 1
[2022-12-03 15:12:00,326] {taskinstance.py:1358} INFO - 
--------------------------------------------------------------------------------
[2022-12-03 15:12:01,623] {taskinstance.py:1377} INFO - Executing <Task(PostgresOperator): create_table> on 2022-11-28 20:01:00+00:00
[2022-12-03 15:12:01,975] {standard_task_runner.py:52} INFO - Started process 1320 to run task
[2022-12-03 15:12:02,156] {standard_task_runner.py:79} INFO - Running: ['airflow', 'tasks', 'run', 'prepare_data', 'create_table', 'scheduled__2022-11-28T20:01:00+00:00', '--job-id', '421', '--raw', '--subdir', 'DAGS_FOLDER/prepare_data.py', '--cfg-path', '/tmp/tmp5w0xit7r', '--error-file', '/tmp/tmpwj_o9yta']
[2022-12-03 15:12:02,221] {standard_task_runner.py:80} INFO - Job 421: Subtask create_table
[2022-12-03 15:12:07,491] {task_command.py:369} INFO - Running <TaskInstance: prepare_data.create_table scheduled__2022-11-28T20:01:00+00:00 [running]> on host b41792e8e843
[2022-12-03 15:12:10,796] {taskinstance.py:1571} INFO - Exporting the following env vars:
AIRFLOW_CTX_DAG_OWNER=airflow
AIRFLOW_CTX_DAG_ID=prepare_data
AIRFLOW_CTX_TASK_ID=create_table
AIRFLOW_CTX_EXECUTION_DATE=2022-11-28T20:01:00+00:00
AIRFLOW_CTX_TRY_NUMBER=1
AIRFLOW_CTX_DAG_RUN_ID=scheduled__2022-11-28T20:01:00+00:00
[2022-12-03 15:12:11,646] {base.py:68} INFO - Using connection ID 'postgres_default' for task execution.
[2022-12-03 15:12:11,819] {dbapi.py:208} INFO - Running statement: CREATE TABLE IF NOT EXISTS prepared_data (
	id SERIAL,
	sensor_id BIGINT,
	longitude FLOAT,
	latitude FLOAT,
	controller_id BIGINT,
	datetime TIMESTAMP WITH TIME ZONE,
	temperature INTEGER
);, parameters: None
[2022-12-03 15:12:11,854] {postgres.py:94} INFO - NOTICE:  relation "prepared_data" already exists, skipping

[2022-12-03 15:12:12,424] {taskinstance.py:1400} INFO - Marking task as SUCCESS. dag_id=prepare_data, task_id=create_table, execution_date=20221128T200100, start_date=20221203T151159, end_date=20221203T151212
[2022-12-03 15:12:14,121] {local_task_job.py:156} INFO - Task exited with return code 0
[2022-12-03 15:12:16,163] {local_task_job.py:273} INFO - 1 downstream tasks scheduled from follow-on schedule check
[2022-12-12 12:37:00,047] {taskinstance.py:1159} INFO - Dependencies all met for <TaskInstance: prepare_data.create_table scheduled__2022-11-28T20:01:00+00:00 [queued]>
[2022-12-12 12:37:00,267] {taskinstance.py:1159} INFO - Dependencies all met for <TaskInstance: prepare_data.create_table scheduled__2022-11-28T20:01:00+00:00 [queued]>
[2022-12-12 12:37:00,269] {taskinstance.py:1356} INFO - 
--------------------------------------------------------------------------------
[2022-12-12 12:37:00,269] {taskinstance.py:1357} INFO - Starting attempt 1 of 1
[2022-12-12 12:37:00,269] {taskinstance.py:1358} INFO - 
--------------------------------------------------------------------------------
[2022-12-12 12:37:00,450] {taskinstance.py:1377} INFO - Executing <Task(PostgresOperator): create_table> on 2022-11-28 20:01:00+00:00
[2022-12-12 12:37:00,466] {standard_task_runner.py:52} INFO - Started process 736 to run task
[2022-12-12 12:37:00,517] {standard_task_runner.py:79} INFO - Running: ['airflow', 'tasks', 'run', 'prepare_data', 'create_table', 'scheduled__2022-11-28T20:01:00+00:00', '--job-id', '209', '--raw', '--subdir', 'DAGS_FOLDER/prepare_data.py', '--cfg-path', '/tmp/tmpxld375bn', '--error-file', '/tmp/tmp8ixeq37_']
[2022-12-12 12:37:00,518] {standard_task_runner.py:80} INFO - Job 209: Subtask create_table
[2022-12-12 12:37:01,085] {task_command.py:369} INFO - Running <TaskInstance: prepare_data.create_table scheduled__2022-11-28T20:01:00+00:00 [running]> on host b778137d8ea6
[2022-12-12 12:37:01,567] {taskinstance.py:1571} INFO - Exporting the following env vars:
AIRFLOW_CTX_DAG_OWNER=airflow
AIRFLOW_CTX_DAG_ID=prepare_data
AIRFLOW_CTX_TASK_ID=create_table
AIRFLOW_CTX_EXECUTION_DATE=2022-11-28T20:01:00+00:00
AIRFLOW_CTX_TRY_NUMBER=1
AIRFLOW_CTX_DAG_RUN_ID=scheduled__2022-11-28T20:01:00+00:00
[2022-12-12 12:37:01,647] {taskinstance.py:1889} ERROR - Task failed with exception
Traceback (most recent call last):
  File "/home/airflow/.local/lib/python3.7/site-packages/airflow/providers/postgres/operators/postgres.py", line 92, in execute
    self.hook.run(self.sql, self.autocommit, parameters=self.parameters)
  File "/home/airflow/.local/lib/python3.7/site-packages/airflow/hooks/dbapi.py", line 181, in run
    with closing(self.get_conn()) as conn:
  File "/home/airflow/.local/lib/python3.7/site-packages/airflow/providers/postgres/hooks/postgres.py", line 86, in get_conn
    conn = deepcopy(self.connection or self.get_connection(conn_id))
  File "/home/airflow/.local/lib/python3.7/site-packages/airflow/hooks/base.py", line 67, in get_connection
    conn = Connection.get_connection_from_secrets(conn_id)
  File "/home/airflow/.local/lib/python3.7/site-packages/airflow/models/connection.py", line 430, in get_connection_from_secrets
    raise AirflowNotFoundException(f"The conn_id `{conn_id}` isn't defined")
airflow.exceptions.AirflowNotFoundException: The conn_id `postgres_default` isn't defined
[2022-12-12 12:37:01,669] {taskinstance.py:1400} INFO - Marking task as FAILED. dag_id=prepare_data, task_id=create_table, execution_date=20221128T200100, start_date=20221212T123700, end_date=20221212T123701
[2022-12-12 12:37:01,730] {standard_task_runner.py:97} ERROR - Failed to execute job 209 for task create_table (The conn_id `postgres_default` isn't defined; 736)
[2022-12-12 12:37:01,782] {local_task_job.py:156} INFO - Task exited with return code 1
[2022-12-12 12:37:02,016] {local_task_job.py:273} INFO - 0 downstream tasks scheduled from follow-on schedule check
