[2022-12-03 15:10:38,041] {taskinstance.py:1159} INFO - Dependencies all met for <TaskInstance: prepare_data.get_last_id scheduled__2022-11-28T19:48:00+00:00 [queued]>
[2022-12-03 15:10:38,400] {taskinstance.py:1159} INFO - Dependencies all met for <TaskInstance: prepare_data.get_last_id scheduled__2022-11-28T19:48:00+00:00 [queued]>
[2022-12-03 15:10:38,413] {taskinstance.py:1356} INFO - 
--------------------------------------------------------------------------------
[2022-12-03 15:10:38,414] {taskinstance.py:1357} INFO - Starting attempt 1 of 1
[2022-12-03 15:10:38,414] {taskinstance.py:1358} INFO - 
--------------------------------------------------------------------------------
[2022-12-03 15:10:38,950] {taskinstance.py:1377} INFO - Executing <Task(PythonOperator): get_last_id> on 2022-11-28 19:48:00+00:00
[2022-12-03 15:10:39,022] {standard_task_runner.py:52} INFO - Started process 1250 to run task
[2022-12-03 15:10:39,056] {standard_task_runner.py:79} INFO - Running: ['airflow', 'tasks', 'run', 'prepare_data', 'get_last_id', 'scheduled__2022-11-28T19:48:00+00:00', '--job-id', '392', '--raw', '--subdir', 'DAGS_FOLDER/prepare_data.py', '--cfg-path', '/tmp/tmp1ikk1ehb', '--error-file', '/tmp/tmpdbve732r']
[2022-12-03 15:10:39,121] {standard_task_runner.py:80} INFO - Job 392: Subtask get_last_id
[2022-12-03 15:10:40,547] {task_command.py:369} INFO - Running <TaskInstance: prepare_data.get_last_id scheduled__2022-11-28T19:48:00+00:00 [running]> on host b41792e8e843
[2022-12-03 15:10:42,553] {taskinstance.py:1571} INFO - Exporting the following env vars:
AIRFLOW_CTX_DAG_OWNER=airflow
AIRFLOW_CTX_DAG_ID=prepare_data
AIRFLOW_CTX_TASK_ID=get_last_id
AIRFLOW_CTX_EXECUTION_DATE=2022-11-28T19:48:00+00:00
AIRFLOW_CTX_TRY_NUMBER=1
AIRFLOW_CTX_DAG_RUN_ID=scheduled__2022-11-28T19:48:00+00:00
[2022-12-03 15:10:42,838] {base.py:68} INFO - Using connection ID 'postgres_default' for task execution.
[2022-12-03 15:10:43,399] {python.py:173} INFO - Done. Returned value was: None
[2022-12-03 15:10:43,851] {taskinstance.py:1400} INFO - Marking task as SUCCESS. dag_id=prepare_data, task_id=get_last_id, execution_date=20221128T194800, start_date=20221203T151038, end_date=20221203T151043
[2022-12-03 15:10:45,129] {local_task_job.py:156} INFO - Task exited with return code 0
[2022-12-03 15:10:45,811] {local_task_job.py:273} INFO - 0 downstream tasks scheduled from follow-on schedule check
