[2022-12-12 13:11:35,331] {taskinstance.py:1159} INFO - Dependencies all met for <TaskInstance: prepare_data.get_last_id scheduled__2022-12-12T13:10:00+00:00 [queued]>
[2022-12-12 13:11:36,026] {taskinstance.py:1159} INFO - Dependencies all met for <TaskInstance: prepare_data.get_last_id scheduled__2022-12-12T13:10:00+00:00 [queued]>
[2022-12-12 13:11:36,043] {taskinstance.py:1356} INFO - 
--------------------------------------------------------------------------------
[2022-12-12 13:11:36,043] {taskinstance.py:1357} INFO - Starting attempt 1 of 1
[2022-12-12 13:11:36,043] {taskinstance.py:1358} INFO - 
--------------------------------------------------------------------------------
[2022-12-12 13:11:36,958] {taskinstance.py:1377} INFO - Executing <Task(PythonOperator): get_last_id> on 2022-12-12 13:10:00+00:00
[2022-12-12 13:11:36,982] {standard_task_runner.py:52} INFO - Started process 2082 to run task
[2022-12-12 13:11:37,170] {standard_task_runner.py:79} INFO - Running: ['airflow', 'tasks', 'run', 'prepare_data', 'get_last_id', 'scheduled__2022-12-12T13:10:00+00:00', '--job-id', '742', '--raw', '--subdir', 'DAGS_FOLDER/prepare_data.py', '--cfg-path', '/tmp/tmpimvnpnw2', '--error-file', '/tmp/tmptb1qtksa']
[2022-12-12 13:11:37,229] {standard_task_runner.py:80} INFO - Job 742: Subtask get_last_id
[2022-12-12 13:11:38,448] {task_command.py:369} INFO - Running <TaskInstance: prepare_data.get_last_id scheduled__2022-12-12T13:10:00+00:00 [running]> on host b778137d8ea6
[2022-12-12 13:11:39,471] {taskinstance.py:1571} INFO - Exporting the following env vars:
AIRFLOW_CTX_DAG_OWNER=airflow
AIRFLOW_CTX_DAG_ID=prepare_data
AIRFLOW_CTX_TASK_ID=get_last_id
AIRFLOW_CTX_EXECUTION_DATE=2022-12-12T13:10:00+00:00
AIRFLOW_CTX_TRY_NUMBER=1
AIRFLOW_CTX_DAG_RUN_ID=scheduled__2022-12-12T13:10:00+00:00
[2022-12-12 13:11:39,665] {base.py:68} INFO - Using connection ID 'postgres_default' for task execution.
[2022-12-12 13:11:40,042] {python.py:173} INFO - Done. Returned value was: None
[2022-12-12 13:11:40,367] {taskinstance.py:1400} INFO - Marking task as SUCCESS. dag_id=prepare_data, task_id=get_last_id, execution_date=20221212T131000, start_date=20221212T131135, end_date=20221212T131140
[2022-12-12 13:11:40,815] {local_task_job.py:156} INFO - Task exited with return code 0
[2022-12-12 13:11:41,577] {local_task_job.py:273} INFO - 0 downstream tasks scheduled from follow-on schedule check
