[2022-12-03 15:05:03,927] {taskinstance.py:1159} INFO - Dependencies all met for <TaskInstance: prepare_data.transfer_data scheduled__2022-11-28T19:16:00+00:00 [queued]>
[2022-12-03 15:05:04,268] {taskinstance.py:1159} INFO - Dependencies all met for <TaskInstance: prepare_data.transfer_data scheduled__2022-11-28T19:16:00+00:00 [queued]>
[2022-12-03 15:05:04,268] {taskinstance.py:1356} INFO - 
--------------------------------------------------------------------------------
[2022-12-03 15:05:04,268] {taskinstance.py:1357} INFO - Starting attempt 1 of 1
[2022-12-03 15:05:04,269] {taskinstance.py:1358} INFO - 
--------------------------------------------------------------------------------
[2022-12-03 15:05:04,942] {taskinstance.py:1377} INFO - Executing <Task(PythonOperator): transfer_data> on 2022-11-28 19:16:00+00:00
[2022-12-03 15:05:05,127] {standard_task_runner.py:52} INFO - Started process 1028 to run task
[2022-12-03 15:05:05,611] {standard_task_runner.py:79} INFO - Running: ['airflow', 'tasks', 'run', 'prepare_data', 'transfer_data', 'scheduled__2022-11-28T19:16:00+00:00', '--job-id', '304', '--raw', '--subdir', 'DAGS_FOLDER/prepare_data.py', '--cfg-path', '/tmp/tmp8g76f7a4', '--error-file', '/tmp/tmpn_7nyc3u']
[2022-12-03 15:05:05,782] {standard_task_runner.py:80} INFO - Job 304: Subtask transfer_data
[2022-12-03 15:05:09,473] {task_command.py:369} INFO - Running <TaskInstance: prepare_data.transfer_data scheduled__2022-11-28T19:16:00+00:00 [running]> on host b41792e8e843
[2022-12-03 15:05:12,063] {taskinstance.py:1571} INFO - Exporting the following env vars:
AIRFLOW_CTX_DAG_OWNER=airflow
AIRFLOW_CTX_DAG_ID=prepare_data
AIRFLOW_CTX_TASK_ID=transfer_data
AIRFLOW_CTX_EXECUTION_DATE=2022-11-28T19:16:00+00:00
AIRFLOW_CTX_TRY_NUMBER=1
AIRFLOW_CTX_DAG_RUN_ID=scheduled__2022-11-28T19:16:00+00:00
[2022-12-03 15:05:12,357] {base.py:68} INFO - Using connection ID 'postgres_default' for task execution.
[2022-12-03 15:05:12,910] {python.py:173} INFO - Done. Returned value was: None
[2022-12-03 15:05:14,312] {taskinstance.py:1400} INFO - Marking task as SUCCESS. dag_id=prepare_data, task_id=transfer_data, execution_date=20221128T191600, start_date=20221203T150503, end_date=20221203T150514
[2022-12-03 15:05:15,190] {local_task_job.py:156} INFO - Task exited with return code 0
[2022-12-03 15:05:16,433] {local_task_job.py:273} INFO - 0 downstream tasks scheduled from follow-on schedule check
