[2022-12-03 15:11:01,287] {taskinstance.py:1159} INFO - Dependencies all met for <TaskInstance: prepare_data.get_last_id scheduled__2022-11-28T19:51:00+00:00 [queued]>
[2022-12-03 15:11:01,561] {taskinstance.py:1159} INFO - Dependencies all met for <TaskInstance: prepare_data.get_last_id scheduled__2022-11-28T19:51:00+00:00 [queued]>
[2022-12-03 15:11:01,561] {taskinstance.py:1356} INFO - 
--------------------------------------------------------------------------------
[2022-12-03 15:11:01,568] {taskinstance.py:1357} INFO - Starting attempt 1 of 1
[2022-12-03 15:11:01,568] {taskinstance.py:1358} INFO - 
--------------------------------------------------------------------------------
[2022-12-03 15:11:01,959] {taskinstance.py:1377} INFO - Executing <Task(PythonOperator): get_last_id> on 2022-11-28 19:51:00+00:00
[2022-12-03 15:11:02,040] {standard_task_runner.py:52} INFO - Started process 1270 to run task
[2022-12-03 15:11:02,136] {standard_task_runner.py:79} INFO - Running: ['airflow', 'tasks', 'run', 'prepare_data', 'get_last_id', 'scheduled__2022-11-28T19:51:00+00:00', '--job-id', '401', '--raw', '--subdir', 'DAGS_FOLDER/prepare_data.py', '--cfg-path', '/tmp/tmpcu2bo1hn', '--error-file', '/tmp/tmpna185xva']
[2022-12-03 15:11:02,158] {standard_task_runner.py:80} INFO - Job 401: Subtask get_last_id
[2022-12-03 15:11:02,953] {task_command.py:369} INFO - Running <TaskInstance: prepare_data.get_last_id scheduled__2022-11-28T19:51:00+00:00 [running]> on host b41792e8e843
[2022-12-03 15:11:04,352] {taskinstance.py:1571} INFO - Exporting the following env vars:
AIRFLOW_CTX_DAG_OWNER=airflow
AIRFLOW_CTX_DAG_ID=prepare_data
AIRFLOW_CTX_TASK_ID=get_last_id
AIRFLOW_CTX_EXECUTION_DATE=2022-11-28T19:51:00+00:00
AIRFLOW_CTX_TRY_NUMBER=1
AIRFLOW_CTX_DAG_RUN_ID=scheduled__2022-11-28T19:51:00+00:00
[2022-12-03 15:11:04,526] {base.py:68} INFO - Using connection ID 'postgres_default' for task execution.
[2022-12-03 15:11:04,870] {python.py:173} INFO - Done. Returned value was: None
[2022-12-03 15:11:05,110] {taskinstance.py:1400} INFO - Marking task as SUCCESS. dag_id=prepare_data, task_id=get_last_id, execution_date=20221128T195100, start_date=20221203T151101, end_date=20221203T151105
[2022-12-03 15:11:05,360] {local_task_job.py:156} INFO - Task exited with return code 0
[2022-12-03 15:11:06,021] {local_task_job.py:273} INFO - 0 downstream tasks scheduled from follow-on schedule check
