[2022-12-03 15:07:05,479] {taskinstance.py:1159} INFO - Dependencies all met for <TaskInstance: prepare_data.transfer_data scheduled__2022-11-28T19:25:00+00:00 [queued]>
[2022-12-03 15:07:05,947] {taskinstance.py:1159} INFO - Dependencies all met for <TaskInstance: prepare_data.transfer_data scheduled__2022-11-28T19:25:00+00:00 [queued]>
[2022-12-03 15:07:05,947] {taskinstance.py:1356} INFO - 
--------------------------------------------------------------------------------
[2022-12-03 15:07:05,948] {taskinstance.py:1357} INFO - Starting attempt 1 of 1
[2022-12-03 15:07:05,948] {taskinstance.py:1358} INFO - 
--------------------------------------------------------------------------------
[2022-12-03 15:07:06,562] {taskinstance.py:1377} INFO - Executing <Task(PythonOperator): transfer_data> on 2022-11-28 19:25:00+00:00
[2022-12-03 15:07:06,649] {standard_task_runner.py:52} INFO - Started process 1105 to run task
[2022-12-03 15:07:06,909] {standard_task_runner.py:79} INFO - Running: ['airflow', 'tasks', 'run', 'prepare_data', 'transfer_data', 'scheduled__2022-11-28T19:25:00+00:00', '--job-id', '332', '--raw', '--subdir', 'DAGS_FOLDER/prepare_data.py', '--cfg-path', '/tmp/tmp6vcfd5rz', '--error-file', '/tmp/tmpfzfyurt4']
[2022-12-03 15:07:06,971] {standard_task_runner.py:80} INFO - Job 332: Subtask transfer_data
[2022-12-03 15:07:08,550] {task_command.py:369} INFO - Running <TaskInstance: prepare_data.transfer_data scheduled__2022-11-28T19:25:00+00:00 [running]> on host b41792e8e843
[2022-12-03 15:07:13,155] {taskinstance.py:1571} INFO - Exporting the following env vars:
AIRFLOW_CTX_DAG_OWNER=airflow
AIRFLOW_CTX_DAG_ID=prepare_data
AIRFLOW_CTX_TASK_ID=transfer_data
AIRFLOW_CTX_EXECUTION_DATE=2022-11-28T19:25:00+00:00
AIRFLOW_CTX_TRY_NUMBER=1
AIRFLOW_CTX_DAG_RUN_ID=scheduled__2022-11-28T19:25:00+00:00
[2022-12-03 15:07:13,830] {base.py:68} INFO - Using connection ID 'postgres_default' for task execution.
[2022-12-03 15:07:16,290] {python.py:173} INFO - Done. Returned value was: None
[2022-12-03 15:07:16,993] {taskinstance.py:1400} INFO - Marking task as SUCCESS. dag_id=prepare_data, task_id=transfer_data, execution_date=20221128T192500, start_date=20221203T150705, end_date=20221203T150716
[2022-12-03 15:07:17,967] {local_task_job.py:156} INFO - Task exited with return code 0
[2022-12-03 15:07:19,889] {local_task_job.py:273} INFO - 0 downstream tasks scheduled from follow-on schedule check
