[2022-12-12 12:46:21,539] {taskinstance.py:1159} INFO - Dependencies all met for <TaskInstance: prepare_data.transfer_data scheduled__2022-11-28T22:12:00+00:00 [queued]>
[2022-12-12 12:46:22,067] {taskinstance.py:1159} INFO - Dependencies all met for <TaskInstance: prepare_data.transfer_data scheduled__2022-11-28T22:12:00+00:00 [queued]>
[2022-12-12 12:46:22,068] {taskinstance.py:1356} INFO - 
--------------------------------------------------------------------------------
[2022-12-12 12:46:22,068] {taskinstance.py:1357} INFO - Starting attempt 1 of 1
[2022-12-12 12:46:22,078] {taskinstance.py:1358} INFO - 
--------------------------------------------------------------------------------
[2022-12-12 12:46:23,516] {taskinstance.py:1377} INFO - Executing <Task(PythonOperator): transfer_data> on 2022-11-28 22:12:00+00:00
[2022-12-12 12:46:23,910] {standard_task_runner.py:52} INFO - Started process 1099 to run task
[2022-12-12 12:46:24,241] {standard_task_runner.py:79} INFO - Running: ['airflow', 'tasks', 'run', 'prepare_data', 'transfer_data', 'scheduled__2022-11-28T22:12:00+00:00', '--job-id', '350', '--raw', '--subdir', 'DAGS_FOLDER/prepare_data.py', '--cfg-path', '/tmp/tmpmp9b17p4', '--error-file', '/tmp/tmp5c8if3ev']
[2022-12-12 12:46:24,242] {standard_task_runner.py:80} INFO - Job 350: Subtask transfer_data
[2022-12-12 12:46:27,950] {task_command.py:369} INFO - Running <TaskInstance: prepare_data.transfer_data scheduled__2022-11-28T22:12:00+00:00 [running]> on host b778137d8ea6
[2022-12-12 12:46:33,525] {taskinstance.py:1571} INFO - Exporting the following env vars:
AIRFLOW_CTX_DAG_OWNER=airflow
AIRFLOW_CTX_DAG_ID=prepare_data
AIRFLOW_CTX_TASK_ID=transfer_data
AIRFLOW_CTX_EXECUTION_DATE=2022-11-28T22:12:00+00:00
AIRFLOW_CTX_TRY_NUMBER=1
AIRFLOW_CTX_DAG_RUN_ID=scheduled__2022-11-28T22:12:00+00:00
[2022-12-12 12:46:34,595] {base.py:68} INFO - Using connection ID 'postgres_default' for task execution.
[2022-12-12 12:46:43,884] {python.py:173} INFO - Done. Returned value was: None
[2022-12-12 12:46:44,413] {taskinstance.py:1400} INFO - Marking task as SUCCESS. dag_id=prepare_data, task_id=transfer_data, execution_date=20221128T221200, start_date=20221212T124621, end_date=20221212T124644
[2022-12-12 12:46:45,630] {local_task_job.py:156} INFO - Task exited with return code 0
[2022-12-12 12:46:51,692] {local_task_job.py:273} INFO - 0 downstream tasks scheduled from follow-on schedule check
