[2022-12-12 12:59:55,556] {taskinstance.py:1159} INFO - Dependencies all met for <TaskInstance: prepare_data.get_last_id scheduled__2022-11-28T22:52:00+00:00 [queued]>
[2022-12-12 12:59:56,806] {taskinstance.py:1159} INFO - Dependencies all met for <TaskInstance: prepare_data.get_last_id scheduled__2022-11-28T22:52:00+00:00 [queued]>
[2022-12-12 12:59:56,806] {taskinstance.py:1356} INFO - 
--------------------------------------------------------------------------------
[2022-12-12 12:59:56,806] {taskinstance.py:1357} INFO - Starting attempt 1 of 1
[2022-12-12 12:59:56,806] {taskinstance.py:1358} INFO - 
--------------------------------------------------------------------------------
[2022-12-12 12:59:58,016] {taskinstance.py:1377} INFO - Executing <Task(PythonOperator): get_last_id> on 2022-11-28 22:52:00+00:00
[2022-12-12 12:59:58,070] {standard_task_runner.py:52} INFO - Started process 1522 to run task
[2022-12-12 12:59:58,090] {standard_task_runner.py:79} INFO - Running: ['airflow', 'tasks', 'run', 'prepare_data', 'get_last_id', 'scheduled__2022-11-28T22:52:00+00:00', '--job-id', '511', '--raw', '--subdir', 'DAGS_FOLDER/prepare_data.py', '--cfg-path', '/tmp/tmpfl6wraqd', '--error-file', '/tmp/tmpbaisw0i0']
[2022-12-12 12:59:58,124] {standard_task_runner.py:80} INFO - Job 511: Subtask get_last_id
[2022-12-12 13:00:02,227] {task_command.py:369} INFO - Running <TaskInstance: prepare_data.get_last_id scheduled__2022-11-28T22:52:00+00:00 [running]> on host b778137d8ea6
[2022-12-12 13:00:07,051] {taskinstance.py:1571} INFO - Exporting the following env vars:
AIRFLOW_CTX_DAG_OWNER=airflow
AIRFLOW_CTX_DAG_ID=prepare_data
AIRFLOW_CTX_TASK_ID=get_last_id
AIRFLOW_CTX_EXECUTION_DATE=2022-11-28T22:52:00+00:00
AIRFLOW_CTX_TRY_NUMBER=1
AIRFLOW_CTX_DAG_RUN_ID=scheduled__2022-11-28T22:52:00+00:00
[2022-12-12 13:00:07,650] {base.py:68} INFO - Using connection ID 'postgres_default' for task execution.
[2022-12-12 13:00:08,571] {python.py:173} INFO - Done. Returned value was: None
[2022-12-12 13:00:09,458] {taskinstance.py:1400} INFO - Marking task as SUCCESS. dag_id=prepare_data, task_id=get_last_id, execution_date=20221128T225200, start_date=20221212T125956, end_date=20221212T130009
[2022-12-12 13:00:11,073] {local_task_job.py:156} INFO - Task exited with return code 0
[2022-12-12 13:00:12,892] {local_task_job.py:273} INFO - 1 downstream tasks scheduled from follow-on schedule check
