[2022-12-12 13:23:13,240] {taskinstance.py:1159} INFO - Dependencies all met for <TaskInstance: prepare_data.transfer_data scheduled__2022-12-12T13:19:00+00:00 [queued]>
[2022-12-12 13:23:13,567] {taskinstance.py:1159} INFO - Dependencies all met for <TaskInstance: prepare_data.transfer_data scheduled__2022-12-12T13:19:00+00:00 [queued]>
[2022-12-12 13:23:13,567] {taskinstance.py:1356} INFO - 
--------------------------------------------------------------------------------
[2022-12-12 13:23:13,568] {taskinstance.py:1357} INFO - Starting attempt 1 of 1
[2022-12-12 13:23:13,568] {taskinstance.py:1358} INFO - 
--------------------------------------------------------------------------------
[2022-12-12 13:23:14,170] {taskinstance.py:1377} INFO - Executing <Task(PythonOperator): transfer_data> on 2022-12-12 13:19:00+00:00
[2022-12-12 13:23:14,280] {standard_task_runner.py:52} INFO - Started process 2540 to run task
[2022-12-12 13:23:14,383] {standard_task_runner.py:79} INFO - Running: ['airflow', 'tasks', 'run', 'prepare_data', 'transfer_data', 'scheduled__2022-12-12T13:19:00+00:00', '--job-id', '927', '--raw', '--subdir', 'DAGS_FOLDER/prepare_data.py', '--cfg-path', '/tmp/tmpmjwz4szk', '--error-file', '/tmp/tmpwi7ea6s3']
[2022-12-12 13:23:14,410] {standard_task_runner.py:80} INFO - Job 927: Subtask transfer_data
[2022-12-12 13:23:16,423] {task_command.py:369} INFO - Running <TaskInstance: prepare_data.transfer_data scheduled__2022-12-12T13:19:00+00:00 [running]> on host b778137d8ea6
[2022-12-12 13:23:19,099] {taskinstance.py:1571} INFO - Exporting the following env vars:
AIRFLOW_CTX_DAG_OWNER=airflow
AIRFLOW_CTX_DAG_ID=prepare_data
AIRFLOW_CTX_TASK_ID=transfer_data
AIRFLOW_CTX_EXECUTION_DATE=2022-12-12T13:19:00+00:00
AIRFLOW_CTX_TRY_NUMBER=1
AIRFLOW_CTX_DAG_RUN_ID=scheduled__2022-12-12T13:19:00+00:00
[2022-12-12 13:23:19,614] {base.py:68} INFO - Using connection ID 'postgres_default' for task execution.
[2022-12-12 13:23:20,567] {python.py:173} INFO - Done. Returned value was: None
[2022-12-12 13:23:20,834] {taskinstance.py:1400} INFO - Marking task as SUCCESS. dag_id=prepare_data, task_id=transfer_data, execution_date=20221212T131900, start_date=20221212T132313, end_date=20221212T132320
[2022-12-12 13:23:21,286] {local_task_job.py:156} INFO - Task exited with return code 0
[2022-12-12 13:23:22,197] {local_task_job.py:273} INFO - 0 downstream tasks scheduled from follow-on schedule check
