[2022-12-12 13:08:58,743] {taskinstance.py:1159} INFO - Dependencies all met for <TaskInstance: prepare_data.transfer_data scheduled__2022-11-28T23:45:00+00:00 [queued]>
[2022-12-12 13:08:59,267] {taskinstance.py:1159} INFO - Dependencies all met for <TaskInstance: prepare_data.transfer_data scheduled__2022-11-28T23:45:00+00:00 [queued]>
[2022-12-12 13:08:59,267] {taskinstance.py:1356} INFO - 
--------------------------------------------------------------------------------
[2022-12-12 13:08:59,267] {taskinstance.py:1357} INFO - Starting attempt 1 of 1
[2022-12-12 13:08:59,267] {taskinstance.py:1358} INFO - 
--------------------------------------------------------------------------------
[2022-12-12 13:09:00,049] {taskinstance.py:1377} INFO - Executing <Task(PythonOperator): transfer_data> on 2022-11-28 23:45:00+00:00
[2022-12-12 13:09:00,185] {standard_task_runner.py:52} INFO - Started process 1964 to run task
[2022-12-12 13:09:00,253] {standard_task_runner.py:79} INFO - Running: ['airflow', 'tasks', 'run', 'prepare_data', 'transfer_data', 'scheduled__2022-11-28T23:45:00+00:00', '--job-id', '697', '--raw', '--subdir', 'DAGS_FOLDER/prepare_data.py', '--cfg-path', '/tmp/tmpq2qk_4vr', '--error-file', '/tmp/tmpcvda0hnv']
[2022-12-12 13:09:00,254] {standard_task_runner.py:80} INFO - Job 697: Subtask transfer_data
[2022-12-12 13:09:04,143] {task_command.py:369} INFO - Running <TaskInstance: prepare_data.transfer_data scheduled__2022-11-28T23:45:00+00:00 [running]> on host b778137d8ea6
[2022-12-12 13:09:09,819] {taskinstance.py:1571} INFO - Exporting the following env vars:
AIRFLOW_CTX_DAG_OWNER=airflow
AIRFLOW_CTX_DAG_ID=prepare_data
AIRFLOW_CTX_TASK_ID=transfer_data
AIRFLOW_CTX_EXECUTION_DATE=2022-11-28T23:45:00+00:00
AIRFLOW_CTX_TRY_NUMBER=1
AIRFLOW_CTX_DAG_RUN_ID=scheduled__2022-11-28T23:45:00+00:00
[2022-12-12 13:09:10,700] {base.py:68} INFO - Using connection ID 'postgres_default' for task execution.
[2022-12-12 13:09:11,904] {python.py:173} INFO - Done. Returned value was: None
[2022-12-12 13:09:12,571] {taskinstance.py:1400} INFO - Marking task as SUCCESS. dag_id=prepare_data, task_id=transfer_data, execution_date=20221128T234500, start_date=20221212T130858, end_date=20221212T130912
[2022-12-12 13:09:13,248] {local_task_job.py:221} WARNING - State of this instance has been externally set to success. Terminating instance.
[2022-12-12 13:09:13,249] {process_utils.py:129} INFO - Sending Signals.SIGTERM to group 1964. PIDs of all processes in the group: [1964]
[2022-12-12 13:09:13,249] {process_utils.py:80} INFO - Sending the signal Signals.SIGTERM to group 1964
[2022-12-12 13:09:13,332] {process_utils.py:75} INFO - Process psutil.Process(pid=1964, status='terminated', exitcode=0, started='13:09:00') (1964) terminated with exit code 0
