[2022-12-03 14:47:54,958] {taskinstance.py:1159} INFO - Dependencies all met for <TaskInstance: prepare_data.create_table scheduled__2022-11-28T17:56:00+00:00 [queued]>
[2022-12-03 14:47:55,231] {taskinstance.py:1159} INFO - Dependencies all met for <TaskInstance: prepare_data.create_table scheduled__2022-11-28T17:56:00+00:00 [queued]>
[2022-12-03 14:47:55,231] {taskinstance.py:1356} INFO - 
--------------------------------------------------------------------------------
[2022-12-03 14:47:55,231] {taskinstance.py:1357} INFO - Starting attempt 1 of 1
[2022-12-03 14:47:55,232] {taskinstance.py:1358} INFO - 
--------------------------------------------------------------------------------
[2022-12-03 14:47:55,460] {taskinstance.py:1377} INFO - Executing <Task(PostgresOperator): create_table> on 2022-11-28 17:56:00+00:00
[2022-12-03 14:47:55,542] {standard_task_runner.py:52} INFO - Started process 457 to run task
[2022-12-03 14:47:55,678] {standard_task_runner.py:79} INFO - Running: ['airflow', 'tasks', 'run', 'prepare_data', 'create_table', 'scheduled__2022-11-28T17:56:00+00:00', '--job-id', '84', '--raw', '--subdir', 'DAGS_FOLDER/prepare_data.py', '--cfg-path', '/tmp/tmp_y7zyiln', '--error-file', '/tmp/tmpj5mll0ut']
[2022-12-03 14:47:55,702] {standard_task_runner.py:80} INFO - Job 84: Subtask create_table
[2022-12-03 14:47:57,595] {task_command.py:369} INFO - Running <TaskInstance: prepare_data.create_table scheduled__2022-11-28T17:56:00+00:00 [running]> on host b41792e8e843
[2022-12-03 14:47:59,079] {taskinstance.py:1571} INFO - Exporting the following env vars:
AIRFLOW_CTX_DAG_OWNER=airflow
AIRFLOW_CTX_DAG_ID=prepare_data
AIRFLOW_CTX_TASK_ID=create_table
AIRFLOW_CTX_EXECUTION_DATE=2022-11-28T17:56:00+00:00
AIRFLOW_CTX_TRY_NUMBER=1
AIRFLOW_CTX_DAG_RUN_ID=scheduled__2022-11-28T17:56:00+00:00
[2022-12-03 14:47:59,467] {taskinstance.py:1889} ERROR - Task failed with exception
Traceback (most recent call last):
  File "/home/airflow/.local/lib/python3.7/site-packages/airflow/providers/postgres/operators/postgres.py", line 92, in execute
    self.hook.run(self.sql, self.autocommit, parameters=self.parameters)
  File "/home/airflow/.local/lib/python3.7/site-packages/airflow/hooks/dbapi.py", line 181, in run
    with closing(self.get_conn()) as conn:
  File "/home/airflow/.local/lib/python3.7/site-packages/airflow/providers/postgres/hooks/postgres.py", line 86, in get_conn
    conn = deepcopy(self.connection or self.get_connection(conn_id))
  File "/home/airflow/.local/lib/python3.7/site-packages/airflow/hooks/base.py", line 67, in get_connection
    conn = Connection.get_connection_from_secrets(conn_id)
  File "/home/airflow/.local/lib/python3.7/site-packages/airflow/models/connection.py", line 430, in get_connection_from_secrets
    raise AirflowNotFoundException(f"The conn_id `{conn_id}` isn't defined")
airflow.exceptions.AirflowNotFoundException: The conn_id `postgres_default` isn't defined
[2022-12-03 14:47:59,542] {taskinstance.py:1400} INFO - Marking task as FAILED. dag_id=prepare_data, task_id=create_table, execution_date=20221128T175600, start_date=20221203T144754, end_date=20221203T144759
[2022-12-03 14:47:59,712] {standard_task_runner.py:97} ERROR - Failed to execute job 84 for task create_table (The conn_id `postgres_default` isn't defined; 457)
[2022-12-03 14:47:59,752] {local_task_job.py:156} INFO - Task exited with return code 1
[2022-12-03 14:48:00,213] {local_task_job.py:273} INFO - 0 downstream tasks scheduled from follow-on schedule check
[2022-12-12 12:33:06,537] {taskinstance.py:1159} INFO - Dependencies all met for <TaskInstance: prepare_data.create_table scheduled__2022-11-28T17:56:00+00:00 [queued]>
[2022-12-12 12:33:06,747] {taskinstance.py:1159} INFO - Dependencies all met for <TaskInstance: prepare_data.create_table scheduled__2022-11-28T17:56:00+00:00 [queued]>
[2022-12-12 12:33:06,747] {taskinstance.py:1356} INFO - 
--------------------------------------------------------------------------------
[2022-12-12 12:33:06,747] {taskinstance.py:1357} INFO - Starting attempt 1 of 1
[2022-12-12 12:33:06,747] {taskinstance.py:1358} INFO - 
--------------------------------------------------------------------------------
[2022-12-12 12:33:07,105] {taskinstance.py:1377} INFO - Executing <Task(PostgresOperator): create_table> on 2022-11-28 17:56:00+00:00
[2022-12-12 12:33:07,140] {standard_task_runner.py:52} INFO - Started process 451 to run task
[2022-12-12 12:33:07,204] {standard_task_runner.py:79} INFO - Running: ['airflow', 'tasks', 'run', 'prepare_data', 'create_table', 'scheduled__2022-11-28T17:56:00+00:00', '--job-id', '84', '--raw', '--subdir', 'DAGS_FOLDER/prepare_data.py', '--cfg-path', '/tmp/tmplawdyvzg', '--error-file', '/tmp/tmp_pge3491']
[2022-12-12 12:33:07,230] {standard_task_runner.py:80} INFO - Job 84: Subtask create_table
[2022-12-12 12:33:07,891] {task_command.py:369} INFO - Running <TaskInstance: prepare_data.create_table scheduled__2022-11-28T17:56:00+00:00 [running]> on host b778137d8ea6
[2022-12-12 12:33:09,157] {taskinstance.py:1571} INFO - Exporting the following env vars:
AIRFLOW_CTX_DAG_OWNER=airflow
AIRFLOW_CTX_DAG_ID=prepare_data
AIRFLOW_CTX_TASK_ID=create_table
AIRFLOW_CTX_EXECUTION_DATE=2022-11-28T17:56:00+00:00
AIRFLOW_CTX_TRY_NUMBER=1
AIRFLOW_CTX_DAG_RUN_ID=scheduled__2022-11-28T17:56:00+00:00
[2022-12-12 12:33:09,936] {taskinstance.py:1889} ERROR - Task failed with exception
Traceback (most recent call last):
  File "/home/airflow/.local/lib/python3.7/site-packages/airflow/providers/postgres/operators/postgres.py", line 92, in execute
    self.hook.run(self.sql, self.autocommit, parameters=self.parameters)
  File "/home/airflow/.local/lib/python3.7/site-packages/airflow/hooks/dbapi.py", line 181, in run
    with closing(self.get_conn()) as conn:
  File "/home/airflow/.local/lib/python3.7/site-packages/airflow/providers/postgres/hooks/postgres.py", line 86, in get_conn
    conn = deepcopy(self.connection or self.get_connection(conn_id))
  File "/home/airflow/.local/lib/python3.7/site-packages/airflow/hooks/base.py", line 67, in get_connection
    conn = Connection.get_connection_from_secrets(conn_id)
  File "/home/airflow/.local/lib/python3.7/site-packages/airflow/models/connection.py", line 430, in get_connection_from_secrets
    raise AirflowNotFoundException(f"The conn_id `{conn_id}` isn't defined")
airflow.exceptions.AirflowNotFoundException: The conn_id `postgres_default` isn't defined
[2022-12-12 12:33:10,110] {taskinstance.py:1400} INFO - Marking task as FAILED. dag_id=prepare_data, task_id=create_table, execution_date=20221128T175600, start_date=20221212T123306, end_date=20221212T123310
[2022-12-12 12:33:10,360] {standard_task_runner.py:97} ERROR - Failed to execute job 84 for task create_table (The conn_id `postgres_default` isn't defined; 451)
[2022-12-12 12:33:10,495] {local_task_job.py:156} INFO - Task exited with return code 1
[2022-12-12 12:33:11,167] {local_task_job.py:273} INFO - 0 downstream tasks scheduled from follow-on schedule check
