[2022-12-12 13:18:02,014] {taskinstance.py:1159} INFO - Dependencies all met for <TaskInstance: prepare_data.transfer_data scheduled__2022-11-29T00:24:00+00:00 [queued]>
[2022-12-12 13:18:02,299] {taskinstance.py:1159} INFO - Dependencies all met for <TaskInstance: prepare_data.transfer_data scheduled__2022-11-29T00:24:00+00:00 [queued]>
[2022-12-12 13:18:02,299] {taskinstance.py:1356} INFO - 
--------------------------------------------------------------------------------
[2022-12-12 13:18:02,299] {taskinstance.py:1357} INFO - Starting attempt 1 of 1
[2022-12-12 13:18:02,299] {taskinstance.py:1358} INFO - 
--------------------------------------------------------------------------------
[2022-12-12 13:18:02,580] {taskinstance.py:1377} INFO - Executing <Task(PythonOperator): transfer_data> on 2022-11-29 00:24:00+00:00
[2022-12-12 13:18:02,677] {standard_task_runner.py:52} INFO - Started process 2343 to run task
[2022-12-12 13:18:02,774] {standard_task_runner.py:79} INFO - Running: ['airflow', 'tasks', 'run', 'prepare_data', 'transfer_data', 'scheduled__2022-11-29T00:24:00+00:00', '--job-id', '847', '--raw', '--subdir', 'DAGS_FOLDER/prepare_data.py', '--cfg-path', '/tmp/tmpf_o801nf', '--error-file', '/tmp/tmpo_44xae6']
[2022-12-12 13:18:02,847] {standard_task_runner.py:80} INFO - Job 847: Subtask transfer_data
[2022-12-12 13:18:04,723] {task_command.py:369} INFO - Running <TaskInstance: prepare_data.transfer_data scheduled__2022-11-29T00:24:00+00:00 [running]> on host b778137d8ea6
[2022-12-12 13:18:06,394] {taskinstance.py:1571} INFO - Exporting the following env vars:
AIRFLOW_CTX_DAG_OWNER=airflow
AIRFLOW_CTX_DAG_ID=prepare_data
AIRFLOW_CTX_TASK_ID=transfer_data
AIRFLOW_CTX_EXECUTION_DATE=2022-11-29T00:24:00+00:00
AIRFLOW_CTX_TRY_NUMBER=1
AIRFLOW_CTX_DAG_RUN_ID=scheduled__2022-11-29T00:24:00+00:00
[2022-12-12 13:18:06,697] {base.py:68} INFO - Using connection ID 'postgres_default' for task execution.
[2022-12-12 13:18:07,046] {python.py:173} INFO - Done. Returned value was: None
[2022-12-12 13:18:07,438] {taskinstance.py:1400} INFO - Marking task as SUCCESS. dag_id=prepare_data, task_id=transfer_data, execution_date=20221129T002400, start_date=20221212T131802, end_date=20221212T131807
[2022-12-12 13:18:08,407] {local_task_job.py:156} INFO - Task exited with return code 0
[2022-12-12 13:18:09,003] {local_task_job.py:273} INFO - 0 downstream tasks scheduled from follow-on schedule check
