[2022-12-12 12:58:44,784] {taskinstance.py:1159} INFO - Dependencies all met for <TaskInstance: prepare_data.create_table scheduled__2022-12-12T12:57:00+00:00 [queued]>
[2022-12-12 12:58:45,236] {taskinstance.py:1159} INFO - Dependencies all met for <TaskInstance: prepare_data.create_table scheduled__2022-12-12T12:57:00+00:00 [queued]>
[2022-12-12 12:58:45,236] {taskinstance.py:1356} INFO - 
--------------------------------------------------------------------------------
[2022-12-12 12:58:45,236] {taskinstance.py:1357} INFO - Starting attempt 1 of 1
[2022-12-12 12:58:45,236] {taskinstance.py:1358} INFO - 
--------------------------------------------------------------------------------
[2022-12-12 12:58:45,932] {taskinstance.py:1377} INFO - Executing <Task(PostgresOperator): create_table> on 2022-12-12 12:57:00+00:00
[2022-12-12 12:58:46,059] {standard_task_runner.py:52} INFO - Started process 1484 to run task
[2022-12-12 12:58:46,102] {standard_task_runner.py:79} INFO - Running: ['airflow', 'tasks', 'run', 'prepare_data', 'create_table', 'scheduled__2022-12-12T12:57:00+00:00', '--job-id', '495', '--raw', '--subdir', 'DAGS_FOLDER/prepare_data.py', '--cfg-path', '/tmp/tmpai_jk6nw', '--error-file', '/tmp/tmprhi15592']
[2022-12-12 12:58:46,272] {standard_task_runner.py:80} INFO - Job 495: Subtask create_table
[2022-12-12 12:58:48,846] {task_command.py:369} INFO - Running <TaskInstance: prepare_data.create_table scheduled__2022-12-12T12:57:00+00:00 [running]> on host b778137d8ea6
[2022-12-12 12:58:53,116] {taskinstance.py:1571} INFO - Exporting the following env vars:
AIRFLOW_CTX_DAG_OWNER=airflow
AIRFLOW_CTX_DAG_ID=prepare_data
AIRFLOW_CTX_TASK_ID=create_table
AIRFLOW_CTX_EXECUTION_DATE=2022-12-12T12:57:00+00:00
AIRFLOW_CTX_TRY_NUMBER=1
AIRFLOW_CTX_DAG_RUN_ID=scheduled__2022-12-12T12:57:00+00:00
[2022-12-12 12:58:53,599] {base.py:68} INFO - Using connection ID 'postgres_default' for task execution.
[2022-12-12 12:58:53,836] {dbapi.py:208} INFO - Running statement: CREATE TABLE IF NOT EXISTS prepared_data (
	id SERIAL,
	sensor_id BIGINT,
	longitude FLOAT,
	latitude FLOAT,
	controller_id BIGINT,
	datetime TIMESTAMP WITH TIME ZONE,
	temperature INTEGER
);, parameters: None
[2022-12-12 12:58:53,867] {postgres.py:94} INFO - NOTICE:  relation "prepared_data" already exists, skipping

[2022-12-12 12:58:55,960] {taskinstance.py:1400} INFO - Marking task as SUCCESS. dag_id=prepare_data, task_id=create_table, execution_date=20221212T125700, start_date=20221212T125844, end_date=20221212T125855
[2022-12-12 12:58:57,112] {local_task_job.py:156} INFO - Task exited with return code 0
[2022-12-12 12:58:59,416] {local_task_job.py:273} INFO - 1 downstream tasks scheduled from follow-on schedule check
