[2022-12-03 14:44:40,915] {taskinstance.py:1159} INFO - Dependencies all met for <TaskInstance: prepare_data.create_table scheduled__2022-11-28T16:57:00+00:00 [queued]>
[2022-12-03 14:44:41,117] {taskinstance.py:1159} INFO - Dependencies all met for <TaskInstance: prepare_data.create_table scheduled__2022-11-28T16:57:00+00:00 [queued]>
[2022-12-03 14:44:41,140] {taskinstance.py:1356} INFO - 
--------------------------------------------------------------------------------
[2022-12-03 14:44:41,140] {taskinstance.py:1357} INFO - Starting attempt 1 of 1
[2022-12-03 14:44:41,140] {taskinstance.py:1358} INFO - 
--------------------------------------------------------------------------------
[2022-12-03 14:44:41,870] {taskinstance.py:1377} INFO - Executing <Task(PostgresOperator): create_table> on 2022-11-28 16:57:00+00:00
[2022-12-03 14:44:41,964] {standard_task_runner.py:52} INFO - Started process 313 to run task
[2022-12-03 14:44:42,015] {standard_task_runner.py:79} INFO - Running: ['airflow', 'tasks', 'run', 'prepare_data', 'create_table', 'scheduled__2022-11-28T16:57:00+00:00', '--job-id', '25', '--raw', '--subdir', 'DAGS_FOLDER/prepare_data.py', '--cfg-path', '/tmp/tmpw0mng7qe', '--error-file', '/tmp/tmpdml6575d']
[2022-12-03 14:44:42,050] {standard_task_runner.py:80} INFO - Job 25: Subtask create_table
[2022-12-03 14:44:43,404] {task_command.py:369} INFO - Running <TaskInstance: prepare_data.create_table scheduled__2022-11-28T16:57:00+00:00 [running]> on host b41792e8e843
[2022-12-03 14:44:45,296] {taskinstance.py:1571} INFO - Exporting the following env vars:
AIRFLOW_CTX_DAG_OWNER=airflow
AIRFLOW_CTX_DAG_ID=prepare_data
AIRFLOW_CTX_TASK_ID=create_table
AIRFLOW_CTX_EXECUTION_DATE=2022-11-28T16:57:00+00:00
AIRFLOW_CTX_TRY_NUMBER=1
AIRFLOW_CTX_DAG_RUN_ID=scheduled__2022-11-28T16:57:00+00:00
[2022-12-03 14:44:46,345] {taskinstance.py:1889} ERROR - Task failed with exception
Traceback (most recent call last):
  File "/home/airflow/.local/lib/python3.7/site-packages/airflow/providers/postgres/operators/postgres.py", line 92, in execute
    self.hook.run(self.sql, self.autocommit, parameters=self.parameters)
  File "/home/airflow/.local/lib/python3.7/site-packages/airflow/hooks/dbapi.py", line 181, in run
    with closing(self.get_conn()) as conn:
  File "/home/airflow/.local/lib/python3.7/site-packages/airflow/providers/postgres/hooks/postgres.py", line 86, in get_conn
    conn = deepcopy(self.connection or self.get_connection(conn_id))
  File "/home/airflow/.local/lib/python3.7/site-packages/airflow/hooks/base.py", line 67, in get_connection
    conn = Connection.get_connection_from_secrets(conn_id)
  File "/home/airflow/.local/lib/python3.7/site-packages/airflow/models/connection.py", line 430, in get_connection_from_secrets
    raise AirflowNotFoundException(f"The conn_id `{conn_id}` isn't defined")
airflow.exceptions.AirflowNotFoundException: The conn_id `postgres_default` isn't defined
[2022-12-03 14:44:46,441] {taskinstance.py:1400} INFO - Marking task as FAILED. dag_id=prepare_data, task_id=create_table, execution_date=20221128T165700, start_date=20221203T144440, end_date=20221203T144446
[2022-12-03 14:44:47,024] {standard_task_runner.py:97} ERROR - Failed to execute job 25 for task create_table (The conn_id `postgres_default` isn't defined; 313)
[2022-12-03 14:44:49,234] {local_task_job.py:156} INFO - Task exited with return code 1
[2022-12-03 14:44:53,458] {local_task_job.py:273} INFO - 0 downstream tasks scheduled from follow-on schedule check
[2022-12-12 12:30:24,978] {taskinstance.py:1159} INFO - Dependencies all met for <TaskInstance: prepare_data.create_table scheduled__2022-11-28T16:57:00+00:00 [queued]>
[2022-12-12 12:30:25,381] {taskinstance.py:1159} INFO - Dependencies all met for <TaskInstance: prepare_data.create_table scheduled__2022-11-28T16:57:00+00:00 [queued]>
[2022-12-12 12:30:25,398] {taskinstance.py:1356} INFO - 
--------------------------------------------------------------------------------
[2022-12-12 12:30:25,398] {taskinstance.py:1357} INFO - Starting attempt 1 of 1
[2022-12-12 12:30:25,398] {taskinstance.py:1358} INFO - 
--------------------------------------------------------------------------------
[2022-12-12 12:30:25,958] {taskinstance.py:1377} INFO - Executing <Task(PostgresOperator): create_table> on 2022-11-28 16:57:00+00:00
[2022-12-12 12:30:26,017] {standard_task_runner.py:52} INFO - Started process 307 to run task
[2022-12-12 12:30:26,030] {standard_task_runner.py:79} INFO - Running: ['airflow', 'tasks', 'run', 'prepare_data', 'create_table', 'scheduled__2022-11-28T16:57:00+00:00', '--job-id', '25', '--raw', '--subdir', 'DAGS_FOLDER/prepare_data.py', '--cfg-path', '/tmp/tmphtbxgw7g', '--error-file', '/tmp/tmpak42xded']
[2022-12-12 12:30:26,104] {standard_task_runner.py:80} INFO - Job 25: Subtask create_table
[2022-12-12 12:30:27,843] {task_command.py:369} INFO - Running <TaskInstance: prepare_data.create_table scheduled__2022-11-28T16:57:00+00:00 [running]> on host b778137d8ea6
[2022-12-12 12:30:30,941] {taskinstance.py:1571} INFO - Exporting the following env vars:
AIRFLOW_CTX_DAG_OWNER=airflow
AIRFLOW_CTX_DAG_ID=prepare_data
AIRFLOW_CTX_TASK_ID=create_table
AIRFLOW_CTX_EXECUTION_DATE=2022-11-28T16:57:00+00:00
AIRFLOW_CTX_TRY_NUMBER=1
AIRFLOW_CTX_DAG_RUN_ID=scheduled__2022-11-28T16:57:00+00:00
[2022-12-12 12:30:34,293] {taskinstance.py:1889} ERROR - Task failed with exception
Traceback (most recent call last):
  File "/home/airflow/.local/lib/python3.7/site-packages/airflow/providers/postgres/operators/postgres.py", line 92, in execute
    self.hook.run(self.sql, self.autocommit, parameters=self.parameters)
  File "/home/airflow/.local/lib/python3.7/site-packages/airflow/hooks/dbapi.py", line 181, in run
    with closing(self.get_conn()) as conn:
  File "/home/airflow/.local/lib/python3.7/site-packages/airflow/providers/postgres/hooks/postgres.py", line 86, in get_conn
    conn = deepcopy(self.connection or self.get_connection(conn_id))
  File "/home/airflow/.local/lib/python3.7/site-packages/airflow/hooks/base.py", line 67, in get_connection
    conn = Connection.get_connection_from_secrets(conn_id)
  File "/home/airflow/.local/lib/python3.7/site-packages/airflow/models/connection.py", line 430, in get_connection_from_secrets
    raise AirflowNotFoundException(f"The conn_id `{conn_id}` isn't defined")
airflow.exceptions.AirflowNotFoundException: The conn_id `postgres_default` isn't defined
[2022-12-12 12:30:34,439] {taskinstance.py:1400} INFO - Marking task as FAILED. dag_id=prepare_data, task_id=create_table, execution_date=20221128T165700, start_date=20221212T123024, end_date=20221212T123034
[2022-12-12 12:30:35,291] {standard_task_runner.py:97} ERROR - Failed to execute job 25 for task create_table (The conn_id `postgres_default` isn't defined; 307)
[2022-12-12 12:30:35,573] {local_task_job.py:156} INFO - Task exited with return code 1
[2022-12-12 12:30:37,199] {local_task_job.py:273} INFO - 0 downstream tasks scheduled from follow-on schedule check
[2022-12-12 15:14:40,755] {taskinstance.py:1159} INFO - Dependencies all met for <TaskInstance: prepare_data.create_table scheduled__2022-11-28T16:57:00+00:00 [queued]>
[2022-12-12 15:14:41,377] {taskinstance.py:1159} INFO - Dependencies all met for <TaskInstance: prepare_data.create_table scheduled__2022-11-28T16:57:00+00:00 [queued]>
[2022-12-12 15:14:41,377] {taskinstance.py:1356} INFO - 
--------------------------------------------------------------------------------
[2022-12-12 15:14:41,377] {taskinstance.py:1357} INFO - Starting attempt 1 of 1
[2022-12-12 15:14:41,378] {taskinstance.py:1358} INFO - 
--------------------------------------------------------------------------------
[2022-12-12 15:14:42,498] {taskinstance.py:1377} INFO - Executing <Task(PostgresOperator): create_table> on 2022-11-28 16:57:00+00:00
[2022-12-12 15:14:42,773] {standard_task_runner.py:52} INFO - Started process 344 to run task
[2022-12-12 15:14:43,047] {standard_task_runner.py:79} INFO - Running: ['airflow', 'tasks', 'run', 'prepare_data', 'create_table', 'scheduled__2022-11-28T16:57:00+00:00', '--job-id', '25', '--raw', '--subdir', 'DAGS_FOLDER/prepare_data.py', '--cfg-path', '/tmp/tmp28n2xd44', '--error-file', '/tmp/tmpowyz77yk']
[2022-12-12 15:14:43,098] {standard_task_runner.py:80} INFO - Job 25: Subtask create_table
[2022-12-12 15:14:46,948] {task_command.py:369} INFO - Running <TaskInstance: prepare_data.create_table scheduled__2022-11-28T16:57:00+00:00 [running]> on host d4eb34144d92
[2022-12-12 15:15:04,524] {taskinstance.py:1571} INFO - Exporting the following env vars:
AIRFLOW_CTX_DAG_OWNER=airflow
AIRFLOW_CTX_DAG_ID=prepare_data
AIRFLOW_CTX_TASK_ID=create_table
AIRFLOW_CTX_EXECUTION_DATE=2022-11-28T16:57:00+00:00
AIRFLOW_CTX_TRY_NUMBER=1
AIRFLOW_CTX_DAG_RUN_ID=scheduled__2022-11-28T16:57:00+00:00
[2022-12-12 15:15:09,550] {taskinstance.py:1889} ERROR - Task failed with exception
Traceback (most recent call last):
  File "/home/airflow/.local/lib/python3.7/site-packages/airflow/providers/postgres/operators/postgres.py", line 92, in execute
    self.hook.run(self.sql, self.autocommit, parameters=self.parameters)
  File "/home/airflow/.local/lib/python3.7/site-packages/airflow/hooks/dbapi.py", line 181, in run
    with closing(self.get_conn()) as conn:
  File "/home/airflow/.local/lib/python3.7/site-packages/airflow/providers/postgres/hooks/postgres.py", line 86, in get_conn
    conn = deepcopy(self.connection or self.get_connection(conn_id))
  File "/home/airflow/.local/lib/python3.7/site-packages/airflow/hooks/base.py", line 67, in get_connection
    conn = Connection.get_connection_from_secrets(conn_id)
  File "/home/airflow/.local/lib/python3.7/site-packages/airflow/models/connection.py", line 430, in get_connection_from_secrets
    raise AirflowNotFoundException(f"The conn_id `{conn_id}` isn't defined")
airflow.exceptions.AirflowNotFoundException: The conn_id `postgres_default` isn't defined
[2022-12-12 15:15:10,818] {taskinstance.py:1400} INFO - Marking task as FAILED. dag_id=prepare_data, task_id=create_table, execution_date=20221128T165700, start_date=20221212T151440, end_date=20221212T151510
[2022-12-12 15:15:12,381] {standard_task_runner.py:97} ERROR - Failed to execute job 25 for task create_table (The conn_id `postgres_default` isn't defined; 344)
[2022-12-12 15:15:13,223] {local_task_job.py:156} INFO - Task exited with return code 1
[2022-12-12 15:15:19,005] {local_task_job.py:273} INFO - 0 downstream tasks scheduled from follow-on schedule check
