[2022-12-12 13:14:37,337] {taskinstance.py:1159} INFO - Dependencies all met for <TaskInstance: prepare_data.create_table scheduled__2022-11-29T00:16:00+00:00 [queued]>
[2022-12-12 13:14:37,556] {taskinstance.py:1159} INFO - Dependencies all met for <TaskInstance: prepare_data.create_table scheduled__2022-11-29T00:16:00+00:00 [queued]>
[2022-12-12 13:14:37,556] {taskinstance.py:1356} INFO - 
--------------------------------------------------------------------------------
[2022-12-12 13:14:37,557] {taskinstance.py:1357} INFO - Starting attempt 1 of 1
[2022-12-12 13:14:37,557] {taskinstance.py:1358} INFO - 
--------------------------------------------------------------------------------
[2022-12-12 13:14:37,921] {taskinstance.py:1377} INFO - Executing <Task(PostgresOperator): create_table> on 2022-11-29 00:16:00+00:00
[2022-12-12 13:14:38,141] {standard_task_runner.py:52} INFO - Started process 2209 to run task
[2022-12-12 13:14:38,472] {standard_task_runner.py:79} INFO - Running: ['airflow', 'tasks', 'run', 'prepare_data', 'create_table', 'scheduled__2022-11-29T00:16:00+00:00', '--job-id', '793', '--raw', '--subdir', 'DAGS_FOLDER/prepare_data.py', '--cfg-path', '/tmp/tmpb3y0er79', '--error-file', '/tmp/tmp__4n67et']
[2022-12-12 13:14:38,750] {standard_task_runner.py:80} INFO - Job 793: Subtask create_table
[2022-12-12 13:14:41,657] {task_command.py:369} INFO - Running <TaskInstance: prepare_data.create_table scheduled__2022-11-29T00:16:00+00:00 [running]> on host b778137d8ea6
[2022-12-12 13:14:45,185] {taskinstance.py:1571} INFO - Exporting the following env vars:
AIRFLOW_CTX_DAG_OWNER=airflow
AIRFLOW_CTX_DAG_ID=prepare_data
AIRFLOW_CTX_TASK_ID=create_table
AIRFLOW_CTX_EXECUTION_DATE=2022-11-29T00:16:00+00:00
AIRFLOW_CTX_TRY_NUMBER=1
AIRFLOW_CTX_DAG_RUN_ID=scheduled__2022-11-29T00:16:00+00:00
[2022-12-12 13:14:45,819] {base.py:68} INFO - Using connection ID 'postgres_default' for task execution.
[2022-12-12 13:14:45,916] {dbapi.py:208} INFO - Running statement: CREATE TABLE IF NOT EXISTS prepared_data (
	id SERIAL,
	sensor_id BIGINT,
	longitude FLOAT,
	latitude FLOAT,
	controller_id BIGINT,
	datetime TIMESTAMP WITH TIME ZONE,
	temperature INTEGER
);, parameters: None
[2022-12-12 13:14:45,955] {postgres.py:94} INFO - NOTICE:  relation "prepared_data" already exists, skipping

[2022-12-12 13:14:46,672] {taskinstance.py:1400} INFO - Marking task as SUCCESS. dag_id=prepare_data, task_id=create_table, execution_date=20221129T001600, start_date=20221212T131437, end_date=20221212T131446
[2022-12-12 13:14:47,257] {local_task_job.py:156} INFO - Task exited with return code 0
[2022-12-12 13:14:52,376] {local_task_job.py:273} INFO - 0 downstream tasks scheduled from follow-on schedule check
