[2022-12-12 13:30:01,667] {taskinstance.py:1159} INFO - Dependencies all met for <TaskInstance: prepare_data.create_table scheduled__2022-12-12T13:29:00+00:00 [queued]>
[2022-12-12 13:30:01,724] {taskinstance.py:1159} INFO - Dependencies all met for <TaskInstance: prepare_data.create_table scheduled__2022-12-12T13:29:00+00:00 [queued]>
[2022-12-12 13:30:01,725] {taskinstance.py:1356} INFO - 
--------------------------------------------------------------------------------
[2022-12-12 13:30:01,725] {taskinstance.py:1357} INFO - Starting attempt 1 of 1
[2022-12-12 13:30:01,726] {taskinstance.py:1358} INFO - 
--------------------------------------------------------------------------------
[2022-12-12 13:30:01,872] {taskinstance.py:1377} INFO - Executing <Task(PostgresOperator): create_table> on 2022-12-12 13:29:00+00:00
[2022-12-12 13:30:01,894] {standard_task_runner.py:52} INFO - Started process 2712 to run task
[2022-12-12 13:30:01,961] {standard_task_runner.py:79} INFO - Running: ['airflow', 'tasks', 'run', 'prepare_data', 'create_table', 'scheduled__2022-12-12T13:29:00+00:00', '--job-id', '983', '--raw', '--subdir', 'DAGS_FOLDER/prepare_data.py', '--cfg-path', '/tmp/tmprtzd_6kg', '--error-file', '/tmp/tmpkmc22r_d']
[2022-12-12 13:30:01,975] {standard_task_runner.py:80} INFO - Job 983: Subtask create_table
[2022-12-12 13:30:02,671] {task_command.py:369} INFO - Running <TaskInstance: prepare_data.create_table scheduled__2022-12-12T13:29:00+00:00 [running]> on host b778137d8ea6
[2022-12-12 13:30:04,027] {taskinstance.py:1571} INFO - Exporting the following env vars:
AIRFLOW_CTX_DAG_OWNER=airflow
AIRFLOW_CTX_DAG_ID=prepare_data
AIRFLOW_CTX_TASK_ID=create_table
AIRFLOW_CTX_EXECUTION_DATE=2022-12-12T13:29:00+00:00
AIRFLOW_CTX_TRY_NUMBER=1
AIRFLOW_CTX_DAG_RUN_ID=scheduled__2022-12-12T13:29:00+00:00
[2022-12-12 13:30:04,078] {base.py:68} INFO - Using connection ID 'postgres_default' for task execution.
[2022-12-12 13:30:04,091] {dbapi.py:208} INFO - Running statement: CREATE TABLE IF NOT EXISTS prepared_data (
	id SERIAL,
	sensor_id BIGINT,
	longitude FLOAT,
	latitude FLOAT,
	controller_id BIGINT,
	datetime TIMESTAMP WITH TIME ZONE,
	temperature INTEGER
);, parameters: None
[2022-12-12 13:30:04,094] {postgres.py:94} INFO - NOTICE:  relation "prepared_data" already exists, skipping

[2022-12-12 13:30:04,136] {taskinstance.py:1400} INFO - Marking task as SUCCESS. dag_id=prepare_data, task_id=create_table, execution_date=20221212T132900, start_date=20221212T133001, end_date=20221212T133004
[2022-12-12 13:30:04,213] {local_task_job.py:156} INFO - Task exited with return code 0
[2022-12-12 13:30:04,763] {local_task_job.py:273} INFO - 1 downstream tasks scheduled from follow-on schedule check
