[2022-12-12 13:14:02,472] {taskinstance.py:1159} INFO - Dependencies all met for <TaskInstance: prepare_data.get_last_id scheduled__2022-11-29T00:11:00+00:00 [queued]>
[2022-12-12 13:14:02,767] {taskinstance.py:1159} INFO - Dependencies all met for <TaskInstance: prepare_data.get_last_id scheduled__2022-11-29T00:11:00+00:00 [queued]>
[2022-12-12 13:14:02,767] {taskinstance.py:1356} INFO - 
--------------------------------------------------------------------------------
[2022-12-12 13:14:02,767] {taskinstance.py:1357} INFO - Starting attempt 1 of 1
[2022-12-12 13:14:02,767] {taskinstance.py:1358} INFO - 
--------------------------------------------------------------------------------
[2022-12-12 13:14:03,327] {taskinstance.py:1377} INFO - Executing <Task(PythonOperator): get_last_id> on 2022-11-29 00:11:00+00:00
[2022-12-12 13:14:03,465] {standard_task_runner.py:52} INFO - Started process 2179 to run task
[2022-12-12 13:14:03,679] {standard_task_runner.py:79} INFO - Running: ['airflow', 'tasks', 'run', 'prepare_data', 'get_last_id', 'scheduled__2022-11-29T00:11:00+00:00', '--job-id', '780', '--raw', '--subdir', 'DAGS_FOLDER/prepare_data.py', '--cfg-path', '/tmp/tmpo63026b6', '--error-file', '/tmp/tmpswfc_g5_']
[2022-12-12 13:14:03,716] {standard_task_runner.py:80} INFO - Job 780: Subtask get_last_id
[2022-12-12 13:14:04,947] {task_command.py:369} INFO - Running <TaskInstance: prepare_data.get_last_id scheduled__2022-11-29T00:11:00+00:00 [running]> on host b778137d8ea6
[2022-12-12 13:14:07,894] {taskinstance.py:1571} INFO - Exporting the following env vars:
AIRFLOW_CTX_DAG_OWNER=airflow
AIRFLOW_CTX_DAG_ID=prepare_data
AIRFLOW_CTX_TASK_ID=get_last_id
AIRFLOW_CTX_EXECUTION_DATE=2022-11-29T00:11:00+00:00
AIRFLOW_CTX_TRY_NUMBER=1
AIRFLOW_CTX_DAG_RUN_ID=scheduled__2022-11-29T00:11:00+00:00
[2022-12-12 13:14:08,317] {base.py:68} INFO - Using connection ID 'postgres_default' for task execution.
[2022-12-12 13:14:09,245] {python.py:173} INFO - Done. Returned value was: None
[2022-12-12 13:14:10,320] {taskinstance.py:1400} INFO - Marking task as SUCCESS. dag_id=prepare_data, task_id=get_last_id, execution_date=20221129T001100, start_date=20221212T131402, end_date=20221212T131410
[2022-12-12 13:14:11,114] {local_task_job.py:156} INFO - Task exited with return code 0
[2022-12-12 13:14:11,755] {local_task_job.py:273} INFO - 1 downstream tasks scheduled from follow-on schedule check
