[2022-12-12 13:10:56,429] {taskinstance.py:1159} INFO - Dependencies all met for <TaskInstance: prepare_data.create_table scheduled__2022-11-28T23:58:00+00:00 [queued]>
[2022-12-12 13:10:56,679] {taskinstance.py:1159} INFO - Dependencies all met for <TaskInstance: prepare_data.create_table scheduled__2022-11-28T23:58:00+00:00 [queued]>
[2022-12-12 13:10:56,683] {taskinstance.py:1356} INFO - 
--------------------------------------------------------------------------------
[2022-12-12 13:10:56,683] {taskinstance.py:1357} INFO - Starting attempt 1 of 1
[2022-12-12 13:10:56,683] {taskinstance.py:1358} INFO - 
--------------------------------------------------------------------------------
[2022-12-12 13:10:57,158] {taskinstance.py:1377} INFO - Executing <Task(PostgresOperator): create_table> on 2022-11-28 23:58:00+00:00
[2022-12-12 13:10:57,197] {standard_task_runner.py:52} INFO - Started process 2049 to run task
[2022-12-12 13:10:57,296] {standard_task_runner.py:79} INFO - Running: ['airflow', 'tasks', 'run', 'prepare_data', 'create_table', 'scheduled__2022-11-28T23:58:00+00:00', '--job-id', '727', '--raw', '--subdir', 'DAGS_FOLDER/prepare_data.py', '--cfg-path', '/tmp/tmp_0mzzaj1', '--error-file', '/tmp/tmpjm4vi6ko']
[2022-12-12 13:10:57,297] {standard_task_runner.py:80} INFO - Job 727: Subtask create_table
[2022-12-12 13:10:58,284] {task_command.py:369} INFO - Running <TaskInstance: prepare_data.create_table scheduled__2022-11-28T23:58:00+00:00 [running]> on host b778137d8ea6
[2022-12-12 13:11:01,428] {taskinstance.py:1571} INFO - Exporting the following env vars:
AIRFLOW_CTX_DAG_OWNER=airflow
AIRFLOW_CTX_DAG_ID=prepare_data
AIRFLOW_CTX_TASK_ID=create_table
AIRFLOW_CTX_EXECUTION_DATE=2022-11-28T23:58:00+00:00
AIRFLOW_CTX_TRY_NUMBER=1
AIRFLOW_CTX_DAG_RUN_ID=scheduled__2022-11-28T23:58:00+00:00
[2022-12-12 13:11:01,810] {base.py:68} INFO - Using connection ID 'postgres_default' for task execution.
[2022-12-12 13:11:01,907] {dbapi.py:208} INFO - Running statement: CREATE TABLE IF NOT EXISTS prepared_data (
	id SERIAL,
	sensor_id BIGINT,
	longitude FLOAT,
	latitude FLOAT,
	controller_id BIGINT,
	datetime TIMESTAMP WITH TIME ZONE,
	temperature INTEGER
);, parameters: None
[2022-12-12 13:11:01,987] {postgres.py:94} INFO - NOTICE:  relation "prepared_data" already exists, skipping

[2022-12-12 13:11:02,270] {taskinstance.py:1400} INFO - Marking task as SUCCESS. dag_id=prepare_data, task_id=create_table, execution_date=20221128T235800, start_date=20221212T131056, end_date=20221212T131102
[2022-12-12 13:11:03,387] {local_task_job.py:156} INFO - Task exited with return code 0
[2022-12-12 13:11:05,101] {local_task_job.py:273} INFO - 1 downstream tasks scheduled from follow-on schedule check
