[2022-12-03 15:00:30,823] {taskinstance.py:1159} INFO - Dependencies all met for <TaskInstance: prepare_data.create_table scheduled__2022-11-28T18:59:00+00:00 [queued]>
[2022-12-03 15:00:31,547] {taskinstance.py:1159} INFO - Dependencies all met for <TaskInstance: prepare_data.create_table scheduled__2022-11-28T18:59:00+00:00 [queued]>
[2022-12-03 15:00:31,547] {taskinstance.py:1356} INFO - 
--------------------------------------------------------------------------------
[2022-12-03 15:00:31,547] {taskinstance.py:1357} INFO - Starting attempt 1 of 1
[2022-12-03 15:00:31,662] {taskinstance.py:1358} INFO - 
--------------------------------------------------------------------------------
[2022-12-03 15:00:33,178] {taskinstance.py:1377} INFO - Executing <Task(PostgresOperator): create_table> on 2022-11-28 18:59:00+00:00
[2022-12-03 15:00:33,395] {standard_task_runner.py:52} INFO - Started process 860 to run task
[2022-12-03 15:00:33,810] {standard_task_runner.py:79} INFO - Running: ['airflow', 'tasks', 'run', 'prepare_data', 'create_table', 'scheduled__2022-11-28T18:59:00+00:00', '--job-id', '239', '--raw', '--subdir', 'DAGS_FOLDER/prepare_data.py', '--cfg-path', '/tmp/tmp8o3kbxdl', '--error-file', '/tmp/tmpsm3tvu_z']
[2022-12-03 15:00:33,918] {standard_task_runner.py:80} INFO - Job 239: Subtask create_table
[2022-12-03 15:00:36,055] {task_command.py:369} INFO - Running <TaskInstance: prepare_data.create_table scheduled__2022-11-28T18:59:00+00:00 [running]> on host b41792e8e843
[2022-12-03 15:00:38,165] {taskinstance.py:1571} INFO - Exporting the following env vars:
AIRFLOW_CTX_DAG_OWNER=airflow
AIRFLOW_CTX_DAG_ID=prepare_data
AIRFLOW_CTX_TASK_ID=create_table
AIRFLOW_CTX_EXECUTION_DATE=2022-11-28T18:59:00+00:00
AIRFLOW_CTX_TRY_NUMBER=1
AIRFLOW_CTX_DAG_RUN_ID=scheduled__2022-11-28T18:59:00+00:00
[2022-12-03 15:00:38,514] {base.py:68} INFO - Using connection ID 'postgres_default' for task execution.
[2022-12-03 15:00:38,633] {dbapi.py:208} INFO - Running statement: CREATE TABLE IF NOT EXISTS prepared_data (
	id SERIAL,
	sensor_id BIGINT,
	longitude FLOAT,
	latitude FLOAT,
	controller_id BIGINT,
	datetime TIMESTAMP WITH TIME ZONE,
	temperature INTEGER
);, parameters: None
[2022-12-03 15:00:38,658] {postgres.py:94} INFO - NOTICE:  relation "prepared_data" already exists, skipping

[2022-12-03 15:00:39,068] {taskinstance.py:1400} INFO - Marking task as SUCCESS. dag_id=prepare_data, task_id=create_table, execution_date=20221128T185900, start_date=20221203T150030, end_date=20221203T150039
[2022-12-03 15:00:40,015] {local_task_job.py:156} INFO - Task exited with return code 0
[2022-12-03 15:00:41,236] {local_task_job.py:273} INFO - 0 downstream tasks scheduled from follow-on schedule check
[2022-12-12 12:35:06,369] {taskinstance.py:1159} INFO - Dependencies all met for <TaskInstance: prepare_data.create_table scheduled__2022-11-28T18:59:00+00:00 [queued]>
[2022-12-12 12:35:06,903] {taskinstance.py:1159} INFO - Dependencies all met for <TaskInstance: prepare_data.create_table scheduled__2022-11-28T18:59:00+00:00 [queued]>
[2022-12-12 12:35:06,903] {taskinstance.py:1356} INFO - 
--------------------------------------------------------------------------------
[2022-12-12 12:35:06,904] {taskinstance.py:1357} INFO - Starting attempt 1 of 1
[2022-12-12 12:35:06,904] {taskinstance.py:1358} INFO - 
--------------------------------------------------------------------------------
[2022-12-12 12:35:07,415] {taskinstance.py:1377} INFO - Executing <Task(PostgresOperator): create_table> on 2022-11-28 18:59:00+00:00
[2022-12-12 12:35:07,509] {standard_task_runner.py:52} INFO - Started process 595 to run task
[2022-12-12 12:35:07,656] {standard_task_runner.py:79} INFO - Running: ['airflow', 'tasks', 'run', 'prepare_data', 'create_table', 'scheduled__2022-11-28T18:59:00+00:00', '--job-id', '147', '--raw', '--subdir', 'DAGS_FOLDER/prepare_data.py', '--cfg-path', '/tmp/tmpt0i_qmn7', '--error-file', '/tmp/tmp3_2tdmwf']
[2022-12-12 12:35:07,657] {standard_task_runner.py:80} INFO - Job 147: Subtask create_table
[2022-12-12 12:35:08,387] {task_command.py:369} INFO - Running <TaskInstance: prepare_data.create_table scheduled__2022-11-28T18:59:00+00:00 [running]> on host b778137d8ea6
[2022-12-12 12:35:09,588] {taskinstance.py:1571} INFO - Exporting the following env vars:
AIRFLOW_CTX_DAG_OWNER=airflow
AIRFLOW_CTX_DAG_ID=prepare_data
AIRFLOW_CTX_TASK_ID=create_table
AIRFLOW_CTX_EXECUTION_DATE=2022-11-28T18:59:00+00:00
AIRFLOW_CTX_TRY_NUMBER=1
AIRFLOW_CTX_DAG_RUN_ID=scheduled__2022-11-28T18:59:00+00:00
[2022-12-12 12:35:09,975] {taskinstance.py:1889} ERROR - Task failed with exception
Traceback (most recent call last):
  File "/home/airflow/.local/lib/python3.7/site-packages/airflow/providers/postgres/operators/postgres.py", line 92, in execute
    self.hook.run(self.sql, self.autocommit, parameters=self.parameters)
  File "/home/airflow/.local/lib/python3.7/site-packages/airflow/hooks/dbapi.py", line 181, in run
    with closing(self.get_conn()) as conn:
  File "/home/airflow/.local/lib/python3.7/site-packages/airflow/providers/postgres/hooks/postgres.py", line 86, in get_conn
    conn = deepcopy(self.connection or self.get_connection(conn_id))
  File "/home/airflow/.local/lib/python3.7/site-packages/airflow/hooks/base.py", line 67, in get_connection
    conn = Connection.get_connection_from_secrets(conn_id)
  File "/home/airflow/.local/lib/python3.7/site-packages/airflow/models/connection.py", line 430, in get_connection_from_secrets
    raise AirflowNotFoundException(f"The conn_id `{conn_id}` isn't defined")
airflow.exceptions.AirflowNotFoundException: The conn_id `postgres_default` isn't defined
[2022-12-12 12:35:09,991] {taskinstance.py:1400} INFO - Marking task as FAILED. dag_id=prepare_data, task_id=create_table, execution_date=20221128T185900, start_date=20221212T123506, end_date=20221212T123509
[2022-12-12 12:35:10,070] {standard_task_runner.py:97} ERROR - Failed to execute job 147 for task create_table (The conn_id `postgres_default` isn't defined; 595)
[2022-12-12 12:35:10,114] {local_task_job.py:156} INFO - Task exited with return code 1
[2022-12-12 12:35:11,068] {local_task_job.py:273} INFO - 0 downstream tasks scheduled from follow-on schedule check
