[2022-12-03 14:50:56,021] {taskinstance.py:1159} INFO - Dependencies all met for <TaskInstance: prepare_data.transfer_data scheduled__2022-11-28T18:14:00+00:00 [queued]>
[2022-12-03 14:50:57,506] {taskinstance.py:1159} INFO - Dependencies all met for <TaskInstance: prepare_data.transfer_data scheduled__2022-11-28T18:14:00+00:00 [queued]>
[2022-12-03 14:50:57,506] {taskinstance.py:1356} INFO - 
--------------------------------------------------------------------------------
[2022-12-03 14:50:57,506] {taskinstance.py:1357} INFO - Starting attempt 1 of 1
[2022-12-03 14:50:57,507] {taskinstance.py:1358} INFO - 
--------------------------------------------------------------------------------
[2022-12-03 14:50:59,354] {taskinstance.py:1377} INFO - Executing <Task(PythonOperator): transfer_data> on 2022-11-28 18:14:00+00:00
[2022-12-03 14:50:59,687] {standard_task_runner.py:52} INFO - Started process 551 to run task
[2022-12-03 14:51:00,183] {standard_task_runner.py:79} INFO - Running: ['airflow', 'tasks', 'run', 'prepare_data', 'transfer_data', 'scheduled__2022-11-28T18:14:00+00:00', '--job-id', '118', '--raw', '--subdir', 'DAGS_FOLDER/prepare_data.py', '--cfg-path', '/tmp/tmpozgwc4ud', '--error-file', '/tmp/tmp0vrnse_m']
[2022-12-03 14:51:00,298] {standard_task_runner.py:80} INFO - Job 118: Subtask transfer_data
[2022-12-03 14:51:09,181] {task_command.py:369} INFO - Running <TaskInstance: prepare_data.transfer_data scheduled__2022-11-28T18:14:00+00:00 [running]> on host b41792e8e843
[2022-12-03 14:51:21,206] {taskinstance.py:1571} INFO - Exporting the following env vars:
AIRFLOW_CTX_DAG_OWNER=airflow
AIRFLOW_CTX_DAG_ID=prepare_data
AIRFLOW_CTX_TASK_ID=transfer_data
AIRFLOW_CTX_EXECUTION_DATE=2022-11-28T18:14:00+00:00
AIRFLOW_CTX_TRY_NUMBER=1
AIRFLOW_CTX_DAG_RUN_ID=scheduled__2022-11-28T18:14:00+00:00
[2022-12-03 14:51:22,722] {base.py:68} INFO - Using connection ID 'postgres_default' for task execution.
[2022-12-03 14:51:35,420] {python.py:173} INFO - Done. Returned value was: None
[2022-12-03 14:51:39,324] {taskinstance.py:1400} INFO - Marking task as SUCCESS. dag_id=prepare_data, task_id=transfer_data, execution_date=20221128T181400, start_date=20221203T145056, end_date=20221203T145139
[2022-12-03 14:51:40,537] {local_task_job.py:156} INFO - Task exited with return code 0
[2022-12-03 14:51:42,258] {local_task_job.py:273} INFO - 0 downstream tasks scheduled from follow-on schedule check
