[2022-12-12 13:12:23,505] {taskinstance.py:1159} INFO - Dependencies all met for <TaskInstance: prepare_data.get_last_id scheduled__2022-12-12T13:11:00+00:00 [queued]>
[2022-12-12 13:12:23,840] {taskinstance.py:1159} INFO - Dependencies all met for <TaskInstance: prepare_data.get_last_id scheduled__2022-12-12T13:11:00+00:00 [queued]>
[2022-12-12 13:12:23,841] {taskinstance.py:1356} INFO - 
--------------------------------------------------------------------------------
[2022-12-12 13:12:23,841] {taskinstance.py:1357} INFO - Starting attempt 1 of 1
[2022-12-12 13:12:23,841] {taskinstance.py:1358} INFO - 
--------------------------------------------------------------------------------
[2022-12-12 13:12:24,363] {taskinstance.py:1377} INFO - Executing <Task(PythonOperator): get_last_id> on 2022-12-12 13:11:00+00:00
[2022-12-12 13:12:24,539] {standard_task_runner.py:52} INFO - Started process 2113 to run task
[2022-12-12 13:12:24,601] {standard_task_runner.py:79} INFO - Running: ['airflow', 'tasks', 'run', 'prepare_data', 'get_last_id', 'scheduled__2022-12-12T13:11:00+00:00', '--job-id', '756', '--raw', '--subdir', 'DAGS_FOLDER/prepare_data.py', '--cfg-path', '/tmp/tmpj3cxvf7g', '--error-file', '/tmp/tmpc3f4sz05']
[2022-12-12 13:12:24,742] {standard_task_runner.py:80} INFO - Job 756: Subtask get_last_id
[2022-12-12 13:12:27,539] {task_command.py:369} INFO - Running <TaskInstance: prepare_data.get_last_id scheduled__2022-12-12T13:11:00+00:00 [running]> on host b778137d8ea6
[2022-12-12 13:12:29,664] {taskinstance.py:1571} INFO - Exporting the following env vars:
AIRFLOW_CTX_DAG_OWNER=airflow
AIRFLOW_CTX_DAG_ID=prepare_data
AIRFLOW_CTX_TASK_ID=get_last_id
AIRFLOW_CTX_EXECUTION_DATE=2022-12-12T13:11:00+00:00
AIRFLOW_CTX_TRY_NUMBER=1
AIRFLOW_CTX_DAG_RUN_ID=scheduled__2022-12-12T13:11:00+00:00
[2022-12-12 13:12:30,073] {base.py:68} INFO - Using connection ID 'postgres_default' for task execution.
[2022-12-12 13:12:30,732] {python.py:173} INFO - Done. Returned value was: None
[2022-12-12 13:12:31,128] {taskinstance.py:1400} INFO - Marking task as SUCCESS. dag_id=prepare_data, task_id=get_last_id, execution_date=20221212T131100, start_date=20221212T131223, end_date=20221212T131231
[2022-12-12 13:12:31,370] {local_task_job.py:156} INFO - Task exited with return code 0
[2022-12-12 13:12:32,071] {local_task_job.py:273} INFO - 1 downstream tasks scheduled from follow-on schedule check
