[2022-12-12 13:17:44,516] {taskinstance.py:1159} INFO - Dependencies all met for <TaskInstance: prepare_data.create_table scheduled__2022-11-29T00:29:00+00:00 [queued]>
[2022-12-12 13:17:44,990] {taskinstance.py:1159} INFO - Dependencies all met for <TaskInstance: prepare_data.create_table scheduled__2022-11-29T00:29:00+00:00 [queued]>
[2022-12-12 13:17:44,990] {taskinstance.py:1356} INFO - 
--------------------------------------------------------------------------------
[2022-12-12 13:17:44,990] {taskinstance.py:1357} INFO - Starting attempt 1 of 1
[2022-12-12 13:17:45,009] {taskinstance.py:1358} INFO - 
--------------------------------------------------------------------------------
[2022-12-12 13:17:46,232] {taskinstance.py:1377} INFO - Executing <Task(PostgresOperator): create_table> on 2022-11-29 00:29:00+00:00
[2022-12-12 13:17:46,393] {standard_task_runner.py:52} INFO - Started process 2331 to run task
[2022-12-12 13:17:46,584] {standard_task_runner.py:79} INFO - Running: ['airflow', 'tasks', 'run', 'prepare_data', 'create_table', 'scheduled__2022-11-29T00:29:00+00:00', '--job-id', '841', '--raw', '--subdir', 'DAGS_FOLDER/prepare_data.py', '--cfg-path', '/tmp/tmpzf_bqaed', '--error-file', '/tmp/tmpkiph2wf0']
[2022-12-12 13:17:46,586] {standard_task_runner.py:80} INFO - Job 841: Subtask create_table
[2022-12-12 13:17:48,723] {task_command.py:369} INFO - Running <TaskInstance: prepare_data.create_table scheduled__2022-11-29T00:29:00+00:00 [running]> on host b778137d8ea6
[2022-12-12 13:17:54,019] {taskinstance.py:1571} INFO - Exporting the following env vars:
AIRFLOW_CTX_DAG_OWNER=airflow
AIRFLOW_CTX_DAG_ID=prepare_data
AIRFLOW_CTX_TASK_ID=create_table
AIRFLOW_CTX_EXECUTION_DATE=2022-11-29T00:29:00+00:00
AIRFLOW_CTX_TRY_NUMBER=1
AIRFLOW_CTX_DAG_RUN_ID=scheduled__2022-11-29T00:29:00+00:00
[2022-12-12 13:17:54,248] {base.py:68} INFO - Using connection ID 'postgres_default' for task execution.
[2022-12-12 13:17:54,316] {dbapi.py:208} INFO - Running statement: CREATE TABLE IF NOT EXISTS prepared_data (
	id SERIAL,
	sensor_id BIGINT,
	longitude FLOAT,
	latitude FLOAT,
	controller_id BIGINT,
	datetime TIMESTAMP WITH TIME ZONE,
	temperature INTEGER
);, parameters: None
[2022-12-12 13:17:54,350] {postgres.py:94} INFO - NOTICE:  relation "prepared_data" already exists, skipping

[2022-12-12 13:17:55,218] {taskinstance.py:1400} INFO - Marking task as SUCCESS. dag_id=prepare_data, task_id=create_table, execution_date=20221129T002900, start_date=20221212T131744, end_date=20221212T131755
[2022-12-12 13:17:55,445] {local_task_job.py:156} INFO - Task exited with return code 0
[2022-12-12 13:17:56,409] {local_task_job.py:273} INFO - 1 downstream tasks scheduled from follow-on schedule check
