[2022-12-03 14:59:06,109] {taskinstance.py:1159} INFO - Dependencies all met for <TaskInstance: prepare_data.transfer_data scheduled__2022-11-28T18:43:00+00:00 [queued]>
[2022-12-03 14:59:06,583] {taskinstance.py:1159} INFO - Dependencies all met for <TaskInstance: prepare_data.transfer_data scheduled__2022-11-28T18:43:00+00:00 [queued]>
[2022-12-03 14:59:06,584] {taskinstance.py:1356} INFO - 
--------------------------------------------------------------------------------
[2022-12-03 14:59:06,584] {taskinstance.py:1357} INFO - Starting attempt 1 of 1
[2022-12-03 14:59:06,585] {taskinstance.py:1358} INFO - 
--------------------------------------------------------------------------------
[2022-12-03 14:59:07,062] {taskinstance.py:1377} INFO - Executing <Task(PythonOperator): transfer_data> on 2022-11-28 18:43:00+00:00
[2022-12-03 14:59:07,131] {standard_task_runner.py:52} INFO - Started process 800 to run task
[2022-12-03 14:59:07,289] {standard_task_runner.py:79} INFO - Running: ['airflow', 'tasks', 'run', 'prepare_data', 'transfer_data', 'scheduled__2022-11-28T18:43:00+00:00', '--job-id', '213', '--raw', '--subdir', 'DAGS_FOLDER/prepare_data.py', '--cfg-path', '/tmp/tmp_ey4rdif', '--error-file', '/tmp/tmpf7pobw3a']
[2022-12-03 14:59:07,351] {standard_task_runner.py:80} INFO - Job 213: Subtask transfer_data
[2022-12-03 14:59:09,197] {task_command.py:369} INFO - Running <TaskInstance: prepare_data.transfer_data scheduled__2022-11-28T18:43:00+00:00 [running]> on host b41792e8e843
[2022-12-03 14:59:12,613] {taskinstance.py:1571} INFO - Exporting the following env vars:
AIRFLOW_CTX_DAG_OWNER=airflow
AIRFLOW_CTX_DAG_ID=prepare_data
AIRFLOW_CTX_TASK_ID=transfer_data
AIRFLOW_CTX_EXECUTION_DATE=2022-11-28T18:43:00+00:00
AIRFLOW_CTX_TRY_NUMBER=1
AIRFLOW_CTX_DAG_RUN_ID=scheduled__2022-11-28T18:43:00+00:00
[2022-12-03 14:59:13,146] {base.py:68} INFO - Using connection ID 'postgres_default' for task execution.
[2022-12-03 14:59:14,170] {python.py:173} INFO - Done. Returned value was: None
[2022-12-03 14:59:14,803] {taskinstance.py:1400} INFO - Marking task as SUCCESS. dag_id=prepare_data, task_id=transfer_data, execution_date=20221128T184300, start_date=20221203T145906, end_date=20221203T145914
[2022-12-03 14:59:15,245] {local_task_job.py:156} INFO - Task exited with return code 0
[2022-12-03 14:59:16,534] {local_task_job.py:273} INFO - 0 downstream tasks scheduled from follow-on schedule check
