[2022-12-03 15:08:32,356] {taskinstance.py:1159} INFO - Dependencies all met for <TaskInstance: prepare_data.create_table scheduled__2022-11-28T19:39:00+00:00 [queued]>
[2022-12-03 15:08:33,465] {taskinstance.py:1159} INFO - Dependencies all met for <TaskInstance: prepare_data.create_table scheduled__2022-11-28T19:39:00+00:00 [queued]>
[2022-12-03 15:08:33,513] {taskinstance.py:1356} INFO - 
--------------------------------------------------------------------------------
[2022-12-03 15:08:33,514] {taskinstance.py:1357} INFO - Starting attempt 1 of 1
[2022-12-03 15:08:33,515] {taskinstance.py:1358} INFO - 
--------------------------------------------------------------------------------
[2022-12-03 15:08:35,462] {taskinstance.py:1377} INFO - Executing <Task(PostgresOperator): create_table> on 2022-11-28 19:39:00+00:00
[2022-12-03 15:08:35,680] {standard_task_runner.py:52} INFO - Started process 1159 to run task
[2022-12-03 15:08:36,087] {standard_task_runner.py:79} INFO - Running: ['airflow', 'tasks', 'run', 'prepare_data', 'create_table', 'scheduled__2022-11-28T19:39:00+00:00', '--job-id', '354', '--raw', '--subdir', 'DAGS_FOLDER/prepare_data.py', '--cfg-path', '/tmp/tmpxez8cmfk', '--error-file', '/tmp/tmpuqfekudx']
[2022-12-03 15:08:36,456] {standard_task_runner.py:80} INFO - Job 354: Subtask create_table
[2022-12-03 15:08:38,903] {task_command.py:369} INFO - Running <TaskInstance: prepare_data.create_table scheduled__2022-11-28T19:39:00+00:00 [running]> on host b41792e8e843
[2022-12-03 15:08:43,250] {taskinstance.py:1571} INFO - Exporting the following env vars:
AIRFLOW_CTX_DAG_OWNER=airflow
AIRFLOW_CTX_DAG_ID=prepare_data
AIRFLOW_CTX_TASK_ID=create_table
AIRFLOW_CTX_EXECUTION_DATE=2022-11-28T19:39:00+00:00
AIRFLOW_CTX_TRY_NUMBER=1
AIRFLOW_CTX_DAG_RUN_ID=scheduled__2022-11-28T19:39:00+00:00
[2022-12-03 15:08:44,131] {base.py:68} INFO - Using connection ID 'postgres_default' for task execution.
[2022-12-03 15:08:44,361] {dbapi.py:208} INFO - Running statement: CREATE TABLE IF NOT EXISTS prepared_data (
	id SERIAL,
	sensor_id BIGINT,
	longitude FLOAT,
	latitude FLOAT,
	controller_id BIGINT,
	datetime TIMESTAMP WITH TIME ZONE,
	temperature INTEGER
);, parameters: None
[2022-12-03 15:08:44,398] {postgres.py:94} INFO - NOTICE:  relation "prepared_data" already exists, skipping

[2022-12-03 15:08:45,106] {taskinstance.py:1400} INFO - Marking task as SUCCESS. dag_id=prepare_data, task_id=create_table, execution_date=20221128T193900, start_date=20221203T150832, end_date=20221203T150845
[2022-12-03 15:08:45,879] {local_task_job.py:156} INFO - Task exited with return code 0
[2022-12-03 15:08:48,681] {local_task_job.py:273} INFO - 1 downstream tasks scheduled from follow-on schedule check
[2022-12-12 12:36:21,503] {taskinstance.py:1159} INFO - Dependencies all met for <TaskInstance: prepare_data.create_table scheduled__2022-11-28T19:39:00+00:00 [queued]>
[2022-12-12 12:36:21,669] {taskinstance.py:1159} INFO - Dependencies all met for <TaskInstance: prepare_data.create_table scheduled__2022-11-28T19:39:00+00:00 [queued]>
[2022-12-12 12:36:21,669] {taskinstance.py:1356} INFO - 
--------------------------------------------------------------------------------
[2022-12-12 12:36:21,670] {taskinstance.py:1357} INFO - Starting attempt 1 of 1
[2022-12-12 12:36:21,670] {taskinstance.py:1358} INFO - 
--------------------------------------------------------------------------------
[2022-12-12 12:36:21,836] {taskinstance.py:1377} INFO - Executing <Task(PostgresOperator): create_table> on 2022-11-28 19:39:00+00:00
[2022-12-12 12:36:21,869] {standard_task_runner.py:52} INFO - Started process 685 to run task
[2022-12-12 12:36:21,917] {standard_task_runner.py:79} INFO - Running: ['airflow', 'tasks', 'run', 'prepare_data', 'create_table', 'scheduled__2022-11-28T19:39:00+00:00', '--job-id', '187', '--raw', '--subdir', 'DAGS_FOLDER/prepare_data.py', '--cfg-path', '/tmp/tmppf0gpmah', '--error-file', '/tmp/tmpeeic8ik7']
[2022-12-12 12:36:21,946] {standard_task_runner.py:80} INFO - Job 187: Subtask create_table
[2022-12-12 12:36:22,719] {task_command.py:369} INFO - Running <TaskInstance: prepare_data.create_table scheduled__2022-11-28T19:39:00+00:00 [running]> on host b778137d8ea6
[2022-12-12 12:36:23,175] {taskinstance.py:1571} INFO - Exporting the following env vars:
AIRFLOW_CTX_DAG_OWNER=airflow
AIRFLOW_CTX_DAG_ID=prepare_data
AIRFLOW_CTX_TASK_ID=create_table
AIRFLOW_CTX_EXECUTION_DATE=2022-11-28T19:39:00+00:00
AIRFLOW_CTX_TRY_NUMBER=1
AIRFLOW_CTX_DAG_RUN_ID=scheduled__2022-11-28T19:39:00+00:00
[2022-12-12 12:36:23,253] {taskinstance.py:1889} ERROR - Task failed with exception
Traceback (most recent call last):
  File "/home/airflow/.local/lib/python3.7/site-packages/airflow/providers/postgres/operators/postgres.py", line 92, in execute
    self.hook.run(self.sql, self.autocommit, parameters=self.parameters)
  File "/home/airflow/.local/lib/python3.7/site-packages/airflow/hooks/dbapi.py", line 181, in run
    with closing(self.get_conn()) as conn:
  File "/home/airflow/.local/lib/python3.7/site-packages/airflow/providers/postgres/hooks/postgres.py", line 86, in get_conn
    conn = deepcopy(self.connection or self.get_connection(conn_id))
  File "/home/airflow/.local/lib/python3.7/site-packages/airflow/hooks/base.py", line 67, in get_connection
    conn = Connection.get_connection_from_secrets(conn_id)
  File "/home/airflow/.local/lib/python3.7/site-packages/airflow/models/connection.py", line 430, in get_connection_from_secrets
    raise AirflowNotFoundException(f"The conn_id `{conn_id}` isn't defined")
airflow.exceptions.AirflowNotFoundException: The conn_id `postgres_default` isn't defined
[2022-12-12 12:36:23,263] {taskinstance.py:1400} INFO - Marking task as FAILED. dag_id=prepare_data, task_id=create_table, execution_date=20221128T193900, start_date=20221212T123621, end_date=20221212T123623
[2022-12-12 12:36:23,300] {standard_task_runner.py:97} ERROR - Failed to execute job 187 for task create_table (The conn_id `postgres_default` isn't defined; 685)
[2022-12-12 12:36:23,345] {local_task_job.py:156} INFO - Task exited with return code 1
[2022-12-12 12:36:23,421] {local_task_job.py:273} INFO - 0 downstream tasks scheduled from follow-on schedule check
