[2022-12-12 13:01:40,986] {taskinstance.py:1159} INFO - Dependencies all met for <TaskInstance: prepare_data.transfer_data scheduled__2022-11-28T23:01:00+00:00 [queued]>
[2022-12-12 13:01:41,471] {taskinstance.py:1159} INFO - Dependencies all met for <TaskInstance: prepare_data.transfer_data scheduled__2022-11-28T23:01:00+00:00 [queued]>
[2022-12-12 13:01:41,471] {taskinstance.py:1356} INFO - 
--------------------------------------------------------------------------------
[2022-12-12 13:01:41,471] {taskinstance.py:1357} INFO - Starting attempt 1 of 1
[2022-12-12 13:01:41,471] {taskinstance.py:1358} INFO - 
--------------------------------------------------------------------------------
[2022-12-12 13:01:41,840] {taskinstance.py:1377} INFO - Executing <Task(PythonOperator): transfer_data> on 2022-11-28 23:01:00+00:00
[2022-12-12 13:01:41,896] {standard_task_runner.py:52} INFO - Started process 1614 to run task
[2022-12-12 13:01:41,991] {standard_task_runner.py:79} INFO - Running: ['airflow', 'tasks', 'run', 'prepare_data', 'transfer_data', 'scheduled__2022-11-28T23:01:00+00:00', '--job-id', '550', '--raw', '--subdir', 'DAGS_FOLDER/prepare_data.py', '--cfg-path', '/tmp/tmp74n12e24', '--error-file', '/tmp/tmpvigxvdd6']
[2022-12-12 13:01:42,014] {standard_task_runner.py:80} INFO - Job 550: Subtask transfer_data
[2022-12-12 13:01:43,010] {task_command.py:369} INFO - Running <TaskInstance: prepare_data.transfer_data scheduled__2022-11-28T23:01:00+00:00 [running]> on host b778137d8ea6
[2022-12-12 13:01:44,731] {taskinstance.py:1571} INFO - Exporting the following env vars:
AIRFLOW_CTX_DAG_OWNER=airflow
AIRFLOW_CTX_DAG_ID=prepare_data
AIRFLOW_CTX_TASK_ID=transfer_data
AIRFLOW_CTX_EXECUTION_DATE=2022-11-28T23:01:00+00:00
AIRFLOW_CTX_TRY_NUMBER=1
AIRFLOW_CTX_DAG_RUN_ID=scheduled__2022-11-28T23:01:00+00:00
[2022-12-12 13:01:44,857] {base.py:68} INFO - Using connection ID 'postgres_default' for task execution.
[2022-12-12 13:01:45,176] {python.py:173} INFO - Done. Returned value was: None
[2022-12-12 13:01:45,345] {taskinstance.py:1400} INFO - Marking task as SUCCESS. dag_id=prepare_data, task_id=transfer_data, execution_date=20221128T230100, start_date=20221212T130140, end_date=20221212T130145
[2022-12-12 13:01:45,679] {local_task_job.py:156} INFO - Task exited with return code 0
[2022-12-12 13:01:46,731] {local_task_job.py:273} INFO - 0 downstream tasks scheduled from follow-on schedule check
