[2022-12-12 13:17:44,533] {taskinstance.py:1159} INFO - Dependencies all met for <TaskInstance: prepare_data.get_last_id scheduled__2022-11-29T00:24:00+00:00 [queued]>
[2022-12-12 13:17:44,977] {taskinstance.py:1159} INFO - Dependencies all met for <TaskInstance: prepare_data.get_last_id scheduled__2022-11-29T00:24:00+00:00 [queued]>
[2022-12-12 13:17:44,978] {taskinstance.py:1356} INFO - 
--------------------------------------------------------------------------------
[2022-12-12 13:17:44,978] {taskinstance.py:1357} INFO - Starting attempt 1 of 1
[2022-12-12 13:17:44,978] {taskinstance.py:1358} INFO - 
--------------------------------------------------------------------------------
[2022-12-12 13:17:46,162] {taskinstance.py:1377} INFO - Executing <Task(PythonOperator): get_last_id> on 2022-11-29 00:24:00+00:00
[2022-12-12 13:17:46,264] {standard_task_runner.py:52} INFO - Started process 2330 to run task
[2022-12-12 13:17:46,327] {standard_task_runner.py:79} INFO - Running: ['airflow', 'tasks', 'run', 'prepare_data', 'get_last_id', 'scheduled__2022-11-29T00:24:00+00:00', '--job-id', '840', '--raw', '--subdir', 'DAGS_FOLDER/prepare_data.py', '--cfg-path', '/tmp/tmpl20w5htt', '--error-file', '/tmp/tmpaoi_hbco']
[2022-12-12 13:17:46,414] {standard_task_runner.py:80} INFO - Job 840: Subtask get_last_id
[2022-12-12 13:17:48,879] {task_command.py:369} INFO - Running <TaskInstance: prepare_data.get_last_id scheduled__2022-11-29T00:24:00+00:00 [running]> on host b778137d8ea6
[2022-12-12 13:17:54,480] {taskinstance.py:1571} INFO - Exporting the following env vars:
AIRFLOW_CTX_DAG_OWNER=airflow
AIRFLOW_CTX_DAG_ID=prepare_data
AIRFLOW_CTX_TASK_ID=get_last_id
AIRFLOW_CTX_EXECUTION_DATE=2022-11-29T00:24:00+00:00
AIRFLOW_CTX_TRY_NUMBER=1
AIRFLOW_CTX_DAG_RUN_ID=scheduled__2022-11-29T00:24:00+00:00
[2022-12-12 13:17:54,812] {base.py:68} INFO - Using connection ID 'postgres_default' for task execution.
[2022-12-12 13:17:55,095] {python.py:173} INFO - Done. Returned value was: None
[2022-12-12 13:17:55,279] {taskinstance.py:1400} INFO - Marking task as SUCCESS. dag_id=prepare_data, task_id=get_last_id, execution_date=20221129T002400, start_date=20221212T131744, end_date=20221212T131755
[2022-12-12 13:17:55,663] {local_task_job.py:156} INFO - Task exited with return code 0
[2022-12-12 13:17:56,411] {local_task_job.py:273} INFO - 1 downstream tasks scheduled from follow-on schedule check
