[2022-12-03 15:08:55,214] {taskinstance.py:1159} INFO - Dependencies all met for <TaskInstance: prepare_data.transfer_data scheduled__2022-11-28T19:34:00+00:00 [queued]>
[2022-12-03 15:08:55,544] {taskinstance.py:1159} INFO - Dependencies all met for <TaskInstance: prepare_data.transfer_data scheduled__2022-11-28T19:34:00+00:00 [queued]>
[2022-12-03 15:08:55,545] {taskinstance.py:1356} INFO - 
--------------------------------------------------------------------------------
[2022-12-03 15:08:55,545] {taskinstance.py:1357} INFO - Starting attempt 1 of 1
[2022-12-03 15:08:55,545] {taskinstance.py:1358} INFO - 
--------------------------------------------------------------------------------
[2022-12-03 15:08:56,377] {taskinstance.py:1377} INFO - Executing <Task(PythonOperator): transfer_data> on 2022-11-28 19:34:00+00:00
[2022-12-03 15:08:56,543] {standard_task_runner.py:52} INFO - Started process 1179 to run task
[2022-12-03 15:08:56,650] {standard_task_runner.py:79} INFO - Running: ['airflow', 'tasks', 'run', 'prepare_data', 'transfer_data', 'scheduled__2022-11-28T19:34:00+00:00', '--job-id', '360', '--raw', '--subdir', 'DAGS_FOLDER/prepare_data.py', '--cfg-path', '/tmp/tmp812y4pn4', '--error-file', '/tmp/tmpg75o6srj']
[2022-12-03 15:08:56,711] {standard_task_runner.py:80} INFO - Job 360: Subtask transfer_data
[2022-12-03 15:08:59,383] {task_command.py:369} INFO - Running <TaskInstance: prepare_data.transfer_data scheduled__2022-11-28T19:34:00+00:00 [running]> on host b41792e8e843
[2022-12-03 15:09:04,942] {taskinstance.py:1571} INFO - Exporting the following env vars:
AIRFLOW_CTX_DAG_OWNER=airflow
AIRFLOW_CTX_DAG_ID=prepare_data
AIRFLOW_CTX_TASK_ID=transfer_data
AIRFLOW_CTX_EXECUTION_DATE=2022-11-28T19:34:00+00:00
AIRFLOW_CTX_TRY_NUMBER=1
AIRFLOW_CTX_DAG_RUN_ID=scheduled__2022-11-28T19:34:00+00:00
[2022-12-03 15:09:05,556] {base.py:68} INFO - Using connection ID 'postgres_default' for task execution.
[2022-12-03 15:09:07,669] {python.py:173} INFO - Done. Returned value was: None
[2022-12-03 15:09:08,419] {taskinstance.py:1400} INFO - Marking task as SUCCESS. dag_id=prepare_data, task_id=transfer_data, execution_date=20221128T193400, start_date=20221203T150855, end_date=20221203T150908
[2022-12-03 15:09:10,491] {local_task_job.py:156} INFO - Task exited with return code 0
[2022-12-03 15:09:12,212] {local_task_job.py:273} INFO - 0 downstream tasks scheduled from follow-on schedule check
