[2022-12-03 14:46:42,327] {taskinstance.py:1159} INFO - Dependencies all met for <TaskInstance: prepare_data.create_table scheduled__2022-11-28T17:33:00+00:00 [queued]>
[2022-12-03 14:46:42,510] {taskinstance.py:1159} INFO - Dependencies all met for <TaskInstance: prepare_data.create_table scheduled__2022-11-28T17:33:00+00:00 [queued]>
[2022-12-03 14:46:42,510] {taskinstance.py:1356} INFO - 
--------------------------------------------------------------------------------
[2022-12-03 14:46:42,510] {taskinstance.py:1357} INFO - Starting attempt 1 of 1
[2022-12-03 14:46:42,511] {taskinstance.py:1358} INFO - 
--------------------------------------------------------------------------------
[2022-12-03 14:46:42,820] {taskinstance.py:1377} INFO - Executing <Task(PostgresOperator): create_table> on 2022-11-28 17:33:00+00:00
[2022-12-03 14:46:42,870] {standard_task_runner.py:52} INFO - Started process 400 to run task
[2022-12-03 14:46:42,946] {standard_task_runner.py:79} INFO - Running: ['airflow', 'tasks', 'run', 'prepare_data', 'create_table', 'scheduled__2022-11-28T17:33:00+00:00', '--job-id', '61', '--raw', '--subdir', 'DAGS_FOLDER/prepare_data.py', '--cfg-path', '/tmp/tmps_nj19aa', '--error-file', '/tmp/tmpu1puaya7']
[2022-12-03 14:46:42,967] {standard_task_runner.py:80} INFO - Job 61: Subtask create_table
[2022-12-03 14:46:43,689] {task_command.py:369} INFO - Running <TaskInstance: prepare_data.create_table scheduled__2022-11-28T17:33:00+00:00 [running]> on host b41792e8e843
[2022-12-03 14:46:44,806] {taskinstance.py:1571} INFO - Exporting the following env vars:
AIRFLOW_CTX_DAG_OWNER=airflow
AIRFLOW_CTX_DAG_ID=prepare_data
AIRFLOW_CTX_TASK_ID=create_table
AIRFLOW_CTX_EXECUTION_DATE=2022-11-28T17:33:00+00:00
AIRFLOW_CTX_TRY_NUMBER=1
AIRFLOW_CTX_DAG_RUN_ID=scheduled__2022-11-28T17:33:00+00:00
[2022-12-03 14:46:45,119] {taskinstance.py:1889} ERROR - Task failed with exception
Traceback (most recent call last):
  File "/home/airflow/.local/lib/python3.7/site-packages/airflow/providers/postgres/operators/postgres.py", line 92, in execute
    self.hook.run(self.sql, self.autocommit, parameters=self.parameters)
  File "/home/airflow/.local/lib/python3.7/site-packages/airflow/hooks/dbapi.py", line 181, in run
    with closing(self.get_conn()) as conn:
  File "/home/airflow/.local/lib/python3.7/site-packages/airflow/providers/postgres/hooks/postgres.py", line 86, in get_conn
    conn = deepcopy(self.connection or self.get_connection(conn_id))
  File "/home/airflow/.local/lib/python3.7/site-packages/airflow/hooks/base.py", line 67, in get_connection
    conn = Connection.get_connection_from_secrets(conn_id)
  File "/home/airflow/.local/lib/python3.7/site-packages/airflow/models/connection.py", line 430, in get_connection_from_secrets
    raise AirflowNotFoundException(f"The conn_id `{conn_id}` isn't defined")
airflow.exceptions.AirflowNotFoundException: The conn_id `postgres_default` isn't defined
[2022-12-03 14:46:45,205] {taskinstance.py:1400} INFO - Marking task as FAILED. dag_id=prepare_data, task_id=create_table, execution_date=20221128T173300, start_date=20221203T144642, end_date=20221203T144645
[2022-12-03 14:46:45,402] {standard_task_runner.py:97} ERROR - Failed to execute job 61 for task create_table (The conn_id `postgres_default` isn't defined; 400)
[2022-12-03 14:46:45,449] {local_task_job.py:156} INFO - Task exited with return code 1
[2022-12-03 14:46:46,740] {local_task_job.py:273} INFO - 0 downstream tasks scheduled from follow-on schedule check
[2022-12-12 12:32:13,804] {taskinstance.py:1159} INFO - Dependencies all met for <TaskInstance: prepare_data.create_table scheduled__2022-11-28T17:33:00+00:00 [queued]>
[2022-12-12 12:32:14,244] {taskinstance.py:1159} INFO - Dependencies all met for <TaskInstance: prepare_data.create_table scheduled__2022-11-28T17:33:00+00:00 [queued]>
[2022-12-12 12:32:14,245] {taskinstance.py:1356} INFO - 
--------------------------------------------------------------------------------
[2022-12-12 12:32:14,245] {taskinstance.py:1357} INFO - Starting attempt 1 of 1
[2022-12-12 12:32:14,245] {taskinstance.py:1358} INFO - 
--------------------------------------------------------------------------------
[2022-12-12 12:32:14,533] {taskinstance.py:1377} INFO - Executing <Task(PostgresOperator): create_table> on 2022-11-28 17:33:00+00:00
[2022-12-12 12:32:14,576] {standard_task_runner.py:52} INFO - Started process 395 to run task
[2022-12-12 12:32:14,665] {standard_task_runner.py:79} INFO - Running: ['airflow', 'tasks', 'run', 'prepare_data', 'create_table', 'scheduled__2022-11-28T17:33:00+00:00', '--job-id', '61', '--raw', '--subdir', 'DAGS_FOLDER/prepare_data.py', '--cfg-path', '/tmp/tmp533ey7cl', '--error-file', '/tmp/tmpiled7wbi']
[2022-12-12 12:32:14,715] {standard_task_runner.py:80} INFO - Job 61: Subtask create_table
[2022-12-12 12:32:16,208] {task_command.py:369} INFO - Running <TaskInstance: prepare_data.create_table scheduled__2022-11-28T17:33:00+00:00 [running]> on host b778137d8ea6
[2022-12-12 12:32:18,217] {taskinstance.py:1571} INFO - Exporting the following env vars:
AIRFLOW_CTX_DAG_OWNER=airflow
AIRFLOW_CTX_DAG_ID=prepare_data
AIRFLOW_CTX_TASK_ID=create_table
AIRFLOW_CTX_EXECUTION_DATE=2022-11-28T17:33:00+00:00
AIRFLOW_CTX_TRY_NUMBER=1
AIRFLOW_CTX_DAG_RUN_ID=scheduled__2022-11-28T17:33:00+00:00
[2022-12-12 12:32:18,530] {taskinstance.py:1889} ERROR - Task failed with exception
Traceback (most recent call last):
  File "/home/airflow/.local/lib/python3.7/site-packages/airflow/providers/postgres/operators/postgres.py", line 92, in execute
    self.hook.run(self.sql, self.autocommit, parameters=self.parameters)
  File "/home/airflow/.local/lib/python3.7/site-packages/airflow/hooks/dbapi.py", line 181, in run
    with closing(self.get_conn()) as conn:
  File "/home/airflow/.local/lib/python3.7/site-packages/airflow/providers/postgres/hooks/postgres.py", line 86, in get_conn
    conn = deepcopy(self.connection or self.get_connection(conn_id))
  File "/home/airflow/.local/lib/python3.7/site-packages/airflow/hooks/base.py", line 67, in get_connection
    conn = Connection.get_connection_from_secrets(conn_id)
  File "/home/airflow/.local/lib/python3.7/site-packages/airflow/models/connection.py", line 430, in get_connection_from_secrets
    raise AirflowNotFoundException(f"The conn_id `{conn_id}` isn't defined")
airflow.exceptions.AirflowNotFoundException: The conn_id `postgres_default` isn't defined
[2022-12-12 12:32:18,588] {taskinstance.py:1400} INFO - Marking task as FAILED. dag_id=prepare_data, task_id=create_table, execution_date=20221128T173300, start_date=20221212T123213, end_date=20221212T123218
[2022-12-12 12:32:18,701] {standard_task_runner.py:97} ERROR - Failed to execute job 61 for task create_table (The conn_id `postgres_default` isn't defined; 395)
[2022-12-12 12:32:18,774] {local_task_job.py:156} INFO - Task exited with return code 1
[2022-12-12 12:32:19,181] {local_task_job.py:273} INFO - 0 downstream tasks scheduled from follow-on schedule check
