[2022-12-03 15:02:55,772] {taskinstance.py:1159} INFO - Dependencies all met for <TaskInstance: prepare_data.create_table scheduled__2022-11-28T19:10:00+00:00 [queued]>
[2022-12-03 15:02:56,611] {taskinstance.py:1159} INFO - Dependencies all met for <TaskInstance: prepare_data.create_table scheduled__2022-11-28T19:10:00+00:00 [queued]>
[2022-12-03 15:02:56,611] {taskinstance.py:1356} INFO - 
--------------------------------------------------------------------------------
[2022-12-03 15:02:56,612] {taskinstance.py:1357} INFO - Starting attempt 1 of 1
[2022-12-03 15:02:56,612] {taskinstance.py:1358} INFO - 
--------------------------------------------------------------------------------
[2022-12-03 15:02:57,732] {taskinstance.py:1377} INFO - Executing <Task(PostgresOperator): create_table> on 2022-11-28 19:10:00+00:00
[2022-12-03 15:02:58,119] {standard_task_runner.py:52} INFO - Started process 949 to run task
[2022-12-03 15:02:58,499] {standard_task_runner.py:79} INFO - Running: ['airflow', 'tasks', 'run', 'prepare_data', 'create_table', 'scheduled__2022-11-28T19:10:00+00:00', '--job-id', '272', '--raw', '--subdir', 'DAGS_FOLDER/prepare_data.py', '--cfg-path', '/tmp/tmpc75unt3x', '--error-file', '/tmp/tmppntme2fg']
[2022-12-03 15:02:58,717] {standard_task_runner.py:80} INFO - Job 272: Subtask create_table
[2022-12-03 15:03:03,662] {task_command.py:369} INFO - Running <TaskInstance: prepare_data.create_table scheduled__2022-11-28T19:10:00+00:00 [running]> on host b41792e8e843
[2022-12-03 15:03:07,929] {taskinstance.py:1571} INFO - Exporting the following env vars:
AIRFLOW_CTX_DAG_OWNER=airflow
AIRFLOW_CTX_DAG_ID=prepare_data
AIRFLOW_CTX_TASK_ID=create_table
AIRFLOW_CTX_EXECUTION_DATE=2022-11-28T19:10:00+00:00
AIRFLOW_CTX_TRY_NUMBER=1
AIRFLOW_CTX_DAG_RUN_ID=scheduled__2022-11-28T19:10:00+00:00
[2022-12-03 15:03:08,362] {base.py:68} INFO - Using connection ID 'postgres_default' for task execution.
[2022-12-03 15:03:08,446] {dbapi.py:208} INFO - Running statement: CREATE TABLE IF NOT EXISTS prepared_data (
	id SERIAL,
	sensor_id BIGINT,
	longitude FLOAT,
	latitude FLOAT,
	controller_id BIGINT,
	datetime TIMESTAMP WITH TIME ZONE,
	temperature INTEGER
);, parameters: None
[2022-12-03 15:03:08,497] {postgres.py:94} INFO - NOTICE:  relation "prepared_data" already exists, skipping

[2022-12-03 15:03:08,959] {taskinstance.py:1400} INFO - Marking task as SUCCESS. dag_id=prepare_data, task_id=create_table, execution_date=20221128T191000, start_date=20221203T150255, end_date=20221203T150308
[2022-12-03 15:03:09,370] {local_task_job.py:156} INFO - Task exited with return code 0
[2022-12-03 15:03:10,545] {local_task_job.py:273} INFO - 1 downstream tasks scheduled from follow-on schedule check
[2022-12-12 12:35:30,293] {taskinstance.py:1159} INFO - Dependencies all met for <TaskInstance: prepare_data.create_table scheduled__2022-11-28T19:10:00+00:00 [queued]>
[2022-12-12 12:35:30,612] {taskinstance.py:1159} INFO - Dependencies all met for <TaskInstance: prepare_data.create_table scheduled__2022-11-28T19:10:00+00:00 [queued]>
[2022-12-12 12:35:30,612] {taskinstance.py:1356} INFO - 
--------------------------------------------------------------------------------
[2022-12-12 12:35:30,612] {taskinstance.py:1357} INFO - Starting attempt 1 of 1
[2022-12-12 12:35:30,612] {taskinstance.py:1358} INFO - 
--------------------------------------------------------------------------------
[2022-12-12 12:35:30,998] {taskinstance.py:1377} INFO - Executing <Task(PostgresOperator): create_table> on 2022-11-28 19:10:00+00:00
[2022-12-12 12:35:31,006] {standard_task_runner.py:52} INFO - Started process 618 to run task
[2022-12-12 12:35:31,071] {standard_task_runner.py:79} INFO - Running: ['airflow', 'tasks', 'run', 'prepare_data', 'create_table', 'scheduled__2022-11-28T19:10:00+00:00', '--job-id', '158', '--raw', '--subdir', 'DAGS_FOLDER/prepare_data.py', '--cfg-path', '/tmp/tmp0mrk29qn', '--error-file', '/tmp/tmpay2yxoei']
[2022-12-12 12:35:31,072] {standard_task_runner.py:80} INFO - Job 158: Subtask create_table
[2022-12-12 12:35:31,926] {task_command.py:369} INFO - Running <TaskInstance: prepare_data.create_table scheduled__2022-11-28T19:10:00+00:00 [running]> on host b778137d8ea6
[2022-12-12 12:35:32,981] {taskinstance.py:1571} INFO - Exporting the following env vars:
AIRFLOW_CTX_DAG_OWNER=airflow
AIRFLOW_CTX_DAG_ID=prepare_data
AIRFLOW_CTX_TASK_ID=create_table
AIRFLOW_CTX_EXECUTION_DATE=2022-11-28T19:10:00+00:00
AIRFLOW_CTX_TRY_NUMBER=1
AIRFLOW_CTX_DAG_RUN_ID=scheduled__2022-11-28T19:10:00+00:00
[2022-12-12 12:35:33,104] {taskinstance.py:1889} ERROR - Task failed with exception
Traceback (most recent call last):
  File "/home/airflow/.local/lib/python3.7/site-packages/airflow/providers/postgres/operators/postgres.py", line 92, in execute
    self.hook.run(self.sql, self.autocommit, parameters=self.parameters)
  File "/home/airflow/.local/lib/python3.7/site-packages/airflow/hooks/dbapi.py", line 181, in run
    with closing(self.get_conn()) as conn:
  File "/home/airflow/.local/lib/python3.7/site-packages/airflow/providers/postgres/hooks/postgres.py", line 86, in get_conn
    conn = deepcopy(self.connection or self.get_connection(conn_id))
  File "/home/airflow/.local/lib/python3.7/site-packages/airflow/hooks/base.py", line 67, in get_connection
    conn = Connection.get_connection_from_secrets(conn_id)
  File "/home/airflow/.local/lib/python3.7/site-packages/airflow/models/connection.py", line 430, in get_connection_from_secrets
    raise AirflowNotFoundException(f"The conn_id `{conn_id}` isn't defined")
airflow.exceptions.AirflowNotFoundException: The conn_id `postgres_default` isn't defined
[2022-12-12 12:35:33,132] {taskinstance.py:1400} INFO - Marking task as FAILED. dag_id=prepare_data, task_id=create_table, execution_date=20221128T191000, start_date=20221212T123530, end_date=20221212T123533
[2022-12-12 12:35:33,197] {standard_task_runner.py:97} ERROR - Failed to execute job 158 for task create_table (The conn_id `postgres_default` isn't defined; 618)
[2022-12-12 12:35:33,253] {local_task_job.py:156} INFO - Task exited with return code 1
[2022-12-12 12:35:33,558] {local_task_job.py:273} INFO - 0 downstream tasks scheduled from follow-on schedule check
