[2022-12-12 12:45:54,658] {taskinstance.py:1159} INFO - Dependencies all met for <TaskInstance: prepare_data.get_last_id scheduled__2022-11-28T22:11:00+00:00 [queued]>
[2022-12-12 12:45:55,020] {taskinstance.py:1159} INFO - Dependencies all met for <TaskInstance: prepare_data.get_last_id scheduled__2022-11-28T22:11:00+00:00 [queued]>
[2022-12-12 12:45:55,020] {taskinstance.py:1356} INFO - 
--------------------------------------------------------------------------------
[2022-12-12 12:45:55,020] {taskinstance.py:1357} INFO - Starting attempt 1 of 1
[2022-12-12 12:45:55,020] {taskinstance.py:1358} INFO - 
--------------------------------------------------------------------------------
[2022-12-12 12:45:55,481] {taskinstance.py:1377} INFO - Executing <Task(PythonOperator): get_last_id> on 2022-11-28 22:11:00+00:00
[2022-12-12 12:45:55,591] {standard_task_runner.py:52} INFO - Started process 1077 to run task
[2022-12-12 12:45:55,698] {standard_task_runner.py:79} INFO - Running: ['airflow', 'tasks', 'run', 'prepare_data', 'get_last_id', 'scheduled__2022-11-28T22:11:00+00:00', '--job-id', '343', '--raw', '--subdir', 'DAGS_FOLDER/prepare_data.py', '--cfg-path', '/tmp/tmplswgc7ud', '--error-file', '/tmp/tmpu4oa0ctl']
[2022-12-12 12:45:55,735] {standard_task_runner.py:80} INFO - Job 343: Subtask get_last_id
[2022-12-12 12:45:56,998] {task_command.py:369} INFO - Running <TaskInstance: prepare_data.get_last_id scheduled__2022-11-28T22:11:00+00:00 [running]> on host b778137d8ea6
[2022-12-12 12:45:59,069] {taskinstance.py:1571} INFO - Exporting the following env vars:
AIRFLOW_CTX_DAG_OWNER=airflow
AIRFLOW_CTX_DAG_ID=prepare_data
AIRFLOW_CTX_TASK_ID=get_last_id
AIRFLOW_CTX_EXECUTION_DATE=2022-11-28T22:11:00+00:00
AIRFLOW_CTX_TRY_NUMBER=1
AIRFLOW_CTX_DAG_RUN_ID=scheduled__2022-11-28T22:11:00+00:00
[2022-12-12 12:45:59,489] {base.py:68} INFO - Using connection ID 'postgres_default' for task execution.
[2022-12-12 12:46:01,157] {python.py:173} INFO - Done. Returned value was: None
[2022-12-12 12:46:01,989] {taskinstance.py:1400} INFO - Marking task as SUCCESS. dag_id=prepare_data, task_id=get_last_id, execution_date=20221128T221100, start_date=20221212T124554, end_date=20221212T124601
[2022-12-12 12:46:02,804] {local_task_job.py:156} INFO - Task exited with return code 0
[2022-12-12 12:46:03,955] {local_task_job.py:273} INFO - 1 downstream tasks scheduled from follow-on schedule check
