[2022-12-03 14:47:26,241] {taskinstance.py:1159} INFO - Dependencies all met for <TaskInstance: prepare_data.create_table scheduled__2022-11-28T17:47:00+00:00 [queued]>
[2022-12-03 14:47:26,441] {taskinstance.py:1159} INFO - Dependencies all met for <TaskInstance: prepare_data.create_table scheduled__2022-11-28T17:47:00+00:00 [queued]>
[2022-12-03 14:47:26,441] {taskinstance.py:1356} INFO - 
--------------------------------------------------------------------------------
[2022-12-03 14:47:26,441] {taskinstance.py:1357} INFO - Starting attempt 1 of 1
[2022-12-03 14:47:26,441] {taskinstance.py:1358} INFO - 
--------------------------------------------------------------------------------
[2022-12-03 14:47:26,559] {taskinstance.py:1377} INFO - Executing <Task(PostgresOperator): create_table> on 2022-11-28 17:47:00+00:00
[2022-12-03 14:47:26,632] {standard_task_runner.py:52} INFO - Started process 436 to run task
[2022-12-03 14:47:26,756] {standard_task_runner.py:79} INFO - Running: ['airflow', 'tasks', 'run', 'prepare_data', 'create_table', 'scheduled__2022-11-28T17:47:00+00:00', '--job-id', '75', '--raw', '--subdir', 'DAGS_FOLDER/prepare_data.py', '--cfg-path', '/tmp/tmp9uz_v7t0', '--error-file', '/tmp/tmpfmxl9oi6']
[2022-12-03 14:47:26,779] {standard_task_runner.py:80} INFO - Job 75: Subtask create_table
[2022-12-03 14:47:27,536] {task_command.py:369} INFO - Running <TaskInstance: prepare_data.create_table scheduled__2022-11-28T17:47:00+00:00 [running]> on host b41792e8e843
[2022-12-03 14:47:28,417] {taskinstance.py:1571} INFO - Exporting the following env vars:
AIRFLOW_CTX_DAG_OWNER=airflow
AIRFLOW_CTX_DAG_ID=prepare_data
AIRFLOW_CTX_TASK_ID=create_table
AIRFLOW_CTX_EXECUTION_DATE=2022-11-28T17:47:00+00:00
AIRFLOW_CTX_TRY_NUMBER=1
AIRFLOW_CTX_DAG_RUN_ID=scheduled__2022-11-28T17:47:00+00:00
[2022-12-03 14:47:28,604] {taskinstance.py:1889} ERROR - Task failed with exception
Traceback (most recent call last):
  File "/home/airflow/.local/lib/python3.7/site-packages/airflow/providers/postgres/operators/postgres.py", line 92, in execute
    self.hook.run(self.sql, self.autocommit, parameters=self.parameters)
  File "/home/airflow/.local/lib/python3.7/site-packages/airflow/hooks/dbapi.py", line 181, in run
    with closing(self.get_conn()) as conn:
  File "/home/airflow/.local/lib/python3.7/site-packages/airflow/providers/postgres/hooks/postgres.py", line 86, in get_conn
    conn = deepcopy(self.connection or self.get_connection(conn_id))
  File "/home/airflow/.local/lib/python3.7/site-packages/airflow/hooks/base.py", line 67, in get_connection
    conn = Connection.get_connection_from_secrets(conn_id)
  File "/home/airflow/.local/lib/python3.7/site-packages/airflow/models/connection.py", line 430, in get_connection_from_secrets
    raise AirflowNotFoundException(f"The conn_id `{conn_id}` isn't defined")
airflow.exceptions.AirflowNotFoundException: The conn_id `postgres_default` isn't defined
[2022-12-03 14:47:28,655] {taskinstance.py:1400} INFO - Marking task as FAILED. dag_id=prepare_data, task_id=create_table, execution_date=20221128T174700, start_date=20221203T144726, end_date=20221203T144728
[2022-12-03 14:47:28,769] {standard_task_runner.py:97} ERROR - Failed to execute job 75 for task create_table (The conn_id `postgres_default` isn't defined; 436)
[2022-12-03 14:47:28,842] {local_task_job.py:156} INFO - Task exited with return code 1
[2022-12-03 14:47:29,050] {local_task_job.py:273} INFO - 0 downstream tasks scheduled from follow-on schedule check
[2022-12-12 12:32:47,586] {taskinstance.py:1159} INFO - Dependencies all met for <TaskInstance: prepare_data.create_table scheduled__2022-11-28T17:47:00+00:00 [queued]>
[2022-12-12 12:32:47,870] {taskinstance.py:1159} INFO - Dependencies all met for <TaskInstance: prepare_data.create_table scheduled__2022-11-28T17:47:00+00:00 [queued]>
[2022-12-12 12:32:47,870] {taskinstance.py:1356} INFO - 
--------------------------------------------------------------------------------
[2022-12-12 12:32:47,870] {taskinstance.py:1357} INFO - Starting attempt 1 of 1
[2022-12-12 12:32:47,871] {taskinstance.py:1358} INFO - 
--------------------------------------------------------------------------------
[2022-12-12 12:32:48,171] {taskinstance.py:1377} INFO - Executing <Task(PostgresOperator): create_table> on 2022-11-28 17:47:00+00:00
[2022-12-12 12:32:48,234] {standard_task_runner.py:52} INFO - Started process 428 to run task
[2022-12-12 12:32:48,297] {standard_task_runner.py:79} INFO - Running: ['airflow', 'tasks', 'run', 'prepare_data', 'create_table', 'scheduled__2022-11-28T17:47:00+00:00', '--job-id', '75', '--raw', '--subdir', 'DAGS_FOLDER/prepare_data.py', '--cfg-path', '/tmp/tmp5uktin6d', '--error-file', '/tmp/tmphuuf31y8']
[2022-12-12 12:32:48,351] {standard_task_runner.py:80} INFO - Job 75: Subtask create_table
[2022-12-12 12:32:49,538] {task_command.py:369} INFO - Running <TaskInstance: prepare_data.create_table scheduled__2022-11-28T17:47:00+00:00 [running]> on host b778137d8ea6
[2022-12-12 12:32:50,836] {taskinstance.py:1571} INFO - Exporting the following env vars:
AIRFLOW_CTX_DAG_OWNER=airflow
AIRFLOW_CTX_DAG_ID=prepare_data
AIRFLOW_CTX_TASK_ID=create_table
AIRFLOW_CTX_EXECUTION_DATE=2022-11-28T17:47:00+00:00
AIRFLOW_CTX_TRY_NUMBER=1
AIRFLOW_CTX_DAG_RUN_ID=scheduled__2022-11-28T17:47:00+00:00
[2022-12-12 12:32:51,656] {taskinstance.py:1889} ERROR - Task failed with exception
Traceback (most recent call last):
  File "/home/airflow/.local/lib/python3.7/site-packages/airflow/providers/postgres/operators/postgres.py", line 92, in execute
    self.hook.run(self.sql, self.autocommit, parameters=self.parameters)
  File "/home/airflow/.local/lib/python3.7/site-packages/airflow/hooks/dbapi.py", line 181, in run
    with closing(self.get_conn()) as conn:
  File "/home/airflow/.local/lib/python3.7/site-packages/airflow/providers/postgres/hooks/postgres.py", line 86, in get_conn
    conn = deepcopy(self.connection or self.get_connection(conn_id))
  File "/home/airflow/.local/lib/python3.7/site-packages/airflow/hooks/base.py", line 67, in get_connection
    conn = Connection.get_connection_from_secrets(conn_id)
  File "/home/airflow/.local/lib/python3.7/site-packages/airflow/models/connection.py", line 430, in get_connection_from_secrets
    raise AirflowNotFoundException(f"The conn_id `{conn_id}` isn't defined")
airflow.exceptions.AirflowNotFoundException: The conn_id `postgres_default` isn't defined
[2022-12-12 12:32:51,771] {taskinstance.py:1400} INFO - Marking task as FAILED. dag_id=prepare_data, task_id=create_table, execution_date=20221128T174700, start_date=20221212T123247, end_date=20221212T123251
[2022-12-12 12:32:51,913] {standard_task_runner.py:97} ERROR - Failed to execute job 75 for task create_table (The conn_id `postgres_default` isn't defined; 428)
[2022-12-12 12:32:51,978] {local_task_job.py:156} INFO - Task exited with return code 1
[2022-12-12 12:32:52,663] {local_task_job.py:273} INFO - 0 downstream tasks scheduled from follow-on schedule check
