[2022-12-12 13:02:46,174] {taskinstance.py:1159} INFO - Dependencies all met for <TaskInstance: prepare_data.get_last_id scheduled__2022-11-28T23:16:00+00:00 [queued]>
[2022-12-12 13:02:46,641] {taskinstance.py:1159} INFO - Dependencies all met for <TaskInstance: prepare_data.get_last_id scheduled__2022-11-28T23:16:00+00:00 [queued]>
[2022-12-12 13:02:46,661] {taskinstance.py:1356} INFO - 
--------------------------------------------------------------------------------
[2022-12-12 13:02:46,661] {taskinstance.py:1357} INFO - Starting attempt 1 of 1
[2022-12-12 13:02:46,661] {taskinstance.py:1358} INFO - 
--------------------------------------------------------------------------------
[2022-12-12 13:02:47,187] {taskinstance.py:1377} INFO - Executing <Task(PythonOperator): get_last_id> on 2022-11-28 23:16:00+00:00
[2022-12-12 13:02:47,296] {standard_task_runner.py:52} INFO - Started process 1692 to run task
[2022-12-12 13:02:47,412] {standard_task_runner.py:79} INFO - Running: ['airflow', 'tasks', 'run', 'prepare_data', 'get_last_id', 'scheduled__2022-11-28T23:16:00+00:00', '--job-id', '585', '--raw', '--subdir', 'DAGS_FOLDER/prepare_data.py', '--cfg-path', '/tmp/tmp54nfpqdm', '--error-file', '/tmp/tmpxss5vydf']
[2022-12-12 13:02:47,484] {standard_task_runner.py:80} INFO - Job 585: Subtask get_last_id
[2022-12-12 13:02:49,983] {task_command.py:369} INFO - Running <TaskInstance: prepare_data.get_last_id scheduled__2022-11-28T23:16:00+00:00 [running]> on host b778137d8ea6
[2022-12-12 13:02:52,741] {taskinstance.py:1571} INFO - Exporting the following env vars:
AIRFLOW_CTX_DAG_OWNER=airflow
AIRFLOW_CTX_DAG_ID=prepare_data
AIRFLOW_CTX_TASK_ID=get_last_id
AIRFLOW_CTX_EXECUTION_DATE=2022-11-28T23:16:00+00:00
AIRFLOW_CTX_TRY_NUMBER=1
AIRFLOW_CTX_DAG_RUN_ID=scheduled__2022-11-28T23:16:00+00:00
[2022-12-12 13:02:53,082] {base.py:68} INFO - Using connection ID 'postgres_default' for task execution.
[2022-12-12 13:02:53,875] {python.py:173} INFO - Done. Returned value was: None
[2022-12-12 13:02:54,236] {taskinstance.py:1400} INFO - Marking task as SUCCESS. dag_id=prepare_data, task_id=get_last_id, execution_date=20221128T231600, start_date=20221212T130246, end_date=20221212T130254
[2022-12-12 13:02:54,821] {local_task_job.py:156} INFO - Task exited with return code 0
[2022-12-12 13:02:55,736] {local_task_job.py:273} INFO - 1 downstream tasks scheduled from follow-on schedule check
