[2022-12-03 14:48:42,963] {taskinstance.py:1159} INFO - Dependencies all met for <TaskInstance: prepare_data.create_table scheduled__2022-11-28T18:08:00+00:00 [queued]>
[2022-12-03 14:48:43,347] {taskinstance.py:1159} INFO - Dependencies all met for <TaskInstance: prepare_data.create_table scheduled__2022-11-28T18:08:00+00:00 [queued]>
[2022-12-03 14:48:43,348] {taskinstance.py:1356} INFO - 
--------------------------------------------------------------------------------
[2022-12-03 14:48:43,348] {taskinstance.py:1357} INFO - Starting attempt 1 of 1
[2022-12-03 14:48:43,348] {taskinstance.py:1358} INFO - 
--------------------------------------------------------------------------------
[2022-12-03 14:48:43,590] {taskinstance.py:1377} INFO - Executing <Task(PostgresOperator): create_table> on 2022-11-28 18:08:00+00:00
[2022-12-03 14:48:43,627] {standard_task_runner.py:52} INFO - Started process 490 to run task
[2022-12-03 14:48:43,719] {standard_task_runner.py:79} INFO - Running: ['airflow', 'tasks', 'run', 'prepare_data', 'create_table', 'scheduled__2022-11-28T18:08:00+00:00', '--job-id', '96', '--raw', '--subdir', 'DAGS_FOLDER/prepare_data.py', '--cfg-path', '/tmp/tmprvvlh7r6', '--error-file', '/tmp/tmphpth4yj9']
[2022-12-03 14:48:43,819] {standard_task_runner.py:80} INFO - Job 96: Subtask create_table
[2022-12-03 14:48:45,250] {task_command.py:369} INFO - Running <TaskInstance: prepare_data.create_table scheduled__2022-11-28T18:08:00+00:00 [running]> on host b41792e8e843
[2022-12-03 14:48:47,426] {taskinstance.py:1571} INFO - Exporting the following env vars:
AIRFLOW_CTX_DAG_OWNER=airflow
AIRFLOW_CTX_DAG_ID=prepare_data
AIRFLOW_CTX_TASK_ID=create_table
AIRFLOW_CTX_EXECUTION_DATE=2022-11-28T18:08:00+00:00
AIRFLOW_CTX_TRY_NUMBER=1
AIRFLOW_CTX_DAG_RUN_ID=scheduled__2022-11-28T18:08:00+00:00
[2022-12-03 14:48:48,028] {taskinstance.py:1889} ERROR - Task failed with exception
Traceback (most recent call last):
  File "/home/airflow/.local/lib/python3.7/site-packages/airflow/providers/postgres/operators/postgres.py", line 92, in execute
    self.hook.run(self.sql, self.autocommit, parameters=self.parameters)
  File "/home/airflow/.local/lib/python3.7/site-packages/airflow/hooks/dbapi.py", line 181, in run
    with closing(self.get_conn()) as conn:
  File "/home/airflow/.local/lib/python3.7/site-packages/airflow/providers/postgres/hooks/postgres.py", line 86, in get_conn
    conn = deepcopy(self.connection or self.get_connection(conn_id))
  File "/home/airflow/.local/lib/python3.7/site-packages/airflow/hooks/base.py", line 67, in get_connection
    conn = Connection.get_connection_from_secrets(conn_id)
  File "/home/airflow/.local/lib/python3.7/site-packages/airflow/models/connection.py", line 430, in get_connection_from_secrets
    raise AirflowNotFoundException(f"The conn_id `{conn_id}` isn't defined")
airflow.exceptions.AirflowNotFoundException: The conn_id `postgres_default` isn't defined
[2022-12-03 14:48:48,263] {taskinstance.py:1400} INFO - Marking task as FAILED. dag_id=prepare_data, task_id=create_table, execution_date=20221128T180800, start_date=20221203T144842, end_date=20221203T144848
[2022-12-03 14:48:48,702] {standard_task_runner.py:97} ERROR - Failed to execute job 96 for task create_table (The conn_id `postgres_default` isn't defined; 490)
[2022-12-03 14:48:50,078] {local_task_job.py:156} INFO - Task exited with return code 1
[2022-12-03 14:48:56,642] {local_task_job.py:273} INFO - 0 downstream tasks scheduled from follow-on schedule check
[2022-12-12 12:33:25,865] {taskinstance.py:1159} INFO - Dependencies all met for <TaskInstance: prepare_data.create_table scheduled__2022-11-28T18:08:00+00:00 [queued]>
[2022-12-12 12:33:25,940] {taskinstance.py:1159} INFO - Dependencies all met for <TaskInstance: prepare_data.create_table scheduled__2022-11-28T18:08:00+00:00 [queued]>
[2022-12-12 12:33:25,941] {taskinstance.py:1356} INFO - 
--------------------------------------------------------------------------------
[2022-12-12 12:33:25,941] {taskinstance.py:1357} INFO - Starting attempt 1 of 1
[2022-12-12 12:33:25,941] {taskinstance.py:1358} INFO - 
--------------------------------------------------------------------------------
[2022-12-12 12:33:26,027] {taskinstance.py:1377} INFO - Executing <Task(PostgresOperator): create_table> on 2022-11-28 18:08:00+00:00
[2022-12-12 12:33:26,047] {standard_task_runner.py:52} INFO - Started process 473 to run task
[2022-12-12 12:33:26,058] {standard_task_runner.py:79} INFO - Running: ['airflow', 'tasks', 'run', 'prepare_data', 'create_table', 'scheduled__2022-11-28T18:08:00+00:00', '--job-id', '96', '--raw', '--subdir', 'DAGS_FOLDER/prepare_data.py', '--cfg-path', '/tmp/tmpz0fmv64x', '--error-file', '/tmp/tmpw83eodc8']
[2022-12-12 12:33:26,064] {standard_task_runner.py:80} INFO - Job 96: Subtask create_table
[2022-12-12 12:33:26,342] {task_command.py:369} INFO - Running <TaskInstance: prepare_data.create_table scheduled__2022-11-28T18:08:00+00:00 [running]> on host b778137d8ea6
[2022-12-12 12:33:26,711] {taskinstance.py:1571} INFO - Exporting the following env vars:
AIRFLOW_CTX_DAG_OWNER=airflow
AIRFLOW_CTX_DAG_ID=prepare_data
AIRFLOW_CTX_TASK_ID=create_table
AIRFLOW_CTX_EXECUTION_DATE=2022-11-28T18:08:00+00:00
AIRFLOW_CTX_TRY_NUMBER=1
AIRFLOW_CTX_DAG_RUN_ID=scheduled__2022-11-28T18:08:00+00:00
[2022-12-12 12:33:26,909] {taskinstance.py:1889} ERROR - Task failed with exception
Traceback (most recent call last):
  File "/home/airflow/.local/lib/python3.7/site-packages/airflow/providers/postgres/operators/postgres.py", line 92, in execute
    self.hook.run(self.sql, self.autocommit, parameters=self.parameters)
  File "/home/airflow/.local/lib/python3.7/site-packages/airflow/hooks/dbapi.py", line 181, in run
    with closing(self.get_conn()) as conn:
  File "/home/airflow/.local/lib/python3.7/site-packages/airflow/providers/postgres/hooks/postgres.py", line 86, in get_conn
    conn = deepcopy(self.connection or self.get_connection(conn_id))
  File "/home/airflow/.local/lib/python3.7/site-packages/airflow/hooks/base.py", line 67, in get_connection
    conn = Connection.get_connection_from_secrets(conn_id)
  File "/home/airflow/.local/lib/python3.7/site-packages/airflow/models/connection.py", line 430, in get_connection_from_secrets
    raise AirflowNotFoundException(f"The conn_id `{conn_id}` isn't defined")
airflow.exceptions.AirflowNotFoundException: The conn_id `postgres_default` isn't defined
[2022-12-12 12:33:26,961] {taskinstance.py:1400} INFO - Marking task as FAILED. dag_id=prepare_data, task_id=create_table, execution_date=20221128T180800, start_date=20221212T123325, end_date=20221212T123326
[2022-12-12 12:33:27,044] {standard_task_runner.py:97} ERROR - Failed to execute job 96 for task create_table (The conn_id `postgres_default` isn't defined; 473)
[2022-12-12 12:33:27,076] {local_task_job.py:156} INFO - Task exited with return code 1
[2022-12-12 12:33:27,380] {local_task_job.py:273} INFO - 0 downstream tasks scheduled from follow-on schedule check
