[2022-12-03 14:46:00,523] {taskinstance.py:1159} INFO - Dependencies all met for <TaskInstance: prepare_data.create_table scheduled__2022-11-28T17:16:00+00:00 [queued]>
[2022-12-03 14:46:00,661] {taskinstance.py:1159} INFO - Dependencies all met for <TaskInstance: prepare_data.create_table scheduled__2022-11-28T17:16:00+00:00 [queued]>
[2022-12-03 14:46:00,661] {taskinstance.py:1356} INFO - 
--------------------------------------------------------------------------------
[2022-12-03 14:46:00,661] {taskinstance.py:1357} INFO - Starting attempt 1 of 1
[2022-12-03 14:46:00,661] {taskinstance.py:1358} INFO - 
--------------------------------------------------------------------------------
[2022-12-03 14:46:00,905] {taskinstance.py:1377} INFO - Executing <Task(PostgresOperator): create_table> on 2022-11-28 17:16:00+00:00
[2022-12-03 14:46:00,924] {standard_task_runner.py:52} INFO - Started process 361 to run task
[2022-12-03 14:46:00,973] {standard_task_runner.py:79} INFO - Running: ['airflow', 'tasks', 'run', 'prepare_data', 'create_table', 'scheduled__2022-11-28T17:16:00+00:00', '--job-id', '44', '--raw', '--subdir', 'DAGS_FOLDER/prepare_data.py', '--cfg-path', '/tmp/tmpph6pdy71', '--error-file', '/tmp/tmp31utnndl']
[2022-12-03 14:46:00,986] {standard_task_runner.py:80} INFO - Job 44: Subtask create_table
[2022-12-03 14:46:01,977] {task_command.py:369} INFO - Running <TaskInstance: prepare_data.create_table scheduled__2022-11-28T17:16:00+00:00 [running]> on host b41792e8e843
[2022-12-03 14:46:03,604] {taskinstance.py:1571} INFO - Exporting the following env vars:
AIRFLOW_CTX_DAG_OWNER=airflow
AIRFLOW_CTX_DAG_ID=prepare_data
AIRFLOW_CTX_TASK_ID=create_table
AIRFLOW_CTX_EXECUTION_DATE=2022-11-28T17:16:00+00:00
AIRFLOW_CTX_TRY_NUMBER=1
AIRFLOW_CTX_DAG_RUN_ID=scheduled__2022-11-28T17:16:00+00:00
[2022-12-03 14:46:04,211] {taskinstance.py:1889} ERROR - Task failed with exception
Traceback (most recent call last):
  File "/home/airflow/.local/lib/python3.7/site-packages/airflow/providers/postgres/operators/postgres.py", line 92, in execute
    self.hook.run(self.sql, self.autocommit, parameters=self.parameters)
  File "/home/airflow/.local/lib/python3.7/site-packages/airflow/hooks/dbapi.py", line 181, in run
    with closing(self.get_conn()) as conn:
  File "/home/airflow/.local/lib/python3.7/site-packages/airflow/providers/postgres/hooks/postgres.py", line 86, in get_conn
    conn = deepcopy(self.connection or self.get_connection(conn_id))
  File "/home/airflow/.local/lib/python3.7/site-packages/airflow/hooks/base.py", line 67, in get_connection
    conn = Connection.get_connection_from_secrets(conn_id)
  File "/home/airflow/.local/lib/python3.7/site-packages/airflow/models/connection.py", line 430, in get_connection_from_secrets
    raise AirflowNotFoundException(f"The conn_id `{conn_id}` isn't defined")
airflow.exceptions.AirflowNotFoundException: The conn_id `postgres_default` isn't defined
[2022-12-03 14:46:04,337] {taskinstance.py:1400} INFO - Marking task as FAILED. dag_id=prepare_data, task_id=create_table, execution_date=20221128T171600, start_date=20221203T144600, end_date=20221203T144604
[2022-12-03 14:46:04,527] {standard_task_runner.py:97} ERROR - Failed to execute job 44 for task create_table (The conn_id `postgres_default` isn't defined; 361)
[2022-12-03 14:46:04,685] {local_task_job.py:156} INFO - Task exited with return code 1
[2022-12-03 14:46:05,932] {local_task_job.py:273} INFO - 0 downstream tasks scheduled from follow-on schedule check
[2022-12-12 12:31:24,931] {taskinstance.py:1159} INFO - Dependencies all met for <TaskInstance: prepare_data.create_table scheduled__2022-11-28T17:16:00+00:00 [queued]>
[2022-12-12 12:31:25,121] {taskinstance.py:1159} INFO - Dependencies all met for <TaskInstance: prepare_data.create_table scheduled__2022-11-28T17:16:00+00:00 [queued]>
[2022-12-12 12:31:25,121] {taskinstance.py:1356} INFO - 
--------------------------------------------------------------------------------
[2022-12-12 12:31:25,121] {taskinstance.py:1357} INFO - Starting attempt 1 of 1
[2022-12-12 12:31:25,121] {taskinstance.py:1358} INFO - 
--------------------------------------------------------------------------------
[2022-12-12 12:31:25,861] {taskinstance.py:1377} INFO - Executing <Task(PostgresOperator): create_table> on 2022-11-28 17:16:00+00:00
[2022-12-12 12:31:26,073] {standard_task_runner.py:52} INFO - Started process 356 to run task
[2022-12-12 12:31:26,235] {standard_task_runner.py:79} INFO - Running: ['airflow', 'tasks', 'run', 'prepare_data', 'create_table', 'scheduled__2022-11-28T17:16:00+00:00', '--job-id', '44', '--raw', '--subdir', 'DAGS_FOLDER/prepare_data.py', '--cfg-path', '/tmp/tmpwcsnomhc', '--error-file', '/tmp/tmp_nvxylnz']
[2022-12-12 12:31:26,291] {standard_task_runner.py:80} INFO - Job 44: Subtask create_table
[2022-12-12 12:31:27,506] {task_command.py:369} INFO - Running <TaskInstance: prepare_data.create_table scheduled__2022-11-28T17:16:00+00:00 [running]> on host b778137d8ea6
[2022-12-12 12:31:29,531] {taskinstance.py:1571} INFO - Exporting the following env vars:
AIRFLOW_CTX_DAG_OWNER=airflow
AIRFLOW_CTX_DAG_ID=prepare_data
AIRFLOW_CTX_TASK_ID=create_table
AIRFLOW_CTX_EXECUTION_DATE=2022-11-28T17:16:00+00:00
AIRFLOW_CTX_TRY_NUMBER=1
AIRFLOW_CTX_DAG_RUN_ID=scheduled__2022-11-28T17:16:00+00:00
[2022-12-12 12:31:30,794] {taskinstance.py:1889} ERROR - Task failed with exception
Traceback (most recent call last):
  File "/home/airflow/.local/lib/python3.7/site-packages/airflow/providers/postgres/operators/postgres.py", line 92, in execute
    self.hook.run(self.sql, self.autocommit, parameters=self.parameters)
  File "/home/airflow/.local/lib/python3.7/site-packages/airflow/hooks/dbapi.py", line 181, in run
    with closing(self.get_conn()) as conn:
  File "/home/airflow/.local/lib/python3.7/site-packages/airflow/providers/postgres/hooks/postgres.py", line 86, in get_conn
    conn = deepcopy(self.connection or self.get_connection(conn_id))
  File "/home/airflow/.local/lib/python3.7/site-packages/airflow/hooks/base.py", line 67, in get_connection
    conn = Connection.get_connection_from_secrets(conn_id)
  File "/home/airflow/.local/lib/python3.7/site-packages/airflow/models/connection.py", line 430, in get_connection_from_secrets
    raise AirflowNotFoundException(f"The conn_id `{conn_id}` isn't defined")
airflow.exceptions.AirflowNotFoundException: The conn_id `postgres_default` isn't defined
[2022-12-12 12:31:30,827] {taskinstance.py:1400} INFO - Marking task as FAILED. dag_id=prepare_data, task_id=create_table, execution_date=20221128T171600, start_date=20221212T123124, end_date=20221212T123130
[2022-12-12 12:31:30,953] {standard_task_runner.py:97} ERROR - Failed to execute job 44 for task create_table (The conn_id `postgres_default` isn't defined; 356)
[2022-12-12 12:31:31,035] {local_task_job.py:156} INFO - Task exited with return code 1
[2022-12-12 12:31:31,700] {local_task_job.py:273} INFO - 0 downstream tasks scheduled from follow-on schedule check
[2022-12-12 15:18:02,230] {taskinstance.py:1159} INFO - Dependencies all met for <TaskInstance: prepare_data.create_table scheduled__2022-11-28T17:16:00+00:00 [queued]>
[2022-12-12 15:18:02,890] {taskinstance.py:1159} INFO - Dependencies all met for <TaskInstance: prepare_data.create_table scheduled__2022-11-28T17:16:00+00:00 [queued]>
[2022-12-12 15:18:02,924] {taskinstance.py:1356} INFO - 
--------------------------------------------------------------------------------
[2022-12-12 15:18:02,924] {taskinstance.py:1357} INFO - Starting attempt 1 of 1
[2022-12-12 15:18:02,925] {taskinstance.py:1358} INFO - 
--------------------------------------------------------------------------------
[2022-12-12 15:18:04,736] {taskinstance.py:1377} INFO - Executing <Task(PostgresOperator): create_table> on 2022-11-28 17:16:00+00:00
[2022-12-12 15:18:04,992] {standard_task_runner.py:52} INFO - Started process 402 to run task
[2022-12-12 15:18:05,328] {standard_task_runner.py:79} INFO - Running: ['airflow', 'tasks', 'run', 'prepare_data', 'create_table', 'scheduled__2022-11-28T17:16:00+00:00', '--job-id', '44', '--raw', '--subdir', 'DAGS_FOLDER/prepare_data.py', '--cfg-path', '/tmp/tmpz2ileb96', '--error-file', '/tmp/tmpo_xarcyq']
[2022-12-12 15:18:05,396] {standard_task_runner.py:80} INFO - Job 44: Subtask create_table
[2022-12-12 15:18:08,719] {task_command.py:369} INFO - Running <TaskInstance: prepare_data.create_table scheduled__2022-11-28T17:16:00+00:00 [running]> on host d4eb34144d92
[2022-12-12 15:18:12,924] {taskinstance.py:1571} INFO - Exporting the following env vars:
AIRFLOW_CTX_DAG_OWNER=airflow
AIRFLOW_CTX_DAG_ID=prepare_data
AIRFLOW_CTX_TASK_ID=create_table
AIRFLOW_CTX_EXECUTION_DATE=2022-11-28T17:16:00+00:00
AIRFLOW_CTX_TRY_NUMBER=1
AIRFLOW_CTX_DAG_RUN_ID=scheduled__2022-11-28T17:16:00+00:00
[2022-12-12 15:18:14,095] {taskinstance.py:1889} ERROR - Task failed with exception
Traceback (most recent call last):
  File "/home/airflow/.local/lib/python3.7/site-packages/airflow/providers/postgres/operators/postgres.py", line 92, in execute
    self.hook.run(self.sql, self.autocommit, parameters=self.parameters)
  File "/home/airflow/.local/lib/python3.7/site-packages/airflow/hooks/dbapi.py", line 181, in run
    with closing(self.get_conn()) as conn:
  File "/home/airflow/.local/lib/python3.7/site-packages/airflow/providers/postgres/hooks/postgres.py", line 86, in get_conn
    conn = deepcopy(self.connection or self.get_connection(conn_id))
  File "/home/airflow/.local/lib/python3.7/site-packages/airflow/hooks/base.py", line 67, in get_connection
    conn = Connection.get_connection_from_secrets(conn_id)
  File "/home/airflow/.local/lib/python3.7/site-packages/airflow/models/connection.py", line 430, in get_connection_from_secrets
    raise AirflowNotFoundException(f"The conn_id `{conn_id}` isn't defined")
airflow.exceptions.AirflowNotFoundException: The conn_id `postgres_default` isn't defined
[2022-12-12 15:18:14,265] {taskinstance.py:1400} INFO - Marking task as FAILED. dag_id=prepare_data, task_id=create_table, execution_date=20221128T171600, start_date=20221212T151802, end_date=20221212T151814
[2022-12-12 15:18:15,282] {standard_task_runner.py:97} ERROR - Failed to execute job 44 for task create_table (The conn_id `postgres_default` isn't defined; 402)
[2022-12-12 15:18:15,535] {local_task_job.py:156} INFO - Task exited with return code 1
[2022-12-12 15:18:18,386] {local_task_job.py:273} INFO - 0 downstream tasks scheduled from follow-on schedule check
