[2022-12-03 15:02:17,386] {taskinstance.py:1159} INFO - Dependencies all met for <TaskInstance: prepare_data.get_last_id scheduled__2022-11-28T19:05:00+00:00 [queued]>
[2022-12-03 15:02:17,608] {taskinstance.py:1159} INFO - Dependencies all met for <TaskInstance: prepare_data.get_last_id scheduled__2022-11-28T19:05:00+00:00 [queued]>
[2022-12-03 15:02:17,608] {taskinstance.py:1356} INFO - 
--------------------------------------------------------------------------------
[2022-12-03 15:02:17,608] {taskinstance.py:1357} INFO - Starting attempt 1 of 1
[2022-12-03 15:02:17,609] {taskinstance.py:1358} INFO - 
--------------------------------------------------------------------------------
[2022-12-03 15:02:18,122] {taskinstance.py:1377} INFO - Executing <Task(PythonOperator): get_last_id> on 2022-11-28 19:05:00+00:00
[2022-12-03 15:02:18,186] {standard_task_runner.py:52} INFO - Started process 927 to run task
[2022-12-03 15:02:18,249] {standard_task_runner.py:79} INFO - Running: ['airflow', 'tasks', 'run', 'prepare_data', 'get_last_id', 'scheduled__2022-11-28T19:05:00+00:00', '--job-id', '265', '--raw', '--subdir', 'DAGS_FOLDER/prepare_data.py', '--cfg-path', '/tmp/tmpwpfym38o', '--error-file', '/tmp/tmpi51ry4tx']
[2022-12-03 15:02:18,282] {standard_task_runner.py:80} INFO - Job 265: Subtask get_last_id
[2022-12-03 15:02:19,831] {task_command.py:369} INFO - Running <TaskInstance: prepare_data.get_last_id scheduled__2022-11-28T19:05:00+00:00 [running]> on host b41792e8e843
[2022-12-03 15:02:21,589] {taskinstance.py:1571} INFO - Exporting the following env vars:
AIRFLOW_CTX_DAG_OWNER=airflow
AIRFLOW_CTX_DAG_ID=prepare_data
AIRFLOW_CTX_TASK_ID=get_last_id
AIRFLOW_CTX_EXECUTION_DATE=2022-11-28T19:05:00+00:00
AIRFLOW_CTX_TRY_NUMBER=1
AIRFLOW_CTX_DAG_RUN_ID=scheduled__2022-11-28T19:05:00+00:00
[2022-12-03 15:02:21,845] {base.py:68} INFO - Using connection ID 'postgres_default' for task execution.
[2022-12-03 15:02:22,510] {python.py:173} INFO - Done. Returned value was: None
[2022-12-03 15:02:23,018] {taskinstance.py:1400} INFO - Marking task as SUCCESS. dag_id=prepare_data, task_id=get_last_id, execution_date=20221128T190500, start_date=20221203T150217, end_date=20221203T150223
[2022-12-03 15:02:24,442] {local_task_job.py:156} INFO - Task exited with return code 0
[2022-12-03 15:02:25,557] {local_task_job.py:273} INFO - 0 downstream tasks scheduled from follow-on schedule check
