[2022-12-03 14:55:42,889] {taskinstance.py:1159} INFO - Dependencies all met for <TaskInstance: prepare_data.transfer_data scheduled__2022-11-28T18:28:00+00:00 [queued]>
[2022-12-03 14:55:44,348] {taskinstance.py:1159} INFO - Dependencies all met for <TaskInstance: prepare_data.transfer_data scheduled__2022-11-28T18:28:00+00:00 [queued]>
[2022-12-03 14:55:44,446] {taskinstance.py:1356} INFO - 
--------------------------------------------------------------------------------
[2022-12-03 14:55:44,447] {taskinstance.py:1357} INFO - Starting attempt 1 of 1
[2022-12-03 14:55:44,447] {taskinstance.py:1358} INFO - 
--------------------------------------------------------------------------------
[2022-12-03 14:55:45,542] {taskinstance.py:1377} INFO - Executing <Task(PythonOperator): transfer_data> on 2022-11-28 18:28:00+00:00
[2022-12-03 14:55:45,775] {standard_task_runner.py:52} INFO - Started process 677 to run task
[2022-12-03 14:55:46,079] {standard_task_runner.py:79} INFO - Running: ['airflow', 'tasks', 'run', 'prepare_data', 'transfer_data', 'scheduled__2022-11-28T18:28:00+00:00', '--job-id', '164', '--raw', '--subdir', 'DAGS_FOLDER/prepare_data.py', '--cfg-path', '/tmp/tmp2etbk3oy', '--error-file', '/tmp/tmpvduanwzk']
[2022-12-03 14:55:46,317] {standard_task_runner.py:80} INFO - Job 164: Subtask transfer_data
[2022-12-03 14:55:54,272] {task_command.py:369} INFO - Running <TaskInstance: prepare_data.transfer_data scheduled__2022-11-28T18:28:00+00:00 [running]> on host b41792e8e843
[2022-12-03 14:56:02,990] {taskinstance.py:1571} INFO - Exporting the following env vars:
AIRFLOW_CTX_DAG_OWNER=airflow
AIRFLOW_CTX_DAG_ID=prepare_data
AIRFLOW_CTX_TASK_ID=transfer_data
AIRFLOW_CTX_EXECUTION_DATE=2022-11-28T18:28:00+00:00
AIRFLOW_CTX_TRY_NUMBER=1
AIRFLOW_CTX_DAG_RUN_ID=scheduled__2022-11-28T18:28:00+00:00
[2022-12-03 14:56:04,244] {base.py:68} INFO - Using connection ID 'postgres_default' for task execution.
[2022-12-03 14:56:06,391] {python.py:173} INFO - Done. Returned value was: None
[2022-12-03 14:56:08,155] {taskinstance.py:1400} INFO - Marking task as SUCCESS. dag_id=prepare_data, task_id=transfer_data, execution_date=20221128T182800, start_date=20221203T145543, end_date=20221203T145608
[2022-12-03 14:56:09,605] {local_task_job.py:156} INFO - Task exited with return code 0
[2022-12-03 14:56:16,786] {local_task_job.py:273} INFO - 0 downstream tasks scheduled from follow-on schedule check
