[2022-12-03 15:02:40,467] {taskinstance.py:1159} INFO - Dependencies all met for <TaskInstance: prepare_data.create_table scheduled__2022-11-28T19:09:00+00:00 [queued]>
[2022-12-03 15:02:41,078] {taskinstance.py:1159} INFO - Dependencies all met for <TaskInstance: prepare_data.create_table scheduled__2022-11-28T19:09:00+00:00 [queued]>
[2022-12-03 15:02:41,079] {taskinstance.py:1356} INFO - 
--------------------------------------------------------------------------------
[2022-12-03 15:02:41,130] {taskinstance.py:1357} INFO - Starting attempt 1 of 1
[2022-12-03 15:02:41,136] {taskinstance.py:1358} INFO - 
--------------------------------------------------------------------------------
[2022-12-03 15:02:42,176] {taskinstance.py:1377} INFO - Executing <Task(PostgresOperator): create_table> on 2022-11-28 19:09:00+00:00
[2022-12-03 15:02:42,680] {standard_task_runner.py:52} INFO - Started process 943 to run task
[2022-12-03 15:02:43,066] {standard_task_runner.py:79} INFO - Running: ['airflow', 'tasks', 'run', 'prepare_data', 'create_table', 'scheduled__2022-11-28T19:09:00+00:00', '--job-id', '270', '--raw', '--subdir', 'DAGS_FOLDER/prepare_data.py', '--cfg-path', '/tmp/tmpvsevw24e', '--error-file', '/tmp/tmp5n9a02d4']
[2022-12-03 15:02:43,069] {standard_task_runner.py:80} INFO - Job 270: Subtask create_table
[2022-12-03 15:02:47,054] {task_command.py:369} INFO - Running <TaskInstance: prepare_data.create_table scheduled__2022-11-28T19:09:00+00:00 [running]> on host b41792e8e843
[2022-12-03 15:02:54,310] {taskinstance.py:1571} INFO - Exporting the following env vars:
AIRFLOW_CTX_DAG_OWNER=airflow
AIRFLOW_CTX_DAG_ID=prepare_data
AIRFLOW_CTX_TASK_ID=create_table
AIRFLOW_CTX_EXECUTION_DATE=2022-11-28T19:09:00+00:00
AIRFLOW_CTX_TRY_NUMBER=1
AIRFLOW_CTX_DAG_RUN_ID=scheduled__2022-11-28T19:09:00+00:00
[2022-12-03 15:02:55,012] {base.py:68} INFO - Using connection ID 'postgres_default' for task execution.
[2022-12-03 15:02:55,299] {dbapi.py:208} INFO - Running statement: CREATE TABLE IF NOT EXISTS prepared_data (
	id SERIAL,
	sensor_id BIGINT,
	longitude FLOAT,
	latitude FLOAT,
	controller_id BIGINT,
	datetime TIMESTAMP WITH TIME ZONE,
	temperature INTEGER
);, parameters: None
[2022-12-03 15:02:55,334] {postgres.py:94} INFO - NOTICE:  relation "prepared_data" already exists, skipping

[2022-12-03 15:02:56,467] {taskinstance.py:1400} INFO - Marking task as SUCCESS. dag_id=prepare_data, task_id=create_table, execution_date=20221128T190900, start_date=20221203T150240, end_date=20221203T150256
[2022-12-03 15:02:58,235] {local_task_job.py:156} INFO - Task exited with return code 0
[2022-12-03 15:03:01,121] {local_task_job.py:273} INFO - 1 downstream tasks scheduled from follow-on schedule check
[2022-12-12 12:35:28,888] {taskinstance.py:1159} INFO - Dependencies all met for <TaskInstance: prepare_data.create_table scheduled__2022-11-28T19:09:00+00:00 [queued]>
[2022-12-12 12:35:29,006] {taskinstance.py:1159} INFO - Dependencies all met for <TaskInstance: prepare_data.create_table scheduled__2022-11-28T19:09:00+00:00 [queued]>
[2022-12-12 12:35:29,006] {taskinstance.py:1356} INFO - 
--------------------------------------------------------------------------------
[2022-12-12 12:35:29,006] {taskinstance.py:1357} INFO - Starting attempt 1 of 1
[2022-12-12 12:35:29,006] {taskinstance.py:1358} INFO - 
--------------------------------------------------------------------------------
[2022-12-12 12:35:29,137] {taskinstance.py:1377} INFO - Executing <Task(PostgresOperator): create_table> on 2022-11-28 19:09:00+00:00
[2022-12-12 12:35:29,145] {standard_task_runner.py:52} INFO - Started process 616 to run task
[2022-12-12 12:35:29,162] {standard_task_runner.py:79} INFO - Running: ['airflow', 'tasks', 'run', 'prepare_data', 'create_table', 'scheduled__2022-11-28T19:09:00+00:00', '--job-id', '157', '--raw', '--subdir', 'DAGS_FOLDER/prepare_data.py', '--cfg-path', '/tmp/tmpulhyrjr6', '--error-file', '/tmp/tmpm4jktzbd']
[2022-12-12 12:35:29,189] {standard_task_runner.py:80} INFO - Job 157: Subtask create_table
[2022-12-12 12:35:29,939] {task_command.py:369} INFO - Running <TaskInstance: prepare_data.create_table scheduled__2022-11-28T19:09:00+00:00 [running]> on host b778137d8ea6
[2022-12-12 12:35:31,311] {taskinstance.py:1571} INFO - Exporting the following env vars:
AIRFLOW_CTX_DAG_OWNER=airflow
AIRFLOW_CTX_DAG_ID=prepare_data
AIRFLOW_CTX_TASK_ID=create_table
AIRFLOW_CTX_EXECUTION_DATE=2022-11-28T19:09:00+00:00
AIRFLOW_CTX_TRY_NUMBER=1
AIRFLOW_CTX_DAG_RUN_ID=scheduled__2022-11-28T19:09:00+00:00
[2022-12-12 12:35:31,641] {taskinstance.py:1889} ERROR - Task failed with exception
Traceback (most recent call last):
  File "/home/airflow/.local/lib/python3.7/site-packages/airflow/providers/postgres/operators/postgres.py", line 92, in execute
    self.hook.run(self.sql, self.autocommit, parameters=self.parameters)
  File "/home/airflow/.local/lib/python3.7/site-packages/airflow/hooks/dbapi.py", line 181, in run
    with closing(self.get_conn()) as conn:
  File "/home/airflow/.local/lib/python3.7/site-packages/airflow/providers/postgres/hooks/postgres.py", line 86, in get_conn
    conn = deepcopy(self.connection or self.get_connection(conn_id))
  File "/home/airflow/.local/lib/python3.7/site-packages/airflow/hooks/base.py", line 67, in get_connection
    conn = Connection.get_connection_from_secrets(conn_id)
  File "/home/airflow/.local/lib/python3.7/site-packages/airflow/models/connection.py", line 430, in get_connection_from_secrets
    raise AirflowNotFoundException(f"The conn_id `{conn_id}` isn't defined")
airflow.exceptions.AirflowNotFoundException: The conn_id `postgres_default` isn't defined
[2022-12-12 12:35:31,686] {taskinstance.py:1400} INFO - Marking task as FAILED. dag_id=prepare_data, task_id=create_table, execution_date=20221128T190900, start_date=20221212T123528, end_date=20221212T123531
[2022-12-12 12:35:31,890] {standard_task_runner.py:97} ERROR - Failed to execute job 157 for task create_table (The conn_id `postgres_default` isn't defined; 616)
[2022-12-12 12:35:31,943] {local_task_job.py:156} INFO - Task exited with return code 1
[2022-12-12 12:35:32,589] {local_task_job.py:273} INFO - 0 downstream tasks scheduled from follow-on schedule check
