[2022-12-12 12:50:03,310] {taskinstance.py:1159} INFO - Dependencies all met for <TaskInstance: prepare_data.get_last_id scheduled__2022-12-12T12:48:00+00:00 [queued]>
[2022-12-12 12:50:03,760] {taskinstance.py:1159} INFO - Dependencies all met for <TaskInstance: prepare_data.get_last_id scheduled__2022-12-12T12:48:00+00:00 [queued]>
[2022-12-12 12:50:03,760] {taskinstance.py:1356} INFO - 
--------------------------------------------------------------------------------
[2022-12-12 12:50:03,760] {taskinstance.py:1357} INFO - Starting attempt 1 of 1
[2022-12-12 12:50:03,760] {taskinstance.py:1358} INFO - 
--------------------------------------------------------------------------------
[2022-12-12 12:50:04,787] {taskinstance.py:1377} INFO - Executing <Task(PythonOperator): get_last_id> on 2022-12-12 12:48:00+00:00
[2022-12-12 12:50:04,931] {standard_task_runner.py:52} INFO - Started process 1215 to run task
[2022-12-12 12:50:05,091] {standard_task_runner.py:79} INFO - Running: ['airflow', 'tasks', 'run', 'prepare_data', 'get_last_id', 'scheduled__2022-12-12T12:48:00+00:00', '--job-id', '396', '--raw', '--subdir', 'DAGS_FOLDER/prepare_data.py', '--cfg-path', '/tmp/tmpki1f_b9v', '--error-file', '/tmp/tmp6xof0pto']
[2022-12-12 12:50:05,199] {standard_task_runner.py:80} INFO - Job 396: Subtask get_last_id
[2022-12-12 12:50:07,223] {task_command.py:369} INFO - Running <TaskInstance: prepare_data.get_last_id scheduled__2022-12-12T12:48:00+00:00 [running]> on host b778137d8ea6
[2022-12-12 12:50:11,020] {taskinstance.py:1571} INFO - Exporting the following env vars:
AIRFLOW_CTX_DAG_OWNER=airflow
AIRFLOW_CTX_DAG_ID=prepare_data
AIRFLOW_CTX_TASK_ID=get_last_id
AIRFLOW_CTX_EXECUTION_DATE=2022-12-12T12:48:00+00:00
AIRFLOW_CTX_TRY_NUMBER=1
AIRFLOW_CTX_DAG_RUN_ID=scheduled__2022-12-12T12:48:00+00:00
[2022-12-12 12:50:11,309] {base.py:68} INFO - Using connection ID 'postgres_default' for task execution.
[2022-12-12 12:50:11,696] {python.py:173} INFO - Done. Returned value was: None
[2022-12-12 12:50:12,302] {taskinstance.py:1400} INFO - Marking task as SUCCESS. dag_id=prepare_data, task_id=get_last_id, execution_date=20221212T124800, start_date=20221212T125003, end_date=20221212T125012
[2022-12-12 12:50:12,826] {local_task_job.py:156} INFO - Task exited with return code 0
[2022-12-12 12:50:13,413] {local_task_job.py:273} INFO - 1 downstream tasks scheduled from follow-on schedule check
