[2022-12-03 14:46:29,780] {taskinstance.py:1159} INFO - Dependencies all met for <TaskInstance: prepare_data.create_table scheduled__2022-11-28T17:28:00+00:00 [queued]>
[2022-12-03 14:46:29,845] {taskinstance.py:1159} INFO - Dependencies all met for <TaskInstance: prepare_data.create_table scheduled__2022-11-28T17:28:00+00:00 [queued]>
[2022-12-03 14:46:29,845] {taskinstance.py:1356} INFO - 
--------------------------------------------------------------------------------
[2022-12-03 14:46:29,846] {taskinstance.py:1357} INFO - Starting attempt 1 of 1
[2022-12-03 14:46:29,846] {taskinstance.py:1358} INFO - 
--------------------------------------------------------------------------------
[2022-12-03 14:46:29,971] {taskinstance.py:1377} INFO - Executing <Task(PostgresOperator): create_table> on 2022-11-28 17:28:00+00:00
[2022-12-03 14:46:30,005] {standard_task_runner.py:52} INFO - Started process 389 to run task
[2022-12-03 14:46:30,039] {standard_task_runner.py:79} INFO - Running: ['airflow', 'tasks', 'run', 'prepare_data', 'create_table', 'scheduled__2022-11-28T17:28:00+00:00', '--job-id', '56', '--raw', '--subdir', 'DAGS_FOLDER/prepare_data.py', '--cfg-path', '/tmp/tmpmna5ov8w', '--error-file', '/tmp/tmp__xkhs66']
[2022-12-03 14:46:30,051] {standard_task_runner.py:80} INFO - Job 56: Subtask create_table
[2022-12-03 14:46:30,559] {task_command.py:369} INFO - Running <TaskInstance: prepare_data.create_table scheduled__2022-11-28T17:28:00+00:00 [running]> on host b41792e8e843
[2022-12-03 14:46:31,158] {taskinstance.py:1571} INFO - Exporting the following env vars:
AIRFLOW_CTX_DAG_OWNER=airflow
AIRFLOW_CTX_DAG_ID=prepare_data
AIRFLOW_CTX_TASK_ID=create_table
AIRFLOW_CTX_EXECUTION_DATE=2022-11-28T17:28:00+00:00
AIRFLOW_CTX_TRY_NUMBER=1
AIRFLOW_CTX_DAG_RUN_ID=scheduled__2022-11-28T17:28:00+00:00
[2022-12-03 14:46:31,398] {taskinstance.py:1889} ERROR - Task failed with exception
Traceback (most recent call last):
  File "/home/airflow/.local/lib/python3.7/site-packages/airflow/providers/postgres/operators/postgres.py", line 92, in execute
    self.hook.run(self.sql, self.autocommit, parameters=self.parameters)
  File "/home/airflow/.local/lib/python3.7/site-packages/airflow/hooks/dbapi.py", line 181, in run
    with closing(self.get_conn()) as conn:
  File "/home/airflow/.local/lib/python3.7/site-packages/airflow/providers/postgres/hooks/postgres.py", line 86, in get_conn
    conn = deepcopy(self.connection or self.get_connection(conn_id))
  File "/home/airflow/.local/lib/python3.7/site-packages/airflow/hooks/base.py", line 67, in get_connection
    conn = Connection.get_connection_from_secrets(conn_id)
  File "/home/airflow/.local/lib/python3.7/site-packages/airflow/models/connection.py", line 430, in get_connection_from_secrets
    raise AirflowNotFoundException(f"The conn_id `{conn_id}` isn't defined")
airflow.exceptions.AirflowNotFoundException: The conn_id `postgres_default` isn't defined
[2022-12-03 14:46:31,423] {taskinstance.py:1400} INFO - Marking task as FAILED. dag_id=prepare_data, task_id=create_table, execution_date=20221128T172800, start_date=20221203T144629, end_date=20221203T144631
[2022-12-03 14:46:31,522] {standard_task_runner.py:97} ERROR - Failed to execute job 56 for task create_table (The conn_id `postgres_default` isn't defined; 389)
[2022-12-03 14:46:31,556] {local_task_job.py:156} INFO - Task exited with return code 1
[2022-12-03 14:46:32,149] {local_task_job.py:273} INFO - 0 downstream tasks scheduled from follow-on schedule check
[2022-12-12 12:32:02,272] {taskinstance.py:1159} INFO - Dependencies all met for <TaskInstance: prepare_data.create_table scheduled__2022-11-28T17:28:00+00:00 [queued]>
[2022-12-12 12:32:02,780] {taskinstance.py:1159} INFO - Dependencies all met for <TaskInstance: prepare_data.create_table scheduled__2022-11-28T17:28:00+00:00 [queued]>
[2022-12-12 12:32:02,780] {taskinstance.py:1356} INFO - 
--------------------------------------------------------------------------------
[2022-12-12 12:32:02,780] {taskinstance.py:1357} INFO - Starting attempt 1 of 1
[2022-12-12 12:32:02,780] {taskinstance.py:1358} INFO - 
--------------------------------------------------------------------------------
[2022-12-12 12:32:03,305] {taskinstance.py:1377} INFO - Executing <Task(PostgresOperator): create_table> on 2022-11-28 17:28:00+00:00
[2022-12-12 12:32:03,402] {standard_task_runner.py:52} INFO - Started process 385 to run task
[2022-12-12 12:32:03,588] {standard_task_runner.py:79} INFO - Running: ['airflow', 'tasks', 'run', 'prepare_data', 'create_table', 'scheduled__2022-11-28T17:28:00+00:00', '--job-id', '56', '--raw', '--subdir', 'DAGS_FOLDER/prepare_data.py', '--cfg-path', '/tmp/tmp1s36u714', '--error-file', '/tmp/tmp4osvofgi']
[2022-12-12 12:32:03,699] {standard_task_runner.py:80} INFO - Job 56: Subtask create_table
[2022-12-12 12:32:04,940] {task_command.py:369} INFO - Running <TaskInstance: prepare_data.create_table scheduled__2022-11-28T17:28:00+00:00 [running]> on host b778137d8ea6
[2022-12-12 12:32:07,000] {taskinstance.py:1571} INFO - Exporting the following env vars:
AIRFLOW_CTX_DAG_OWNER=airflow
AIRFLOW_CTX_DAG_ID=prepare_data
AIRFLOW_CTX_TASK_ID=create_table
AIRFLOW_CTX_EXECUTION_DATE=2022-11-28T17:28:00+00:00
AIRFLOW_CTX_TRY_NUMBER=1
AIRFLOW_CTX_DAG_RUN_ID=scheduled__2022-11-28T17:28:00+00:00
[2022-12-12 12:32:08,257] {taskinstance.py:1889} ERROR - Task failed with exception
Traceback (most recent call last):
  File "/home/airflow/.local/lib/python3.7/site-packages/airflow/providers/postgres/operators/postgres.py", line 92, in execute
    self.hook.run(self.sql, self.autocommit, parameters=self.parameters)
  File "/home/airflow/.local/lib/python3.7/site-packages/airflow/hooks/dbapi.py", line 181, in run
    with closing(self.get_conn()) as conn:
  File "/home/airflow/.local/lib/python3.7/site-packages/airflow/providers/postgres/hooks/postgres.py", line 86, in get_conn
    conn = deepcopy(self.connection or self.get_connection(conn_id))
  File "/home/airflow/.local/lib/python3.7/site-packages/airflow/hooks/base.py", line 67, in get_connection
    conn = Connection.get_connection_from_secrets(conn_id)
  File "/home/airflow/.local/lib/python3.7/site-packages/airflow/models/connection.py", line 430, in get_connection_from_secrets
    raise AirflowNotFoundException(f"The conn_id `{conn_id}` isn't defined")
airflow.exceptions.AirflowNotFoundException: The conn_id `postgres_default` isn't defined
[2022-12-12 12:32:08,568] {taskinstance.py:1400} INFO - Marking task as FAILED. dag_id=prepare_data, task_id=create_table, execution_date=20221128T172800, start_date=20221212T123202, end_date=20221212T123208
[2022-12-12 12:32:08,959] {standard_task_runner.py:97} ERROR - Failed to execute job 56 for task create_table (The conn_id `postgres_default` isn't defined; 385)
[2022-12-12 12:32:10,140] {local_task_job.py:156} INFO - Task exited with return code 1
[2022-12-12 12:32:10,905] {local_task_job.py:273} INFO - 0 downstream tasks scheduled from follow-on schedule check
