[2022-12-03 14:43:10,170] {taskinstance.py:1159} INFO - Dependencies all met for <TaskInstance: prepare_data.create_table scheduled__2022-11-28T16:37:00+00:00 [queued]>
[2022-12-03 14:43:11,422] {taskinstance.py:1159} INFO - Dependencies all met for <TaskInstance: prepare_data.create_table scheduled__2022-11-28T16:37:00+00:00 [queued]>
[2022-12-03 14:43:11,422] {taskinstance.py:1356} INFO - 
--------------------------------------------------------------------------------
[2022-12-03 14:43:11,422] {taskinstance.py:1357} INFO - Starting attempt 1 of 1
[2022-12-03 14:43:11,423] {taskinstance.py:1358} INFO - 
--------------------------------------------------------------------------------
[2022-12-03 14:43:13,680] {taskinstance.py:1377} INFO - Executing <Task(PostgresOperator): create_table> on 2022-11-28 16:37:00+00:00
[2022-12-03 14:43:13,934] {standard_task_runner.py:52} INFO - Started process 258 to run task
[2022-12-03 14:43:14,641] {standard_task_runner.py:79} INFO - Running: ['airflow', 'tasks', 'run', 'prepare_data', 'create_table', 'scheduled__2022-11-28T16:37:00+00:00', '--job-id', '5', '--raw', '--subdir', 'DAGS_FOLDER/prepare_data.py', '--cfg-path', '/tmp/tmpi3rav8qm', '--error-file', '/tmp/tmp0mewmthg']
[2022-12-03 14:43:14,675] {standard_task_runner.py:80} INFO - Job 5: Subtask create_table
[2022-12-03 14:43:22,012] {task_command.py:369} INFO - Running <TaskInstance: prepare_data.create_table scheduled__2022-11-28T16:37:00+00:00 [running]> on host b41792e8e843
[2022-12-03 14:43:25,052] {taskinstance.py:1571} INFO - Exporting the following env vars:
AIRFLOW_CTX_DAG_OWNER=airflow
AIRFLOW_CTX_DAG_ID=prepare_data
AIRFLOW_CTX_TASK_ID=create_table
AIRFLOW_CTX_EXECUTION_DATE=2022-11-28T16:37:00+00:00
AIRFLOW_CTX_TRY_NUMBER=1
AIRFLOW_CTX_DAG_RUN_ID=scheduled__2022-11-28T16:37:00+00:00
[2022-12-03 14:43:25,905] {taskinstance.py:1889} ERROR - Task failed with exception
Traceback (most recent call last):
  File "/home/airflow/.local/lib/python3.7/site-packages/airflow/providers/postgres/operators/postgres.py", line 92, in execute
    self.hook.run(self.sql, self.autocommit, parameters=self.parameters)
  File "/home/airflow/.local/lib/python3.7/site-packages/airflow/hooks/dbapi.py", line 181, in run
    with closing(self.get_conn()) as conn:
  File "/home/airflow/.local/lib/python3.7/site-packages/airflow/providers/postgres/hooks/postgres.py", line 86, in get_conn
    conn = deepcopy(self.connection or self.get_connection(conn_id))
  File "/home/airflow/.local/lib/python3.7/site-packages/airflow/hooks/base.py", line 67, in get_connection
    conn = Connection.get_connection_from_secrets(conn_id)
  File "/home/airflow/.local/lib/python3.7/site-packages/airflow/models/connection.py", line 430, in get_connection_from_secrets
    raise AirflowNotFoundException(f"The conn_id `{conn_id}` isn't defined")
airflow.exceptions.AirflowNotFoundException: The conn_id `postgres_default` isn't defined
[2022-12-03 14:43:26,139] {taskinstance.py:1400} INFO - Marking task as FAILED. dag_id=prepare_data, task_id=create_table, execution_date=20221128T163700, start_date=20221203T144310, end_date=20221203T144326
[2022-12-03 14:43:26,583] {standard_task_runner.py:97} ERROR - Failed to execute job 5 for task create_table (The conn_id `postgres_default` isn't defined; 258)
[2022-12-03 14:43:26,827] {local_task_job.py:156} INFO - Task exited with return code 1
[2022-12-03 14:43:28,572] {local_task_job.py:273} INFO - 0 downstream tasks scheduled from follow-on schedule check
[2022-12-12 12:26:54,899] {taskinstance.py:1159} INFO - Dependencies all met for <TaskInstance: prepare_data.create_table scheduled__2022-11-28T16:37:00+00:00 [queued]>
[2022-12-12 12:26:56,399] {taskinstance.py:1159} INFO - Dependencies all met for <TaskInstance: prepare_data.create_table scheduled__2022-11-28T16:37:00+00:00 [queued]>
[2022-12-12 12:26:56,400] {taskinstance.py:1356} INFO - 
--------------------------------------------------------------------------------
[2022-12-12 12:26:56,400] {taskinstance.py:1357} INFO - Starting attempt 1 of 1
[2022-12-12 12:26:56,400] {taskinstance.py:1358} INFO - 
--------------------------------------------------------------------------------
[2022-12-12 12:26:58,107] {taskinstance.py:1377} INFO - Executing <Task(PostgresOperator): create_table> on 2022-11-28 16:37:00+00:00
[2022-12-12 12:26:58,676] {standard_task_runner.py:52} INFO - Started process 239 to run task
[2022-12-12 12:26:59,110] {standard_task_runner.py:79} INFO - Running: ['airflow', 'tasks', 'run', 'prepare_data', 'create_table', 'scheduled__2022-11-28T16:37:00+00:00', '--job-id', '5', '--raw', '--subdir', 'DAGS_FOLDER/prepare_data.py', '--cfg-path', '/tmp/tmp3ntp44zn', '--error-file', '/tmp/tmpi2xrevfr']
[2022-12-12 12:26:59,222] {standard_task_runner.py:80} INFO - Job 5: Subtask create_table
[2022-12-12 12:27:04,886] {task_command.py:369} INFO - Running <TaskInstance: prepare_data.create_table scheduled__2022-11-28T16:37:00+00:00 [running]> on host b778137d8ea6
[2022-12-12 12:27:11,619] {taskinstance.py:1571} INFO - Exporting the following env vars:
AIRFLOW_CTX_DAG_OWNER=airflow
AIRFLOW_CTX_DAG_ID=prepare_data
AIRFLOW_CTX_TASK_ID=create_table
AIRFLOW_CTX_EXECUTION_DATE=2022-11-28T16:37:00+00:00
AIRFLOW_CTX_TRY_NUMBER=1
AIRFLOW_CTX_DAG_RUN_ID=scheduled__2022-11-28T16:37:00+00:00
[2022-12-12 12:27:17,592] {taskinstance.py:1889} ERROR - Task failed with exception
Traceback (most recent call last):
  File "/home/airflow/.local/lib/python3.7/site-packages/airflow/providers/postgres/operators/postgres.py", line 92, in execute
    self.hook.run(self.sql, self.autocommit, parameters=self.parameters)
  File "/home/airflow/.local/lib/python3.7/site-packages/airflow/hooks/dbapi.py", line 181, in run
    with closing(self.get_conn()) as conn:
  File "/home/airflow/.local/lib/python3.7/site-packages/airflow/providers/postgres/hooks/postgres.py", line 86, in get_conn
    conn = deepcopy(self.connection or self.get_connection(conn_id))
  File "/home/airflow/.local/lib/python3.7/site-packages/airflow/hooks/base.py", line 67, in get_connection
    conn = Connection.get_connection_from_secrets(conn_id)
  File "/home/airflow/.local/lib/python3.7/site-packages/airflow/models/connection.py", line 430, in get_connection_from_secrets
    raise AirflowNotFoundException(f"The conn_id `{conn_id}` isn't defined")
airflow.exceptions.AirflowNotFoundException: The conn_id `postgres_default` isn't defined
[2022-12-12 12:27:17,880] {taskinstance.py:1400} INFO - Marking task as FAILED. dag_id=prepare_data, task_id=create_table, execution_date=20221128T163700, start_date=20221212T122654, end_date=20221212T122717
[2022-12-12 12:27:18,591] {standard_task_runner.py:97} ERROR - Failed to execute job 5 for task create_table (The conn_id `postgres_default` isn't defined; 239)
[2022-12-12 12:27:18,919] {local_task_job.py:156} INFO - Task exited with return code 1
[2022-12-12 12:27:21,409] {local_task_job.py:273} INFO - 0 downstream tasks scheduled from follow-on schedule check
[2022-12-12 15:10:35,591] {taskinstance.py:1159} INFO - Dependencies all met for <TaskInstance: prepare_data.create_table scheduled__2022-11-28T16:37:00+00:00 [queued]>
[2022-12-12 15:10:37,336] {taskinstance.py:1159} INFO - Dependencies all met for <TaskInstance: prepare_data.create_table scheduled__2022-11-28T16:37:00+00:00 [queued]>
[2022-12-12 15:10:37,602] {taskinstance.py:1356} INFO - 
--------------------------------------------------------------------------------
[2022-12-12 15:10:37,603] {taskinstance.py:1357} INFO - Starting attempt 1 of 1
[2022-12-12 15:10:37,687] {taskinstance.py:1358} INFO - 
--------------------------------------------------------------------------------
[2022-12-12 15:10:39,836] {taskinstance.py:1377} INFO - Executing <Task(PostgresOperator): create_table> on 2022-11-28 16:37:00+00:00
[2022-12-12 15:10:40,088] {standard_task_runner.py:52} INFO - Started process 273 to run task
[2022-12-12 15:10:41,124] {standard_task_runner.py:79} INFO - Running: ['airflow', 'tasks', 'run', 'prepare_data', 'create_table', 'scheduled__2022-11-28T16:37:00+00:00', '--job-id', '5', '--raw', '--subdir', 'DAGS_FOLDER/prepare_data.py', '--cfg-path', '/tmp/tmpqmtmp2ag', '--error-file', '/tmp/tmpno8jvrhf']
[2022-12-12 15:10:41,232] {standard_task_runner.py:80} INFO - Job 5: Subtask create_table
[2022-12-12 15:10:51,749] {task_command.py:369} INFO - Running <TaskInstance: prepare_data.create_table scheduled__2022-11-28T16:37:00+00:00 [running]> on host d4eb34144d92
[2022-12-12 15:11:13,759] {taskinstance.py:1571} INFO - Exporting the following env vars:
AIRFLOW_CTX_DAG_OWNER=airflow
AIRFLOW_CTX_DAG_ID=prepare_data
AIRFLOW_CTX_TASK_ID=create_table
AIRFLOW_CTX_EXECUTION_DATE=2022-11-28T16:37:00+00:00
AIRFLOW_CTX_TRY_NUMBER=1
AIRFLOW_CTX_DAG_RUN_ID=scheduled__2022-11-28T16:37:00+00:00
[2022-12-12 15:11:17,937] {taskinstance.py:1889} ERROR - Task failed with exception
Traceback (most recent call last):
  File "/home/airflow/.local/lib/python3.7/site-packages/airflow/providers/postgres/operators/postgres.py", line 92, in execute
    self.hook.run(self.sql, self.autocommit, parameters=self.parameters)
  File "/home/airflow/.local/lib/python3.7/site-packages/airflow/hooks/dbapi.py", line 181, in run
    with closing(self.get_conn()) as conn:
  File "/home/airflow/.local/lib/python3.7/site-packages/airflow/providers/postgres/hooks/postgres.py", line 86, in get_conn
    conn = deepcopy(self.connection or self.get_connection(conn_id))
  File "/home/airflow/.local/lib/python3.7/site-packages/airflow/hooks/base.py", line 67, in get_connection
    conn = Connection.get_connection_from_secrets(conn_id)
  File "/home/airflow/.local/lib/python3.7/site-packages/airflow/models/connection.py", line 430, in get_connection_from_secrets
    raise AirflowNotFoundException(f"The conn_id `{conn_id}` isn't defined")
airflow.exceptions.AirflowNotFoundException: The conn_id `postgres_default` isn't defined
[2022-12-12 15:11:18,597] {taskinstance.py:1400} INFO - Marking task as FAILED. dag_id=prepare_data, task_id=create_table, execution_date=20221128T163700, start_date=20221212T151035, end_date=20221212T151118
[2022-12-12 15:11:19,699] {standard_task_runner.py:97} ERROR - Failed to execute job 5 for task create_table (The conn_id `postgres_default` isn't defined; 273)
[2022-12-12 15:11:20,234] {local_task_job.py:156} INFO - Task exited with return code 1
[2022-12-12 15:11:24,003] {local_task_job.py:273} INFO - 0 downstream tasks scheduled from follow-on schedule check
