[2022-12-03 15:05:58,446] {taskinstance.py:1159} INFO - Dependencies all met for <TaskInstance: prepare_data.create_table scheduled__2022-11-28T19:24:00+00:00 [queued]>
[2022-12-03 15:05:58,811] {taskinstance.py:1159} INFO - Dependencies all met for <TaskInstance: prepare_data.create_table scheduled__2022-11-28T19:24:00+00:00 [queued]>
[2022-12-03 15:05:58,812] {taskinstance.py:1356} INFO - 
--------------------------------------------------------------------------------
[2022-12-03 15:05:58,812] {taskinstance.py:1357} INFO - Starting attempt 1 of 1
[2022-12-03 15:05:58,812] {taskinstance.py:1358} INFO - 
--------------------------------------------------------------------------------
[2022-12-03 15:05:59,483] {taskinstance.py:1377} INFO - Executing <Task(PostgresOperator): create_table> on 2022-11-28 19:24:00+00:00
[2022-12-03 15:05:59,572] {standard_task_runner.py:52} INFO - Started process 1056 to run task
[2022-12-03 15:05:59,724] {standard_task_runner.py:79} INFO - Running: ['airflow', 'tasks', 'run', 'prepare_data', 'create_table', 'scheduled__2022-11-28T19:24:00+00:00', '--job-id', '313', '--raw', '--subdir', 'DAGS_FOLDER/prepare_data.py', '--cfg-path', '/tmp/tmpv0z6qgqw', '--error-file', '/tmp/tmpb50vmpln']
[2022-12-03 15:05:59,790] {standard_task_runner.py:80} INFO - Job 313: Subtask create_table
[2022-12-03 15:06:02,250] {task_command.py:369} INFO - Running <TaskInstance: prepare_data.create_table scheduled__2022-11-28T19:24:00+00:00 [running]> on host b41792e8e843
[2022-12-03 15:06:05,432] {taskinstance.py:1571} INFO - Exporting the following env vars:
AIRFLOW_CTX_DAG_OWNER=airflow
AIRFLOW_CTX_DAG_ID=prepare_data
AIRFLOW_CTX_TASK_ID=create_table
AIRFLOW_CTX_EXECUTION_DATE=2022-11-28T19:24:00+00:00
AIRFLOW_CTX_TRY_NUMBER=1
AIRFLOW_CTX_DAG_RUN_ID=scheduled__2022-11-28T19:24:00+00:00
[2022-12-03 15:06:05,813] {base.py:68} INFO - Using connection ID 'postgres_default' for task execution.
[2022-12-03 15:06:05,884] {dbapi.py:208} INFO - Running statement: CREATE TABLE IF NOT EXISTS prepared_data (
	id SERIAL,
	sensor_id BIGINT,
	longitude FLOAT,
	latitude FLOAT,
	controller_id BIGINT,
	datetime TIMESTAMP WITH TIME ZONE,
	temperature INTEGER
);, parameters: None
[2022-12-03 15:06:05,892] {postgres.py:94} INFO - NOTICE:  relation "prepared_data" already exists, skipping

[2022-12-03 15:06:06,672] {taskinstance.py:1400} INFO - Marking task as SUCCESS. dag_id=prepare_data, task_id=create_table, execution_date=20221128T192400, start_date=20221203T150558, end_date=20221203T150606
[2022-12-03 15:06:07,267] {local_task_job.py:156} INFO - Task exited with return code 0
[2022-12-03 15:06:10,482] {local_task_job.py:273} INFO - 1 downstream tasks scheduled from follow-on schedule check
[2022-12-12 12:35:54,364] {taskinstance.py:1159} INFO - Dependencies all met for <TaskInstance: prepare_data.create_table scheduled__2022-11-28T19:24:00+00:00 [queued]>
[2022-12-12 12:35:54,419] {taskinstance.py:1159} INFO - Dependencies all met for <TaskInstance: prepare_data.create_table scheduled__2022-11-28T19:24:00+00:00 [queued]>
[2022-12-12 12:35:54,420] {taskinstance.py:1356} INFO - 
--------------------------------------------------------------------------------
[2022-12-12 12:35:54,420] {taskinstance.py:1357} INFO - Starting attempt 1 of 1
[2022-12-12 12:35:54,420] {taskinstance.py:1358} INFO - 
--------------------------------------------------------------------------------
[2022-12-12 12:35:54,528] {taskinstance.py:1377} INFO - Executing <Task(PostgresOperator): create_table> on 2022-11-28 19:24:00+00:00
[2022-12-12 12:35:54,534] {standard_task_runner.py:52} INFO - Started process 650 to run task
[2022-12-12 12:35:54,564] {standard_task_runner.py:79} INFO - Running: ['airflow', 'tasks', 'run', 'prepare_data', 'create_table', 'scheduled__2022-11-28T19:24:00+00:00', '--job-id', '172', '--raw', '--subdir', 'DAGS_FOLDER/prepare_data.py', '--cfg-path', '/tmp/tmph1cq21ir', '--error-file', '/tmp/tmpf1s62ma0']
[2022-12-12 12:35:54,572] {standard_task_runner.py:80} INFO - Job 172: Subtask create_table
[2022-12-12 12:35:54,908] {task_command.py:369} INFO - Running <TaskInstance: prepare_data.create_table scheduled__2022-11-28T19:24:00+00:00 [running]> on host b778137d8ea6
[2022-12-12 12:35:55,821] {taskinstance.py:1571} INFO - Exporting the following env vars:
AIRFLOW_CTX_DAG_OWNER=airflow
AIRFLOW_CTX_DAG_ID=prepare_data
AIRFLOW_CTX_TASK_ID=create_table
AIRFLOW_CTX_EXECUTION_DATE=2022-11-28T19:24:00+00:00
AIRFLOW_CTX_TRY_NUMBER=1
AIRFLOW_CTX_DAG_RUN_ID=scheduled__2022-11-28T19:24:00+00:00
[2022-12-12 12:35:55,932] {taskinstance.py:1889} ERROR - Task failed with exception
Traceback (most recent call last):
  File "/home/airflow/.local/lib/python3.7/site-packages/airflow/providers/postgres/operators/postgres.py", line 92, in execute
    self.hook.run(self.sql, self.autocommit, parameters=self.parameters)
  File "/home/airflow/.local/lib/python3.7/site-packages/airflow/hooks/dbapi.py", line 181, in run
    with closing(self.get_conn()) as conn:
  File "/home/airflow/.local/lib/python3.7/site-packages/airflow/providers/postgres/hooks/postgres.py", line 86, in get_conn
    conn = deepcopy(self.connection or self.get_connection(conn_id))
  File "/home/airflow/.local/lib/python3.7/site-packages/airflow/hooks/base.py", line 67, in get_connection
    conn = Connection.get_connection_from_secrets(conn_id)
  File "/home/airflow/.local/lib/python3.7/site-packages/airflow/models/connection.py", line 430, in get_connection_from_secrets
    raise AirflowNotFoundException(f"The conn_id `{conn_id}` isn't defined")
airflow.exceptions.AirflowNotFoundException: The conn_id `postgres_default` isn't defined
[2022-12-12 12:35:55,948] {taskinstance.py:1400} INFO - Marking task as FAILED. dag_id=prepare_data, task_id=create_table, execution_date=20221128T192400, start_date=20221212T123554, end_date=20221212T123555
[2022-12-12 12:35:55,986] {standard_task_runner.py:97} ERROR - Failed to execute job 172 for task create_table (The conn_id `postgres_default` isn't defined; 650)
[2022-12-12 12:35:56,014] {local_task_job.py:156} INFO - Task exited with return code 1
[2022-12-12 12:35:56,203] {local_task_job.py:273} INFO - 0 downstream tasks scheduled from follow-on schedule check
