[2022-12-03 15:10:50,798] {taskinstance.py:1159} INFO - Dependencies all met for <TaskInstance: prepare_data.create_table scheduled__2022-11-28T19:52:00+00:00 [queued]>
[2022-12-03 15:10:51,150] {taskinstance.py:1159} INFO - Dependencies all met for <TaskInstance: prepare_data.create_table scheduled__2022-11-28T19:52:00+00:00 [queued]>
[2022-12-03 15:10:51,151] {taskinstance.py:1356} INFO - 
--------------------------------------------------------------------------------
[2022-12-03 15:10:51,151] {taskinstance.py:1357} INFO - Starting attempt 1 of 1
[2022-12-03 15:10:51,151] {taskinstance.py:1358} INFO - 
--------------------------------------------------------------------------------
[2022-12-03 15:10:51,698] {taskinstance.py:1377} INFO - Executing <Task(PostgresOperator): create_table> on 2022-11-28 19:52:00+00:00
[2022-12-03 15:10:51,845] {standard_task_runner.py:52} INFO - Started process 1262 to run task
[2022-12-03 15:10:51,927] {standard_task_runner.py:79} INFO - Running: ['airflow', 'tasks', 'run', 'prepare_data', 'create_table', 'scheduled__2022-11-28T19:52:00+00:00', '--job-id', '396', '--raw', '--subdir', 'DAGS_FOLDER/prepare_data.py', '--cfg-path', '/tmp/tmps8iiqty3', '--error-file', '/tmp/tmpyfuz85w8']
[2022-12-03 15:10:51,963] {standard_task_runner.py:80} INFO - Job 396: Subtask create_table
[2022-12-03 15:10:54,054] {task_command.py:369} INFO - Running <TaskInstance: prepare_data.create_table scheduled__2022-11-28T19:52:00+00:00 [running]> on host b41792e8e843
[2022-12-03 15:10:56,651] {taskinstance.py:1571} INFO - Exporting the following env vars:
AIRFLOW_CTX_DAG_OWNER=airflow
AIRFLOW_CTX_DAG_ID=prepare_data
AIRFLOW_CTX_TASK_ID=create_table
AIRFLOW_CTX_EXECUTION_DATE=2022-11-28T19:52:00+00:00
AIRFLOW_CTX_TRY_NUMBER=1
AIRFLOW_CTX_DAG_RUN_ID=scheduled__2022-11-28T19:52:00+00:00
[2022-12-03 15:10:56,924] {base.py:68} INFO - Using connection ID 'postgres_default' for task execution.
[2022-12-03 15:10:57,062] {dbapi.py:208} INFO - Running statement: CREATE TABLE IF NOT EXISTS prepared_data (
	id SERIAL,
	sensor_id BIGINT,
	longitude FLOAT,
	latitude FLOAT,
	controller_id BIGINT,
	datetime TIMESTAMP WITH TIME ZONE,
	temperature INTEGER
);, parameters: None
[2022-12-03 15:10:57,074] {postgres.py:94} INFO - NOTICE:  relation "prepared_data" already exists, skipping

[2022-12-03 15:10:58,847] {taskinstance.py:1400} INFO - Marking task as SUCCESS. dag_id=prepare_data, task_id=create_table, execution_date=20221128T195200, start_date=20221203T151050, end_date=20221203T151058
[2022-12-03 15:10:59,256] {local_task_job.py:156} INFO - Task exited with return code 0
[2022-12-03 15:11:00,498] {local_task_job.py:273} INFO - 1 downstream tasks scheduled from follow-on schedule check
[2022-12-12 12:36:45,764] {taskinstance.py:1159} INFO - Dependencies all met for <TaskInstance: prepare_data.create_table scheduled__2022-11-28T19:52:00+00:00 [queued]>
[2022-12-12 12:36:45,877] {taskinstance.py:1159} INFO - Dependencies all met for <TaskInstance: prepare_data.create_table scheduled__2022-11-28T19:52:00+00:00 [queued]>
[2022-12-12 12:36:45,878] {taskinstance.py:1356} INFO - 
--------------------------------------------------------------------------------
[2022-12-12 12:36:45,878] {taskinstance.py:1357} INFO - Starting attempt 1 of 1
[2022-12-12 12:36:45,878] {taskinstance.py:1358} INFO - 
--------------------------------------------------------------------------------
[2022-12-12 12:36:46,076] {taskinstance.py:1377} INFO - Executing <Task(PostgresOperator): create_table> on 2022-11-28 19:52:00+00:00
[2022-12-12 12:36:46,090] {standard_task_runner.py:52} INFO - Started process 718 to run task
[2022-12-12 12:36:46,127] {standard_task_runner.py:79} INFO - Running: ['airflow', 'tasks', 'run', 'prepare_data', 'create_table', 'scheduled__2022-11-28T19:52:00+00:00', '--job-id', '200', '--raw', '--subdir', 'DAGS_FOLDER/prepare_data.py', '--cfg-path', '/tmp/tmpuny8_bai', '--error-file', '/tmp/tmprjp_n0l9']
[2022-12-12 12:36:46,147] {standard_task_runner.py:80} INFO - Job 200: Subtask create_table
[2022-12-12 12:36:46,489] {task_command.py:369} INFO - Running <TaskInstance: prepare_data.create_table scheduled__2022-11-28T19:52:00+00:00 [running]> on host b778137d8ea6
[2022-12-12 12:36:47,195] {taskinstance.py:1571} INFO - Exporting the following env vars:
AIRFLOW_CTX_DAG_OWNER=airflow
AIRFLOW_CTX_DAG_ID=prepare_data
AIRFLOW_CTX_TASK_ID=create_table
AIRFLOW_CTX_EXECUTION_DATE=2022-11-28T19:52:00+00:00
AIRFLOW_CTX_TRY_NUMBER=1
AIRFLOW_CTX_DAG_RUN_ID=scheduled__2022-11-28T19:52:00+00:00
[2022-12-12 12:36:47,390] {taskinstance.py:1889} ERROR - Task failed with exception
Traceback (most recent call last):
  File "/home/airflow/.local/lib/python3.7/site-packages/airflow/providers/postgres/operators/postgres.py", line 92, in execute
    self.hook.run(self.sql, self.autocommit, parameters=self.parameters)
  File "/home/airflow/.local/lib/python3.7/site-packages/airflow/hooks/dbapi.py", line 181, in run
    with closing(self.get_conn()) as conn:
  File "/home/airflow/.local/lib/python3.7/site-packages/airflow/providers/postgres/hooks/postgres.py", line 86, in get_conn
    conn = deepcopy(self.connection or self.get_connection(conn_id))
  File "/home/airflow/.local/lib/python3.7/site-packages/airflow/hooks/base.py", line 67, in get_connection
    conn = Connection.get_connection_from_secrets(conn_id)
  File "/home/airflow/.local/lib/python3.7/site-packages/airflow/models/connection.py", line 430, in get_connection_from_secrets
    raise AirflowNotFoundException(f"The conn_id `{conn_id}` isn't defined")
airflow.exceptions.AirflowNotFoundException: The conn_id `postgres_default` isn't defined
[2022-12-12 12:36:47,421] {taskinstance.py:1400} INFO - Marking task as FAILED. dag_id=prepare_data, task_id=create_table, execution_date=20221128T195200, start_date=20221212T123645, end_date=20221212T123647
[2022-12-12 12:36:47,484] {standard_task_runner.py:97} ERROR - Failed to execute job 200 for task create_table (The conn_id `postgres_default` isn't defined; 718)
[2022-12-12 12:36:47,511] {local_task_job.py:156} INFO - Task exited with return code 1
[2022-12-12 12:36:47,772] {local_task_job.py:273} INFO - 0 downstream tasks scheduled from follow-on schedule check
