[2022-12-03 15:03:39,718] {taskinstance.py:1159} INFO - Dependencies all met for <TaskInstance: prepare_data.transfer_data scheduled__2022-11-28T19:08:00+00:00 [queued]>
[2022-12-03 15:03:40,453] {taskinstance.py:1159} INFO - Dependencies all met for <TaskInstance: prepare_data.transfer_data scheduled__2022-11-28T19:08:00+00:00 [queued]>
[2022-12-03 15:03:40,497] {taskinstance.py:1356} INFO - 
--------------------------------------------------------------------------------
[2022-12-03 15:03:40,497] {taskinstance.py:1357} INFO - Starting attempt 1 of 1
[2022-12-03 15:03:40,498] {taskinstance.py:1358} INFO - 
--------------------------------------------------------------------------------
[2022-12-03 15:03:41,609] {taskinstance.py:1377} INFO - Executing <Task(PythonOperator): transfer_data> on 2022-11-28 19:08:00+00:00
[2022-12-03 15:03:41,861] {standard_task_runner.py:52} INFO - Started process 980 to run task
[2022-12-03 15:03:42,008] {standard_task_runner.py:79} INFO - Running: ['airflow', 'tasks', 'run', 'prepare_data', 'transfer_data', 'scheduled__2022-11-28T19:08:00+00:00', '--job-id', '283', '--raw', '--subdir', 'DAGS_FOLDER/prepare_data.py', '--cfg-path', '/tmp/tmp3i_rhokj', '--error-file', '/tmp/tmpai60g985']
[2022-12-03 15:03:42,043] {standard_task_runner.py:80} INFO - Job 283: Subtask transfer_data
[2022-12-03 15:03:44,659] {task_command.py:369} INFO - Running <TaskInstance: prepare_data.transfer_data scheduled__2022-11-28T19:08:00+00:00 [running]> on host b41792e8e843
[2022-12-03 15:03:51,666] {taskinstance.py:1571} INFO - Exporting the following env vars:
AIRFLOW_CTX_DAG_OWNER=airflow
AIRFLOW_CTX_DAG_ID=prepare_data
AIRFLOW_CTX_TASK_ID=transfer_data
AIRFLOW_CTX_EXECUTION_DATE=2022-11-28T19:08:00+00:00
AIRFLOW_CTX_TRY_NUMBER=1
AIRFLOW_CTX_DAG_RUN_ID=scheduled__2022-11-28T19:08:00+00:00
[2022-12-03 15:03:52,447] {base.py:68} INFO - Using connection ID 'postgres_default' for task execution.
[2022-12-03 15:03:53,319] {python.py:173} INFO - Done. Returned value was: None
[2022-12-03 15:03:57,657] {taskinstance.py:1400} INFO - Marking task as SUCCESS. dag_id=prepare_data, task_id=transfer_data, execution_date=20221128T190800, start_date=20221203T150339, end_date=20221203T150357
[2022-12-03 15:04:00,370] {local_task_job.py:156} INFO - Task exited with return code 0
[2022-12-03 15:04:02,851] {local_task_job.py:273} INFO - 0 downstream tasks scheduled from follow-on schedule check
