[2022-12-12 13:02:33,960] {taskinstance.py:1159} INFO - Dependencies all met for <TaskInstance: prepare_data.transfer_data scheduled__2022-11-28T23:09:00+00:00 [queued]>
[2022-12-12 13:02:34,726] {taskinstance.py:1159} INFO - Dependencies all met for <TaskInstance: prepare_data.transfer_data scheduled__2022-11-28T23:09:00+00:00 [queued]>
[2022-12-12 13:02:34,726] {taskinstance.py:1356} INFO - 
--------------------------------------------------------------------------------
[2022-12-12 13:02:34,726] {taskinstance.py:1357} INFO - Starting attempt 1 of 1
[2022-12-12 13:02:34,726] {taskinstance.py:1358} INFO - 
--------------------------------------------------------------------------------
[2022-12-12 13:02:35,511] {taskinstance.py:1377} INFO - Executing <Task(PythonOperator): transfer_data> on 2022-11-28 23:09:00+00:00
[2022-12-12 13:02:35,694] {standard_task_runner.py:52} INFO - Started process 1681 to run task
[2022-12-12 13:02:35,792] {standard_task_runner.py:79} INFO - Running: ['airflow', 'tasks', 'run', 'prepare_data', 'transfer_data', 'scheduled__2022-11-28T23:09:00+00:00', '--job-id', '577', '--raw', '--subdir', 'DAGS_FOLDER/prepare_data.py', '--cfg-path', '/tmp/tmpbpid_b8p', '--error-file', '/tmp/tmpg20dxfd4']
[2022-12-12 13:02:35,794] {standard_task_runner.py:80} INFO - Job 577: Subtask transfer_data
[2022-12-12 13:02:37,912] {task_command.py:369} INFO - Running <TaskInstance: prepare_data.transfer_data scheduled__2022-11-28T23:09:00+00:00 [running]> on host b778137d8ea6
[2022-12-12 13:02:42,618] {taskinstance.py:1571} INFO - Exporting the following env vars:
AIRFLOW_CTX_DAG_OWNER=airflow
AIRFLOW_CTX_DAG_ID=prepare_data
AIRFLOW_CTX_TASK_ID=transfer_data
AIRFLOW_CTX_EXECUTION_DATE=2022-11-28T23:09:00+00:00
AIRFLOW_CTX_TRY_NUMBER=1
AIRFLOW_CTX_DAG_RUN_ID=scheduled__2022-11-28T23:09:00+00:00
[2022-12-12 13:02:42,969] {base.py:68} INFO - Using connection ID 'postgres_default' for task execution.
[2022-12-12 13:02:43,537] {python.py:173} INFO - Done. Returned value was: None
[2022-12-12 13:02:44,278] {taskinstance.py:1400} INFO - Marking task as SUCCESS. dag_id=prepare_data, task_id=transfer_data, execution_date=20221128T230900, start_date=20221212T130234, end_date=20221212T130244
[2022-12-12 13:02:44,664] {local_task_job.py:156} INFO - Task exited with return code 0
[2022-12-12 13:02:45,599] {local_task_job.py:273} INFO - 0 downstream tasks scheduled from follow-on schedule check
