[2022-12-03 14:46:12,447] {taskinstance.py:1159} INFO - Dependencies all met for <TaskInstance: prepare_data.create_table scheduled__2022-11-28T17:22:00+00:00 [queued]>
[2022-12-03 14:46:12,858] {taskinstance.py:1159} INFO - Dependencies all met for <TaskInstance: prepare_data.create_table scheduled__2022-11-28T17:22:00+00:00 [queued]>
[2022-12-03 14:46:12,858] {taskinstance.py:1356} INFO - 
--------------------------------------------------------------------------------
[2022-12-03 14:46:12,858] {taskinstance.py:1357} INFO - Starting attempt 1 of 1
[2022-12-03 14:46:12,859] {taskinstance.py:1358} INFO - 
--------------------------------------------------------------------------------
[2022-12-03 14:46:13,318] {taskinstance.py:1377} INFO - Executing <Task(PostgresOperator): create_table> on 2022-11-28 17:22:00+00:00
[2022-12-03 14:46:13,373] {standard_task_runner.py:52} INFO - Started process 373 to run task
[2022-12-03 14:46:13,438] {standard_task_runner.py:79} INFO - Running: ['airflow', 'tasks', 'run', 'prepare_data', 'create_table', 'scheduled__2022-11-28T17:22:00+00:00', '--job-id', '50', '--raw', '--subdir', 'DAGS_FOLDER/prepare_data.py', '--cfg-path', '/tmp/tmp7s4i4jdt', '--error-file', '/tmp/tmpzxko154w']
[2022-12-03 14:46:13,440] {standard_task_runner.py:80} INFO - Job 50: Subtask create_table
[2022-12-03 14:46:14,776] {task_command.py:369} INFO - Running <TaskInstance: prepare_data.create_table scheduled__2022-11-28T17:22:00+00:00 [running]> on host b41792e8e843
[2022-12-03 14:46:16,278] {taskinstance.py:1571} INFO - Exporting the following env vars:
AIRFLOW_CTX_DAG_OWNER=airflow
AIRFLOW_CTX_DAG_ID=prepare_data
AIRFLOW_CTX_TASK_ID=create_table
AIRFLOW_CTX_EXECUTION_DATE=2022-11-28T17:22:00+00:00
AIRFLOW_CTX_TRY_NUMBER=1
AIRFLOW_CTX_DAG_RUN_ID=scheduled__2022-11-28T17:22:00+00:00
[2022-12-03 14:46:16,993] {taskinstance.py:1889} ERROR - Task failed with exception
Traceback (most recent call last):
  File "/home/airflow/.local/lib/python3.7/site-packages/airflow/providers/postgres/operators/postgres.py", line 92, in execute
    self.hook.run(self.sql, self.autocommit, parameters=self.parameters)
  File "/home/airflow/.local/lib/python3.7/site-packages/airflow/hooks/dbapi.py", line 181, in run
    with closing(self.get_conn()) as conn:
  File "/home/airflow/.local/lib/python3.7/site-packages/airflow/providers/postgres/hooks/postgres.py", line 86, in get_conn
    conn = deepcopy(self.connection or self.get_connection(conn_id))
  File "/home/airflow/.local/lib/python3.7/site-packages/airflow/hooks/base.py", line 67, in get_connection
    conn = Connection.get_connection_from_secrets(conn_id)
  File "/home/airflow/.local/lib/python3.7/site-packages/airflow/models/connection.py", line 430, in get_connection_from_secrets
    raise AirflowNotFoundException(f"The conn_id `{conn_id}` isn't defined")
airflow.exceptions.AirflowNotFoundException: The conn_id `postgres_default` isn't defined
[2022-12-03 14:46:17,053] {taskinstance.py:1400} INFO - Marking task as FAILED. dag_id=prepare_data, task_id=create_table, execution_date=20221128T172200, start_date=20221203T144612, end_date=20221203T144617
[2022-12-03 14:46:17,191] {standard_task_runner.py:97} ERROR - Failed to execute job 50 for task create_table (The conn_id `postgres_default` isn't defined; 373)
[2022-12-03 14:46:17,286] {local_task_job.py:156} INFO - Task exited with return code 1
[2022-12-03 14:46:17,845] {local_task_job.py:273} INFO - 0 downstream tasks scheduled from follow-on schedule check
[2022-12-12 12:31:42,700] {taskinstance.py:1159} INFO - Dependencies all met for <TaskInstance: prepare_data.create_table scheduled__2022-11-28T17:22:00+00:00 [queued]>
[2022-12-12 12:31:42,931] {taskinstance.py:1159} INFO - Dependencies all met for <TaskInstance: prepare_data.create_table scheduled__2022-11-28T17:22:00+00:00 [queued]>
[2022-12-12 12:31:42,931] {taskinstance.py:1356} INFO - 
--------------------------------------------------------------------------------
[2022-12-12 12:31:42,931] {taskinstance.py:1357} INFO - Starting attempt 1 of 1
[2022-12-12 12:31:42,931] {taskinstance.py:1358} INFO - 
--------------------------------------------------------------------------------
[2022-12-12 12:31:43,576] {taskinstance.py:1377} INFO - Executing <Task(PostgresOperator): create_table> on 2022-11-28 17:22:00+00:00
[2022-12-12 12:31:43,638] {standard_task_runner.py:52} INFO - Started process 368 to run task
[2022-12-12 12:31:43,789] {standard_task_runner.py:79} INFO - Running: ['airflow', 'tasks', 'run', 'prepare_data', 'create_table', 'scheduled__2022-11-28T17:22:00+00:00', '--job-id', '50', '--raw', '--subdir', 'DAGS_FOLDER/prepare_data.py', '--cfg-path', '/tmp/tmpi6jmr20c', '--error-file', '/tmp/tmpjd2z4ip_']
[2022-12-12 12:31:43,790] {standard_task_runner.py:80} INFO - Job 50: Subtask create_table
[2022-12-12 12:31:44,605] {task_command.py:369} INFO - Running <TaskInstance: prepare_data.create_table scheduled__2022-11-28T17:22:00+00:00 [running]> on host b778137d8ea6
[2022-12-12 12:31:46,035] {taskinstance.py:1571} INFO - Exporting the following env vars:
AIRFLOW_CTX_DAG_OWNER=airflow
AIRFLOW_CTX_DAG_ID=prepare_data
AIRFLOW_CTX_TASK_ID=create_table
AIRFLOW_CTX_EXECUTION_DATE=2022-11-28T17:22:00+00:00
AIRFLOW_CTX_TRY_NUMBER=1
AIRFLOW_CTX_DAG_RUN_ID=scheduled__2022-11-28T17:22:00+00:00
[2022-12-12 12:31:46,435] {taskinstance.py:1889} ERROR - Task failed with exception
Traceback (most recent call last):
  File "/home/airflow/.local/lib/python3.7/site-packages/airflow/providers/postgres/operators/postgres.py", line 92, in execute
    self.hook.run(self.sql, self.autocommit, parameters=self.parameters)
  File "/home/airflow/.local/lib/python3.7/site-packages/airflow/hooks/dbapi.py", line 181, in run
    with closing(self.get_conn()) as conn:
  File "/home/airflow/.local/lib/python3.7/site-packages/airflow/providers/postgres/hooks/postgres.py", line 86, in get_conn
    conn = deepcopy(self.connection or self.get_connection(conn_id))
  File "/home/airflow/.local/lib/python3.7/site-packages/airflow/hooks/base.py", line 67, in get_connection
    conn = Connection.get_connection_from_secrets(conn_id)
  File "/home/airflow/.local/lib/python3.7/site-packages/airflow/models/connection.py", line 430, in get_connection_from_secrets
    raise AirflowNotFoundException(f"The conn_id `{conn_id}` isn't defined")
airflow.exceptions.AirflowNotFoundException: The conn_id `postgres_default` isn't defined
[2022-12-12 12:31:46,485] {taskinstance.py:1400} INFO - Marking task as FAILED. dag_id=prepare_data, task_id=create_table, execution_date=20221128T172200, start_date=20221212T123142, end_date=20221212T123146
[2022-12-12 12:31:46,637] {standard_task_runner.py:97} ERROR - Failed to execute job 50 for task create_table (The conn_id `postgres_default` isn't defined; 368)
[2022-12-12 12:31:46,751] {local_task_job.py:156} INFO - Task exited with return code 1
[2022-12-12 12:31:48,284] {local_task_job.py:273} INFO - 0 downstream tasks scheduled from follow-on schedule check
[2022-12-12 15:18:59,533] {taskinstance.py:1159} INFO - Dependencies all met for <TaskInstance: prepare_data.create_table scheduled__2022-11-28T17:22:00+00:00 [queued]>
[2022-12-12 15:18:59,725] {taskinstance.py:1159} INFO - Dependencies all met for <TaskInstance: prepare_data.create_table scheduled__2022-11-28T17:22:00+00:00 [queued]>
[2022-12-12 15:18:59,728] {taskinstance.py:1356} INFO - 
--------------------------------------------------------------------------------
[2022-12-12 15:18:59,728] {taskinstance.py:1357} INFO - Starting attempt 1 of 1
[2022-12-12 15:18:59,728] {taskinstance.py:1358} INFO - 
--------------------------------------------------------------------------------
[2022-12-12 15:19:00,193] {taskinstance.py:1377} INFO - Executing <Task(PostgresOperator): create_table> on 2022-11-28 17:22:00+00:00
[2022-12-12 15:19:00,268] {standard_task_runner.py:52} INFO - Started process 422 to run task
[2022-12-12 15:19:00,439] {standard_task_runner.py:79} INFO - Running: ['airflow', 'tasks', 'run', 'prepare_data', 'create_table', 'scheduled__2022-11-28T17:22:00+00:00', '--job-id', '50', '--raw', '--subdir', 'DAGS_FOLDER/prepare_data.py', '--cfg-path', '/tmp/tmpq7pcinmh', '--error-file', '/tmp/tmpbw36wb0z']
[2022-12-12 15:19:00,448] {standard_task_runner.py:80} INFO - Job 50: Subtask create_table
[2022-12-12 15:19:04,234] {task_command.py:369} INFO - Running <TaskInstance: prepare_data.create_table scheduled__2022-11-28T17:22:00+00:00 [running]> on host d4eb34144d92
[2022-12-12 15:19:09,004] {taskinstance.py:1571} INFO - Exporting the following env vars:
AIRFLOW_CTX_DAG_OWNER=airflow
AIRFLOW_CTX_DAG_ID=prepare_data
AIRFLOW_CTX_TASK_ID=create_table
AIRFLOW_CTX_EXECUTION_DATE=2022-11-28T17:22:00+00:00
AIRFLOW_CTX_TRY_NUMBER=1
AIRFLOW_CTX_DAG_RUN_ID=scheduled__2022-11-28T17:22:00+00:00
[2022-12-12 15:19:09,804] {taskinstance.py:1889} ERROR - Task failed with exception
Traceback (most recent call last):
  File "/home/airflow/.local/lib/python3.7/site-packages/airflow/providers/postgres/operators/postgres.py", line 92, in execute
    self.hook.run(self.sql, self.autocommit, parameters=self.parameters)
  File "/home/airflow/.local/lib/python3.7/site-packages/airflow/hooks/dbapi.py", line 181, in run
    with closing(self.get_conn()) as conn:
  File "/home/airflow/.local/lib/python3.7/site-packages/airflow/providers/postgres/hooks/postgres.py", line 86, in get_conn
    conn = deepcopy(self.connection or self.get_connection(conn_id))
  File "/home/airflow/.local/lib/python3.7/site-packages/airflow/hooks/base.py", line 67, in get_connection
    conn = Connection.get_connection_from_secrets(conn_id)
  File "/home/airflow/.local/lib/python3.7/site-packages/airflow/models/connection.py", line 430, in get_connection_from_secrets
    raise AirflowNotFoundException(f"The conn_id `{conn_id}` isn't defined")
airflow.exceptions.AirflowNotFoundException: The conn_id `postgres_default` isn't defined
[2022-12-12 15:19:10,087] {taskinstance.py:1400} INFO - Marking task as FAILED. dag_id=prepare_data, task_id=create_table, execution_date=20221128T172200, start_date=20221212T151859, end_date=20221212T151910
[2022-12-12 15:19:10,670] {standard_task_runner.py:97} ERROR - Failed to execute job 50 for task create_table (The conn_id `postgres_default` isn't defined; 422)
[2022-12-12 15:19:10,780] {local_task_job.py:156} INFO - Task exited with return code 1
[2022-12-12 15:19:12,560] {local_task_job.py:273} INFO - 0 downstream tasks scheduled from follow-on schedule check
