[2022-12-03 15:08:15,760] {taskinstance.py:1159} INFO - Dependencies all met for <TaskInstance: prepare_data.create_table scheduled__2022-11-28T19:38:00+00:00 [queued]>
[2022-12-03 15:08:16,990] {taskinstance.py:1159} INFO - Dependencies all met for <TaskInstance: prepare_data.create_table scheduled__2022-11-28T19:38:00+00:00 [queued]>
[2022-12-03 15:08:17,118] {taskinstance.py:1356} INFO - 
--------------------------------------------------------------------------------
[2022-12-03 15:08:17,119] {taskinstance.py:1357} INFO - Starting attempt 1 of 1
[2022-12-03 15:08:17,124] {taskinstance.py:1358} INFO - 
--------------------------------------------------------------------------------
[2022-12-03 15:08:18,770] {taskinstance.py:1377} INFO - Executing <Task(PostgresOperator): create_table> on 2022-11-28 19:38:00+00:00
[2022-12-03 15:08:19,162] {standard_task_runner.py:52} INFO - Started process 1149 to run task
[2022-12-03 15:08:19,532] {standard_task_runner.py:79} INFO - Running: ['airflow', 'tasks', 'run', 'prepare_data', 'create_table', 'scheduled__2022-11-28T19:38:00+00:00', '--job-id', '350', '--raw', '--subdir', 'DAGS_FOLDER/prepare_data.py', '--cfg-path', '/tmp/tmpou1d8h4z', '--error-file', '/tmp/tmp9gtc1weh']
[2022-12-03 15:08:19,670] {standard_task_runner.py:80} INFO - Job 350: Subtask create_table
[2022-12-03 15:08:23,523] {task_command.py:369} INFO - Running <TaskInstance: prepare_data.create_table scheduled__2022-11-28T19:38:00+00:00 [running]> on host b41792e8e843
[2022-12-03 15:08:27,353] {taskinstance.py:1571} INFO - Exporting the following env vars:
AIRFLOW_CTX_DAG_OWNER=airflow
AIRFLOW_CTX_DAG_ID=prepare_data
AIRFLOW_CTX_TASK_ID=create_table
AIRFLOW_CTX_EXECUTION_DATE=2022-11-28T19:38:00+00:00
AIRFLOW_CTX_TRY_NUMBER=1
AIRFLOW_CTX_DAG_RUN_ID=scheduled__2022-11-28T19:38:00+00:00
[2022-12-03 15:08:28,049] {base.py:68} INFO - Using connection ID 'postgres_default' for task execution.
[2022-12-03 15:08:28,172] {dbapi.py:208} INFO - Running statement: CREATE TABLE IF NOT EXISTS prepared_data (
	id SERIAL,
	sensor_id BIGINT,
	longitude FLOAT,
	latitude FLOAT,
	controller_id BIGINT,
	datetime TIMESTAMP WITH TIME ZONE,
	temperature INTEGER
);, parameters: None
[2022-12-03 15:08:28,188] {postgres.py:94} INFO - NOTICE:  relation "prepared_data" already exists, skipping

[2022-12-03 15:08:31,850] {taskinstance.py:1400} INFO - Marking task as SUCCESS. dag_id=prepare_data, task_id=create_table, execution_date=20221128T193800, start_date=20221203T150815, end_date=20221203T150831
[2022-12-03 15:08:32,626] {local_task_job.py:221} WARNING - State of this instance has been externally set to success. Terminating instance.
[2022-12-03 15:08:32,724] {process_utils.py:129} INFO - Sending Signals.SIGTERM to group 1149. PIDs of all processes in the group: [1149]
[2022-12-03 15:08:32,825] {process_utils.py:80} INFO - Sending the signal Signals.SIGTERM to group 1149
[2022-12-03 15:08:32,954] {process_utils.py:75} INFO - Process psutil.Process(pid=1149, status='terminated', exitcode=0, started='15:08:18') (1149) terminated with exit code 0
[2022-12-12 12:36:21,131] {taskinstance.py:1159} INFO - Dependencies all met for <TaskInstance: prepare_data.create_table scheduled__2022-11-28T19:38:00+00:00 [queued]>
[2022-12-12 12:36:21,160] {taskinstance.py:1159} INFO - Dependencies all met for <TaskInstance: prepare_data.create_table scheduled__2022-11-28T19:38:00+00:00 [queued]>
[2022-12-12 12:36:21,161] {taskinstance.py:1356} INFO - 
--------------------------------------------------------------------------------
[2022-12-12 12:36:21,161] {taskinstance.py:1357} INFO - Starting attempt 1 of 1
[2022-12-12 12:36:21,161] {taskinstance.py:1358} INFO - 
--------------------------------------------------------------------------------
[2022-12-12 12:36:21,210] {taskinstance.py:1377} INFO - Executing <Task(PostgresOperator): create_table> on 2022-11-28 19:38:00+00:00
[2022-12-12 12:36:21,216] {standard_task_runner.py:52} INFO - Started process 684 to run task
[2022-12-12 12:36:21,228] {standard_task_runner.py:79} INFO - Running: ['airflow', 'tasks', 'run', 'prepare_data', 'create_table', 'scheduled__2022-11-28T19:38:00+00:00', '--job-id', '186', '--raw', '--subdir', 'DAGS_FOLDER/prepare_data.py', '--cfg-path', '/tmp/tmpv6qupeu2', '--error-file', '/tmp/tmphpf9gz_s']
[2022-12-12 12:36:21,232] {standard_task_runner.py:80} INFO - Job 186: Subtask create_table
[2022-12-12 12:36:21,722] {task_command.py:369} INFO - Running <TaskInstance: prepare_data.create_table scheduled__2022-11-28T19:38:00+00:00 [running]> on host b778137d8ea6
[2022-12-12 12:36:22,746] {taskinstance.py:1571} INFO - Exporting the following env vars:
AIRFLOW_CTX_DAG_OWNER=airflow
AIRFLOW_CTX_DAG_ID=prepare_data
AIRFLOW_CTX_TASK_ID=create_table
AIRFLOW_CTX_EXECUTION_DATE=2022-11-28T19:38:00+00:00
AIRFLOW_CTX_TRY_NUMBER=1
AIRFLOW_CTX_DAG_RUN_ID=scheduled__2022-11-28T19:38:00+00:00
[2022-12-12 12:36:22,966] {taskinstance.py:1889} ERROR - Task failed with exception
Traceback (most recent call last):
  File "/home/airflow/.local/lib/python3.7/site-packages/airflow/providers/postgres/operators/postgres.py", line 92, in execute
    self.hook.run(self.sql, self.autocommit, parameters=self.parameters)
  File "/home/airflow/.local/lib/python3.7/site-packages/airflow/hooks/dbapi.py", line 181, in run
    with closing(self.get_conn()) as conn:
  File "/home/airflow/.local/lib/python3.7/site-packages/airflow/providers/postgres/hooks/postgres.py", line 86, in get_conn
    conn = deepcopy(self.connection or self.get_connection(conn_id))
  File "/home/airflow/.local/lib/python3.7/site-packages/airflow/hooks/base.py", line 67, in get_connection
    conn = Connection.get_connection_from_secrets(conn_id)
  File "/home/airflow/.local/lib/python3.7/site-packages/airflow/models/connection.py", line 430, in get_connection_from_secrets
    raise AirflowNotFoundException(f"The conn_id `{conn_id}` isn't defined")
airflow.exceptions.AirflowNotFoundException: The conn_id `postgres_default` isn't defined
[2022-12-12 12:36:22,987] {taskinstance.py:1400} INFO - Marking task as FAILED. dag_id=prepare_data, task_id=create_table, execution_date=20221128T193800, start_date=20221212T123621, end_date=20221212T123622
[2022-12-12 12:36:23,029] {standard_task_runner.py:97} ERROR - Failed to execute job 186 for task create_table (The conn_id `postgres_default` isn't defined; 684)
[2022-12-12 12:36:23,085] {local_task_job.py:156} INFO - Task exited with return code 1
[2022-12-12 12:36:23,281] {local_task_job.py:273} INFO - 0 downstream tasks scheduled from follow-on schedule check
