[2022-12-12 13:22:30,701] {taskinstance.py:1159} INFO - Dependencies all met for <TaskInstance: prepare_data.transfer_data scheduled__2022-11-29T00:48:00+00:00 [queued]>
[2022-12-12 13:22:31,739] {taskinstance.py:1159} INFO - Dependencies all met for <TaskInstance: prepare_data.transfer_data scheduled__2022-11-29T00:48:00+00:00 [queued]>
[2022-12-12 13:22:31,739] {taskinstance.py:1356} INFO - 
--------------------------------------------------------------------------------
[2022-12-12 13:22:31,739] {taskinstance.py:1357} INFO - Starting attempt 1 of 1
[2022-12-12 13:22:31,739] {taskinstance.py:1358} INFO - 
--------------------------------------------------------------------------------
[2022-12-12 13:22:33,059] {taskinstance.py:1377} INFO - Executing <Task(PythonOperator): transfer_data> on 2022-11-29 00:48:00+00:00
[2022-12-12 13:22:33,313] {standard_task_runner.py:52} INFO - Started process 2526 to run task
[2022-12-12 13:22:33,691] {standard_task_runner.py:79} INFO - Running: ['airflow', 'tasks', 'run', 'prepare_data', 'transfer_data', 'scheduled__2022-11-29T00:48:00+00:00', '--job-id', '922', '--raw', '--subdir', 'DAGS_FOLDER/prepare_data.py', '--cfg-path', '/tmp/tmpk8uesll2', '--error-file', '/tmp/tmppwbabexc']
[2022-12-12 13:22:33,692] {standard_task_runner.py:80} INFO - Job 922: Subtask transfer_data
[2022-12-12 13:22:41,910] {task_command.py:369} INFO - Running <TaskInstance: prepare_data.transfer_data scheduled__2022-11-29T00:48:00+00:00 [running]> on host b778137d8ea6
[2022-12-12 13:22:53,070] {taskinstance.py:1571} INFO - Exporting the following env vars:
AIRFLOW_CTX_DAG_OWNER=airflow
AIRFLOW_CTX_DAG_ID=prepare_data
AIRFLOW_CTX_TASK_ID=transfer_data
AIRFLOW_CTX_EXECUTION_DATE=2022-11-29T00:48:00+00:00
AIRFLOW_CTX_TRY_NUMBER=1
AIRFLOW_CTX_DAG_RUN_ID=scheduled__2022-11-29T00:48:00+00:00
[2022-12-12 13:22:54,180] {base.py:68} INFO - Using connection ID 'postgres_default' for task execution.
[2022-12-12 13:22:57,496] {python.py:173} INFO - Done. Returned value was: None
[2022-12-12 13:22:59,055] {taskinstance.py:1400} INFO - Marking task as SUCCESS. dag_id=prepare_data, task_id=transfer_data, execution_date=20221129T004800, start_date=20221212T132230, end_date=20221212T132259
[2022-12-12 13:23:00,416] {local_task_job.py:156} INFO - Task exited with return code 0
[2022-12-12 13:23:02,266] {local_task_job.py:273} INFO - 0 downstream tasks scheduled from follow-on schedule check
