[2022-12-03 14:59:26,265] {taskinstance.py:1159} INFO - Dependencies all met for <TaskInstance: prepare_data.create_table scheduled__2022-11-28T18:54:00+00:00 [queued]>
[2022-12-03 14:59:27,075] {taskinstance.py:1159} INFO - Dependencies all met for <TaskInstance: prepare_data.create_table scheduled__2022-11-28T18:54:00+00:00 [queued]>
[2022-12-03 14:59:27,076] {taskinstance.py:1356} INFO - 
--------------------------------------------------------------------------------
[2022-12-03 14:59:27,076] {taskinstance.py:1357} INFO - Starting attempt 1 of 1
[2022-12-03 14:59:27,077] {taskinstance.py:1358} INFO - 
--------------------------------------------------------------------------------
[2022-12-03 14:59:28,062] {taskinstance.py:1377} INFO - Executing <Task(PostgresOperator): create_table> on 2022-11-28 18:54:00+00:00
[2022-12-03 14:59:28,184] {standard_task_runner.py:52} INFO - Started process 820 to run task
[2022-12-03 14:59:28,351] {standard_task_runner.py:79} INFO - Running: ['airflow', 'tasks', 'run', 'prepare_data', 'create_table', 'scheduled__2022-11-28T18:54:00+00:00', '--job-id', '223', '--raw', '--subdir', 'DAGS_FOLDER/prepare_data.py', '--cfg-path', '/tmp/tmpvmmyg8w7', '--error-file', '/tmp/tmp93tnr60b']
[2022-12-03 14:59:28,539] {standard_task_runner.py:80} INFO - Job 223: Subtask create_table
[2022-12-03 14:59:31,737] {task_command.py:369} INFO - Running <TaskInstance: prepare_data.create_table scheduled__2022-11-28T18:54:00+00:00 [running]> on host b41792e8e843
[2022-12-03 14:59:38,672] {taskinstance.py:1571} INFO - Exporting the following env vars:
AIRFLOW_CTX_DAG_OWNER=airflow
AIRFLOW_CTX_DAG_ID=prepare_data
AIRFLOW_CTX_TASK_ID=create_table
AIRFLOW_CTX_EXECUTION_DATE=2022-11-28T18:54:00+00:00
AIRFLOW_CTX_TRY_NUMBER=1
AIRFLOW_CTX_DAG_RUN_ID=scheduled__2022-11-28T18:54:00+00:00
[2022-12-03 14:59:39,358] {base.py:68} INFO - Using connection ID 'postgres_default' for task execution.
[2022-12-03 14:59:39,432] {dbapi.py:208} INFO - Running statement: CREATE TABLE IF NOT EXISTS prepared_data (
	id SERIAL,
	sensor_id BIGINT,
	longitude FLOAT,
	latitude FLOAT,
	controller_id BIGINT,
	datetime TIMESTAMP WITH TIME ZONE,
	temperature INTEGER
);, parameters: None
[2022-12-03 14:59:39,457] {postgres.py:94} INFO - NOTICE:  relation "prepared_data" already exists, skipping

[2022-12-03 14:59:39,976] {taskinstance.py:1400} INFO - Marking task as SUCCESS. dag_id=prepare_data, task_id=create_table, execution_date=20221128T185400, start_date=20221203T145926, end_date=20221203T145939
[2022-12-03 14:59:40,550] {local_task_job.py:156} INFO - Task exited with return code 0
[2022-12-03 14:59:42,319] {local_task_job.py:273} INFO - 1 downstream tasks scheduled from follow-on schedule check
[2022-12-12 12:34:49,688] {taskinstance.py:1159} INFO - Dependencies all met for <TaskInstance: prepare_data.create_table scheduled__2022-11-28T18:54:00+00:00 [queued]>
[2022-12-12 12:34:50,211] {taskinstance.py:1159} INFO - Dependencies all met for <TaskInstance: prepare_data.create_table scheduled__2022-11-28T18:54:00+00:00 [queued]>
[2022-12-12 12:34:50,224] {taskinstance.py:1356} INFO - 
--------------------------------------------------------------------------------
[2022-12-12 12:34:50,224] {taskinstance.py:1357} INFO - Starting attempt 1 of 1
[2022-12-12 12:34:50,224] {taskinstance.py:1358} INFO - 
--------------------------------------------------------------------------------
[2022-12-12 12:34:50,657] {taskinstance.py:1377} INFO - Executing <Task(PostgresOperator): create_table> on 2022-11-28 18:54:00+00:00
[2022-12-12 12:34:50,708] {standard_task_runner.py:52} INFO - Started process 581 to run task
[2022-12-12 12:34:50,779] {standard_task_runner.py:79} INFO - Running: ['airflow', 'tasks', 'run', 'prepare_data', 'create_table', 'scheduled__2022-11-28T18:54:00+00:00', '--job-id', '142', '--raw', '--subdir', 'DAGS_FOLDER/prepare_data.py', '--cfg-path', '/tmp/tmpcvqo39_a', '--error-file', '/tmp/tmpvnb9wssp']
[2022-12-12 12:34:50,792] {standard_task_runner.py:80} INFO - Job 142: Subtask create_table
[2022-12-12 12:34:52,336] {task_command.py:369} INFO - Running <TaskInstance: prepare_data.create_table scheduled__2022-11-28T18:54:00+00:00 [running]> on host b778137d8ea6
[2022-12-12 12:34:53,564] {taskinstance.py:1571} INFO - Exporting the following env vars:
AIRFLOW_CTX_DAG_OWNER=airflow
AIRFLOW_CTX_DAG_ID=prepare_data
AIRFLOW_CTX_TASK_ID=create_table
AIRFLOW_CTX_EXECUTION_DATE=2022-11-28T18:54:00+00:00
AIRFLOW_CTX_TRY_NUMBER=1
AIRFLOW_CTX_DAG_RUN_ID=scheduled__2022-11-28T18:54:00+00:00
[2022-12-12 12:34:53,806] {taskinstance.py:1889} ERROR - Task failed with exception
Traceback (most recent call last):
  File "/home/airflow/.local/lib/python3.7/site-packages/airflow/providers/postgres/operators/postgres.py", line 92, in execute
    self.hook.run(self.sql, self.autocommit, parameters=self.parameters)
  File "/home/airflow/.local/lib/python3.7/site-packages/airflow/hooks/dbapi.py", line 181, in run
    with closing(self.get_conn()) as conn:
  File "/home/airflow/.local/lib/python3.7/site-packages/airflow/providers/postgres/hooks/postgres.py", line 86, in get_conn
    conn = deepcopy(self.connection or self.get_connection(conn_id))
  File "/home/airflow/.local/lib/python3.7/site-packages/airflow/hooks/base.py", line 67, in get_connection
    conn = Connection.get_connection_from_secrets(conn_id)
  File "/home/airflow/.local/lib/python3.7/site-packages/airflow/models/connection.py", line 430, in get_connection_from_secrets
    raise AirflowNotFoundException(f"The conn_id `{conn_id}` isn't defined")
airflow.exceptions.AirflowNotFoundException: The conn_id `postgres_default` isn't defined
[2022-12-12 12:34:53,847] {taskinstance.py:1400} INFO - Marking task as FAILED. dag_id=prepare_data, task_id=create_table, execution_date=20221128T185400, start_date=20221212T123449, end_date=20221212T123453
[2022-12-12 12:34:53,979] {standard_task_runner.py:97} ERROR - Failed to execute job 142 for task create_table (The conn_id `postgres_default` isn't defined; 581)
[2022-12-12 12:34:54,023] {local_task_job.py:156} INFO - Task exited with return code 1
[2022-12-12 12:34:54,377] {local_task_job.py:273} INFO - 0 downstream tasks scheduled from follow-on schedule check
