[2022-12-03 15:06:21,337] {taskinstance.py:1159} INFO - Dependencies all met for <TaskInstance: prepare_data.create_table scheduled__2022-11-28T19:28:00+00:00 [queued]>
[2022-12-03 15:06:21,896] {taskinstance.py:1159} INFO - Dependencies all met for <TaskInstance: prepare_data.create_table scheduled__2022-11-28T19:28:00+00:00 [queued]>
[2022-12-03 15:06:21,927] {taskinstance.py:1356} INFO - 
--------------------------------------------------------------------------------
[2022-12-03 15:06:21,934] {taskinstance.py:1357} INFO - Starting attempt 1 of 1
[2022-12-03 15:06:21,934] {taskinstance.py:1358} INFO - 
--------------------------------------------------------------------------------
[2022-12-03 15:06:22,764] {taskinstance.py:1377} INFO - Executing <Task(PostgresOperator): create_table> on 2022-11-28 19:28:00+00:00
[2022-12-03 15:06:22,917] {standard_task_runner.py:52} INFO - Started process 1077 to run task
[2022-12-03 15:06:23,017] {standard_task_runner.py:79} INFO - Running: ['airflow', 'tasks', 'run', 'prepare_data', 'create_table', 'scheduled__2022-11-28T19:28:00+00:00', '--job-id', '320', '--raw', '--subdir', 'DAGS_FOLDER/prepare_data.py', '--cfg-path', '/tmp/tmpt5wmepsk', '--error-file', '/tmp/tmpq5_tiqsc']
[2022-12-03 15:06:23,110] {standard_task_runner.py:80} INFO - Job 320: Subtask create_table
[2022-12-03 15:06:26,119] {task_command.py:369} INFO - Running <TaskInstance: prepare_data.create_table scheduled__2022-11-28T19:28:00+00:00 [running]> on host b41792e8e843
[2022-12-03 15:06:30,970] {taskinstance.py:1571} INFO - Exporting the following env vars:
AIRFLOW_CTX_DAG_OWNER=airflow
AIRFLOW_CTX_DAG_ID=prepare_data
AIRFLOW_CTX_TASK_ID=create_table
AIRFLOW_CTX_EXECUTION_DATE=2022-11-28T19:28:00+00:00
AIRFLOW_CTX_TRY_NUMBER=1
AIRFLOW_CTX_DAG_RUN_ID=scheduled__2022-11-28T19:28:00+00:00
[2022-12-03 15:06:31,963] {base.py:68} INFO - Using connection ID 'postgres_default' for task execution.
[2022-12-03 15:06:32,278] {dbapi.py:208} INFO - Running statement: CREATE TABLE IF NOT EXISTS prepared_data (
	id SERIAL,
	sensor_id BIGINT,
	longitude FLOAT,
	latitude FLOAT,
	controller_id BIGINT,
	datetime TIMESTAMP WITH TIME ZONE,
	temperature INTEGER
);, parameters: None
[2022-12-03 15:06:32,337] {postgres.py:94} INFO - NOTICE:  relation "prepared_data" already exists, skipping

[2022-12-03 15:06:34,010] {taskinstance.py:1400} INFO - Marking task as SUCCESS. dag_id=prepare_data, task_id=create_table, execution_date=20221128T192800, start_date=20221203T150621, end_date=20221203T150634
[2022-12-03 15:06:36,116] {local_task_job.py:156} INFO - Task exited with return code 0
[2022-12-03 15:06:42,686] {local_task_job.py:273} INFO - 0 downstream tasks scheduled from follow-on schedule check
[2022-12-12 12:36:02,883] {taskinstance.py:1159} INFO - Dependencies all met for <TaskInstance: prepare_data.create_table scheduled__2022-11-28T19:28:00+00:00 [queued]>
[2022-12-12 12:36:02,901] {taskinstance.py:1159} INFO - Dependencies all met for <TaskInstance: prepare_data.create_table scheduled__2022-11-28T19:28:00+00:00 [queued]>
[2022-12-12 12:36:02,901] {taskinstance.py:1356} INFO - 
--------------------------------------------------------------------------------
[2022-12-12 12:36:02,901] {taskinstance.py:1357} INFO - Starting attempt 1 of 1
[2022-12-12 12:36:02,901] {taskinstance.py:1358} INFO - 
--------------------------------------------------------------------------------
[2022-12-12 12:36:02,959] {taskinstance.py:1377} INFO - Executing <Task(PostgresOperator): create_table> on 2022-11-28 19:28:00+00:00
[2022-12-12 12:36:02,962] {standard_task_runner.py:52} INFO - Started process 658 to run task
[2022-12-12 12:36:02,983] {standard_task_runner.py:79} INFO - Running: ['airflow', 'tasks', 'run', 'prepare_data', 'create_table', 'scheduled__2022-11-28T19:28:00+00:00', '--job-id', '176', '--raw', '--subdir', 'DAGS_FOLDER/prepare_data.py', '--cfg-path', '/tmp/tmp5y6uyc3z', '--error-file', '/tmp/tmp7jsuck9w']
[2022-12-12 12:36:02,984] {standard_task_runner.py:80} INFO - Job 176: Subtask create_table
[2022-12-12 12:36:03,188] {task_command.py:369} INFO - Running <TaskInstance: prepare_data.create_table scheduled__2022-11-28T19:28:00+00:00 [running]> on host b778137d8ea6
[2022-12-12 12:36:03,397] {taskinstance.py:1571} INFO - Exporting the following env vars:
AIRFLOW_CTX_DAG_OWNER=airflow
AIRFLOW_CTX_DAG_ID=prepare_data
AIRFLOW_CTX_TASK_ID=create_table
AIRFLOW_CTX_EXECUTION_DATE=2022-11-28T19:28:00+00:00
AIRFLOW_CTX_TRY_NUMBER=1
AIRFLOW_CTX_DAG_RUN_ID=scheduled__2022-11-28T19:28:00+00:00
[2022-12-12 12:36:03,435] {taskinstance.py:1889} ERROR - Task failed with exception
Traceback (most recent call last):
  File "/home/airflow/.local/lib/python3.7/site-packages/airflow/providers/postgres/operators/postgres.py", line 92, in execute
    self.hook.run(self.sql, self.autocommit, parameters=self.parameters)
  File "/home/airflow/.local/lib/python3.7/site-packages/airflow/hooks/dbapi.py", line 181, in run
    with closing(self.get_conn()) as conn:
  File "/home/airflow/.local/lib/python3.7/site-packages/airflow/providers/postgres/hooks/postgres.py", line 86, in get_conn
    conn = deepcopy(self.connection or self.get_connection(conn_id))
  File "/home/airflow/.local/lib/python3.7/site-packages/airflow/hooks/base.py", line 67, in get_connection
    conn = Connection.get_connection_from_secrets(conn_id)
  File "/home/airflow/.local/lib/python3.7/site-packages/airflow/models/connection.py", line 430, in get_connection_from_secrets
    raise AirflowNotFoundException(f"The conn_id `{conn_id}` isn't defined")
airflow.exceptions.AirflowNotFoundException: The conn_id `postgres_default` isn't defined
[2022-12-12 12:36:03,442] {taskinstance.py:1400} INFO - Marking task as FAILED. dag_id=prepare_data, task_id=create_table, execution_date=20221128T192800, start_date=20221212T123602, end_date=20221212T123603
[2022-12-12 12:36:03,460] {standard_task_runner.py:97} ERROR - Failed to execute job 176 for task create_table (The conn_id `postgres_default` isn't defined; 658)
[2022-12-12 12:36:03,500] {local_task_job.py:156} INFO - Task exited with return code 1
[2022-12-12 12:36:03,630] {local_task_job.py:273} INFO - 0 downstream tasks scheduled from follow-on schedule check
