[2022-12-03 15:08:55,449] {taskinstance.py:1159} INFO - Dependencies all met for <TaskInstance: prepare_data.transfer_data scheduled__2022-11-28T19:32:00+00:00 [queued]>
[2022-12-03 15:08:55,773] {taskinstance.py:1159} INFO - Dependencies all met for <TaskInstance: prepare_data.transfer_data scheduled__2022-11-28T19:32:00+00:00 [queued]>
[2022-12-03 15:08:55,799] {taskinstance.py:1356} INFO - 
--------------------------------------------------------------------------------
[2022-12-03 15:08:55,799] {taskinstance.py:1357} INFO - Starting attempt 1 of 1
[2022-12-03 15:08:55,800] {taskinstance.py:1358} INFO - 
--------------------------------------------------------------------------------
[2022-12-03 15:08:56,570] {taskinstance.py:1377} INFO - Executing <Task(PythonOperator): transfer_data> on 2022-11-28 19:32:00+00:00
[2022-12-03 15:08:56,667] {standard_task_runner.py:52} INFO - Started process 1180 to run task
[2022-12-03 15:08:56,751] {standard_task_runner.py:79} INFO - Running: ['airflow', 'tasks', 'run', 'prepare_data', 'transfer_data', 'scheduled__2022-11-28T19:32:00+00:00', '--job-id', '362', '--raw', '--subdir', 'DAGS_FOLDER/prepare_data.py', '--cfg-path', '/tmp/tmphgo_7p_t', '--error-file', '/tmp/tmp1s33tb7k']
[2022-12-03 15:08:56,805] {standard_task_runner.py:80} INFO - Job 362: Subtask transfer_data
[2022-12-03 15:08:59,453] {task_command.py:369} INFO - Running <TaskInstance: prepare_data.transfer_data scheduled__2022-11-28T19:32:00+00:00 [running]> on host b41792e8e843
[2022-12-03 15:09:05,768] {taskinstance.py:1571} INFO - Exporting the following env vars:
AIRFLOW_CTX_DAG_OWNER=airflow
AIRFLOW_CTX_DAG_ID=prepare_data
AIRFLOW_CTX_TASK_ID=transfer_data
AIRFLOW_CTX_EXECUTION_DATE=2022-11-28T19:32:00+00:00
AIRFLOW_CTX_TRY_NUMBER=1
AIRFLOW_CTX_DAG_RUN_ID=scheduled__2022-11-28T19:32:00+00:00
[2022-12-03 15:09:06,770] {base.py:68} INFO - Using connection ID 'postgres_default' for task execution.
[2022-12-03 15:09:08,130] {python.py:173} INFO - Done. Returned value was: None
[2022-12-03 15:09:08,784] {taskinstance.py:1400} INFO - Marking task as SUCCESS. dag_id=prepare_data, task_id=transfer_data, execution_date=20221128T193200, start_date=20221203T150855, end_date=20221203T150908
[2022-12-03 15:09:10,959] {local_task_job.py:156} INFO - Task exited with return code 0
[2022-12-03 15:09:12,680] {local_task_job.py:273} INFO - 0 downstream tasks scheduled from follow-on schedule check
