[2022-12-03 14:44:30,764] {taskinstance.py:1159} INFO - Dependencies all met for <TaskInstance: prepare_data.create_table scheduled__2022-11-28T16:54:00+00:00 [queued]>
[2022-12-03 14:44:31,176] {taskinstance.py:1159} INFO - Dependencies all met for <TaskInstance: prepare_data.create_table scheduled__2022-11-28T16:54:00+00:00 [queued]>
[2022-12-03 14:44:31,177] {taskinstance.py:1356} INFO - 
--------------------------------------------------------------------------------
[2022-12-03 14:44:31,177] {taskinstance.py:1357} INFO - Starting attempt 1 of 1
[2022-12-03 14:44:31,220] {taskinstance.py:1358} INFO - 
--------------------------------------------------------------------------------
[2022-12-03 14:44:31,701] {taskinstance.py:1377} INFO - Executing <Task(PostgresOperator): create_table> on 2022-11-28 16:54:00+00:00
[2022-12-03 14:44:31,801] {standard_task_runner.py:52} INFO - Started process 302 to run task
[2022-12-03 14:44:31,919] {standard_task_runner.py:79} INFO - Running: ['airflow', 'tasks', 'run', 'prepare_data', 'create_table', 'scheduled__2022-11-28T16:54:00+00:00', '--job-id', '22', '--raw', '--subdir', 'DAGS_FOLDER/prepare_data.py', '--cfg-path', '/tmp/tmppan14fop', '--error-file', '/tmp/tmps1din2h8']
[2022-12-03 14:44:31,936] {standard_task_runner.py:80} INFO - Job 22: Subtask create_table
[2022-12-03 14:44:33,734] {task_command.py:369} INFO - Running <TaskInstance: prepare_data.create_table scheduled__2022-11-28T16:54:00+00:00 [running]> on host b41792e8e843
[2022-12-03 14:44:36,202] {taskinstance.py:1571} INFO - Exporting the following env vars:
AIRFLOW_CTX_DAG_OWNER=airflow
AIRFLOW_CTX_DAG_ID=prepare_data
AIRFLOW_CTX_TASK_ID=create_table
AIRFLOW_CTX_EXECUTION_DATE=2022-11-28T16:54:00+00:00
AIRFLOW_CTX_TRY_NUMBER=1
AIRFLOW_CTX_DAG_RUN_ID=scheduled__2022-11-28T16:54:00+00:00
[2022-12-03 14:44:36,660] {taskinstance.py:1889} ERROR - Task failed with exception
Traceback (most recent call last):
  File "/home/airflow/.local/lib/python3.7/site-packages/airflow/providers/postgres/operators/postgres.py", line 92, in execute
    self.hook.run(self.sql, self.autocommit, parameters=self.parameters)
  File "/home/airflow/.local/lib/python3.7/site-packages/airflow/hooks/dbapi.py", line 181, in run
    with closing(self.get_conn()) as conn:
  File "/home/airflow/.local/lib/python3.7/site-packages/airflow/providers/postgres/hooks/postgres.py", line 86, in get_conn
    conn = deepcopy(self.connection or self.get_connection(conn_id))
  File "/home/airflow/.local/lib/python3.7/site-packages/airflow/hooks/base.py", line 67, in get_connection
    conn = Connection.get_connection_from_secrets(conn_id)
  File "/home/airflow/.local/lib/python3.7/site-packages/airflow/models/connection.py", line 430, in get_connection_from_secrets
    raise AirflowNotFoundException(f"The conn_id `{conn_id}` isn't defined")
airflow.exceptions.AirflowNotFoundException: The conn_id `postgres_default` isn't defined
[2022-12-03 14:44:36,763] {taskinstance.py:1400} INFO - Marking task as FAILED. dag_id=prepare_data, task_id=create_table, execution_date=20221128T165400, start_date=20221203T144430, end_date=20221203T144436
[2022-12-03 14:44:37,173] {standard_task_runner.py:97} ERROR - Failed to execute job 22 for task create_table (The conn_id `postgres_default` isn't defined; 302)
[2022-12-03 14:44:37,764] {local_task_job.py:156} INFO - Task exited with return code 1
[2022-12-03 14:44:38,712] {local_task_job.py:273} INFO - 0 downstream tasks scheduled from follow-on schedule check
[2022-12-12 12:29:55,402] {taskinstance.py:1159} INFO - Dependencies all met for <TaskInstance: prepare_data.create_table scheduled__2022-11-28T16:54:00+00:00 [queued]>
[2022-12-12 12:29:55,822] {taskinstance.py:1159} INFO - Dependencies all met for <TaskInstance: prepare_data.create_table scheduled__2022-11-28T16:54:00+00:00 [queued]>
[2022-12-12 12:29:55,860] {taskinstance.py:1356} INFO - 
--------------------------------------------------------------------------------
[2022-12-12 12:29:55,860] {taskinstance.py:1357} INFO - Starting attempt 1 of 1
[2022-12-12 12:29:55,860] {taskinstance.py:1358} INFO - 
--------------------------------------------------------------------------------
[2022-12-12 12:29:57,220] {taskinstance.py:1377} INFO - Executing <Task(PostgresOperator): create_table> on 2022-11-28 16:54:00+00:00
[2022-12-12 12:29:57,637] {standard_task_runner.py:52} INFO - Started process 297 to run task
[2022-12-12 12:29:57,786] {standard_task_runner.py:79} INFO - Running: ['airflow', 'tasks', 'run', 'prepare_data', 'create_table', 'scheduled__2022-11-28T16:54:00+00:00', '--job-id', '22', '--raw', '--subdir', 'DAGS_FOLDER/prepare_data.py', '--cfg-path', '/tmp/tmpkk5uqbxn', '--error-file', '/tmp/tmpucdaw_uu']
[2022-12-12 12:29:57,787] {standard_task_runner.py:80} INFO - Job 22: Subtask create_table
[2022-12-12 12:30:01,280] {task_command.py:369} INFO - Running <TaskInstance: prepare_data.create_table scheduled__2022-11-28T16:54:00+00:00 [running]> on host b778137d8ea6
[2022-12-12 12:30:06,163] {taskinstance.py:1571} INFO - Exporting the following env vars:
AIRFLOW_CTX_DAG_OWNER=airflow
AIRFLOW_CTX_DAG_ID=prepare_data
AIRFLOW_CTX_TASK_ID=create_table
AIRFLOW_CTX_EXECUTION_DATE=2022-11-28T16:54:00+00:00
AIRFLOW_CTX_TRY_NUMBER=1
AIRFLOW_CTX_DAG_RUN_ID=scheduled__2022-11-28T16:54:00+00:00
[2022-12-12 12:30:09,044] {taskinstance.py:1889} ERROR - Task failed with exception
Traceback (most recent call last):
  File "/home/airflow/.local/lib/python3.7/site-packages/airflow/providers/postgres/operators/postgres.py", line 92, in execute
    self.hook.run(self.sql, self.autocommit, parameters=self.parameters)
  File "/home/airflow/.local/lib/python3.7/site-packages/airflow/hooks/dbapi.py", line 181, in run
    with closing(self.get_conn()) as conn:
  File "/home/airflow/.local/lib/python3.7/site-packages/airflow/providers/postgres/hooks/postgres.py", line 86, in get_conn
    conn = deepcopy(self.connection or self.get_connection(conn_id))
  File "/home/airflow/.local/lib/python3.7/site-packages/airflow/hooks/base.py", line 67, in get_connection
    conn = Connection.get_connection_from_secrets(conn_id)
  File "/home/airflow/.local/lib/python3.7/site-packages/airflow/models/connection.py", line 430, in get_connection_from_secrets
    raise AirflowNotFoundException(f"The conn_id `{conn_id}` isn't defined")
airflow.exceptions.AirflowNotFoundException: The conn_id `postgres_default` isn't defined
[2022-12-12 12:30:09,291] {taskinstance.py:1400} INFO - Marking task as FAILED. dag_id=prepare_data, task_id=create_table, execution_date=20221128T165400, start_date=20221212T122955, end_date=20221212T123009
[2022-12-12 12:30:10,004] {standard_task_runner.py:97} ERROR - Failed to execute job 22 for task create_table (The conn_id `postgres_default` isn't defined; 297)
[2022-12-12 12:30:11,023] {local_task_job.py:156} INFO - Task exited with return code 1
[2022-12-12 12:30:14,231] {local_task_job.py:273} INFO - 0 downstream tasks scheduled from follow-on schedule check
[2022-12-12 15:13:57,508] {taskinstance.py:1159} INFO - Dependencies all met for <TaskInstance: prepare_data.create_table scheduled__2022-11-28T16:54:00+00:00 [queued]>
[2022-12-12 15:13:58,657] {taskinstance.py:1159} INFO - Dependencies all met for <TaskInstance: prepare_data.create_table scheduled__2022-11-28T16:54:00+00:00 [queued]>
[2022-12-12 15:13:58,702] {taskinstance.py:1356} INFO - 
--------------------------------------------------------------------------------
[2022-12-12 15:13:58,728] {taskinstance.py:1357} INFO - Starting attempt 1 of 1
[2022-12-12 15:13:58,764] {taskinstance.py:1358} INFO - 
--------------------------------------------------------------------------------
[2022-12-12 15:14:00,238] {taskinstance.py:1377} INFO - Executing <Task(PostgresOperator): create_table> on 2022-11-28 16:54:00+00:00
[2022-12-12 15:14:00,506] {standard_task_runner.py:52} INFO - Started process 332 to run task
[2022-12-12 15:14:00,741] {standard_task_runner.py:79} INFO - Running: ['airflow', 'tasks', 'run', 'prepare_data', 'create_table', 'scheduled__2022-11-28T16:54:00+00:00', '--job-id', '22', '--raw', '--subdir', 'DAGS_FOLDER/prepare_data.py', '--cfg-path', '/tmp/tmp86bfwed9', '--error-file', '/tmp/tmpn0nyen3a']
[2022-12-12 15:14:00,938] {standard_task_runner.py:80} INFO - Job 22: Subtask create_table
[2022-12-12 15:14:04,221] {task_command.py:369} INFO - Running <TaskInstance: prepare_data.create_table scheduled__2022-11-28T16:54:00+00:00 [running]> on host d4eb34144d92
[2022-12-12 15:14:09,016] {taskinstance.py:1571} INFO - Exporting the following env vars:
AIRFLOW_CTX_DAG_OWNER=airflow
AIRFLOW_CTX_DAG_ID=prepare_data
AIRFLOW_CTX_TASK_ID=create_table
AIRFLOW_CTX_EXECUTION_DATE=2022-11-28T16:54:00+00:00
AIRFLOW_CTX_TRY_NUMBER=1
AIRFLOW_CTX_DAG_RUN_ID=scheduled__2022-11-28T16:54:00+00:00
[2022-12-12 15:14:10,856] {taskinstance.py:1889} ERROR - Task failed with exception
Traceback (most recent call last):
  File "/home/airflow/.local/lib/python3.7/site-packages/airflow/providers/postgres/operators/postgres.py", line 92, in execute
    self.hook.run(self.sql, self.autocommit, parameters=self.parameters)
  File "/home/airflow/.local/lib/python3.7/site-packages/airflow/hooks/dbapi.py", line 181, in run
    with closing(self.get_conn()) as conn:
  File "/home/airflow/.local/lib/python3.7/site-packages/airflow/providers/postgres/hooks/postgres.py", line 86, in get_conn
    conn = deepcopy(self.connection or self.get_connection(conn_id))
  File "/home/airflow/.local/lib/python3.7/site-packages/airflow/hooks/base.py", line 67, in get_connection
    conn = Connection.get_connection_from_secrets(conn_id)
  File "/home/airflow/.local/lib/python3.7/site-packages/airflow/models/connection.py", line 430, in get_connection_from_secrets
    raise AirflowNotFoundException(f"The conn_id `{conn_id}` isn't defined")
airflow.exceptions.AirflowNotFoundException: The conn_id `postgres_default` isn't defined
[2022-12-12 15:14:11,020] {taskinstance.py:1400} INFO - Marking task as FAILED. dag_id=prepare_data, task_id=create_table, execution_date=20221128T165400, start_date=20221212T151357, end_date=20221212T151410
[2022-12-12 15:14:11,784] {standard_task_runner.py:97} ERROR - Failed to execute job 22 for task create_table (The conn_id `postgres_default` isn't defined; 332)
[2022-12-12 15:14:11,953] {local_task_job.py:156} INFO - Task exited with return code 1
[2022-12-12 15:14:14,575] {local_task_job.py:273} INFO - 0 downstream tasks scheduled from follow-on schedule check
