[2022-12-03 14:45:29,831] {taskinstance.py:1159} INFO - Dependencies all met for <TaskInstance: prepare_data.create_table scheduled__2022-11-28T17:11:00+00:00 [queued]>
[2022-12-03 14:45:29,876] {taskinstance.py:1159} INFO - Dependencies all met for <TaskInstance: prepare_data.create_table scheduled__2022-11-28T17:11:00+00:00 [queued]>
[2022-12-03 14:45:29,876] {taskinstance.py:1356} INFO - 
--------------------------------------------------------------------------------
[2022-12-03 14:45:29,877] {taskinstance.py:1357} INFO - Starting attempt 1 of 1
[2022-12-03 14:45:29,877] {taskinstance.py:1358} INFO - 
--------------------------------------------------------------------------------
[2022-12-03 14:45:30,828] {taskinstance.py:1377} INFO - Executing <Task(PostgresOperator): create_table> on 2022-11-28 17:11:00+00:00
[2022-12-03 14:45:31,051] {standard_task_runner.py:52} INFO - Started process 345 to run task
[2022-12-03 14:45:31,140] {standard_task_runner.py:79} INFO - Running: ['airflow', 'tasks', 'run', 'prepare_data', 'create_table', 'scheduled__2022-11-28T17:11:00+00:00', '--job-id', '39', '--raw', '--subdir', 'DAGS_FOLDER/prepare_data.py', '--cfg-path', '/tmp/tmpbqvdxabl', '--error-file', '/tmp/tmpajhxbmw5']
[2022-12-03 14:45:31,164] {standard_task_runner.py:80} INFO - Job 39: Subtask create_table
[2022-12-03 14:45:33,183] {task_command.py:369} INFO - Running <TaskInstance: prepare_data.create_table scheduled__2022-11-28T17:11:00+00:00 [running]> on host b41792e8e843
[2022-12-03 14:45:40,130] {taskinstance.py:1571} INFO - Exporting the following env vars:
AIRFLOW_CTX_DAG_OWNER=airflow
AIRFLOW_CTX_DAG_ID=prepare_data
AIRFLOW_CTX_TASK_ID=create_table
AIRFLOW_CTX_EXECUTION_DATE=2022-11-28T17:11:00+00:00
AIRFLOW_CTX_TRY_NUMBER=1
AIRFLOW_CTX_DAG_RUN_ID=scheduled__2022-11-28T17:11:00+00:00
[2022-12-03 14:45:43,184] {taskinstance.py:1889} ERROR - Task failed with exception
Traceback (most recent call last):
  File "/home/airflow/.local/lib/python3.7/site-packages/airflow/providers/postgres/operators/postgres.py", line 92, in execute
    self.hook.run(self.sql, self.autocommit, parameters=self.parameters)
  File "/home/airflow/.local/lib/python3.7/site-packages/airflow/hooks/dbapi.py", line 181, in run
    with closing(self.get_conn()) as conn:
  File "/home/airflow/.local/lib/python3.7/site-packages/airflow/providers/postgres/hooks/postgres.py", line 86, in get_conn
    conn = deepcopy(self.connection or self.get_connection(conn_id))
  File "/home/airflow/.local/lib/python3.7/site-packages/airflow/hooks/base.py", line 67, in get_connection
    conn = Connection.get_connection_from_secrets(conn_id)
  File "/home/airflow/.local/lib/python3.7/site-packages/airflow/models/connection.py", line 430, in get_connection_from_secrets
    raise AirflowNotFoundException(f"The conn_id `{conn_id}` isn't defined")
airflow.exceptions.AirflowNotFoundException: The conn_id `postgres_default` isn't defined
[2022-12-03 14:45:43,308] {taskinstance.py:1400} INFO - Marking task as FAILED. dag_id=prepare_data, task_id=create_table, execution_date=20221128T171100, start_date=20221203T144529, end_date=20221203T144543
[2022-12-03 14:45:46,080] {standard_task_runner.py:97} ERROR - Failed to execute job 39 for task create_table (The conn_id `postgres_default` isn't defined; 345)
[2022-12-03 14:45:46,323] {local_task_job.py:156} INFO - Task exited with return code 1
[2022-12-03 14:45:48,144] {local_task_job.py:273} INFO - 0 downstream tasks scheduled from follow-on schedule check
[2022-12-12 12:31:10,789] {taskinstance.py:1159} INFO - Dependencies all met for <TaskInstance: prepare_data.create_table scheduled__2022-11-28T17:11:00+00:00 [queued]>
[2022-12-12 12:31:10,931] {taskinstance.py:1159} INFO - Dependencies all met for <TaskInstance: prepare_data.create_table scheduled__2022-11-28T17:11:00+00:00 [queued]>
[2022-12-12 12:31:10,931] {taskinstance.py:1356} INFO - 
--------------------------------------------------------------------------------
[2022-12-12 12:31:10,932] {taskinstance.py:1357} INFO - Starting attempt 1 of 1
[2022-12-12 12:31:10,932] {taskinstance.py:1358} INFO - 
--------------------------------------------------------------------------------
[2022-12-12 12:31:11,235] {taskinstance.py:1377} INFO - Executing <Task(PostgresOperator): create_table> on 2022-11-28 17:11:00+00:00
[2022-12-12 12:31:11,238] {standard_task_runner.py:52} INFO - Started process 340 to run task
[2022-12-12 12:31:11,347] {standard_task_runner.py:79} INFO - Running: ['airflow', 'tasks', 'run', 'prepare_data', 'create_table', 'scheduled__2022-11-28T17:11:00+00:00', '--job-id', '39', '--raw', '--subdir', 'DAGS_FOLDER/prepare_data.py', '--cfg-path', '/tmp/tmpk3pzgjkt', '--error-file', '/tmp/tmprr98660y']
[2022-12-12 12:31:11,361] {standard_task_runner.py:80} INFO - Job 39: Subtask create_table
[2022-12-12 12:31:12,242] {task_command.py:369} INFO - Running <TaskInstance: prepare_data.create_table scheduled__2022-11-28T17:11:00+00:00 [running]> on host b778137d8ea6
[2022-12-12 12:31:14,255] {taskinstance.py:1571} INFO - Exporting the following env vars:
AIRFLOW_CTX_DAG_OWNER=airflow
AIRFLOW_CTX_DAG_ID=prepare_data
AIRFLOW_CTX_TASK_ID=create_table
AIRFLOW_CTX_EXECUTION_DATE=2022-11-28T17:11:00+00:00
AIRFLOW_CTX_TRY_NUMBER=1
AIRFLOW_CTX_DAG_RUN_ID=scheduled__2022-11-28T17:11:00+00:00
[2022-12-12 12:31:14,652] {taskinstance.py:1889} ERROR - Task failed with exception
Traceback (most recent call last):
  File "/home/airflow/.local/lib/python3.7/site-packages/airflow/providers/postgres/operators/postgres.py", line 92, in execute
    self.hook.run(self.sql, self.autocommit, parameters=self.parameters)
  File "/home/airflow/.local/lib/python3.7/site-packages/airflow/hooks/dbapi.py", line 181, in run
    with closing(self.get_conn()) as conn:
  File "/home/airflow/.local/lib/python3.7/site-packages/airflow/providers/postgres/hooks/postgres.py", line 86, in get_conn
    conn = deepcopy(self.connection or self.get_connection(conn_id))
  File "/home/airflow/.local/lib/python3.7/site-packages/airflow/hooks/base.py", line 67, in get_connection
    conn = Connection.get_connection_from_secrets(conn_id)
  File "/home/airflow/.local/lib/python3.7/site-packages/airflow/models/connection.py", line 430, in get_connection_from_secrets
    raise AirflowNotFoundException(f"The conn_id `{conn_id}` isn't defined")
airflow.exceptions.AirflowNotFoundException: The conn_id `postgres_default` isn't defined
[2022-12-12 12:31:14,672] {taskinstance.py:1400} INFO - Marking task as FAILED. dag_id=prepare_data, task_id=create_table, execution_date=20221128T171100, start_date=20221212T123110, end_date=20221212T123114
[2022-12-12 12:31:14,722] {standard_task_runner.py:97} ERROR - Failed to execute job 39 for task create_table (The conn_id `postgres_default` isn't defined; 340)
[2022-12-12 12:31:14,765] {local_task_job.py:156} INFO - Task exited with return code 1
[2022-12-12 12:31:15,200] {local_task_job.py:273} INFO - 0 downstream tasks scheduled from follow-on schedule check
[2022-12-12 15:17:15,344] {taskinstance.py:1159} INFO - Dependencies all met for <TaskInstance: prepare_data.create_table scheduled__2022-11-28T17:11:00+00:00 [queued]>
[2022-12-12 15:17:16,458] {taskinstance.py:1159} INFO - Dependencies all met for <TaskInstance: prepare_data.create_table scheduled__2022-11-28T17:11:00+00:00 [queued]>
[2022-12-12 15:17:16,559] {taskinstance.py:1356} INFO - 
--------------------------------------------------------------------------------
[2022-12-12 15:17:16,559] {taskinstance.py:1357} INFO - Starting attempt 1 of 1
[2022-12-12 15:17:16,560] {taskinstance.py:1358} INFO - 
--------------------------------------------------------------------------------
[2022-12-12 15:17:17,683] {taskinstance.py:1377} INFO - Executing <Task(PostgresOperator): create_table> on 2022-11-28 17:11:00+00:00
[2022-12-12 15:17:17,814] {standard_task_runner.py:52} INFO - Started process 385 to run task
[2022-12-12 15:17:18,113] {standard_task_runner.py:79} INFO - Running: ['airflow', 'tasks', 'run', 'prepare_data', 'create_table', 'scheduled__2022-11-28T17:11:00+00:00', '--job-id', '39', '--raw', '--subdir', 'DAGS_FOLDER/prepare_data.py', '--cfg-path', '/tmp/tmpenkbtang', '--error-file', '/tmp/tmpbnjgceh4']
[2022-12-12 15:17:18,180] {standard_task_runner.py:80} INFO - Job 39: Subtask create_table
[2022-12-12 15:17:21,490] {task_command.py:369} INFO - Running <TaskInstance: prepare_data.create_table scheduled__2022-11-28T17:11:00+00:00 [running]> on host d4eb34144d92
[2022-12-12 15:17:26,901] {taskinstance.py:1571} INFO - Exporting the following env vars:
AIRFLOW_CTX_DAG_OWNER=airflow
AIRFLOW_CTX_DAG_ID=prepare_data
AIRFLOW_CTX_TASK_ID=create_table
AIRFLOW_CTX_EXECUTION_DATE=2022-11-28T17:11:00+00:00
AIRFLOW_CTX_TRY_NUMBER=1
AIRFLOW_CTX_DAG_RUN_ID=scheduled__2022-11-28T17:11:00+00:00
[2022-12-12 15:17:27,771] {taskinstance.py:1889} ERROR - Task failed with exception
Traceback (most recent call last):
  File "/home/airflow/.local/lib/python3.7/site-packages/airflow/providers/postgres/operators/postgres.py", line 92, in execute
    self.hook.run(self.sql, self.autocommit, parameters=self.parameters)
  File "/home/airflow/.local/lib/python3.7/site-packages/airflow/hooks/dbapi.py", line 181, in run
    with closing(self.get_conn()) as conn:
  File "/home/airflow/.local/lib/python3.7/site-packages/airflow/providers/postgres/hooks/postgres.py", line 86, in get_conn
    conn = deepcopy(self.connection or self.get_connection(conn_id))
  File "/home/airflow/.local/lib/python3.7/site-packages/airflow/hooks/base.py", line 67, in get_connection
    conn = Connection.get_connection_from_secrets(conn_id)
  File "/home/airflow/.local/lib/python3.7/site-packages/airflow/models/connection.py", line 430, in get_connection_from_secrets
    raise AirflowNotFoundException(f"The conn_id `{conn_id}` isn't defined")
airflow.exceptions.AirflowNotFoundException: The conn_id `postgres_default` isn't defined
[2022-12-12 15:17:27,871] {taskinstance.py:1400} INFO - Marking task as FAILED. dag_id=prepare_data, task_id=create_table, execution_date=20221128T171100, start_date=20221212T151715, end_date=20221212T151727
[2022-12-12 15:17:28,286] {standard_task_runner.py:97} ERROR - Failed to execute job 39 for task create_table (The conn_id `postgres_default` isn't defined; 385)
[2022-12-12 15:17:28,413] {local_task_job.py:156} INFO - Task exited with return code 1
[2022-12-12 15:17:30,004] {local_task_job.py:273} INFO - 0 downstream tasks scheduled from follow-on schedule check
