[2022-12-03 15:04:20,121] {taskinstance.py:1159} INFO - Dependencies all met for <TaskInstance: prepare_data.get_last_id scheduled__2022-11-28T19:15:00+00:00 [queued]>
[2022-12-03 15:04:20,672] {taskinstance.py:1159} INFO - Dependencies all met for <TaskInstance: prepare_data.get_last_id scheduled__2022-11-28T19:15:00+00:00 [queued]>
[2022-12-03 15:04:20,701] {taskinstance.py:1356} INFO - 
--------------------------------------------------------------------------------
[2022-12-03 15:04:20,738] {taskinstance.py:1357} INFO - Starting attempt 1 of 1
[2022-12-03 15:04:20,738] {taskinstance.py:1358} INFO - 
--------------------------------------------------------------------------------
[2022-12-03 15:04:21,900] {taskinstance.py:1377} INFO - Executing <Task(PythonOperator): get_last_id> on 2022-11-28 19:15:00+00:00
[2022-12-03 15:04:22,038] {standard_task_runner.py:52} INFO - Started process 1004 to run task
[2022-12-03 15:04:22,134] {standard_task_runner.py:79} INFO - Running: ['airflow', 'tasks', 'run', 'prepare_data', 'get_last_id', 'scheduled__2022-11-28T19:15:00+00:00', '--job-id', '296', '--raw', '--subdir', 'DAGS_FOLDER/prepare_data.py', '--cfg-path', '/tmp/tmpu2ikqxdt', '--error-file', '/tmp/tmpyo3s6w87']
[2022-12-03 15:04:22,162] {standard_task_runner.py:80} INFO - Job 296: Subtask get_last_id
[2022-12-03 15:04:26,692] {task_command.py:369} INFO - Running <TaskInstance: prepare_data.get_last_id scheduled__2022-11-28T19:15:00+00:00 [running]> on host b41792e8e843
[2022-12-03 15:04:30,315] {taskinstance.py:1571} INFO - Exporting the following env vars:
AIRFLOW_CTX_DAG_OWNER=airflow
AIRFLOW_CTX_DAG_ID=prepare_data
AIRFLOW_CTX_TASK_ID=get_last_id
AIRFLOW_CTX_EXECUTION_DATE=2022-11-28T19:15:00+00:00
AIRFLOW_CTX_TRY_NUMBER=1
AIRFLOW_CTX_DAG_RUN_ID=scheduled__2022-11-28T19:15:00+00:00
[2022-12-03 15:04:30,946] {base.py:68} INFO - Using connection ID 'postgres_default' for task execution.
[2022-12-03 15:04:32,312] {python.py:173} INFO - Done. Returned value was: None
[2022-12-03 15:04:32,934] {taskinstance.py:1400} INFO - Marking task as SUCCESS. dag_id=prepare_data, task_id=get_last_id, execution_date=20221128T191500, start_date=20221203T150420, end_date=20221203T150432
[2022-12-03 15:04:33,779] {local_task_job.py:156} INFO - Task exited with return code 0
[2022-12-03 15:04:36,160] {local_task_job.py:273} INFO - 1 downstream tasks scheduled from follow-on schedule check
