[2022-12-03 14:43:03,836] {taskinstance.py:1159} INFO - Dependencies all met for <TaskInstance: prepare_data.create_table scheduled__2022-11-28T16:34:00+00:00 [queued]>
[2022-12-03 14:43:04,146] {taskinstance.py:1159} INFO - Dependencies all met for <TaskInstance: prepare_data.create_table scheduled__2022-11-28T16:34:00+00:00 [queued]>
[2022-12-03 14:43:04,147] {taskinstance.py:1356} INFO - 
--------------------------------------------------------------------------------
[2022-12-03 14:43:04,147] {taskinstance.py:1357} INFO - Starting attempt 1 of 1
[2022-12-03 14:43:04,147] {taskinstance.py:1358} INFO - 
--------------------------------------------------------------------------------
[2022-12-03 14:43:04,580] {taskinstance.py:1377} INFO - Executing <Task(PostgresOperator): create_table> on 2022-11-28 16:34:00+00:00
[2022-12-03 14:43:04,692] {standard_task_runner.py:52} INFO - Started process 255 to run task
[2022-12-03 14:43:04,825] {standard_task_runner.py:79} INFO - Running: ['airflow', 'tasks', 'run', 'prepare_data', 'create_table', 'scheduled__2022-11-28T16:34:00+00:00', '--job-id', '2', '--raw', '--subdir', 'DAGS_FOLDER/prepare_data.py', '--cfg-path', '/tmp/tmpclyahxx7', '--error-file', '/tmp/tmp716xcbl3']
[2022-12-03 14:43:04,881] {standard_task_runner.py:80} INFO - Job 2: Subtask create_table
[2022-12-03 14:43:08,782] {task_command.py:369} INFO - Running <TaskInstance: prepare_data.create_table scheduled__2022-11-28T16:34:00+00:00 [running]> on host b41792e8e843
[2022-12-03 14:43:20,119] {taskinstance.py:1571} INFO - Exporting the following env vars:
AIRFLOW_CTX_DAG_OWNER=airflow
AIRFLOW_CTX_DAG_ID=prepare_data
AIRFLOW_CTX_TASK_ID=create_table
AIRFLOW_CTX_EXECUTION_DATE=2022-11-28T16:34:00+00:00
AIRFLOW_CTX_TRY_NUMBER=1
AIRFLOW_CTX_DAG_RUN_ID=scheduled__2022-11-28T16:34:00+00:00
[2022-12-03 14:43:22,251] {taskinstance.py:1889} ERROR - Task failed with exception
Traceback (most recent call last):
  File "/home/airflow/.local/lib/python3.7/site-packages/airflow/providers/postgres/operators/postgres.py", line 92, in execute
    self.hook.run(self.sql, self.autocommit, parameters=self.parameters)
  File "/home/airflow/.local/lib/python3.7/site-packages/airflow/hooks/dbapi.py", line 181, in run
    with closing(self.get_conn()) as conn:
  File "/home/airflow/.local/lib/python3.7/site-packages/airflow/providers/postgres/hooks/postgres.py", line 86, in get_conn
    conn = deepcopy(self.connection or self.get_connection(conn_id))
  File "/home/airflow/.local/lib/python3.7/site-packages/airflow/hooks/base.py", line 67, in get_connection
    conn = Connection.get_connection_from_secrets(conn_id)
  File "/home/airflow/.local/lib/python3.7/site-packages/airflow/models/connection.py", line 430, in get_connection_from_secrets
    raise AirflowNotFoundException(f"The conn_id `{conn_id}` isn't defined")
airflow.exceptions.AirflowNotFoundException: The conn_id `postgres_default` isn't defined
[2022-12-03 14:43:22,652] {taskinstance.py:1400} INFO - Marking task as FAILED. dag_id=prepare_data, task_id=create_table, execution_date=20221128T163400, start_date=20221203T144303, end_date=20221203T144322
[2022-12-03 14:43:23,047] {standard_task_runner.py:97} ERROR - Failed to execute job 2 for task create_table (The conn_id `postgres_default` isn't defined; 255)
[2022-12-03 14:43:23,151] {local_task_job.py:156} INFO - Task exited with return code 1
[2022-12-03 14:43:26,979] {local_task_job.py:273} INFO - 0 downstream tasks scheduled from follow-on schedule check
[2022-12-12 12:26:35,175] {taskinstance.py:1159} INFO - Dependencies all met for <TaskInstance: prepare_data.create_table scheduled__2022-11-28T16:34:00+00:00 [queued]>
[2022-12-12 12:26:35,854] {taskinstance.py:1159} INFO - Dependencies all met for <TaskInstance: prepare_data.create_table scheduled__2022-11-28T16:34:00+00:00 [queued]>
[2022-12-12 12:26:35,956] {taskinstance.py:1356} INFO - 
--------------------------------------------------------------------------------
[2022-12-12 12:26:35,956] {taskinstance.py:1357} INFO - Starting attempt 1 of 1
[2022-12-12 12:26:35,956] {taskinstance.py:1358} INFO - 
--------------------------------------------------------------------------------
[2022-12-12 12:26:37,501] {taskinstance.py:1377} INFO - Executing <Task(PostgresOperator): create_table> on 2022-11-28 16:34:00+00:00
[2022-12-12 12:26:37,769] {standard_task_runner.py:52} INFO - Started process 233 to run task
[2022-12-12 12:26:38,272] {standard_task_runner.py:79} INFO - Running: ['airflow', 'tasks', 'run', 'prepare_data', 'create_table', 'scheduled__2022-11-28T16:34:00+00:00', '--job-id', '4', '--raw', '--subdir', 'DAGS_FOLDER/prepare_data.py', '--cfg-path', '/tmp/tmpu42w3vnt', '--error-file', '/tmp/tmp3tr7sjou']
[2022-12-12 12:26:38,273] {standard_task_runner.py:80} INFO - Job 4: Subtask create_table
[2022-12-12 12:26:42,891] {task_command.py:369} INFO - Running <TaskInstance: prepare_data.create_table scheduled__2022-11-28T16:34:00+00:00 [running]> on host b778137d8ea6
[2022-12-12 12:26:49,746] {taskinstance.py:1571} INFO - Exporting the following env vars:
AIRFLOW_CTX_DAG_OWNER=airflow
AIRFLOW_CTX_DAG_ID=prepare_data
AIRFLOW_CTX_TASK_ID=create_table
AIRFLOW_CTX_EXECUTION_DATE=2022-11-28T16:34:00+00:00
AIRFLOW_CTX_TRY_NUMBER=1
AIRFLOW_CTX_DAG_RUN_ID=scheduled__2022-11-28T16:34:00+00:00
[2022-12-12 12:26:52,940] {taskinstance.py:1889} ERROR - Task failed with exception
Traceback (most recent call last):
  File "/home/airflow/.local/lib/python3.7/site-packages/airflow/providers/postgres/operators/postgres.py", line 92, in execute
    self.hook.run(self.sql, self.autocommit, parameters=self.parameters)
  File "/home/airflow/.local/lib/python3.7/site-packages/airflow/hooks/dbapi.py", line 181, in run
    with closing(self.get_conn()) as conn:
  File "/home/airflow/.local/lib/python3.7/site-packages/airflow/providers/postgres/hooks/postgres.py", line 86, in get_conn
    conn = deepcopy(self.connection or self.get_connection(conn_id))
  File "/home/airflow/.local/lib/python3.7/site-packages/airflow/hooks/base.py", line 67, in get_connection
    conn = Connection.get_connection_from_secrets(conn_id)
  File "/home/airflow/.local/lib/python3.7/site-packages/airflow/models/connection.py", line 430, in get_connection_from_secrets
    raise AirflowNotFoundException(f"The conn_id `{conn_id}` isn't defined")
airflow.exceptions.AirflowNotFoundException: The conn_id `postgres_default` isn't defined
[2022-12-12 12:26:53,120] {taskinstance.py:1400} INFO - Marking task as FAILED. dag_id=prepare_data, task_id=create_table, execution_date=20221128T163400, start_date=20221212T122635, end_date=20221212T122653
[2022-12-12 12:26:54,322] {standard_task_runner.py:97} ERROR - Failed to execute job 4 for task create_table (The conn_id `postgres_default` isn't defined; 233)
[2022-12-12 12:26:54,559] {local_task_job.py:156} INFO - Task exited with return code 1
[2022-12-12 12:26:57,785] {local_task_job.py:273} INFO - 0 downstream tasks scheduled from follow-on schedule check
[2022-12-12 15:10:24,168] {taskinstance.py:1159} INFO - Dependencies all met for <TaskInstance: prepare_data.create_table scheduled__2022-11-28T16:34:00+00:00 [queued]>
[2022-12-12 15:10:24,891] {taskinstance.py:1159} INFO - Dependencies all met for <TaskInstance: prepare_data.create_table scheduled__2022-11-28T16:34:00+00:00 [queued]>
[2022-12-12 15:10:24,930] {taskinstance.py:1356} INFO - 
--------------------------------------------------------------------------------
[2022-12-12 15:10:24,937] {taskinstance.py:1357} INFO - Starting attempt 1 of 1
[2022-12-12 15:10:24,938] {taskinstance.py:1358} INFO - 
--------------------------------------------------------------------------------
[2022-12-12 15:10:27,788] {taskinstance.py:1377} INFO - Executing <Task(PostgresOperator): create_table> on 2022-11-28 16:34:00+00:00
[2022-12-12 15:10:28,211] {standard_task_runner.py:52} INFO - Started process 269 to run task
[2022-12-12 15:10:28,594] {standard_task_runner.py:79} INFO - Running: ['airflow', 'tasks', 'run', 'prepare_data', 'create_table', 'scheduled__2022-11-28T16:34:00+00:00', '--job-id', '2', '--raw', '--subdir', 'DAGS_FOLDER/prepare_data.py', '--cfg-path', '/tmp/tmp_rck5mnc', '--error-file', '/tmp/tmp6g9_56nr']
[2022-12-12 15:10:28,651] {standard_task_runner.py:80} INFO - Job 2: Subtask create_table
[2022-12-12 15:10:36,442] {task_command.py:369} INFO - Running <TaskInstance: prepare_data.create_table scheduled__2022-11-28T16:34:00+00:00 [running]> on host d4eb34144d92
[2022-12-12 15:10:52,028] {taskinstance.py:1571} INFO - Exporting the following env vars:
AIRFLOW_CTX_DAG_OWNER=airflow
AIRFLOW_CTX_DAG_ID=prepare_data
AIRFLOW_CTX_TASK_ID=create_table
AIRFLOW_CTX_EXECUTION_DATE=2022-11-28T16:34:00+00:00
AIRFLOW_CTX_TRY_NUMBER=1
AIRFLOW_CTX_DAG_RUN_ID=scheduled__2022-11-28T16:34:00+00:00
[2022-12-12 15:10:58,729] {taskinstance.py:1889} ERROR - Task failed with exception
Traceback (most recent call last):
  File "/home/airflow/.local/lib/python3.7/site-packages/airflow/providers/postgres/operators/postgres.py", line 92, in execute
    self.hook.run(self.sql, self.autocommit, parameters=self.parameters)
  File "/home/airflow/.local/lib/python3.7/site-packages/airflow/hooks/dbapi.py", line 181, in run
    with closing(self.get_conn()) as conn:
  File "/home/airflow/.local/lib/python3.7/site-packages/airflow/providers/postgres/hooks/postgres.py", line 86, in get_conn
    conn = deepcopy(self.connection or self.get_connection(conn_id))
  File "/home/airflow/.local/lib/python3.7/site-packages/airflow/hooks/base.py", line 67, in get_connection
    conn = Connection.get_connection_from_secrets(conn_id)
  File "/home/airflow/.local/lib/python3.7/site-packages/airflow/models/connection.py", line 430, in get_connection_from_secrets
    raise AirflowNotFoundException(f"The conn_id `{conn_id}` isn't defined")
airflow.exceptions.AirflowNotFoundException: The conn_id `postgres_default` isn't defined
[2022-12-12 15:11:00,918] {taskinstance.py:1400} INFO - Marking task as FAILED. dag_id=prepare_data, task_id=create_table, execution_date=20221128T163400, start_date=20221212T151024, end_date=20221212T151100
[2022-12-12 15:11:05,368] {standard_task_runner.py:97} ERROR - Failed to execute job 2 for task create_table (The conn_id `postgres_default` isn't defined; 269)
[2022-12-12 15:11:08,169] {local_task_job.py:156} INFO - Task exited with return code 1
[2022-12-12 15:11:20,170] {local_task_job.py:273} INFO - 0 downstream tasks scheduled from follow-on schedule check
