[2022-12-03 14:47:36,078] {taskinstance.py:1159} INFO - Dependencies all met for <TaskInstance: prepare_data.create_table scheduled__2022-11-28T17:50:00+00:00 [queued]>
[2022-12-03 14:47:36,263] {taskinstance.py:1159} INFO - Dependencies all met for <TaskInstance: prepare_data.create_table scheduled__2022-11-28T17:50:00+00:00 [queued]>
[2022-12-03 14:47:36,263] {taskinstance.py:1356} INFO - 
--------------------------------------------------------------------------------
[2022-12-03 14:47:36,263] {taskinstance.py:1357} INFO - Starting attempt 1 of 1
[2022-12-03 14:47:36,264] {taskinstance.py:1358} INFO - 
--------------------------------------------------------------------------------
[2022-12-03 14:47:36,758] {taskinstance.py:1377} INFO - Executing <Task(PostgresOperator): create_table> on 2022-11-28 17:50:00+00:00
[2022-12-03 14:47:36,821] {standard_task_runner.py:52} INFO - Started process 444 to run task
[2022-12-03 14:47:36,907] {standard_task_runner.py:79} INFO - Running: ['airflow', 'tasks', 'run', 'prepare_data', 'create_table', 'scheduled__2022-11-28T17:50:00+00:00', '--job-id', '78', '--raw', '--subdir', 'DAGS_FOLDER/prepare_data.py', '--cfg-path', '/tmp/tmpzpmkshkl', '--error-file', '/tmp/tmpk9qeotr8']
[2022-12-03 14:47:36,916] {standard_task_runner.py:80} INFO - Job 78: Subtask create_table
[2022-12-03 14:47:38,166] {task_command.py:369} INFO - Running <TaskInstance: prepare_data.create_table scheduled__2022-11-28T17:50:00+00:00 [running]> on host b41792e8e843
[2022-12-03 14:47:41,525] {taskinstance.py:1571} INFO - Exporting the following env vars:
AIRFLOW_CTX_DAG_OWNER=airflow
AIRFLOW_CTX_DAG_ID=prepare_data
AIRFLOW_CTX_TASK_ID=create_table
AIRFLOW_CTX_EXECUTION_DATE=2022-11-28T17:50:00+00:00
AIRFLOW_CTX_TRY_NUMBER=1
AIRFLOW_CTX_DAG_RUN_ID=scheduled__2022-11-28T17:50:00+00:00
[2022-12-03 14:47:42,279] {taskinstance.py:1889} ERROR - Task failed with exception
Traceback (most recent call last):
  File "/home/airflow/.local/lib/python3.7/site-packages/airflow/providers/postgres/operators/postgres.py", line 92, in execute
    self.hook.run(self.sql, self.autocommit, parameters=self.parameters)
  File "/home/airflow/.local/lib/python3.7/site-packages/airflow/hooks/dbapi.py", line 181, in run
    with closing(self.get_conn()) as conn:
  File "/home/airflow/.local/lib/python3.7/site-packages/airflow/providers/postgres/hooks/postgres.py", line 86, in get_conn
    conn = deepcopy(self.connection or self.get_connection(conn_id))
  File "/home/airflow/.local/lib/python3.7/site-packages/airflow/hooks/base.py", line 67, in get_connection
    conn = Connection.get_connection_from_secrets(conn_id)
  File "/home/airflow/.local/lib/python3.7/site-packages/airflow/models/connection.py", line 430, in get_connection_from_secrets
    raise AirflowNotFoundException(f"The conn_id `{conn_id}` isn't defined")
airflow.exceptions.AirflowNotFoundException: The conn_id `postgres_default` isn't defined
[2022-12-03 14:47:42,412] {taskinstance.py:1400} INFO - Marking task as FAILED. dag_id=prepare_data, task_id=create_table, execution_date=20221128T175000, start_date=20221203T144736, end_date=20221203T144742
[2022-12-03 14:47:42,815] {standard_task_runner.py:97} ERROR - Failed to execute job 78 for task create_table (The conn_id `postgres_default` isn't defined; 444)
[2022-12-03 14:47:42,954] {local_task_job.py:221} WARNING - State of this instance has been externally set to failed. Terminating instance.
[2022-12-03 14:47:43,127] {process_utils.py:129} INFO - Sending Signals.SIGTERM to group 444. PIDs of all processes in the group: [444]
[2022-12-03 14:47:43,128] {process_utils.py:80} INFO - Sending the signal Signals.SIGTERM to group 444
[2022-12-03 14:47:43,128] {process_utils.py:75} INFO - Process psutil.Process(pid=444, status='terminated', exitcode=1, started='14:47:35') (444) terminated with exit code 1
[2022-12-12 12:32:52,746] {taskinstance.py:1159} INFO - Dependencies all met for <TaskInstance: prepare_data.create_table scheduled__2022-11-28T17:50:00+00:00 [queued]>
[2022-12-12 12:32:52,964] {taskinstance.py:1159} INFO - Dependencies all met for <TaskInstance: prepare_data.create_table scheduled__2022-11-28T17:50:00+00:00 [queued]>
[2022-12-12 12:32:52,964] {taskinstance.py:1356} INFO - 
--------------------------------------------------------------------------------
[2022-12-12 12:32:52,964] {taskinstance.py:1357} INFO - Starting attempt 1 of 1
[2022-12-12 12:32:52,964] {taskinstance.py:1358} INFO - 
--------------------------------------------------------------------------------
[2022-12-12 12:32:53,390] {taskinstance.py:1377} INFO - Executing <Task(PostgresOperator): create_table> on 2022-11-28 17:50:00+00:00
[2022-12-12 12:32:53,511] {standard_task_runner.py:52} INFO - Started process 433 to run task
[2022-12-12 12:32:53,588] {standard_task_runner.py:79} INFO - Running: ['airflow', 'tasks', 'run', 'prepare_data', 'create_table', 'scheduled__2022-11-28T17:50:00+00:00', '--job-id', '78', '--raw', '--subdir', 'DAGS_FOLDER/prepare_data.py', '--cfg-path', '/tmp/tmpt5ojql5c', '--error-file', '/tmp/tmp8lwwg5h_']
[2022-12-12 12:32:53,589] {standard_task_runner.py:80} INFO - Job 78: Subtask create_table
[2022-12-12 12:32:54,461] {task_command.py:369} INFO - Running <TaskInstance: prepare_data.create_table scheduled__2022-11-28T17:50:00+00:00 [running]> on host b778137d8ea6
[2022-12-12 12:32:55,323] {taskinstance.py:1571} INFO - Exporting the following env vars:
AIRFLOW_CTX_DAG_OWNER=airflow
AIRFLOW_CTX_DAG_ID=prepare_data
AIRFLOW_CTX_TASK_ID=create_table
AIRFLOW_CTX_EXECUTION_DATE=2022-11-28T17:50:00+00:00
AIRFLOW_CTX_TRY_NUMBER=1
AIRFLOW_CTX_DAG_RUN_ID=scheduled__2022-11-28T17:50:00+00:00
[2022-12-12 12:32:55,655] {taskinstance.py:1889} ERROR - Task failed with exception
Traceback (most recent call last):
  File "/home/airflow/.local/lib/python3.7/site-packages/airflow/providers/postgres/operators/postgres.py", line 92, in execute
    self.hook.run(self.sql, self.autocommit, parameters=self.parameters)
  File "/home/airflow/.local/lib/python3.7/site-packages/airflow/hooks/dbapi.py", line 181, in run
    with closing(self.get_conn()) as conn:
  File "/home/airflow/.local/lib/python3.7/site-packages/airflow/providers/postgres/hooks/postgres.py", line 86, in get_conn
    conn = deepcopy(self.connection or self.get_connection(conn_id))
  File "/home/airflow/.local/lib/python3.7/site-packages/airflow/hooks/base.py", line 67, in get_connection
    conn = Connection.get_connection_from_secrets(conn_id)
  File "/home/airflow/.local/lib/python3.7/site-packages/airflow/models/connection.py", line 430, in get_connection_from_secrets
    raise AirflowNotFoundException(f"The conn_id `{conn_id}` isn't defined")
airflow.exceptions.AirflowNotFoundException: The conn_id `postgres_default` isn't defined
[2022-12-12 12:32:55,711] {taskinstance.py:1400} INFO - Marking task as FAILED. dag_id=prepare_data, task_id=create_table, execution_date=20221128T175000, start_date=20221212T123252, end_date=20221212T123255
[2022-12-12 12:32:55,846] {standard_task_runner.py:97} ERROR - Failed to execute job 78 for task create_table (The conn_id `postgres_default` isn't defined; 433)
[2022-12-12 12:32:55,876] {local_task_job.py:156} INFO - Task exited with return code 1
[2022-12-12 12:32:56,073] {local_task_job.py:273} INFO - 0 downstream tasks scheduled from follow-on schedule check
