[2022-12-12 13:52:01,325] {taskinstance.py:1159} INFO - Dependencies all met for <TaskInstance: prepare_data.create_table scheduled__2022-12-12T13:51:00+00:00 [queued]>
[2022-12-12 13:52:01,349] {taskinstance.py:1159} INFO - Dependencies all met for <TaskInstance: prepare_data.create_table scheduled__2022-12-12T13:51:00+00:00 [queued]>
[2022-12-12 13:52:01,349] {taskinstance.py:1356} INFO - 
--------------------------------------------------------------------------------
[2022-12-12 13:52:01,349] {taskinstance.py:1357} INFO - Starting attempt 1 of 1
[2022-12-12 13:52:01,350] {taskinstance.py:1358} INFO - 
--------------------------------------------------------------------------------
[2022-12-12 13:52:01,407] {taskinstance.py:1377} INFO - Executing <Task(PostgresOperator): create_table> on 2022-12-12 13:51:00+00:00
[2022-12-12 13:52:01,418] {standard_task_runner.py:52} INFO - Started process 3034 to run task
[2022-12-12 13:52:01,443] {standard_task_runner.py:79} INFO - Running: ['airflow', 'tasks', 'run', 'prepare_data', 'create_table', 'scheduled__2022-12-12T13:51:00+00:00', '--job-id', '1034', '--raw', '--subdir', 'DAGS_FOLDER/prepare_data.py', '--cfg-path', '/tmp/tmp801pv0x2', '--error-file', '/tmp/tmpuyfq2c2k']
[2022-12-12 13:52:01,451] {standard_task_runner.py:80} INFO - Job 1034: Subtask create_table
[2022-12-12 13:52:01,839] {task_command.py:369} INFO - Running <TaskInstance: prepare_data.create_table scheduled__2022-12-12T13:51:00+00:00 [running]> on host b778137d8ea6
[2022-12-12 13:52:02,322] {taskinstance.py:1571} INFO - Exporting the following env vars:
AIRFLOW_CTX_DAG_OWNER=airflow
AIRFLOW_CTX_DAG_ID=prepare_data
AIRFLOW_CTX_TASK_ID=create_table
AIRFLOW_CTX_EXECUTION_DATE=2022-12-12T13:51:00+00:00
AIRFLOW_CTX_TRY_NUMBER=1
AIRFLOW_CTX_DAG_RUN_ID=scheduled__2022-12-12T13:51:00+00:00
[2022-12-12 13:52:02,391] {base.py:68} INFO - Using connection ID 'postgres_default' for task execution.
[2022-12-12 13:52:02,407] {dbapi.py:208} INFO - Running statement: CREATE TABLE IF NOT EXISTS prepared_data (
	id SERIAL,
	sensor_id BIGINT,
	longitude FLOAT,
	latitude FLOAT,
	controller_id BIGINT,
	datetime TIMESTAMP WITH TIME ZONE,
	temperature INTEGER
);, parameters: None
[2022-12-12 13:52:02,412] {postgres.py:94} INFO - NOTICE:  relation "prepared_data" already exists, skipping

[2022-12-12 13:52:02,457] {taskinstance.py:1400} INFO - Marking task as SUCCESS. dag_id=prepare_data, task_id=create_table, execution_date=20221212T135100, start_date=20221212T135201, end_date=20221212T135202
[2022-12-12 13:52:02,585] {local_task_job.py:156} INFO - Task exited with return code 0
[2022-12-12 13:52:02,876] {local_task_job.py:273} INFO - 1 downstream tasks scheduled from follow-on schedule check
