[2022-12-12 12:58:49,564] {taskinstance.py:1159} INFO - Dependencies all met for <TaskInstance: prepare_data.transfer_data scheduled__2022-11-28T22:48:00+00:00 [queued]>
[2022-12-12 12:58:50,044] {taskinstance.py:1159} INFO - Dependencies all met for <TaskInstance: prepare_data.transfer_data scheduled__2022-11-28T22:48:00+00:00 [queued]>
[2022-12-12 12:58:50,044] {taskinstance.py:1356} INFO - 
--------------------------------------------------------------------------------
[2022-12-12 12:58:50,044] {taskinstance.py:1357} INFO - Starting attempt 1 of 1
[2022-12-12 12:58:50,044] {taskinstance.py:1358} INFO - 
--------------------------------------------------------------------------------
[2022-12-12 12:58:50,830] {taskinstance.py:1377} INFO - Executing <Task(PythonOperator): transfer_data> on 2022-11-28 22:48:00+00:00
[2022-12-12 12:58:50,929] {standard_task_runner.py:52} INFO - Started process 1485 to run task
[2022-12-12 12:58:51,228] {standard_task_runner.py:79} INFO - Running: ['airflow', 'tasks', 'run', 'prepare_data', 'transfer_data', 'scheduled__2022-11-28T22:48:00+00:00', '--job-id', '496', '--raw', '--subdir', 'DAGS_FOLDER/prepare_data.py', '--cfg-path', '/tmp/tmpf79cklid', '--error-file', '/tmp/tmp90nrd0yw']
[2022-12-12 12:58:51,229] {standard_task_runner.py:80} INFO - Job 496: Subtask transfer_data
[2022-12-12 12:58:53,638] {task_command.py:369} INFO - Running <TaskInstance: prepare_data.transfer_data scheduled__2022-11-28T22:48:00+00:00 [running]> on host b778137d8ea6
[2022-12-12 12:58:58,855] {taskinstance.py:1571} INFO - Exporting the following env vars:
AIRFLOW_CTX_DAG_OWNER=airflow
AIRFLOW_CTX_DAG_ID=prepare_data
AIRFLOW_CTX_TASK_ID=transfer_data
AIRFLOW_CTX_EXECUTION_DATE=2022-11-28T22:48:00+00:00
AIRFLOW_CTX_TRY_NUMBER=1
AIRFLOW_CTX_DAG_RUN_ID=scheduled__2022-11-28T22:48:00+00:00
[2022-12-12 12:58:59,546] {base.py:68} INFO - Using connection ID 'postgres_default' for task execution.
[2022-12-12 12:59:01,568] {python.py:173} INFO - Done. Returned value was: None
[2022-12-12 12:59:02,861] {taskinstance.py:1400} INFO - Marking task as SUCCESS. dag_id=prepare_data, task_id=transfer_data, execution_date=20221128T224800, start_date=20221212T125849, end_date=20221212T125902
[2022-12-12 12:59:03,600] {local_task_job.py:221} WARNING - State of this instance has been externally set to success. Terminating instance.
[2022-12-12 12:59:03,883] {process_utils.py:129} INFO - Sending Signals.SIGTERM to group 1485. PIDs of all processes in the group: [1485]
[2022-12-12 12:59:03,883] {process_utils.py:80} INFO - Sending the signal Signals.SIGTERM to group 1485
[2022-12-12 12:59:03,891] {process_utils.py:75} INFO - Process psutil.Process(pid=1485, status='terminated', exitcode=0, started='12:58:50') (1485) terminated with exit code 0
