[2022-12-12 13:11:39,544] {taskinstance.py:1159} INFO - Dependencies all met for <TaskInstance: prepare_data.transfer_data scheduled__2022-11-28T23:59:00+00:00 [queued]>
[2022-12-12 13:11:39,753] {taskinstance.py:1159} INFO - Dependencies all met for <TaskInstance: prepare_data.transfer_data scheduled__2022-11-28T23:59:00+00:00 [queued]>
[2022-12-12 13:11:39,761] {taskinstance.py:1356} INFO - 
--------------------------------------------------------------------------------
[2022-12-12 13:11:39,761] {taskinstance.py:1357} INFO - Starting attempt 1 of 1
[2022-12-12 13:11:39,761] {taskinstance.py:1358} INFO - 
--------------------------------------------------------------------------------
[2022-12-12 13:11:40,016] {taskinstance.py:1377} INFO - Executing <Task(PythonOperator): transfer_data> on 2022-11-28 23:59:00+00:00
[2022-12-12 13:11:40,031] {standard_task_runner.py:52} INFO - Started process 2084 to run task
[2022-12-12 13:11:40,097] {standard_task_runner.py:79} INFO - Running: ['airflow', 'tasks', 'run', 'prepare_data', 'transfer_data', 'scheduled__2022-11-28T23:59:00+00:00', '--job-id', '744', '--raw', '--subdir', 'DAGS_FOLDER/prepare_data.py', '--cfg-path', '/tmp/tmph63xv2qc', '--error-file', '/tmp/tmphgu5xbjb']
[2022-12-12 13:11:40,206] {standard_task_runner.py:80} INFO - Job 744: Subtask transfer_data
[2022-12-12 13:11:41,654] {task_command.py:369} INFO - Running <TaskInstance: prepare_data.transfer_data scheduled__2022-11-28T23:59:00+00:00 [running]> on host b778137d8ea6
[2022-12-12 13:11:43,527] {taskinstance.py:1571} INFO - Exporting the following env vars:
AIRFLOW_CTX_DAG_OWNER=airflow
AIRFLOW_CTX_DAG_ID=prepare_data
AIRFLOW_CTX_TASK_ID=transfer_data
AIRFLOW_CTX_EXECUTION_DATE=2022-11-28T23:59:00+00:00
AIRFLOW_CTX_TRY_NUMBER=1
AIRFLOW_CTX_DAG_RUN_ID=scheduled__2022-11-28T23:59:00+00:00
[2022-12-12 13:11:43,742] {base.py:68} INFO - Using connection ID 'postgres_default' for task execution.
[2022-12-12 13:11:44,250] {python.py:173} INFO - Done. Returned value was: None
[2022-12-12 13:11:44,533] {taskinstance.py:1400} INFO - Marking task as SUCCESS. dag_id=prepare_data, task_id=transfer_data, execution_date=20221128T235900, start_date=20221212T131139, end_date=20221212T131144
[2022-12-12 13:11:44,864] {local_task_job.py:156} INFO - Task exited with return code 0
[2022-12-12 13:11:45,239] {local_task_job.py:273} INFO - 0 downstream tasks scheduled from follow-on schedule check
