[2022-12-12 12:53:36,971] {taskinstance.py:1159} INFO - Dependencies all met for <TaskInstance: prepare_data.transfer_data scheduled__2022-12-12T12:51:00+00:00 [queued]>
[2022-12-12 12:53:37,173] {taskinstance.py:1159} INFO - Dependencies all met for <TaskInstance: prepare_data.transfer_data scheduled__2022-12-12T12:51:00+00:00 [queued]>
[2022-12-12 12:53:37,189] {taskinstance.py:1356} INFO - 
--------------------------------------------------------------------------------
[2022-12-12 12:53:37,190] {taskinstance.py:1357} INFO - Starting attempt 1 of 1
[2022-12-12 12:53:37,207] {taskinstance.py:1358} INFO - 
--------------------------------------------------------------------------------
[2022-12-12 12:53:37,973] {taskinstance.py:1377} INFO - Executing <Task(PythonOperator): transfer_data> on 2022-12-12 12:51:00+00:00
[2022-12-12 12:53:38,093] {standard_task_runner.py:52} INFO - Started process 1332 to run task
[2022-12-12 12:53:38,252] {standard_task_runner.py:79} INFO - Running: ['airflow', 'tasks', 'run', 'prepare_data', 'transfer_data', 'scheduled__2022-12-12T12:51:00+00:00', '--job-id', '440', '--raw', '--subdir', 'DAGS_FOLDER/prepare_data.py', '--cfg-path', '/tmp/tmpr0uje4lv', '--error-file', '/tmp/tmpl2en625d']
[2022-12-12 12:53:38,305] {standard_task_runner.py:80} INFO - Job 440: Subtask transfer_data
[2022-12-12 12:53:39,571] {task_command.py:369} INFO - Running <TaskInstance: prepare_data.transfer_data scheduled__2022-12-12T12:51:00+00:00 [running]> on host b778137d8ea6
[2022-12-12 12:53:40,692] {taskinstance.py:1571} INFO - Exporting the following env vars:
AIRFLOW_CTX_DAG_OWNER=airflow
AIRFLOW_CTX_DAG_ID=prepare_data
AIRFLOW_CTX_TASK_ID=transfer_data
AIRFLOW_CTX_EXECUTION_DATE=2022-12-12T12:51:00+00:00
AIRFLOW_CTX_TRY_NUMBER=1
AIRFLOW_CTX_DAG_RUN_ID=scheduled__2022-12-12T12:51:00+00:00
[2022-12-12 12:53:40,831] {base.py:68} INFO - Using connection ID 'postgres_default' for task execution.
[2022-12-12 12:53:41,319] {python.py:173} INFO - Done. Returned value was: None
[2022-12-12 12:53:41,501] {taskinstance.py:1400} INFO - Marking task as SUCCESS. dag_id=prepare_data, task_id=transfer_data, execution_date=20221212T125100, start_date=20221212T125336, end_date=20221212T125341
[2022-12-12 12:53:41,664] {local_task_job.py:156} INFO - Task exited with return code 0
[2022-12-12 12:53:42,593] {local_task_job.py:273} INFO - 0 downstream tasks scheduled from follow-on schedule check
