[2022-12-12 14:06:03,553] {taskinstance.py:1159} INFO - Dependencies all met for <TaskInstance: prepare_data.get_last_id scheduled__2022-12-12T14:05:00+00:00 [queued]>
[2022-12-12 14:06:03,584] {taskinstance.py:1159} INFO - Dependencies all met for <TaskInstance: prepare_data.get_last_id scheduled__2022-12-12T14:05:00+00:00 [queued]>
[2022-12-12 14:06:03,584] {taskinstance.py:1356} INFO - 
--------------------------------------------------------------------------------
[2022-12-12 14:06:03,584] {taskinstance.py:1357} INFO - Starting attempt 1 of 1
[2022-12-12 14:06:03,584] {taskinstance.py:1358} INFO - 
--------------------------------------------------------------------------------
[2022-12-12 14:06:03,620] {taskinstance.py:1377} INFO - Executing <Task(PythonOperator): get_last_id> on 2022-12-12 14:05:00+00:00
[2022-12-12 14:06:03,624] {standard_task_runner.py:52} INFO - Started process 3227 to run task
[2022-12-12 14:06:03,645] {standard_task_runner.py:79} INFO - Running: ['airflow', 'tasks', 'run', 'prepare_data', 'get_last_id', 'scheduled__2022-12-12T14:05:00+00:00', '--job-id', '1063', '--raw', '--subdir', 'DAGS_FOLDER/prepare_data.py', '--cfg-path', '/tmp/tmp3x32gcvv', '--error-file', '/tmp/tmpss41puxh']
[2022-12-12 14:06:03,647] {standard_task_runner.py:80} INFO - Job 1063: Subtask get_last_id
[2022-12-12 14:06:03,746] {task_command.py:369} INFO - Running <TaskInstance: prepare_data.get_last_id scheduled__2022-12-12T14:05:00+00:00 [running]> on host b778137d8ea6
[2022-12-12 14:06:03,931] {taskinstance.py:1571} INFO - Exporting the following env vars:
AIRFLOW_CTX_DAG_OWNER=airflow
AIRFLOW_CTX_DAG_ID=prepare_data
AIRFLOW_CTX_TASK_ID=get_last_id
AIRFLOW_CTX_EXECUTION_DATE=2022-12-12T14:05:00+00:00
AIRFLOW_CTX_TRY_NUMBER=1
AIRFLOW_CTX_DAG_RUN_ID=scheduled__2022-12-12T14:05:00+00:00
[2022-12-12 14:06:03,941] {taskinstance.py:1889} ERROR - Task failed with exception
Traceback (most recent call last):
  File "/home/airflow/.local/lib/python3.7/site-packages/airflow/operators/python.py", line 171, in execute
    return_value = self.execute_callable()
  File "/home/airflow/.local/lib/python3.7/site-packages/airflow/operators/python.py", line 189, in execute_callable
    return self.python_callable(*self.op_args, **self.op_kwargs)
  File "/opt/airflow/dags/prepare_data.py", line 11, in get_last_id
    data_log = datetime.date.today
AttributeError: 'method_descriptor' object has no attribute 'today'
[2022-12-12 14:06:03,983] {taskinstance.py:1400} INFO - Marking task as FAILED. dag_id=prepare_data, task_id=get_last_id, execution_date=20221212T140500, start_date=20221212T140603, end_date=20221212T140603
[2022-12-12 14:06:04,019] {standard_task_runner.py:97} ERROR - Failed to execute job 1063 for task get_last_id ('method_descriptor' object has no attribute 'today'; 3227)
[2022-12-12 14:06:04,054] {local_task_job.py:156} INFO - Task exited with return code 1
[2022-12-12 14:06:04,209] {local_task_job.py:273} INFO - 0 downstream tasks scheduled from follow-on schedule check
