[2022-12-12 13:22:28,441] {taskinstance.py:1159} INFO - Dependencies all met for <TaskInstance: prepare_data.get_last_id scheduled__2022-12-12T13:19:00+00:00 [queued]>
[2022-12-12 13:22:29,999] {taskinstance.py:1159} INFO - Dependencies all met for <TaskInstance: prepare_data.get_last_id scheduled__2022-12-12T13:19:00+00:00 [queued]>
[2022-12-12 13:22:30,000] {taskinstance.py:1356} INFO - 
--------------------------------------------------------------------------------
[2022-12-12 13:22:30,002] {taskinstance.py:1357} INFO - Starting attempt 1 of 1
[2022-12-12 13:22:30,453] {taskinstance.py:1358} INFO - 
--------------------------------------------------------------------------------
[2022-12-12 13:22:31,922] {taskinstance.py:1377} INFO - Executing <Task(PythonOperator): get_last_id> on 2022-12-12 13:19:00+00:00
[2022-12-12 13:22:32,005] {standard_task_runner.py:52} INFO - Started process 2525 to run task
[2022-12-12 13:22:32,562] {standard_task_runner.py:79} INFO - Running: ['airflow', 'tasks', 'run', 'prepare_data', 'get_last_id', 'scheduled__2022-12-12T13:19:00+00:00', '--job-id', '921', '--raw', '--subdir', 'DAGS_FOLDER/prepare_data.py', '--cfg-path', '/tmp/tmpz3dklfnd', '--error-file', '/tmp/tmpbmskokkg']
[2022-12-12 13:22:32,764] {standard_task_runner.py:80} INFO - Job 921: Subtask get_last_id
[2022-12-12 13:22:39,833] {task_command.py:369} INFO - Running <TaskInstance: prepare_data.get_last_id scheduled__2022-12-12T13:19:00+00:00 [running]> on host b778137d8ea6
[2022-12-12 13:22:50,673] {taskinstance.py:1571} INFO - Exporting the following env vars:
AIRFLOW_CTX_DAG_OWNER=airflow
AIRFLOW_CTX_DAG_ID=prepare_data
AIRFLOW_CTX_TASK_ID=get_last_id
AIRFLOW_CTX_EXECUTION_DATE=2022-12-12T13:19:00+00:00
AIRFLOW_CTX_TRY_NUMBER=1
AIRFLOW_CTX_DAG_RUN_ID=scheduled__2022-12-12T13:19:00+00:00
[2022-12-12 13:22:53,243] {base.py:68} INFO - Using connection ID 'postgres_default' for task execution.
[2022-12-12 13:22:55,754] {python.py:173} INFO - Done. Returned value was: None
[2022-12-12 13:22:56,988] {taskinstance.py:1400} INFO - Marking task as SUCCESS. dag_id=prepare_data, task_id=get_last_id, execution_date=20221212T131900, start_date=20221212T132228, end_date=20221212T132256
[2022-12-12 13:22:58,116] {local_task_job.py:156} INFO - Task exited with return code 0
[2022-12-12 13:23:01,820] {local_task_job.py:273} INFO - 1 downstream tasks scheduled from follow-on schedule check
