[2022-12-03 14:46:01,519] {taskinstance.py:1159} INFO - Dependencies all met for <TaskInstance: prepare_data.create_table scheduled__2022-11-28T17:17:00+00:00 [queued]>
[2022-12-03 14:46:01,727] {taskinstance.py:1159} INFO - Dependencies all met for <TaskInstance: prepare_data.create_table scheduled__2022-11-28T17:17:00+00:00 [queued]>
[2022-12-03 14:46:01,727] {taskinstance.py:1356} INFO - 
--------------------------------------------------------------------------------
[2022-12-03 14:46:01,727] {taskinstance.py:1357} INFO - Starting attempt 1 of 1
[2022-12-03 14:46:01,727] {taskinstance.py:1358} INFO - 
--------------------------------------------------------------------------------
[2022-12-03 14:46:02,029] {taskinstance.py:1377} INFO - Executing <Task(PostgresOperator): create_table> on 2022-11-28 17:17:00+00:00
[2022-12-03 14:46:02,061] {standard_task_runner.py:52} INFO - Started process 363 to run task
[2022-12-03 14:46:02,129] {standard_task_runner.py:79} INFO - Running: ['airflow', 'tasks', 'run', 'prepare_data', 'create_table', 'scheduled__2022-11-28T17:17:00+00:00', '--job-id', '45', '--raw', '--subdir', 'DAGS_FOLDER/prepare_data.py', '--cfg-path', '/tmp/tmp3xsnzdg1', '--error-file', '/tmp/tmpxmsadr2u']
[2022-12-03 14:46:02,142] {standard_task_runner.py:80} INFO - Job 45: Subtask create_table
[2022-12-03 14:46:03,250] {task_command.py:369} INFO - Running <TaskInstance: prepare_data.create_table scheduled__2022-11-28T17:17:00+00:00 [running]> on host b41792e8e843
[2022-12-03 14:46:05,022] {taskinstance.py:1571} INFO - Exporting the following env vars:
AIRFLOW_CTX_DAG_OWNER=airflow
AIRFLOW_CTX_DAG_ID=prepare_data
AIRFLOW_CTX_TASK_ID=create_table
AIRFLOW_CTX_EXECUTION_DATE=2022-11-28T17:17:00+00:00
AIRFLOW_CTX_TRY_NUMBER=1
AIRFLOW_CTX_DAG_RUN_ID=scheduled__2022-11-28T17:17:00+00:00
[2022-12-03 14:46:05,616] {taskinstance.py:1889} ERROR - Task failed with exception
Traceback (most recent call last):
  File "/home/airflow/.local/lib/python3.7/site-packages/airflow/providers/postgres/operators/postgres.py", line 92, in execute
    self.hook.run(self.sql, self.autocommit, parameters=self.parameters)
  File "/home/airflow/.local/lib/python3.7/site-packages/airflow/hooks/dbapi.py", line 181, in run
    with closing(self.get_conn()) as conn:
  File "/home/airflow/.local/lib/python3.7/site-packages/airflow/providers/postgres/hooks/postgres.py", line 86, in get_conn
    conn = deepcopy(self.connection or self.get_connection(conn_id))
  File "/home/airflow/.local/lib/python3.7/site-packages/airflow/hooks/base.py", line 67, in get_connection
    conn = Connection.get_connection_from_secrets(conn_id)
  File "/home/airflow/.local/lib/python3.7/site-packages/airflow/models/connection.py", line 430, in get_connection_from_secrets
    raise AirflowNotFoundException(f"The conn_id `{conn_id}` isn't defined")
airflow.exceptions.AirflowNotFoundException: The conn_id `postgres_default` isn't defined
[2022-12-03 14:46:05,711] {taskinstance.py:1400} INFO - Marking task as FAILED. dag_id=prepare_data, task_id=create_table, execution_date=20221128T171700, start_date=20221203T144601, end_date=20221203T144605
[2022-12-03 14:46:05,942] {standard_task_runner.py:97} ERROR - Failed to execute job 45 for task create_table (The conn_id `postgres_default` isn't defined; 363)
[2022-12-03 14:46:06,039] {local_task_job.py:156} INFO - Task exited with return code 1
[2022-12-03 14:46:06,988] {local_task_job.py:273} INFO - 0 downstream tasks scheduled from follow-on schedule check
[2022-12-12 12:31:27,925] {taskinstance.py:1159} INFO - Dependencies all met for <TaskInstance: prepare_data.create_table scheduled__2022-11-28T17:17:00+00:00 [queued]>
[2022-12-12 12:31:28,501] {taskinstance.py:1159} INFO - Dependencies all met for <TaskInstance: prepare_data.create_table scheduled__2022-11-28T17:17:00+00:00 [queued]>
[2022-12-12 12:31:28,501] {taskinstance.py:1356} INFO - 
--------------------------------------------------------------------------------
[2022-12-12 12:31:28,501] {taskinstance.py:1357} INFO - Starting attempt 1 of 1
[2022-12-12 12:31:28,501] {taskinstance.py:1358} INFO - 
--------------------------------------------------------------------------------
[2022-12-12 12:31:29,267] {taskinstance.py:1377} INFO - Executing <Task(PostgresOperator): create_table> on 2022-11-28 17:17:00+00:00
[2022-12-12 12:31:29,321] {standard_task_runner.py:52} INFO - Started process 358 to run task
[2022-12-12 12:31:29,354] {standard_task_runner.py:79} INFO - Running: ['airflow', 'tasks', 'run', 'prepare_data', 'create_table', 'scheduled__2022-11-28T17:17:00+00:00', '--job-id', '45', '--raw', '--subdir', 'DAGS_FOLDER/prepare_data.py', '--cfg-path', '/tmp/tmpy51rt2of', '--error-file', '/tmp/tmpv3_5scsy']
[2022-12-12 12:31:29,451] {standard_task_runner.py:80} INFO - Job 45: Subtask create_table
[2022-12-12 12:31:30,377] {task_command.py:369} INFO - Running <TaskInstance: prepare_data.create_table scheduled__2022-11-28T17:17:00+00:00 [running]> on host b778137d8ea6
[2022-12-12 12:31:31,610] {taskinstance.py:1571} INFO - Exporting the following env vars:
AIRFLOW_CTX_DAG_OWNER=airflow
AIRFLOW_CTX_DAG_ID=prepare_data
AIRFLOW_CTX_TASK_ID=create_table
AIRFLOW_CTX_EXECUTION_DATE=2022-11-28T17:17:00+00:00
AIRFLOW_CTX_TRY_NUMBER=1
AIRFLOW_CTX_DAG_RUN_ID=scheduled__2022-11-28T17:17:00+00:00
[2022-12-12 12:31:32,375] {taskinstance.py:1889} ERROR - Task failed with exception
Traceback (most recent call last):
  File "/home/airflow/.local/lib/python3.7/site-packages/airflow/providers/postgres/operators/postgres.py", line 92, in execute
    self.hook.run(self.sql, self.autocommit, parameters=self.parameters)
  File "/home/airflow/.local/lib/python3.7/site-packages/airflow/hooks/dbapi.py", line 181, in run
    with closing(self.get_conn()) as conn:
  File "/home/airflow/.local/lib/python3.7/site-packages/airflow/providers/postgres/hooks/postgres.py", line 86, in get_conn
    conn = deepcopy(self.connection or self.get_connection(conn_id))
  File "/home/airflow/.local/lib/python3.7/site-packages/airflow/hooks/base.py", line 67, in get_connection
    conn = Connection.get_connection_from_secrets(conn_id)
  File "/home/airflow/.local/lib/python3.7/site-packages/airflow/models/connection.py", line 430, in get_connection_from_secrets
    raise AirflowNotFoundException(f"The conn_id `{conn_id}` isn't defined")
airflow.exceptions.AirflowNotFoundException: The conn_id `postgres_default` isn't defined
[2022-12-12 12:31:32,426] {taskinstance.py:1400} INFO - Marking task as FAILED. dag_id=prepare_data, task_id=create_table, execution_date=20221128T171700, start_date=20221212T123127, end_date=20221212T123132
[2022-12-12 12:31:32,581] {standard_task_runner.py:97} ERROR - Failed to execute job 45 for task create_table (The conn_id `postgres_default` isn't defined; 358)
[2022-12-12 12:31:32,663] {local_task_job.py:156} INFO - Task exited with return code 1
[2022-12-12 12:31:33,284] {local_task_job.py:273} INFO - 0 downstream tasks scheduled from follow-on schedule check
[2022-12-12 15:18:20,841] {taskinstance.py:1159} INFO - Dependencies all met for <TaskInstance: prepare_data.create_table scheduled__2022-11-28T17:17:00+00:00 [queued]>
[2022-12-12 15:18:21,177] {taskinstance.py:1159} INFO - Dependencies all met for <TaskInstance: prepare_data.create_table scheduled__2022-11-28T17:17:00+00:00 [queued]>
[2022-12-12 15:18:21,177] {taskinstance.py:1356} INFO - 
--------------------------------------------------------------------------------
[2022-12-12 15:18:21,178] {taskinstance.py:1357} INFO - Starting attempt 1 of 1
[2022-12-12 15:18:21,178] {taskinstance.py:1358} INFO - 
--------------------------------------------------------------------------------
[2022-12-12 15:18:21,603] {taskinstance.py:1377} INFO - Executing <Task(PostgresOperator): create_table> on 2022-11-28 17:17:00+00:00
[2022-12-12 15:18:21,713] {standard_task_runner.py:52} INFO - Started process 407 to run task
[2022-12-12 15:18:21,749] {standard_task_runner.py:79} INFO - Running: ['airflow', 'tasks', 'run', 'prepare_data', 'create_table', 'scheduled__2022-11-28T17:17:00+00:00', '--job-id', '45', '--raw', '--subdir', 'DAGS_FOLDER/prepare_data.py', '--cfg-path', '/tmp/tmpr59ks1f7', '--error-file', '/tmp/tmpky87ob4f']
[2022-12-12 15:18:21,777] {standard_task_runner.py:80} INFO - Job 45: Subtask create_table
[2022-12-12 15:18:23,475] {task_command.py:369} INFO - Running <TaskInstance: prepare_data.create_table scheduled__2022-11-28T17:17:00+00:00 [running]> on host d4eb34144d92
[2022-12-12 15:18:26,108] {taskinstance.py:1571} INFO - Exporting the following env vars:
AIRFLOW_CTX_DAG_OWNER=airflow
AIRFLOW_CTX_DAG_ID=prepare_data
AIRFLOW_CTX_TASK_ID=create_table
AIRFLOW_CTX_EXECUTION_DATE=2022-11-28T17:17:00+00:00
AIRFLOW_CTX_TRY_NUMBER=1
AIRFLOW_CTX_DAG_RUN_ID=scheduled__2022-11-28T17:17:00+00:00
[2022-12-12 15:18:26,773] {taskinstance.py:1889} ERROR - Task failed with exception
Traceback (most recent call last):
  File "/home/airflow/.local/lib/python3.7/site-packages/airflow/providers/postgres/operators/postgres.py", line 92, in execute
    self.hook.run(self.sql, self.autocommit, parameters=self.parameters)
  File "/home/airflow/.local/lib/python3.7/site-packages/airflow/hooks/dbapi.py", line 181, in run
    with closing(self.get_conn()) as conn:
  File "/home/airflow/.local/lib/python3.7/site-packages/airflow/providers/postgres/hooks/postgres.py", line 86, in get_conn
    conn = deepcopy(self.connection or self.get_connection(conn_id))
  File "/home/airflow/.local/lib/python3.7/site-packages/airflow/hooks/base.py", line 67, in get_connection
    conn = Connection.get_connection_from_secrets(conn_id)
  File "/home/airflow/.local/lib/python3.7/site-packages/airflow/models/connection.py", line 430, in get_connection_from_secrets
    raise AirflowNotFoundException(f"The conn_id `{conn_id}` isn't defined")
airflow.exceptions.AirflowNotFoundException: The conn_id `postgres_default` isn't defined
[2022-12-12 15:18:26,951] {taskinstance.py:1400} INFO - Marking task as FAILED. dag_id=prepare_data, task_id=create_table, execution_date=20221128T171700, start_date=20221212T151820, end_date=20221212T151826
[2022-12-12 15:18:27,363] {standard_task_runner.py:97} ERROR - Failed to execute job 45 for task create_table (The conn_id `postgres_default` isn't defined; 407)
[2022-12-12 15:18:28,028] {local_task_job.py:156} INFO - Task exited with return code 1
[2022-12-12 15:18:29,890] {local_task_job.py:273} INFO - 0 downstream tasks scheduled from follow-on schedule check
