[2022-12-03 15:09:50,103] {taskinstance.py:1159} INFO - Dependencies all met for <TaskInstance: prepare_data.create_table scheduled__2022-11-28T19:46:00+00:00 [queued]>
[2022-12-03 15:09:51,138] {taskinstance.py:1159} INFO - Dependencies all met for <TaskInstance: prepare_data.create_table scheduled__2022-11-28T19:46:00+00:00 [queued]>
[2022-12-03 15:09:51,146] {taskinstance.py:1356} INFO - 
--------------------------------------------------------------------------------
[2022-12-03 15:09:51,146] {taskinstance.py:1357} INFO - Starting attempt 1 of 1
[2022-12-03 15:09:51,146] {taskinstance.py:1358} INFO - 
--------------------------------------------------------------------------------
[2022-12-03 15:09:53,471] {taskinstance.py:1377} INFO - Executing <Task(PostgresOperator): create_table> on 2022-11-28 19:46:00+00:00
[2022-12-03 15:09:53,587] {standard_task_runner.py:52} INFO - Started process 1218 to run task
[2022-12-03 15:09:53,985] {standard_task_runner.py:79} INFO - Running: ['airflow', 'tasks', 'run', 'prepare_data', 'create_table', 'scheduled__2022-11-28T19:46:00+00:00', '--job-id', '380', '--raw', '--subdir', 'DAGS_FOLDER/prepare_data.py', '--cfg-path', '/tmp/tmp_qr04ls9', '--error-file', '/tmp/tmpum1o53ft']
[2022-12-03 15:09:54,052] {standard_task_runner.py:80} INFO - Job 380: Subtask create_table
[2022-12-03 15:09:58,242] {task_command.py:369} INFO - Running <TaskInstance: prepare_data.create_table scheduled__2022-11-28T19:46:00+00:00 [running]> on host b41792e8e843
[2022-12-03 15:10:02,236] {taskinstance.py:1571} INFO - Exporting the following env vars:
AIRFLOW_CTX_DAG_OWNER=airflow
AIRFLOW_CTX_DAG_ID=prepare_data
AIRFLOW_CTX_TASK_ID=create_table
AIRFLOW_CTX_EXECUTION_DATE=2022-11-28T19:46:00+00:00
AIRFLOW_CTX_TRY_NUMBER=1
AIRFLOW_CTX_DAG_RUN_ID=scheduled__2022-11-28T19:46:00+00:00
[2022-12-03 15:10:02,566] {base.py:68} INFO - Using connection ID 'postgres_default' for task execution.
[2022-12-03 15:10:02,686] {dbapi.py:208} INFO - Running statement: CREATE TABLE IF NOT EXISTS prepared_data (
	id SERIAL,
	sensor_id BIGINT,
	longitude FLOAT,
	latitude FLOAT,
	controller_id BIGINT,
	datetime TIMESTAMP WITH TIME ZONE,
	temperature INTEGER
);, parameters: None
[2022-12-03 15:10:02,721] {postgres.py:94} INFO - NOTICE:  relation "prepared_data" already exists, skipping

[2022-12-03 15:10:03,773] {taskinstance.py:1400} INFO - Marking task as SUCCESS. dag_id=prepare_data, task_id=create_table, execution_date=20221128T194600, start_date=20221203T150950, end_date=20221203T151003
[2022-12-03 15:10:04,337] {local_task_job.py:156} INFO - Task exited with return code 0
[2022-12-03 15:10:06,260] {local_task_job.py:273} INFO - 1 downstream tasks scheduled from follow-on schedule check
[2022-12-12 12:36:33,260] {taskinstance.py:1159} INFO - Dependencies all met for <TaskInstance: prepare_data.create_table scheduled__2022-11-28T19:46:00+00:00 [queued]>
[2022-12-12 12:36:33,303] {taskinstance.py:1159} INFO - Dependencies all met for <TaskInstance: prepare_data.create_table scheduled__2022-11-28T19:46:00+00:00 [queued]>
[2022-12-12 12:36:33,303] {taskinstance.py:1356} INFO - 
--------------------------------------------------------------------------------
[2022-12-12 12:36:33,303] {taskinstance.py:1357} INFO - Starting attempt 1 of 1
[2022-12-12 12:36:33,303] {taskinstance.py:1358} INFO - 
--------------------------------------------------------------------------------
[2022-12-12 12:36:33,368] {taskinstance.py:1377} INFO - Executing <Task(PostgresOperator): create_table> on 2022-11-28 19:46:00+00:00
[2022-12-12 12:36:33,373] {standard_task_runner.py:52} INFO - Started process 699 to run task
[2022-12-12 12:36:33,400] {standard_task_runner.py:79} INFO - Running: ['airflow', 'tasks', 'run', 'prepare_data', 'create_table', 'scheduled__2022-11-28T19:46:00+00:00', '--job-id', '194', '--raw', '--subdir', 'DAGS_FOLDER/prepare_data.py', '--cfg-path', '/tmp/tmph17z7r05', '--error-file', '/tmp/tmpyc58gd1z']
[2022-12-12 12:36:33,408] {standard_task_runner.py:80} INFO - Job 194: Subtask create_table
[2022-12-12 12:36:33,633] {task_command.py:369} INFO - Running <TaskInstance: prepare_data.create_table scheduled__2022-11-28T19:46:00+00:00 [running]> on host b778137d8ea6
[2022-12-12 12:36:34,204] {taskinstance.py:1571} INFO - Exporting the following env vars:
AIRFLOW_CTX_DAG_OWNER=airflow
AIRFLOW_CTX_DAG_ID=prepare_data
AIRFLOW_CTX_TASK_ID=create_table
AIRFLOW_CTX_EXECUTION_DATE=2022-11-28T19:46:00+00:00
AIRFLOW_CTX_TRY_NUMBER=1
AIRFLOW_CTX_DAG_RUN_ID=scheduled__2022-11-28T19:46:00+00:00
[2022-12-12 12:36:34,397] {taskinstance.py:1889} ERROR - Task failed with exception
Traceback (most recent call last):
  File "/home/airflow/.local/lib/python3.7/site-packages/airflow/providers/postgres/operators/postgres.py", line 92, in execute
    self.hook.run(self.sql, self.autocommit, parameters=self.parameters)
  File "/home/airflow/.local/lib/python3.7/site-packages/airflow/hooks/dbapi.py", line 181, in run
    with closing(self.get_conn()) as conn:
  File "/home/airflow/.local/lib/python3.7/site-packages/airflow/providers/postgres/hooks/postgres.py", line 86, in get_conn
    conn = deepcopy(self.connection or self.get_connection(conn_id))
  File "/home/airflow/.local/lib/python3.7/site-packages/airflow/hooks/base.py", line 67, in get_connection
    conn = Connection.get_connection_from_secrets(conn_id)
  File "/home/airflow/.local/lib/python3.7/site-packages/airflow/models/connection.py", line 430, in get_connection_from_secrets
    raise AirflowNotFoundException(f"The conn_id `{conn_id}` isn't defined")
airflow.exceptions.AirflowNotFoundException: The conn_id `postgres_default` isn't defined
[2022-12-12 12:36:34,407] {taskinstance.py:1400} INFO - Marking task as FAILED. dag_id=prepare_data, task_id=create_table, execution_date=20221128T194600, start_date=20221212T123633, end_date=20221212T123634
[2022-12-12 12:36:34,446] {standard_task_runner.py:97} ERROR - Failed to execute job 194 for task create_table (The conn_id `postgres_default` isn't defined; 699)
[2022-12-12 12:36:34,471] {local_task_job.py:156} INFO - Task exited with return code 1
[2022-12-12 12:36:34,623] {local_task_job.py:273} INFO - 0 downstream tasks scheduled from follow-on schedule check
