[2022-12-12 13:18:34,976] {taskinstance.py:1159} INFO - Dependencies all met for <TaskInstance: prepare_data.create_table scheduled__2022-11-29T00:34:00+00:00 [queued]>
[2022-12-12 13:18:35,371] {taskinstance.py:1159} INFO - Dependencies all met for <TaskInstance: prepare_data.create_table scheduled__2022-11-29T00:34:00+00:00 [queued]>
[2022-12-12 13:18:35,371] {taskinstance.py:1356} INFO - 
--------------------------------------------------------------------------------
[2022-12-12 13:18:35,371] {taskinstance.py:1357} INFO - Starting attempt 1 of 1
[2022-12-12 13:18:35,371] {taskinstance.py:1358} INFO - 
--------------------------------------------------------------------------------
[2022-12-12 13:18:35,709] {taskinstance.py:1377} INFO - Executing <Task(PostgresOperator): create_table> on 2022-11-29 00:34:00+00:00
[2022-12-12 13:18:35,804] {standard_task_runner.py:52} INFO - Started process 2383 to run task
[2022-12-12 13:18:35,895] {standard_task_runner.py:79} INFO - Running: ['airflow', 'tasks', 'run', 'prepare_data', 'create_table', 'scheduled__2022-11-29T00:34:00+00:00', '--job-id', '865', '--raw', '--subdir', 'DAGS_FOLDER/prepare_data.py', '--cfg-path', '/tmp/tmpnieikabi', '--error-file', '/tmp/tmp3hclqn1_']
[2022-12-12 13:18:35,897] {standard_task_runner.py:80} INFO - Job 865: Subtask create_table
[2022-12-12 13:18:36,667] {task_command.py:369} INFO - Running <TaskInstance: prepare_data.create_table scheduled__2022-11-29T00:34:00+00:00 [running]> on host b778137d8ea6
[2022-12-12 13:18:37,999] {taskinstance.py:1571} INFO - Exporting the following env vars:
AIRFLOW_CTX_DAG_OWNER=airflow
AIRFLOW_CTX_DAG_ID=prepare_data
AIRFLOW_CTX_TASK_ID=create_table
AIRFLOW_CTX_EXECUTION_DATE=2022-11-29T00:34:00+00:00
AIRFLOW_CTX_TRY_NUMBER=1
AIRFLOW_CTX_DAG_RUN_ID=scheduled__2022-11-29T00:34:00+00:00
[2022-12-12 13:18:38,167] {base.py:68} INFO - Using connection ID 'postgres_default' for task execution.
[2022-12-12 13:18:38,191] {dbapi.py:208} INFO - Running statement: CREATE TABLE IF NOT EXISTS prepared_data (
	id SERIAL,
	sensor_id BIGINT,
	longitude FLOAT,
	latitude FLOAT,
	controller_id BIGINT,
	datetime TIMESTAMP WITH TIME ZONE,
	temperature INTEGER
);, parameters: None
[2022-12-12 13:18:38,218] {postgres.py:94} INFO - NOTICE:  relation "prepared_data" already exists, skipping

[2022-12-12 13:18:38,432] {taskinstance.py:1400} INFO - Marking task as SUCCESS. dag_id=prepare_data, task_id=create_table, execution_date=20221129T003400, start_date=20221212T131834, end_date=20221212T131838
[2022-12-12 13:18:38,899] {local_task_job.py:156} INFO - Task exited with return code 0
[2022-12-12 13:18:40,372] {local_task_job.py:273} INFO - 1 downstream tasks scheduled from follow-on schedule check
