[2022-12-03 15:07:29,596] {taskinstance.py:1159} INFO - Dependencies all met for <TaskInstance: prepare_data.get_last_id scheduled__2022-11-28T19:30:00+00:00 [queued]>
[2022-12-03 15:07:29,843] {taskinstance.py:1159} INFO - Dependencies all met for <TaskInstance: prepare_data.get_last_id scheduled__2022-11-28T19:30:00+00:00 [queued]>
[2022-12-03 15:07:29,843] {taskinstance.py:1356} INFO - 
--------------------------------------------------------------------------------
[2022-12-03 15:07:29,848] {taskinstance.py:1357} INFO - Starting attempt 1 of 1
[2022-12-03 15:07:29,869] {taskinstance.py:1358} INFO - 
--------------------------------------------------------------------------------
[2022-12-03 15:07:30,325] {taskinstance.py:1377} INFO - Executing <Task(PythonOperator): get_last_id> on 2022-11-28 19:30:00+00:00
[2022-12-03 15:07:30,401] {standard_task_runner.py:52} INFO - Started process 1117 to run task
[2022-12-03 15:07:30,441] {standard_task_runner.py:79} INFO - Running: ['airflow', 'tasks', 'run', 'prepare_data', 'get_last_id', 'scheduled__2022-11-28T19:30:00+00:00', '--job-id', '339', '--raw', '--subdir', 'DAGS_FOLDER/prepare_data.py', '--cfg-path', '/tmp/tmp7ly8awdl', '--error-file', '/tmp/tmp0ie_9lul']
[2022-12-03 15:07:30,443] {standard_task_runner.py:80} INFO - Job 339: Subtask get_last_id
[2022-12-03 15:07:31,173] {task_command.py:369} INFO - Running <TaskInstance: prepare_data.get_last_id scheduled__2022-11-28T19:30:00+00:00 [running]> on host b41792e8e843
[2022-12-03 15:07:31,493] {taskinstance.py:1571} INFO - Exporting the following env vars:
AIRFLOW_CTX_DAG_OWNER=airflow
AIRFLOW_CTX_DAG_ID=prepare_data
AIRFLOW_CTX_TASK_ID=get_last_id
AIRFLOW_CTX_EXECUTION_DATE=2022-11-28T19:30:00+00:00
AIRFLOW_CTX_TRY_NUMBER=1
AIRFLOW_CTX_DAG_RUN_ID=scheduled__2022-11-28T19:30:00+00:00
[2022-12-03 15:07:31,563] {base.py:68} INFO - Using connection ID 'postgres_default' for task execution.
[2022-12-03 15:07:31,659] {python.py:173} INFO - Done. Returned value was: None
[2022-12-03 15:07:31,707] {taskinstance.py:1400} INFO - Marking task as SUCCESS. dag_id=prepare_data, task_id=get_last_id, execution_date=20221128T193000, start_date=20221203T150729, end_date=20221203T150731
[2022-12-03 15:07:31,757] {local_task_job.py:156} INFO - Task exited with return code 0
[2022-12-03 15:07:32,014] {local_task_job.py:273} INFO - 1 downstream tasks scheduled from follow-on schedule check
