[2022-12-03 14:58:44,472] {taskinstance.py:1159} INFO - Dependencies all met for <TaskInstance: prepare_data.get_last_id scheduled__2022-11-28T18:46:00+00:00 [queued]>
[2022-12-03 14:58:45,409] {taskinstance.py:1159} INFO - Dependencies all met for <TaskInstance: prepare_data.get_last_id scheduled__2022-11-28T18:46:00+00:00 [queued]>
[2022-12-03 14:58:45,487] {taskinstance.py:1356} INFO - 
--------------------------------------------------------------------------------
[2022-12-03 14:58:45,642] {taskinstance.py:1357} INFO - Starting attempt 1 of 1
[2022-12-03 14:58:45,643] {taskinstance.py:1358} INFO - 
--------------------------------------------------------------------------------
[2022-12-03 14:58:46,942] {taskinstance.py:1377} INFO - Executing <Task(PythonOperator): get_last_id> on 2022-11-28 18:46:00+00:00
[2022-12-03 14:58:47,290] {standard_task_runner.py:52} INFO - Started process 787 to run task
[2022-12-03 14:58:47,613] {standard_task_runner.py:79} INFO - Running: ['airflow', 'tasks', 'run', 'prepare_data', 'get_last_id', 'scheduled__2022-11-28T18:46:00+00:00', '--job-id', '209', '--raw', '--subdir', 'DAGS_FOLDER/prepare_data.py', '--cfg-path', '/tmp/tmpdmz6fksx', '--error-file', '/tmp/tmpn4zz6x4q']
[2022-12-03 14:58:47,636] {standard_task_runner.py:80} INFO - Job 209: Subtask get_last_id
[2022-12-03 14:58:50,016] {task_command.py:369} INFO - Running <TaskInstance: prepare_data.get_last_id scheduled__2022-11-28T18:46:00+00:00 [running]> on host b41792e8e843
[2022-12-03 14:58:57,030] {taskinstance.py:1571} INFO - Exporting the following env vars:
AIRFLOW_CTX_DAG_OWNER=airflow
AIRFLOW_CTX_DAG_ID=prepare_data
AIRFLOW_CTX_TASK_ID=get_last_id
AIRFLOW_CTX_EXECUTION_DATE=2022-11-28T18:46:00+00:00
AIRFLOW_CTX_TRY_NUMBER=1
AIRFLOW_CTX_DAG_RUN_ID=scheduled__2022-11-28T18:46:00+00:00
[2022-12-03 14:58:57,646] {base.py:68} INFO - Using connection ID 'postgres_default' for task execution.
[2022-12-03 14:58:58,406] {python.py:173} INFO - Done. Returned value was: None
[2022-12-03 14:59:02,294] {taskinstance.py:1400} INFO - Marking task as SUCCESS. dag_id=prepare_data, task_id=get_last_id, execution_date=20221128T184600, start_date=20221203T145844, end_date=20221203T145902
[2022-12-03 14:59:03,303] {local_task_job.py:156} INFO - Task exited with return code 0
[2022-12-03 14:59:05,739] {local_task_job.py:273} INFO - 1 downstream tasks scheduled from follow-on schedule check
