[2022-12-03 14:45:53,978] {taskinstance.py:1159} INFO - Dependencies all met for <TaskInstance: prepare_data.create_table scheduled__2022-11-28T17:15:00+00:00 [queued]>
[2022-12-03 14:45:54,113] {taskinstance.py:1159} INFO - Dependencies all met for <TaskInstance: prepare_data.create_table scheduled__2022-11-28T17:15:00+00:00 [queued]>
[2022-12-03 14:45:54,113] {taskinstance.py:1356} INFO - 
--------------------------------------------------------------------------------
[2022-12-03 14:45:54,114] {taskinstance.py:1357} INFO - Starting attempt 1 of 1
[2022-12-03 14:45:54,114] {taskinstance.py:1358} INFO - 
--------------------------------------------------------------------------------
[2022-12-03 14:45:54,239] {taskinstance.py:1377} INFO - Executing <Task(PostgresOperator): create_table> on 2022-11-28 17:15:00+00:00
[2022-12-03 14:45:54,252] {standard_task_runner.py:52} INFO - Started process 357 to run task
[2022-12-03 14:45:54,294] {standard_task_runner.py:79} INFO - Running: ['airflow', 'tasks', 'run', 'prepare_data', 'create_table', 'scheduled__2022-11-28T17:15:00+00:00', '--job-id', '43', '--raw', '--subdir', 'DAGS_FOLDER/prepare_data.py', '--cfg-path', '/tmp/tmpq69cw7ub', '--error-file', '/tmp/tmp81iqnpwd']
[2022-12-03 14:45:54,297] {standard_task_runner.py:80} INFO - Job 43: Subtask create_table
[2022-12-03 14:45:54,893] {task_command.py:369} INFO - Running <TaskInstance: prepare_data.create_table scheduled__2022-11-28T17:15:00+00:00 [running]> on host b41792e8e843
[2022-12-03 14:45:55,370] {taskinstance.py:1571} INFO - Exporting the following env vars:
AIRFLOW_CTX_DAG_OWNER=airflow
AIRFLOW_CTX_DAG_ID=prepare_data
AIRFLOW_CTX_TASK_ID=create_table
AIRFLOW_CTX_EXECUTION_DATE=2022-11-28T17:15:00+00:00
AIRFLOW_CTX_TRY_NUMBER=1
AIRFLOW_CTX_DAG_RUN_ID=scheduled__2022-11-28T17:15:00+00:00
[2022-12-03 14:45:55,567] {taskinstance.py:1889} ERROR - Task failed with exception
Traceback (most recent call last):
  File "/home/airflow/.local/lib/python3.7/site-packages/airflow/providers/postgres/operators/postgres.py", line 92, in execute
    self.hook.run(self.sql, self.autocommit, parameters=self.parameters)
  File "/home/airflow/.local/lib/python3.7/site-packages/airflow/hooks/dbapi.py", line 181, in run
    with closing(self.get_conn()) as conn:
  File "/home/airflow/.local/lib/python3.7/site-packages/airflow/providers/postgres/hooks/postgres.py", line 86, in get_conn
    conn = deepcopy(self.connection or self.get_connection(conn_id))
  File "/home/airflow/.local/lib/python3.7/site-packages/airflow/hooks/base.py", line 67, in get_connection
    conn = Connection.get_connection_from_secrets(conn_id)
  File "/home/airflow/.local/lib/python3.7/site-packages/airflow/models/connection.py", line 430, in get_connection_from_secrets
    raise AirflowNotFoundException(f"The conn_id `{conn_id}` isn't defined")
airflow.exceptions.AirflowNotFoundException: The conn_id `postgres_default` isn't defined
[2022-12-03 14:45:55,594] {taskinstance.py:1400} INFO - Marking task as FAILED. dag_id=prepare_data, task_id=create_table, execution_date=20221128T171500, start_date=20221203T144553, end_date=20221203T144555
[2022-12-03 14:45:55,666] {standard_task_runner.py:97} ERROR - Failed to execute job 43 for task create_table (The conn_id `postgres_default` isn't defined; 357)
[2022-12-03 14:45:55,711] {local_task_job.py:156} INFO - Task exited with return code 1
[2022-12-03 14:45:55,897] {local_task_job.py:273} INFO - 0 downstream tasks scheduled from follow-on schedule check
[2022-12-12 12:31:23,385] {taskinstance.py:1159} INFO - Dependencies all met for <TaskInstance: prepare_data.create_table scheduled__2022-11-28T17:15:00+00:00 [queued]>
[2022-12-12 12:31:23,715] {taskinstance.py:1159} INFO - Dependencies all met for <TaskInstance: prepare_data.create_table scheduled__2022-11-28T17:15:00+00:00 [queued]>
[2022-12-12 12:31:23,715] {taskinstance.py:1356} INFO - 
--------------------------------------------------------------------------------
[2022-12-12 12:31:23,715] {taskinstance.py:1357} INFO - Starting attempt 1 of 1
[2022-12-12 12:31:23,715] {taskinstance.py:1358} INFO - 
--------------------------------------------------------------------------------
[2022-12-12 12:31:24,084] {taskinstance.py:1377} INFO - Executing <Task(PostgresOperator): create_table> on 2022-11-28 17:15:00+00:00
[2022-12-12 12:31:24,127] {standard_task_runner.py:52} INFO - Started process 352 to run task
[2022-12-12 12:31:24,283] {standard_task_runner.py:79} INFO - Running: ['airflow', 'tasks', 'run', 'prepare_data', 'create_table', 'scheduled__2022-11-28T17:15:00+00:00', '--job-id', '43', '--raw', '--subdir', 'DAGS_FOLDER/prepare_data.py', '--cfg-path', '/tmp/tmps34uuknw', '--error-file', '/tmp/tmpfk5kzx8d']
[2022-12-12 12:31:24,289] {standard_task_runner.py:80} INFO - Job 43: Subtask create_table
[2022-12-12 12:31:25,256] {task_command.py:369} INFO - Running <TaskInstance: prepare_data.create_table scheduled__2022-11-28T17:15:00+00:00 [running]> on host b778137d8ea6
[2022-12-12 12:31:27,568] {taskinstance.py:1571} INFO - Exporting the following env vars:
AIRFLOW_CTX_DAG_OWNER=airflow
AIRFLOW_CTX_DAG_ID=prepare_data
AIRFLOW_CTX_TASK_ID=create_table
AIRFLOW_CTX_EXECUTION_DATE=2022-11-28T17:15:00+00:00
AIRFLOW_CTX_TRY_NUMBER=1
AIRFLOW_CTX_DAG_RUN_ID=scheduled__2022-11-28T17:15:00+00:00
[2022-12-12 12:31:27,804] {taskinstance.py:1889} ERROR - Task failed with exception
Traceback (most recent call last):
  File "/home/airflow/.local/lib/python3.7/site-packages/airflow/providers/postgres/operators/postgres.py", line 92, in execute
    self.hook.run(self.sql, self.autocommit, parameters=self.parameters)
  File "/home/airflow/.local/lib/python3.7/site-packages/airflow/hooks/dbapi.py", line 181, in run
    with closing(self.get_conn()) as conn:
  File "/home/airflow/.local/lib/python3.7/site-packages/airflow/providers/postgres/hooks/postgres.py", line 86, in get_conn
    conn = deepcopy(self.connection or self.get_connection(conn_id))
  File "/home/airflow/.local/lib/python3.7/site-packages/airflow/hooks/base.py", line 67, in get_connection
    conn = Connection.get_connection_from_secrets(conn_id)
  File "/home/airflow/.local/lib/python3.7/site-packages/airflow/models/connection.py", line 430, in get_connection_from_secrets
    raise AirflowNotFoundException(f"The conn_id `{conn_id}` isn't defined")
airflow.exceptions.AirflowNotFoundException: The conn_id `postgres_default` isn't defined
[2022-12-12 12:31:27,847] {taskinstance.py:1400} INFO - Marking task as FAILED. dag_id=prepare_data, task_id=create_table, execution_date=20221128T171500, start_date=20221212T123123, end_date=20221212T123127
[2022-12-12 12:31:28,227] {standard_task_runner.py:97} ERROR - Failed to execute job 43 for task create_table (The conn_id `postgres_default` isn't defined; 352)
[2022-12-12 12:31:28,631] {local_task_job.py:156} INFO - Task exited with return code 1
[2022-12-12 12:31:29,819] {local_task_job.py:273} INFO - 0 downstream tasks scheduled from follow-on schedule check
[2022-12-12 15:17:57,377] {taskinstance.py:1159} INFO - Dependencies all met for <TaskInstance: prepare_data.create_table scheduled__2022-11-28T17:15:00+00:00 [queued]>
[2022-12-12 15:17:57,856] {taskinstance.py:1159} INFO - Dependencies all met for <TaskInstance: prepare_data.create_table scheduled__2022-11-28T17:15:00+00:00 [queued]>
[2022-12-12 15:17:57,857] {taskinstance.py:1356} INFO - 
--------------------------------------------------------------------------------
[2022-12-12 15:17:57,857] {taskinstance.py:1357} INFO - Starting attempt 1 of 1
[2022-12-12 15:17:57,858] {taskinstance.py:1358} INFO - 
--------------------------------------------------------------------------------
[2022-12-12 15:17:58,735] {taskinstance.py:1377} INFO - Executing <Task(PostgresOperator): create_table> on 2022-11-28 17:15:00+00:00
[2022-12-12 15:17:58,832] {standard_task_runner.py:52} INFO - Started process 398 to run task
[2022-12-12 15:17:59,048] {standard_task_runner.py:79} INFO - Running: ['airflow', 'tasks', 'run', 'prepare_data', 'create_table', 'scheduled__2022-11-28T17:15:00+00:00', '--job-id', '43', '--raw', '--subdir', 'DAGS_FOLDER/prepare_data.py', '--cfg-path', '/tmp/tmp8xda2myq', '--error-file', '/tmp/tmpvth5a7vn']
[2022-12-12 15:17:59,097] {standard_task_runner.py:80} INFO - Job 43: Subtask create_table
[2022-12-12 15:18:02,844] {task_command.py:369} INFO - Running <TaskInstance: prepare_data.create_table scheduled__2022-11-28T17:15:00+00:00 [running]> on host d4eb34144d92
[2022-12-12 15:18:08,532] {taskinstance.py:1571} INFO - Exporting the following env vars:
AIRFLOW_CTX_DAG_OWNER=airflow
AIRFLOW_CTX_DAG_ID=prepare_data
AIRFLOW_CTX_TASK_ID=create_table
AIRFLOW_CTX_EXECUTION_DATE=2022-11-28T17:15:00+00:00
AIRFLOW_CTX_TRY_NUMBER=1
AIRFLOW_CTX_DAG_RUN_ID=scheduled__2022-11-28T17:15:00+00:00
[2022-12-12 15:18:09,421] {taskinstance.py:1889} ERROR - Task failed with exception
Traceback (most recent call last):
  File "/home/airflow/.local/lib/python3.7/site-packages/airflow/providers/postgres/operators/postgres.py", line 92, in execute
    self.hook.run(self.sql, self.autocommit, parameters=self.parameters)
  File "/home/airflow/.local/lib/python3.7/site-packages/airflow/hooks/dbapi.py", line 181, in run
    with closing(self.get_conn()) as conn:
  File "/home/airflow/.local/lib/python3.7/site-packages/airflow/providers/postgres/hooks/postgres.py", line 86, in get_conn
    conn = deepcopy(self.connection or self.get_connection(conn_id))
  File "/home/airflow/.local/lib/python3.7/site-packages/airflow/hooks/base.py", line 67, in get_connection
    conn = Connection.get_connection_from_secrets(conn_id)
  File "/home/airflow/.local/lib/python3.7/site-packages/airflow/models/connection.py", line 430, in get_connection_from_secrets
    raise AirflowNotFoundException(f"The conn_id `{conn_id}` isn't defined")
airflow.exceptions.AirflowNotFoundException: The conn_id `postgres_default` isn't defined
[2022-12-12 15:18:09,678] {taskinstance.py:1400} INFO - Marking task as FAILED. dag_id=prepare_data, task_id=create_table, execution_date=20221128T171500, start_date=20221212T151757, end_date=20221212T151809
[2022-12-12 15:18:10,258] {standard_task_runner.py:97} ERROR - Failed to execute job 43 for task create_table (The conn_id `postgres_default` isn't defined; 398)
[2022-12-12 15:18:10,371] {local_task_job.py:156} INFO - Task exited with return code 1
[2022-12-12 15:18:13,158] {local_task_job.py:273} INFO - 0 downstream tasks scheduled from follow-on schedule check
