[2022-12-12 12:55:50,062] {taskinstance.py:1159} INFO - Dependencies all met for <TaskInstance: prepare_data.get_last_id scheduled__2022-11-28T22:44:00+00:00 [queued]>
[2022-12-12 12:55:51,166] {taskinstance.py:1159} INFO - Dependencies all met for <TaskInstance: prepare_data.get_last_id scheduled__2022-11-28T22:44:00+00:00 [queued]>
[2022-12-12 12:55:51,166] {taskinstance.py:1356} INFO - 
--------------------------------------------------------------------------------
[2022-12-12 12:55:51,179] {taskinstance.py:1357} INFO - Starting attempt 1 of 1
[2022-12-12 12:55:51,179] {taskinstance.py:1358} INFO - 
--------------------------------------------------------------------------------
[2022-12-12 12:55:53,349] {taskinstance.py:1377} INFO - Executing <Task(PythonOperator): get_last_id> on 2022-11-28 22:44:00+00:00
[2022-12-12 12:55:53,654] {standard_task_runner.py:52} INFO - Started process 1404 to run task
[2022-12-12 12:55:54,085] {standard_task_runner.py:79} INFO - Running: ['airflow', 'tasks', 'run', 'prepare_data', 'get_last_id', 'scheduled__2022-11-28T22:44:00+00:00', '--job-id', '465', '--raw', '--subdir', 'DAGS_FOLDER/prepare_data.py', '--cfg-path', '/tmp/tmp1n_eoxbr', '--error-file', '/tmp/tmpf0gpwn57']
[2022-12-12 12:55:54,205] {standard_task_runner.py:80} INFO - Job 465: Subtask get_last_id
[2022-12-12 12:55:56,617] {task_command.py:369} INFO - Running <TaskInstance: prepare_data.get_last_id scheduled__2022-11-28T22:44:00+00:00 [running]> on host b778137d8ea6
[2022-12-12 12:56:01,205] {taskinstance.py:1571} INFO - Exporting the following env vars:
AIRFLOW_CTX_DAG_OWNER=airflow
AIRFLOW_CTX_DAG_ID=prepare_data
AIRFLOW_CTX_TASK_ID=get_last_id
AIRFLOW_CTX_EXECUTION_DATE=2022-11-28T22:44:00+00:00
AIRFLOW_CTX_TRY_NUMBER=1
AIRFLOW_CTX_DAG_RUN_ID=scheduled__2022-11-28T22:44:00+00:00
[2022-12-12 12:56:02,785] {base.py:68} INFO - Using connection ID 'postgres_default' for task execution.
[2022-12-12 12:56:03,658] {python.py:173} INFO - Done. Returned value was: None
[2022-12-12 12:56:04,407] {taskinstance.py:1400} INFO - Marking task as SUCCESS. dag_id=prepare_data, task_id=get_last_id, execution_date=20221128T224400, start_date=20221212T125550, end_date=20221212T125604
[2022-12-12 12:56:05,876] {local_task_job.py:156} INFO - Task exited with return code 0
[2022-12-12 12:56:09,964] {local_task_job.py:273} INFO - 0 downstream tasks scheduled from follow-on schedule check
