[2022-12-12 12:56:17,594] {taskinstance.py:1159} INFO - Dependencies all met for <TaskInstance: prepare_data.transfer_data scheduled__2022-11-28T22:45:00+00:00 [queued]>
[2022-12-12 12:56:17,952] {taskinstance.py:1159} INFO - Dependencies all met for <TaskInstance: prepare_data.transfer_data scheduled__2022-11-28T22:45:00+00:00 [queued]>
[2022-12-12 12:56:17,952] {taskinstance.py:1356} INFO - 
--------------------------------------------------------------------------------
[2022-12-12 12:56:17,952] {taskinstance.py:1357} INFO - Starting attempt 1 of 1
[2022-12-12 12:56:17,952] {taskinstance.py:1358} INFO - 
--------------------------------------------------------------------------------
[2022-12-12 12:56:18,459] {taskinstance.py:1377} INFO - Executing <Task(PythonOperator): transfer_data> on 2022-11-28 22:45:00+00:00
[2022-12-12 12:56:18,644] {standard_task_runner.py:52} INFO - Started process 1418 to run task
[2022-12-12 12:56:18,945] {standard_task_runner.py:79} INFO - Running: ['airflow', 'tasks', 'run', 'prepare_data', 'transfer_data', 'scheduled__2022-11-28T22:45:00+00:00', '--job-id', '473', '--raw', '--subdir', 'DAGS_FOLDER/prepare_data.py', '--cfg-path', '/tmp/tmp5rltmuof', '--error-file', '/tmp/tmptoqt_p5s']
[2022-12-12 12:56:18,946] {standard_task_runner.py:80} INFO - Job 473: Subtask transfer_data
[2022-12-12 12:56:20,989] {task_command.py:369} INFO - Running <TaskInstance: prepare_data.transfer_data scheduled__2022-11-28T22:45:00+00:00 [running]> on host b778137d8ea6
[2022-12-12 12:56:23,235] {taskinstance.py:1571} INFO - Exporting the following env vars:
AIRFLOW_CTX_DAG_OWNER=airflow
AIRFLOW_CTX_DAG_ID=prepare_data
AIRFLOW_CTX_TASK_ID=transfer_data
AIRFLOW_CTX_EXECUTION_DATE=2022-11-28T22:45:00+00:00
AIRFLOW_CTX_TRY_NUMBER=1
AIRFLOW_CTX_DAG_RUN_ID=scheduled__2022-11-28T22:45:00+00:00
[2022-12-12 12:56:23,485] {base.py:68} INFO - Using connection ID 'postgres_default' for task execution.
[2022-12-12 12:56:24,064] {python.py:173} INFO - Done. Returned value was: None
[2022-12-12 12:56:24,514] {taskinstance.py:1400} INFO - Marking task as SUCCESS. dag_id=prepare_data, task_id=transfer_data, execution_date=20221128T224500, start_date=20221212T125617, end_date=20221212T125624
[2022-12-12 12:56:24,843] {local_task_job.py:156} INFO - Task exited with return code 0
[2022-12-12 12:56:25,830] {local_task_job.py:273} INFO - 0 downstream tasks scheduled from follow-on schedule check
