[2022-12-03 14:44:44,980] {taskinstance.py:1159} INFO - Dependencies all met for <TaskInstance: prepare_data.create_table scheduled__2022-11-28T16:59:00+00:00 [queued]>
[2022-12-03 14:44:45,114] {taskinstance.py:1159} INFO - Dependencies all met for <TaskInstance: prepare_data.create_table scheduled__2022-11-28T16:59:00+00:00 [queued]>
[2022-12-03 14:44:45,115] {taskinstance.py:1356} INFO - 
--------------------------------------------------------------------------------
[2022-12-03 14:44:45,129] {taskinstance.py:1357} INFO - Starting attempt 1 of 1
[2022-12-03 14:44:45,130] {taskinstance.py:1358} INFO - 
--------------------------------------------------------------------------------
[2022-12-03 14:44:45,378] {taskinstance.py:1377} INFO - Executing <Task(PostgresOperator): create_table> on 2022-11-28 16:59:00+00:00
[2022-12-03 14:44:45,474] {standard_task_runner.py:52} INFO - Started process 315 to run task
[2022-12-03 14:44:45,520] {standard_task_runner.py:79} INFO - Running: ['airflow', 'tasks', 'run', 'prepare_data', 'create_table', 'scheduled__2022-11-28T16:59:00+00:00', '--job-id', '27', '--raw', '--subdir', 'DAGS_FOLDER/prepare_data.py', '--cfg-path', '/tmp/tmpwsl0_ejh', '--error-file', '/tmp/tmpgxvy1guw']
[2022-12-03 14:44:45,543] {standard_task_runner.py:80} INFO - Job 27: Subtask create_table
[2022-12-03 14:44:47,567] {task_command.py:369} INFO - Running <TaskInstance: prepare_data.create_table scheduled__2022-11-28T16:59:00+00:00 [running]> on host b41792e8e843
[2022-12-03 14:44:54,410] {taskinstance.py:1571} INFO - Exporting the following env vars:
AIRFLOW_CTX_DAG_OWNER=airflow
AIRFLOW_CTX_DAG_ID=prepare_data
AIRFLOW_CTX_TASK_ID=create_table
AIRFLOW_CTX_EXECUTION_DATE=2022-11-28T16:59:00+00:00
AIRFLOW_CTX_TRY_NUMBER=1
AIRFLOW_CTX_DAG_RUN_ID=scheduled__2022-11-28T16:59:00+00:00
[2022-12-03 14:44:55,176] {taskinstance.py:1889} ERROR - Task failed with exception
Traceback (most recent call last):
  File "/home/airflow/.local/lib/python3.7/site-packages/airflow/providers/postgres/operators/postgres.py", line 92, in execute
    self.hook.run(self.sql, self.autocommit, parameters=self.parameters)
  File "/home/airflow/.local/lib/python3.7/site-packages/airflow/hooks/dbapi.py", line 181, in run
    with closing(self.get_conn()) as conn:
  File "/home/airflow/.local/lib/python3.7/site-packages/airflow/providers/postgres/hooks/postgres.py", line 86, in get_conn
    conn = deepcopy(self.connection or self.get_connection(conn_id))
  File "/home/airflow/.local/lib/python3.7/site-packages/airflow/hooks/base.py", line 67, in get_connection
    conn = Connection.get_connection_from_secrets(conn_id)
  File "/home/airflow/.local/lib/python3.7/site-packages/airflow/models/connection.py", line 430, in get_connection_from_secrets
    raise AirflowNotFoundException(f"The conn_id `{conn_id}` isn't defined")
airflow.exceptions.AirflowNotFoundException: The conn_id `postgres_default` isn't defined
[2022-12-03 14:44:55,212] {taskinstance.py:1400} INFO - Marking task as FAILED. dag_id=prepare_data, task_id=create_table, execution_date=20221128T165900, start_date=20221203T144444, end_date=20221203T144455
[2022-12-03 14:44:55,367] {standard_task_runner.py:97} ERROR - Failed to execute job 27 for task create_table (The conn_id `postgres_default` isn't defined; 315)
[2022-12-03 14:44:55,541] {local_task_job.py:156} INFO - Task exited with return code 1
[2022-12-03 14:44:55,913] {local_task_job.py:273} INFO - 0 downstream tasks scheduled from follow-on schedule check
[2022-12-12 12:30:35,671] {taskinstance.py:1159} INFO - Dependencies all met for <TaskInstance: prepare_data.create_table scheduled__2022-11-28T16:59:00+00:00 [queued]>
[2022-12-12 12:30:36,420] {taskinstance.py:1159} INFO - Dependencies all met for <TaskInstance: prepare_data.create_table scheduled__2022-11-28T16:59:00+00:00 [queued]>
[2022-12-12 12:30:36,421] {taskinstance.py:1356} INFO - 
--------------------------------------------------------------------------------
[2022-12-12 12:30:36,421] {taskinstance.py:1357} INFO - Starting attempt 1 of 1
[2022-12-12 12:30:36,421] {taskinstance.py:1358} INFO - 
--------------------------------------------------------------------------------
[2022-12-12 12:30:37,146] {taskinstance.py:1377} INFO - Executing <Task(PostgresOperator): create_table> on 2022-11-28 16:59:00+00:00
[2022-12-12 12:30:37,251] {standard_task_runner.py:52} INFO - Started process 312 to run task
[2022-12-12 12:30:37,317] {standard_task_runner.py:79} INFO - Running: ['airflow', 'tasks', 'run', 'prepare_data', 'create_table', 'scheduled__2022-11-28T16:59:00+00:00', '--job-id', '27', '--raw', '--subdir', 'DAGS_FOLDER/prepare_data.py', '--cfg-path', '/tmp/tmp7icretqv', '--error-file', '/tmp/tmps756tgy4']
[2022-12-12 12:30:37,400] {standard_task_runner.py:80} INFO - Job 27: Subtask create_table
[2022-12-12 12:30:39,295] {task_command.py:369} INFO - Running <TaskInstance: prepare_data.create_table scheduled__2022-11-28T16:59:00+00:00 [running]> on host b778137d8ea6
[2022-12-12 12:30:41,695] {taskinstance.py:1571} INFO - Exporting the following env vars:
AIRFLOW_CTX_DAG_OWNER=airflow
AIRFLOW_CTX_DAG_ID=prepare_data
AIRFLOW_CTX_TASK_ID=create_table
AIRFLOW_CTX_EXECUTION_DATE=2022-11-28T16:59:00+00:00
AIRFLOW_CTX_TRY_NUMBER=1
AIRFLOW_CTX_DAG_RUN_ID=scheduled__2022-11-28T16:59:00+00:00
[2022-12-12 12:30:43,475] {taskinstance.py:1889} ERROR - Task failed with exception
Traceback (most recent call last):
  File "/home/airflow/.local/lib/python3.7/site-packages/airflow/providers/postgres/operators/postgres.py", line 92, in execute
    self.hook.run(self.sql, self.autocommit, parameters=self.parameters)
  File "/home/airflow/.local/lib/python3.7/site-packages/airflow/hooks/dbapi.py", line 181, in run
    with closing(self.get_conn()) as conn:
  File "/home/airflow/.local/lib/python3.7/site-packages/airflow/providers/postgres/hooks/postgres.py", line 86, in get_conn
    conn = deepcopy(self.connection or self.get_connection(conn_id))
  File "/home/airflow/.local/lib/python3.7/site-packages/airflow/hooks/base.py", line 67, in get_connection
    conn = Connection.get_connection_from_secrets(conn_id)
  File "/home/airflow/.local/lib/python3.7/site-packages/airflow/models/connection.py", line 430, in get_connection_from_secrets
    raise AirflowNotFoundException(f"The conn_id `{conn_id}` isn't defined")
airflow.exceptions.AirflowNotFoundException: The conn_id `postgres_default` isn't defined
[2022-12-12 12:30:43,802] {taskinstance.py:1400} INFO - Marking task as FAILED. dag_id=prepare_data, task_id=create_table, execution_date=20221128T165900, start_date=20221212T123035, end_date=20221212T123043
[2022-12-12 12:30:44,362] {standard_task_runner.py:97} ERROR - Failed to execute job 27 for task create_table (The conn_id `postgres_default` isn't defined; 312)
[2022-12-12 12:30:44,763] {local_task_job.py:156} INFO - Task exited with return code 1
[2022-12-12 12:30:45,836] {local_task_job.py:273} INFO - 0 downstream tasks scheduled from follow-on schedule check
[2022-12-12 15:14:46,569] {taskinstance.py:1159} INFO - Dependencies all met for <TaskInstance: prepare_data.create_table scheduled__2022-11-28T16:59:00+00:00 [queued]>
[2022-12-12 15:14:47,764] {taskinstance.py:1159} INFO - Dependencies all met for <TaskInstance: prepare_data.create_table scheduled__2022-11-28T16:59:00+00:00 [queued]>
[2022-12-12 15:14:47,814] {taskinstance.py:1356} INFO - 
--------------------------------------------------------------------------------
[2022-12-12 15:14:47,928] {taskinstance.py:1357} INFO - Starting attempt 1 of 1
[2022-12-12 15:14:47,929] {taskinstance.py:1358} INFO - 
--------------------------------------------------------------------------------
[2022-12-12 15:14:50,119] {taskinstance.py:1377} INFO - Executing <Task(PostgresOperator): create_table> on 2022-11-28 16:59:00+00:00
[2022-12-12 15:14:50,579] {standard_task_runner.py:52} INFO - Started process 347 to run task
[2022-12-12 15:14:52,933] {standard_task_runner.py:79} INFO - Running: ['airflow', 'tasks', 'run', 'prepare_data', 'create_table', 'scheduled__2022-11-28T16:59:00+00:00', '--job-id', '27', '--raw', '--subdir', 'DAGS_FOLDER/prepare_data.py', '--cfg-path', '/tmp/tmpfhv8boyu', '--error-file', '/tmp/tmp9xsx3yn2']
[2022-12-12 15:14:53,396] {standard_task_runner.py:80} INFO - Job 27: Subtask create_table
[2022-12-12 15:15:06,837] {task_command.py:369} INFO - Running <TaskInstance: prepare_data.create_table scheduled__2022-11-28T16:59:00+00:00 [running]> on host d4eb34144d92
[2022-12-12 15:15:21,390] {taskinstance.py:1571} INFO - Exporting the following env vars:
AIRFLOW_CTX_DAG_OWNER=airflow
AIRFLOW_CTX_DAG_ID=prepare_data
AIRFLOW_CTX_TASK_ID=create_table
AIRFLOW_CTX_EXECUTION_DATE=2022-11-28T16:59:00+00:00
AIRFLOW_CTX_TRY_NUMBER=1
AIRFLOW_CTX_DAG_RUN_ID=scheduled__2022-11-28T16:59:00+00:00
[2022-12-12 15:15:23,137] {taskinstance.py:1889} ERROR - Task failed with exception
Traceback (most recent call last):
  File "/home/airflow/.local/lib/python3.7/site-packages/airflow/providers/postgres/operators/postgres.py", line 92, in execute
    self.hook.run(self.sql, self.autocommit, parameters=self.parameters)
  File "/home/airflow/.local/lib/python3.7/site-packages/airflow/hooks/dbapi.py", line 181, in run
    with closing(self.get_conn()) as conn:
  File "/home/airflow/.local/lib/python3.7/site-packages/airflow/providers/postgres/hooks/postgres.py", line 86, in get_conn
    conn = deepcopy(self.connection or self.get_connection(conn_id))
  File "/home/airflow/.local/lib/python3.7/site-packages/airflow/hooks/base.py", line 67, in get_connection
    conn = Connection.get_connection_from_secrets(conn_id)
  File "/home/airflow/.local/lib/python3.7/site-packages/airflow/models/connection.py", line 430, in get_connection_from_secrets
    raise AirflowNotFoundException(f"The conn_id `{conn_id}` isn't defined")
airflow.exceptions.AirflowNotFoundException: The conn_id `postgres_default` isn't defined
[2022-12-12 15:15:23,514] {taskinstance.py:1400} INFO - Marking task as FAILED. dag_id=prepare_data, task_id=create_table, execution_date=20221128T165900, start_date=20221212T151446, end_date=20221212T151523
[2022-12-12 15:15:24,487] {standard_task_runner.py:97} ERROR - Failed to execute job 27 for task create_table (The conn_id `postgres_default` isn't defined; 347)
[2022-12-12 15:15:25,723] {local_task_job.py:156} INFO - Task exited with return code 1
[2022-12-12 15:15:30,293] {local_task_job.py:273} INFO - 0 downstream tasks scheduled from follow-on schedule check
