[2022-12-03 15:10:23,991] {taskinstance.py:1159} INFO - Dependencies all met for <TaskInstance: prepare_data.create_table scheduled__2022-11-28T19:48:00+00:00 [queued]>
[2022-12-03 15:10:24,248] {taskinstance.py:1159} INFO - Dependencies all met for <TaskInstance: prepare_data.create_table scheduled__2022-11-28T19:48:00+00:00 [queued]>
[2022-12-03 15:10:24,249] {taskinstance.py:1356} INFO - 
--------------------------------------------------------------------------------
[2022-12-03 15:10:24,257] {taskinstance.py:1357} INFO - Starting attempt 1 of 1
[2022-12-03 15:10:24,257] {taskinstance.py:1358} INFO - 
--------------------------------------------------------------------------------
[2022-12-03 15:10:24,698] {taskinstance.py:1377} INFO - Executing <Task(PostgresOperator): create_table> on 2022-11-28 19:48:00+00:00
[2022-12-03 15:10:24,868] {standard_task_runner.py:52} INFO - Started process 1238 to run task
[2022-12-03 15:10:25,034] {standard_task_runner.py:79} INFO - Running: ['airflow', 'tasks', 'run', 'prepare_data', 'create_table', 'scheduled__2022-11-28T19:48:00+00:00', '--job-id', '388', '--raw', '--subdir', 'DAGS_FOLDER/prepare_data.py', '--cfg-path', '/tmp/tmp1rm90a_o', '--error-file', '/tmp/tmpri6c9i9e']
[2022-12-03 15:10:25,071] {standard_task_runner.py:80} INFO - Job 388: Subtask create_table
[2022-12-03 15:10:26,987] {task_command.py:369} INFO - Running <TaskInstance: prepare_data.create_table scheduled__2022-11-28T19:48:00+00:00 [running]> on host b41792e8e843
[2022-12-03 15:10:30,110] {taskinstance.py:1571} INFO - Exporting the following env vars:
AIRFLOW_CTX_DAG_OWNER=airflow
AIRFLOW_CTX_DAG_ID=prepare_data
AIRFLOW_CTX_TASK_ID=create_table
AIRFLOW_CTX_EXECUTION_DATE=2022-11-28T19:48:00+00:00
AIRFLOW_CTX_TRY_NUMBER=1
AIRFLOW_CTX_DAG_RUN_ID=scheduled__2022-11-28T19:48:00+00:00
[2022-12-03 15:10:30,614] {base.py:68} INFO - Using connection ID 'postgres_default' for task execution.
[2022-12-03 15:10:30,688] {dbapi.py:208} INFO - Running statement: CREATE TABLE IF NOT EXISTS prepared_data (
	id SERIAL,
	sensor_id BIGINT,
	longitude FLOAT,
	latitude FLOAT,
	controller_id BIGINT,
	datetime TIMESTAMP WITH TIME ZONE,
	temperature INTEGER
);, parameters: None
[2022-12-03 15:10:30,772] {postgres.py:94} INFO - NOTICE:  relation "prepared_data" already exists, skipping

[2022-12-03 15:10:31,699] {taskinstance.py:1400} INFO - Marking task as SUCCESS. dag_id=prepare_data, task_id=create_table, execution_date=20221128T194800, start_date=20221203T151023, end_date=20221203T151031
[2022-12-03 15:10:31,898] {local_task_job.py:156} INFO - Task exited with return code 0
[2022-12-03 15:10:33,231] {local_task_job.py:273} INFO - 1 downstream tasks scheduled from follow-on schedule check
[2022-12-12 12:36:38,463] {taskinstance.py:1159} INFO - Dependencies all met for <TaskInstance: prepare_data.create_table scheduled__2022-11-28T19:48:00+00:00 [queued]>
[2022-12-12 12:36:38,546] {taskinstance.py:1159} INFO - Dependencies all met for <TaskInstance: prepare_data.create_table scheduled__2022-11-28T19:48:00+00:00 [queued]>
[2022-12-12 12:36:38,546] {taskinstance.py:1356} INFO - 
--------------------------------------------------------------------------------
[2022-12-12 12:36:38,546] {taskinstance.py:1357} INFO - Starting attempt 1 of 1
[2022-12-12 12:36:38,547] {taskinstance.py:1358} INFO - 
--------------------------------------------------------------------------------
[2022-12-12 12:36:38,645] {taskinstance.py:1377} INFO - Executing <Task(PostgresOperator): create_table> on 2022-11-28 19:48:00+00:00
[2022-12-12 12:36:38,663] {standard_task_runner.py:52} INFO - Started process 704 to run task
[2022-12-12 12:36:38,699] {standard_task_runner.py:79} INFO - Running: ['airflow', 'tasks', 'run', 'prepare_data', 'create_table', 'scheduled__2022-11-28T19:48:00+00:00', '--job-id', '196', '--raw', '--subdir', 'DAGS_FOLDER/prepare_data.py', '--cfg-path', '/tmp/tmprniv1x7f', '--error-file', '/tmp/tmpoh1ws9s4']
[2022-12-12 12:36:38,707] {standard_task_runner.py:80} INFO - Job 196: Subtask create_table
[2022-12-12 12:36:39,100] {task_command.py:369} INFO - Running <TaskInstance: prepare_data.create_table scheduled__2022-11-28T19:48:00+00:00 [running]> on host b778137d8ea6
[2022-12-12 12:36:39,455] {taskinstance.py:1571} INFO - Exporting the following env vars:
AIRFLOW_CTX_DAG_OWNER=airflow
AIRFLOW_CTX_DAG_ID=prepare_data
AIRFLOW_CTX_TASK_ID=create_table
AIRFLOW_CTX_EXECUTION_DATE=2022-11-28T19:48:00+00:00
AIRFLOW_CTX_TRY_NUMBER=1
AIRFLOW_CTX_DAG_RUN_ID=scheduled__2022-11-28T19:48:00+00:00
[2022-12-12 12:36:39,600] {taskinstance.py:1889} ERROR - Task failed with exception
Traceback (most recent call last):
  File "/home/airflow/.local/lib/python3.7/site-packages/airflow/providers/postgres/operators/postgres.py", line 92, in execute
    self.hook.run(self.sql, self.autocommit, parameters=self.parameters)
  File "/home/airflow/.local/lib/python3.7/site-packages/airflow/hooks/dbapi.py", line 181, in run
    with closing(self.get_conn()) as conn:
  File "/home/airflow/.local/lib/python3.7/site-packages/airflow/providers/postgres/hooks/postgres.py", line 86, in get_conn
    conn = deepcopy(self.connection or self.get_connection(conn_id))
  File "/home/airflow/.local/lib/python3.7/site-packages/airflow/hooks/base.py", line 67, in get_connection
    conn = Connection.get_connection_from_secrets(conn_id)
  File "/home/airflow/.local/lib/python3.7/site-packages/airflow/models/connection.py", line 430, in get_connection_from_secrets
    raise AirflowNotFoundException(f"The conn_id `{conn_id}` isn't defined")
airflow.exceptions.AirflowNotFoundException: The conn_id `postgres_default` isn't defined
[2022-12-12 12:36:39,623] {taskinstance.py:1400} INFO - Marking task as FAILED. dag_id=prepare_data, task_id=create_table, execution_date=20221128T194800, start_date=20221212T123638, end_date=20221212T123639
[2022-12-12 12:36:39,715] {standard_task_runner.py:97} ERROR - Failed to execute job 196 for task create_table (The conn_id `postgres_default` isn't defined; 704)
[2022-12-12 12:36:39,740] {local_task_job.py:156} INFO - Task exited with return code 1
[2022-12-12 12:36:40,054] {local_task_job.py:273} INFO - 0 downstream tasks scheduled from follow-on schedule check
