[2022-12-03 15:06:56,879] {taskinstance.py:1159} INFO - Dependencies all met for <TaskInstance: prepare_data.transfer_data scheduled__2022-11-28T19:23:00+00:00 [queued]>
[2022-12-03 15:06:57,354] {taskinstance.py:1159} INFO - Dependencies all met for <TaskInstance: prepare_data.transfer_data scheduled__2022-11-28T19:23:00+00:00 [queued]>
[2022-12-03 15:06:57,354] {taskinstance.py:1356} INFO - 
--------------------------------------------------------------------------------
[2022-12-03 15:06:57,354] {taskinstance.py:1357} INFO - Starting attempt 1 of 1
[2022-12-03 15:06:57,355] {taskinstance.py:1358} INFO - 
--------------------------------------------------------------------------------
[2022-12-03 15:06:58,311] {taskinstance.py:1377} INFO - Executing <Task(PythonOperator): transfer_data> on 2022-11-28 19:23:00+00:00
[2022-12-03 15:06:58,415] {standard_task_runner.py:52} INFO - Started process 1097 to run task
[2022-12-03 15:06:58,619] {standard_task_runner.py:79} INFO - Running: ['airflow', 'tasks', 'run', 'prepare_data', 'transfer_data', 'scheduled__2022-11-28T19:23:00+00:00', '--job-id', '329', '--raw', '--subdir', 'DAGS_FOLDER/prepare_data.py', '--cfg-path', '/tmp/tmp6t1aqlyf', '--error-file', '/tmp/tmpxf4picp7']
[2022-12-03 15:06:58,783] {standard_task_runner.py:80} INFO - Job 329: Subtask transfer_data
[2022-12-03 15:07:01,244] {task_command.py:369} INFO - Running <TaskInstance: prepare_data.transfer_data scheduled__2022-11-28T19:23:00+00:00 [running]> on host b41792e8e843
[2022-12-03 15:07:03,995] {taskinstance.py:1571} INFO - Exporting the following env vars:
AIRFLOW_CTX_DAG_OWNER=airflow
AIRFLOW_CTX_DAG_ID=prepare_data
AIRFLOW_CTX_TASK_ID=transfer_data
AIRFLOW_CTX_EXECUTION_DATE=2022-11-28T19:23:00+00:00
AIRFLOW_CTX_TRY_NUMBER=1
AIRFLOW_CTX_DAG_RUN_ID=scheduled__2022-11-28T19:23:00+00:00
[2022-12-03 15:07:04,420] {base.py:68} INFO - Using connection ID 'postgres_default' for task execution.
[2022-12-03 15:07:05,010] {python.py:173} INFO - Done. Returned value was: None
[2022-12-03 15:07:05,378] {taskinstance.py:1400} INFO - Marking task as SUCCESS. dag_id=prepare_data, task_id=transfer_data, execution_date=20221128T192300, start_date=20221203T150656, end_date=20221203T150705
[2022-12-03 15:07:05,885] {local_task_job.py:156} INFO - Task exited with return code 0
[2022-12-03 15:07:06,601] {local_task_job.py:273} INFO - 0 downstream tasks scheduled from follow-on schedule check
