[2022-12-12 12:55:13,500] {taskinstance.py:1159} INFO - Dependencies all met for <TaskInstance: prepare_data.get_last_id scheduled__2022-11-28T22:42:00+00:00 [queued]>
[2022-12-12 12:55:14,802] {taskinstance.py:1159} INFO - Dependencies all met for <TaskInstance: prepare_data.get_last_id scheduled__2022-11-28T22:42:00+00:00 [queued]>
[2022-12-12 12:55:14,802] {taskinstance.py:1356} INFO - 
--------------------------------------------------------------------------------
[2022-12-12 12:55:14,860] {taskinstance.py:1357} INFO - Starting attempt 1 of 1
[2022-12-12 12:55:14,861] {taskinstance.py:1358} INFO - 
--------------------------------------------------------------------------------
[2022-12-12 12:55:15,973] {taskinstance.py:1377} INFO - Executing <Task(PythonOperator): get_last_id> on 2022-11-28 22:42:00+00:00
[2022-12-12 12:55:16,206] {standard_task_runner.py:52} INFO - Started process 1385 to run task
[2022-12-12 12:55:16,483] {standard_task_runner.py:79} INFO - Running: ['airflow', 'tasks', 'run', 'prepare_data', 'get_last_id', 'scheduled__2022-11-28T22:42:00+00:00', '--job-id', '461', '--raw', '--subdir', 'DAGS_FOLDER/prepare_data.py', '--cfg-path', '/tmp/tmpl1qu1syl', '--error-file', '/tmp/tmpt_4icvwx']
[2022-12-12 12:55:16,752] {standard_task_runner.py:80} INFO - Job 461: Subtask get_last_id
[2022-12-12 12:55:22,011] {task_command.py:369} INFO - Running <TaskInstance: prepare_data.get_last_id scheduled__2022-11-28T22:42:00+00:00 [running]> on host b778137d8ea6
[2022-12-12 12:55:28,128] {taskinstance.py:1571} INFO - Exporting the following env vars:
AIRFLOW_CTX_DAG_OWNER=airflow
AIRFLOW_CTX_DAG_ID=prepare_data
AIRFLOW_CTX_TASK_ID=get_last_id
AIRFLOW_CTX_EXECUTION_DATE=2022-11-28T22:42:00+00:00
AIRFLOW_CTX_TRY_NUMBER=1
AIRFLOW_CTX_DAG_RUN_ID=scheduled__2022-11-28T22:42:00+00:00
[2022-12-12 12:55:28,800] {base.py:68} INFO - Using connection ID 'postgres_default' for task execution.
[2022-12-12 12:55:30,662] {python.py:173} INFO - Done. Returned value was: None
[2022-12-12 12:55:31,190] {taskinstance.py:1400} INFO - Marking task as SUCCESS. dag_id=prepare_data, task_id=get_last_id, execution_date=20221128T224200, start_date=20221212T125513, end_date=20221212T125531
[2022-12-12 12:55:32,472] {local_task_job.py:156} INFO - Task exited with return code 0
[2022-12-12 12:55:33,872] {local_task_job.py:273} INFO - 1 downstream tasks scheduled from follow-on schedule check
