[2022-12-03 14:45:11,710] {taskinstance.py:1159} INFO - Dependencies all met for <TaskInstance: prepare_data.create_table scheduled__2022-11-28T17:05:00+00:00 [queued]>
[2022-12-03 14:45:11,949] {taskinstance.py:1159} INFO - Dependencies all met for <TaskInstance: prepare_data.create_table scheduled__2022-11-28T17:05:00+00:00 [queued]>
[2022-12-03 14:45:11,965] {taskinstance.py:1356} INFO - 
--------------------------------------------------------------------------------
[2022-12-03 14:45:11,966] {taskinstance.py:1357} INFO - Starting attempt 1 of 1
[2022-12-03 14:45:11,966] {taskinstance.py:1358} INFO - 
--------------------------------------------------------------------------------
[2022-12-03 14:45:12,470] {taskinstance.py:1377} INFO - Executing <Task(PostgresOperator): create_table> on 2022-11-28 17:05:00+00:00
[2022-12-03 14:45:12,533] {standard_task_runner.py:52} INFO - Started process 331 to run task
[2022-12-03 14:45:12,614] {standard_task_runner.py:79} INFO - Running: ['airflow', 'tasks', 'run', 'prepare_data', 'create_table', 'scheduled__2022-11-28T17:05:00+00:00', '--job-id', '33', '--raw', '--subdir', 'DAGS_FOLDER/prepare_data.py', '--cfg-path', '/tmp/tmpng5j5keg', '--error-file', '/tmp/tmpv5mbxcwy']
[2022-12-03 14:45:12,662] {standard_task_runner.py:80} INFO - Job 33: Subtask create_table
[2022-12-03 14:45:13,846] {task_command.py:369} INFO - Running <TaskInstance: prepare_data.create_table scheduled__2022-11-28T17:05:00+00:00 [running]> on host b41792e8e843
[2022-12-03 14:45:15,054] {taskinstance.py:1571} INFO - Exporting the following env vars:
AIRFLOW_CTX_DAG_OWNER=airflow
AIRFLOW_CTX_DAG_ID=prepare_data
AIRFLOW_CTX_TASK_ID=create_table
AIRFLOW_CTX_EXECUTION_DATE=2022-11-28T17:05:00+00:00
AIRFLOW_CTX_TRY_NUMBER=1
AIRFLOW_CTX_DAG_RUN_ID=scheduled__2022-11-28T17:05:00+00:00
[2022-12-03 14:45:16,511] {taskinstance.py:1889} ERROR - Task failed with exception
Traceback (most recent call last):
  File "/home/airflow/.local/lib/python3.7/site-packages/airflow/providers/postgres/operators/postgres.py", line 92, in execute
    self.hook.run(self.sql, self.autocommit, parameters=self.parameters)
  File "/home/airflow/.local/lib/python3.7/site-packages/airflow/hooks/dbapi.py", line 181, in run
    with closing(self.get_conn()) as conn:
  File "/home/airflow/.local/lib/python3.7/site-packages/airflow/providers/postgres/hooks/postgres.py", line 86, in get_conn
    conn = deepcopy(self.connection or self.get_connection(conn_id))
  File "/home/airflow/.local/lib/python3.7/site-packages/airflow/hooks/base.py", line 67, in get_connection
    conn = Connection.get_connection_from_secrets(conn_id)
  File "/home/airflow/.local/lib/python3.7/site-packages/airflow/models/connection.py", line 430, in get_connection_from_secrets
    raise AirflowNotFoundException(f"The conn_id `{conn_id}` isn't defined")
airflow.exceptions.AirflowNotFoundException: The conn_id `postgres_default` isn't defined
[2022-12-03 14:45:16,576] {taskinstance.py:1400} INFO - Marking task as FAILED. dag_id=prepare_data, task_id=create_table, execution_date=20221128T170500, start_date=20221203T144511, end_date=20221203T144516
[2022-12-03 14:45:16,781] {standard_task_runner.py:97} ERROR - Failed to execute job 33 for task create_table (The conn_id `postgres_default` isn't defined; 331)
[2022-12-03 14:45:16,839] {local_task_job.py:156} INFO - Task exited with return code 1
[2022-12-03 14:45:17,727] {local_task_job.py:273} INFO - 0 downstream tasks scheduled from follow-on schedule check
[2022-12-12 12:30:59,005] {taskinstance.py:1159} INFO - Dependencies all met for <TaskInstance: prepare_data.create_table scheduled__2022-11-28T17:05:00+00:00 [queued]>
[2022-12-12 12:30:59,115] {taskinstance.py:1159} INFO - Dependencies all met for <TaskInstance: prepare_data.create_table scheduled__2022-11-28T17:05:00+00:00 [queued]>
[2022-12-12 12:30:59,115] {taskinstance.py:1356} INFO - 
--------------------------------------------------------------------------------
[2022-12-12 12:30:59,115] {taskinstance.py:1357} INFO - Starting attempt 1 of 1
[2022-12-12 12:30:59,115] {taskinstance.py:1358} INFO - 
--------------------------------------------------------------------------------
[2022-12-12 12:30:59,270] {taskinstance.py:1377} INFO - Executing <Task(PostgresOperator): create_table> on 2022-11-28 17:05:00+00:00
[2022-12-12 12:30:59,277] {standard_task_runner.py:52} INFO - Started process 328 to run task
[2022-12-12 12:30:59,305] {standard_task_runner.py:79} INFO - Running: ['airflow', 'tasks', 'run', 'prepare_data', 'create_table', 'scheduled__2022-11-28T17:05:00+00:00', '--job-id', '33', '--raw', '--subdir', 'DAGS_FOLDER/prepare_data.py', '--cfg-path', '/tmp/tmp_q7ywsgb', '--error-file', '/tmp/tmpj389c5_x']
[2022-12-12 12:30:59,315] {standard_task_runner.py:80} INFO - Job 33: Subtask create_table
[2022-12-12 12:30:59,649] {task_command.py:369} INFO - Running <TaskInstance: prepare_data.create_table scheduled__2022-11-28T17:05:00+00:00 [running]> on host b778137d8ea6
[2022-12-12 12:31:00,391] {taskinstance.py:1571} INFO - Exporting the following env vars:
AIRFLOW_CTX_DAG_OWNER=airflow
AIRFLOW_CTX_DAG_ID=prepare_data
AIRFLOW_CTX_TASK_ID=create_table
AIRFLOW_CTX_EXECUTION_DATE=2022-11-28T17:05:00+00:00
AIRFLOW_CTX_TRY_NUMBER=1
AIRFLOW_CTX_DAG_RUN_ID=scheduled__2022-11-28T17:05:00+00:00
[2022-12-12 12:31:00,484] {taskinstance.py:1889} ERROR - Task failed with exception
Traceback (most recent call last):
  File "/home/airflow/.local/lib/python3.7/site-packages/airflow/providers/postgres/operators/postgres.py", line 92, in execute
    self.hook.run(self.sql, self.autocommit, parameters=self.parameters)
  File "/home/airflow/.local/lib/python3.7/site-packages/airflow/hooks/dbapi.py", line 181, in run
    with closing(self.get_conn()) as conn:
  File "/home/airflow/.local/lib/python3.7/site-packages/airflow/providers/postgres/hooks/postgres.py", line 86, in get_conn
    conn = deepcopy(self.connection or self.get_connection(conn_id))
  File "/home/airflow/.local/lib/python3.7/site-packages/airflow/hooks/base.py", line 67, in get_connection
    conn = Connection.get_connection_from_secrets(conn_id)
  File "/home/airflow/.local/lib/python3.7/site-packages/airflow/models/connection.py", line 430, in get_connection_from_secrets
    raise AirflowNotFoundException(f"The conn_id `{conn_id}` isn't defined")
airflow.exceptions.AirflowNotFoundException: The conn_id `postgres_default` isn't defined
[2022-12-12 12:31:00,488] {taskinstance.py:1400} INFO - Marking task as FAILED. dag_id=prepare_data, task_id=create_table, execution_date=20221128T170500, start_date=20221212T123059, end_date=20221212T123100
[2022-12-12 12:31:00,552] {standard_task_runner.py:97} ERROR - Failed to execute job 33 for task create_table (The conn_id `postgres_default` isn't defined; 328)
[2022-12-12 12:31:00,599] {local_task_job.py:156} INFO - Task exited with return code 1
[2022-12-12 12:31:00,926] {local_task_job.py:273} INFO - 0 downstream tasks scheduled from follow-on schedule check
[2022-12-12 15:15:57,651] {taskinstance.py:1159} INFO - Dependencies all met for <TaskInstance: prepare_data.create_table scheduled__2022-11-28T17:05:00+00:00 [queued]>
[2022-12-12 15:15:58,144] {taskinstance.py:1159} INFO - Dependencies all met for <TaskInstance: prepare_data.create_table scheduled__2022-11-28T17:05:00+00:00 [queued]>
[2022-12-12 15:15:58,173] {taskinstance.py:1356} INFO - 
--------------------------------------------------------------------------------
[2022-12-12 15:15:58,173] {taskinstance.py:1357} INFO - Starting attempt 1 of 1
[2022-12-12 15:15:58,173] {taskinstance.py:1358} INFO - 
--------------------------------------------------------------------------------
[2022-12-12 15:15:59,112] {taskinstance.py:1377} INFO - Executing <Task(PostgresOperator): create_table> on 2022-11-28 17:05:00+00:00
[2022-12-12 15:15:59,282] {standard_task_runner.py:52} INFO - Started process 365 to run task
[2022-12-12 15:15:59,401] {standard_task_runner.py:79} INFO - Running: ['airflow', 'tasks', 'run', 'prepare_data', 'create_table', 'scheduled__2022-11-28T17:05:00+00:00', '--job-id', '33', '--raw', '--subdir', 'DAGS_FOLDER/prepare_data.py', '--cfg-path', '/tmp/tmp2vscmahv', '--error-file', '/tmp/tmp_tyt1s6y']
[2022-12-12 15:15:59,489] {standard_task_runner.py:80} INFO - Job 33: Subtask create_table
[2022-12-12 15:16:07,729] {task_command.py:369} INFO - Running <TaskInstance: prepare_data.create_table scheduled__2022-11-28T17:05:00+00:00 [running]> on host d4eb34144d92
[2022-12-12 15:16:14,820] {taskinstance.py:1571} INFO - Exporting the following env vars:
AIRFLOW_CTX_DAG_OWNER=airflow
AIRFLOW_CTX_DAG_ID=prepare_data
AIRFLOW_CTX_TASK_ID=create_table
AIRFLOW_CTX_EXECUTION_DATE=2022-11-28T17:05:00+00:00
AIRFLOW_CTX_TRY_NUMBER=1
AIRFLOW_CTX_DAG_RUN_ID=scheduled__2022-11-28T17:05:00+00:00
[2022-12-12 15:16:16,207] {taskinstance.py:1889} ERROR - Task failed with exception
Traceback (most recent call last):
  File "/home/airflow/.local/lib/python3.7/site-packages/airflow/providers/postgres/operators/postgres.py", line 92, in execute
    self.hook.run(self.sql, self.autocommit, parameters=self.parameters)
  File "/home/airflow/.local/lib/python3.7/site-packages/airflow/hooks/dbapi.py", line 181, in run
    with closing(self.get_conn()) as conn:
  File "/home/airflow/.local/lib/python3.7/site-packages/airflow/providers/postgres/hooks/postgres.py", line 86, in get_conn
    conn = deepcopy(self.connection or self.get_connection(conn_id))
  File "/home/airflow/.local/lib/python3.7/site-packages/airflow/hooks/base.py", line 67, in get_connection
    conn = Connection.get_connection_from_secrets(conn_id)
  File "/home/airflow/.local/lib/python3.7/site-packages/airflow/models/connection.py", line 430, in get_connection_from_secrets
    raise AirflowNotFoundException(f"The conn_id `{conn_id}` isn't defined")
airflow.exceptions.AirflowNotFoundException: The conn_id `postgres_default` isn't defined
[2022-12-12 15:16:16,284] {taskinstance.py:1400} INFO - Marking task as FAILED. dag_id=prepare_data, task_id=create_table, execution_date=20221128T170500, start_date=20221212T151557, end_date=20221212T151616
[2022-12-12 15:16:16,684] {standard_task_runner.py:97} ERROR - Failed to execute job 33 for task create_table (The conn_id `postgres_default` isn't defined; 365)
[2022-12-12 15:16:16,870] {local_task_job.py:156} INFO - Task exited with return code 1
[2022-12-12 15:16:18,362] {local_task_job.py:273} INFO - 0 downstream tasks scheduled from follow-on schedule check
