[2022-12-12 12:55:04,148] {taskinstance.py:1159} INFO - Dependencies all met for <TaskInstance: prepare_data.get_last_id scheduled__2022-11-28T22:40:00+00:00 [queued]>
[2022-12-12 12:55:04,706] {taskinstance.py:1159} INFO - Dependencies all met for <TaskInstance: prepare_data.get_last_id scheduled__2022-11-28T22:40:00+00:00 [queued]>
[2022-12-12 12:55:04,726] {taskinstance.py:1356} INFO - 
--------------------------------------------------------------------------------
[2022-12-12 12:55:04,726] {taskinstance.py:1357} INFO - Starting attempt 1 of 1
[2022-12-12 12:55:04,726] {taskinstance.py:1358} INFO - 
--------------------------------------------------------------------------------
[2022-12-12 12:55:05,619] {taskinstance.py:1377} INFO - Executing <Task(PythonOperator): get_last_id> on 2022-11-28 22:40:00+00:00
[2022-12-12 12:55:05,833] {standard_task_runner.py:52} INFO - Started process 1381 to run task
[2022-12-12 12:55:06,026] {standard_task_runner.py:79} INFO - Running: ['airflow', 'tasks', 'run', 'prepare_data', 'get_last_id', 'scheduled__2022-11-28T22:40:00+00:00', '--job-id', '459', '--raw', '--subdir', 'DAGS_FOLDER/prepare_data.py', '--cfg-path', '/tmp/tmp30yphca7', '--error-file', '/tmp/tmpz9w4cdzd']
[2022-12-12 12:55:06,103] {standard_task_runner.py:80} INFO - Job 459: Subtask get_last_id
[2022-12-12 12:55:09,424] {task_command.py:369} INFO - Running <TaskInstance: prepare_data.get_last_id scheduled__2022-11-28T22:40:00+00:00 [running]> on host b778137d8ea6
[2022-12-12 12:55:16,252] {taskinstance.py:1571} INFO - Exporting the following env vars:
AIRFLOW_CTX_DAG_OWNER=airflow
AIRFLOW_CTX_DAG_ID=prepare_data
AIRFLOW_CTX_TASK_ID=get_last_id
AIRFLOW_CTX_EXECUTION_DATE=2022-11-28T22:40:00+00:00
AIRFLOW_CTX_TRY_NUMBER=1
AIRFLOW_CTX_DAG_RUN_ID=scheduled__2022-11-28T22:40:00+00:00
[2022-12-12 12:55:17,244] {base.py:68} INFO - Using connection ID 'postgres_default' for task execution.
[2022-12-12 12:55:18,361] {python.py:173} INFO - Done. Returned value was: None
[2022-12-12 12:55:19,497] {taskinstance.py:1400} INFO - Marking task as SUCCESS. dag_id=prepare_data, task_id=get_last_id, execution_date=20221128T224000, start_date=20221212T125504, end_date=20221212T125519
[2022-12-12 12:55:20,635] {local_task_job.py:156} INFO - Task exited with return code 0
[2022-12-12 12:55:23,257] {local_task_job.py:273} INFO - 1 downstream tasks scheduled from follow-on schedule check
