[2022-12-12 13:04:04,493] {taskinstance.py:1159} INFO - Dependencies all met for <TaskInstance: prepare_data.create_table scheduled__2022-11-28T23:23:00+00:00 [queued]>
[2022-12-12 13:04:05,158] {taskinstance.py:1159} INFO - Dependencies all met for <TaskInstance: prepare_data.create_table scheduled__2022-11-28T23:23:00+00:00 [queued]>
[2022-12-12 13:04:05,158] {taskinstance.py:1356} INFO - 
--------------------------------------------------------------------------------
[2022-12-12 13:04:05,183] {taskinstance.py:1357} INFO - Starting attempt 1 of 1
[2022-12-12 13:04:05,183] {taskinstance.py:1358} INFO - 
--------------------------------------------------------------------------------
[2022-12-12 13:04:06,003] {taskinstance.py:1377} INFO - Executing <Task(PostgresOperator): create_table> on 2022-11-28 23:23:00+00:00
[2022-12-12 13:04:06,006] {standard_task_runner.py:52} INFO - Started process 1742 to run task
[2022-12-12 13:04:06,342] {standard_task_runner.py:79} INFO - Running: ['airflow', 'tasks', 'run', 'prepare_data', 'create_table', 'scheduled__2022-11-28T23:23:00+00:00', '--job-id', '605', '--raw', '--subdir', 'DAGS_FOLDER/prepare_data.py', '--cfg-path', '/tmp/tmp6gb0fr15', '--error-file', '/tmp/tmp9th4z7h8']
[2022-12-12 13:04:06,467] {standard_task_runner.py:80} INFO - Job 605: Subtask create_table
[2022-12-12 13:04:10,442] {task_command.py:369} INFO - Running <TaskInstance: prepare_data.create_table scheduled__2022-11-28T23:23:00+00:00 [running]> on host b778137d8ea6
[2022-12-12 13:04:16,322] {taskinstance.py:1571} INFO - Exporting the following env vars:
AIRFLOW_CTX_DAG_OWNER=airflow
AIRFLOW_CTX_DAG_ID=prepare_data
AIRFLOW_CTX_TASK_ID=create_table
AIRFLOW_CTX_EXECUTION_DATE=2022-11-28T23:23:00+00:00
AIRFLOW_CTX_TRY_NUMBER=1
AIRFLOW_CTX_DAG_RUN_ID=scheduled__2022-11-28T23:23:00+00:00
[2022-12-12 13:04:17,115] {base.py:68} INFO - Using connection ID 'postgres_default' for task execution.
[2022-12-12 13:04:17,313] {dbapi.py:208} INFO - Running statement: CREATE TABLE IF NOT EXISTS prepared_data (
	id SERIAL,
	sensor_id BIGINT,
	longitude FLOAT,
	latitude FLOAT,
	controller_id BIGINT,
	datetime TIMESTAMP WITH TIME ZONE,
	temperature INTEGER
);, parameters: None
[2022-12-12 13:04:17,363] {postgres.py:94} INFO - NOTICE:  relation "prepared_data" already exists, skipping

[2022-12-12 13:04:20,326] {taskinstance.py:1400} INFO - Marking task as SUCCESS. dag_id=prepare_data, task_id=create_table, execution_date=20221128T232300, start_date=20221212T130404, end_date=20221212T130420
[2022-12-12 13:04:21,034] {local_task_job.py:156} INFO - Task exited with return code 0
[2022-12-12 13:04:22,656] {local_task_job.py:273} INFO - 1 downstream tasks scheduled from follow-on schedule check
