[2022-12-12 13:16:23,835] {taskinstance.py:1159} INFO - Dependencies all met for <TaskInstance: prepare_data.get_last_id scheduled__2022-12-12T13:14:00+00:00 [queued]>
[2022-12-12 13:16:24,164] {taskinstance.py:1159} INFO - Dependencies all met for <TaskInstance: prepare_data.get_last_id scheduled__2022-12-12T13:14:00+00:00 [queued]>
[2022-12-12 13:16:24,164] {taskinstance.py:1356} INFO - 
--------------------------------------------------------------------------------
[2022-12-12 13:16:24,164] {taskinstance.py:1357} INFO - Starting attempt 1 of 1
[2022-12-12 13:16:24,164] {taskinstance.py:1358} INFO - 
--------------------------------------------------------------------------------
[2022-12-12 13:16:24,763] {taskinstance.py:1377} INFO - Executing <Task(PythonOperator): get_last_id> on 2022-12-12 13:14:00+00:00
[2022-12-12 13:16:24,798] {standard_task_runner.py:52} INFO - Started process 2275 to run task
[2022-12-12 13:16:25,176] {standard_task_runner.py:79} INFO - Running: ['airflow', 'tasks', 'run', 'prepare_data', 'get_last_id', 'scheduled__2022-12-12T13:14:00+00:00', '--job-id', '819', '--raw', '--subdir', 'DAGS_FOLDER/prepare_data.py', '--cfg-path', '/tmp/tmpekis3u88', '--error-file', '/tmp/tmp414l7jaw']
[2022-12-12 13:16:25,177] {standard_task_runner.py:80} INFO - Job 819: Subtask get_last_id
[2022-12-12 13:16:27,577] {task_command.py:369} INFO - Running <TaskInstance: prepare_data.get_last_id scheduled__2022-12-12T13:14:00+00:00 [running]> on host b778137d8ea6
[2022-12-12 13:16:31,669] {taskinstance.py:1571} INFO - Exporting the following env vars:
AIRFLOW_CTX_DAG_OWNER=airflow
AIRFLOW_CTX_DAG_ID=prepare_data
AIRFLOW_CTX_TASK_ID=get_last_id
AIRFLOW_CTX_EXECUTION_DATE=2022-12-12T13:14:00+00:00
AIRFLOW_CTX_TRY_NUMBER=1
AIRFLOW_CTX_DAG_RUN_ID=scheduled__2022-12-12T13:14:00+00:00
[2022-12-12 13:16:32,407] {base.py:68} INFO - Using connection ID 'postgres_default' for task execution.
[2022-12-12 13:16:33,134] {python.py:173} INFO - Done. Returned value was: None
[2022-12-12 13:16:33,494] {taskinstance.py:1400} INFO - Marking task as SUCCESS. dag_id=prepare_data, task_id=get_last_id, execution_date=20221212T131400, start_date=20221212T131623, end_date=20221212T131633
[2022-12-12 13:16:33,973] {local_task_job.py:156} INFO - Task exited with return code 0
[2022-12-12 13:16:35,145] {local_task_job.py:273} INFO - 0 downstream tasks scheduled from follow-on schedule check
