[2022-12-12 13:17:00,180] {taskinstance.py:1159} INFO - Dependencies all met for <TaskInstance: prepare_data.get_last_id scheduled__2022-11-29T00:22:00+00:00 [queued]>
[2022-12-12 13:17:01,283] {taskinstance.py:1159} INFO - Dependencies all met for <TaskInstance: prepare_data.get_last_id scheduled__2022-11-29T00:22:00+00:00 [queued]>
[2022-12-12 13:17:01,283] {taskinstance.py:1356} INFO - 
--------------------------------------------------------------------------------
[2022-12-12 13:17:01,292] {taskinstance.py:1357} INFO - Starting attempt 1 of 1
[2022-12-12 13:17:01,313] {taskinstance.py:1358} INFO - 
--------------------------------------------------------------------------------
[2022-12-12 13:17:01,989] {taskinstance.py:1377} INFO - Executing <Task(PythonOperator): get_last_id> on 2022-11-29 00:22:00+00:00
[2022-12-12 13:17:02,038] {standard_task_runner.py:52} INFO - Started process 2297 to run task
[2022-12-12 13:17:02,139] {standard_task_runner.py:79} INFO - Running: ['airflow', 'tasks', 'run', 'prepare_data', 'get_last_id', 'scheduled__2022-11-29T00:22:00+00:00', '--job-id', '828', '--raw', '--subdir', 'DAGS_FOLDER/prepare_data.py', '--cfg-path', '/tmp/tmp6w0ngjyr', '--error-file', '/tmp/tmpx0aeu268']
[2022-12-12 13:17:02,164] {standard_task_runner.py:80} INFO - Job 828: Subtask get_last_id
[2022-12-12 13:17:02,830] {task_command.py:369} INFO - Running <TaskInstance: prepare_data.get_last_id scheduled__2022-11-29T00:22:00+00:00 [running]> on host b778137d8ea6
[2022-12-12 13:17:03,399] {taskinstance.py:1571} INFO - Exporting the following env vars:
AIRFLOW_CTX_DAG_OWNER=airflow
AIRFLOW_CTX_DAG_ID=prepare_data
AIRFLOW_CTX_TASK_ID=get_last_id
AIRFLOW_CTX_EXECUTION_DATE=2022-11-29T00:22:00+00:00
AIRFLOW_CTX_TRY_NUMBER=1
AIRFLOW_CTX_DAG_RUN_ID=scheduled__2022-11-29T00:22:00+00:00
[2022-12-12 13:17:03,556] {base.py:68} INFO - Using connection ID 'postgres_default' for task execution.
[2022-12-12 13:17:04,049] {python.py:173} INFO - Done. Returned value was: None
[2022-12-12 13:17:04,297] {taskinstance.py:1400} INFO - Marking task as SUCCESS. dag_id=prepare_data, task_id=get_last_id, execution_date=20221129T002200, start_date=20221212T131700, end_date=20221212T131704
[2022-12-12 13:17:04,720] {local_task_job.py:156} INFO - Task exited with return code 0
[2022-12-12 13:17:06,021] {local_task_job.py:273} INFO - 0 downstream tasks scheduled from follow-on schedule check
