[2022-12-03 14:55:20,448] {taskinstance.py:1159} INFO - Dependencies all met for <TaskInstance: prepare_data.create_table scheduled__2022-11-28T18:33:00+00:00 [queued]>
[2022-12-03 14:55:21,219] {taskinstance.py:1159} INFO - Dependencies all met for <TaskInstance: prepare_data.create_table scheduled__2022-11-28T18:33:00+00:00 [queued]>
[2022-12-03 14:55:21,219] {taskinstance.py:1356} INFO - 
--------------------------------------------------------------------------------
[2022-12-03 14:55:21,220] {taskinstance.py:1357} INFO - Starting attempt 1 of 1
[2022-12-03 14:55:21,220] {taskinstance.py:1358} INFO - 
--------------------------------------------------------------------------------
[2022-12-03 14:55:22,451] {taskinstance.py:1377} INFO - Executing <Task(PostgresOperator): create_table> on 2022-11-28 18:33:00+00:00
[2022-12-03 14:55:22,726] {standard_task_runner.py:52} INFO - Started process 664 to run task
[2022-12-03 14:55:23,029] {standard_task_runner.py:79} INFO - Running: ['airflow', 'tasks', 'run', 'prepare_data', 'create_table', 'scheduled__2022-11-28T18:33:00+00:00', '--job-id', '160', '--raw', '--subdir', 'DAGS_FOLDER/prepare_data.py', '--cfg-path', '/tmp/tmp7mpzr10r', '--error-file', '/tmp/tmpzaoyaj4q']
[2022-12-03 14:55:23,075] {standard_task_runner.py:80} INFO - Job 160: Subtask create_table
[2022-12-03 14:55:28,840] {task_command.py:369} INFO - Running <TaskInstance: prepare_data.create_table scheduled__2022-11-28T18:33:00+00:00 [running]> on host b41792e8e843
[2022-12-03 14:55:35,214] {taskinstance.py:1571} INFO - Exporting the following env vars:
AIRFLOW_CTX_DAG_OWNER=airflow
AIRFLOW_CTX_DAG_ID=prepare_data
AIRFLOW_CTX_TASK_ID=create_table
AIRFLOW_CTX_EXECUTION_DATE=2022-11-28T18:33:00+00:00
AIRFLOW_CTX_TRY_NUMBER=1
AIRFLOW_CTX_DAG_RUN_ID=scheduled__2022-11-28T18:33:00+00:00
[2022-12-03 14:55:36,182] {base.py:68} INFO - Using connection ID 'postgres_default' for task execution.
[2022-12-03 14:55:36,671] {dbapi.py:208} INFO - Running statement: CREATE TABLE IF NOT EXISTS prepared_data (
	id SERIAL,
	sensor_id BIGINT,
	longitude FLOAT,
	latitude FLOAT,
	controller_id BIGINT,
	datetime TIMESTAMP WITH TIME ZONE,
	temperature INTEGER
);, parameters: None
[2022-12-03 14:55:36,733] {postgres.py:94} INFO - NOTICE:  relation "prepared_data" already exists, skipping

[2022-12-03 14:55:38,067] {taskinstance.py:1400} INFO - Marking task as SUCCESS. dag_id=prepare_data, task_id=create_table, execution_date=20221128T183300, start_date=20221203T145520, end_date=20221203T145538
[2022-12-03 14:55:39,230] {local_task_job.py:156} INFO - Task exited with return code 0
[2022-12-03 14:55:42,888] {local_task_job.py:273} INFO - 1 downstream tasks scheduled from follow-on schedule check
[2022-12-12 12:34:11,449] {taskinstance.py:1159} INFO - Dependencies all met for <TaskInstance: prepare_data.create_table scheduled__2022-11-28T18:33:00+00:00 [queued]>
[2022-12-12 12:34:11,531] {taskinstance.py:1159} INFO - Dependencies all met for <TaskInstance: prepare_data.create_table scheduled__2022-11-28T18:33:00+00:00 [queued]>
[2022-12-12 12:34:11,536] {taskinstance.py:1356} INFO - 
--------------------------------------------------------------------------------
[2022-12-12 12:34:11,536] {taskinstance.py:1357} INFO - Starting attempt 1 of 1
[2022-12-12 12:34:11,536] {taskinstance.py:1358} INFO - 
--------------------------------------------------------------------------------
[2022-12-12 12:34:11,716] {taskinstance.py:1377} INFO - Executing <Task(PostgresOperator): create_table> on 2022-11-28 18:33:00+00:00
[2022-12-12 12:34:11,730] {standard_task_runner.py:52} INFO - Started process 535 to run task
[2022-12-12 12:34:11,777] {standard_task_runner.py:79} INFO - Running: ['airflow', 'tasks', 'run', 'prepare_data', 'create_table', 'scheduled__2022-11-28T18:33:00+00:00', '--job-id', '121', '--raw', '--subdir', 'DAGS_FOLDER/prepare_data.py', '--cfg-path', '/tmp/tmp03sctojq', '--error-file', '/tmp/tmpwiadau7b']
[2022-12-12 12:34:11,807] {standard_task_runner.py:80} INFO - Job 121: Subtask create_table
[2022-12-12 12:34:12,272] {task_command.py:369} INFO - Running <TaskInstance: prepare_data.create_table scheduled__2022-11-28T18:33:00+00:00 [running]> on host b778137d8ea6
[2022-12-12 12:34:12,974] {taskinstance.py:1571} INFO - Exporting the following env vars:
AIRFLOW_CTX_DAG_OWNER=airflow
AIRFLOW_CTX_DAG_ID=prepare_data
AIRFLOW_CTX_TASK_ID=create_table
AIRFLOW_CTX_EXECUTION_DATE=2022-11-28T18:33:00+00:00
AIRFLOW_CTX_TRY_NUMBER=1
AIRFLOW_CTX_DAG_RUN_ID=scheduled__2022-11-28T18:33:00+00:00
[2022-12-12 12:34:13,358] {taskinstance.py:1889} ERROR - Task failed with exception
Traceback (most recent call last):
  File "/home/airflow/.local/lib/python3.7/site-packages/airflow/providers/postgres/operators/postgres.py", line 92, in execute
    self.hook.run(self.sql, self.autocommit, parameters=self.parameters)
  File "/home/airflow/.local/lib/python3.7/site-packages/airflow/hooks/dbapi.py", line 181, in run
    with closing(self.get_conn()) as conn:
  File "/home/airflow/.local/lib/python3.7/site-packages/airflow/providers/postgres/hooks/postgres.py", line 86, in get_conn
    conn = deepcopy(self.connection or self.get_connection(conn_id))
  File "/home/airflow/.local/lib/python3.7/site-packages/airflow/hooks/base.py", line 67, in get_connection
    conn = Connection.get_connection_from_secrets(conn_id)
  File "/home/airflow/.local/lib/python3.7/site-packages/airflow/models/connection.py", line 430, in get_connection_from_secrets
    raise AirflowNotFoundException(f"The conn_id `{conn_id}` isn't defined")
airflow.exceptions.AirflowNotFoundException: The conn_id `postgres_default` isn't defined
[2022-12-12 12:34:13,375] {taskinstance.py:1400} INFO - Marking task as FAILED. dag_id=prepare_data, task_id=create_table, execution_date=20221128T183300, start_date=20221212T123411, end_date=20221212T123413
[2022-12-12 12:34:13,558] {standard_task_runner.py:97} ERROR - Failed to execute job 121 for task create_table (The conn_id `postgres_default` isn't defined; 535)
[2022-12-12 12:34:13,643] {local_task_job.py:156} INFO - Task exited with return code 1
[2022-12-12 12:34:14,299] {local_task_job.py:273} INFO - 0 downstream tasks scheduled from follow-on schedule check
