[2022-12-03 14:46:34,058] {taskinstance.py:1159} INFO - Dependencies all met for <TaskInstance: prepare_data.create_table scheduled__2022-11-28T17:30:00+00:00 [queued]>
[2022-12-03 14:46:34,129] {taskinstance.py:1159} INFO - Dependencies all met for <TaskInstance: prepare_data.create_table scheduled__2022-11-28T17:30:00+00:00 [queued]>
[2022-12-03 14:46:34,130] {taskinstance.py:1356} INFO - 
--------------------------------------------------------------------------------
[2022-12-03 14:46:34,131] {taskinstance.py:1357} INFO - Starting attempt 1 of 1
[2022-12-03 14:46:34,132] {taskinstance.py:1358} INFO - 
--------------------------------------------------------------------------------
[2022-12-03 14:46:34,238] {taskinstance.py:1377} INFO - Executing <Task(PostgresOperator): create_table> on 2022-11-28 17:30:00+00:00
[2022-12-03 14:46:34,247] {standard_task_runner.py:52} INFO - Started process 393 to run task
[2022-12-03 14:46:34,269] {standard_task_runner.py:79} INFO - Running: ['airflow', 'tasks', 'run', 'prepare_data', 'create_table', 'scheduled__2022-11-28T17:30:00+00:00', '--job-id', '58', '--raw', '--subdir', 'DAGS_FOLDER/prepare_data.py', '--cfg-path', '/tmp/tmpfqwcielv', '--error-file', '/tmp/tmp_y47djlv']
[2022-12-03 14:46:34,277] {standard_task_runner.py:80} INFO - Job 58: Subtask create_table
[2022-12-03 14:46:34,761] {task_command.py:369} INFO - Running <TaskInstance: prepare_data.create_table scheduled__2022-11-28T17:30:00+00:00 [running]> on host b41792e8e843
[2022-12-03 14:46:35,608] {taskinstance.py:1571} INFO - Exporting the following env vars:
AIRFLOW_CTX_DAG_OWNER=airflow
AIRFLOW_CTX_DAG_ID=prepare_data
AIRFLOW_CTX_TASK_ID=create_table
AIRFLOW_CTX_EXECUTION_DATE=2022-11-28T17:30:00+00:00
AIRFLOW_CTX_TRY_NUMBER=1
AIRFLOW_CTX_DAG_RUN_ID=scheduled__2022-11-28T17:30:00+00:00
[2022-12-03 14:46:35,827] {taskinstance.py:1889} ERROR - Task failed with exception
Traceback (most recent call last):
  File "/home/airflow/.local/lib/python3.7/site-packages/airflow/providers/postgres/operators/postgres.py", line 92, in execute
    self.hook.run(self.sql, self.autocommit, parameters=self.parameters)
  File "/home/airflow/.local/lib/python3.7/site-packages/airflow/hooks/dbapi.py", line 181, in run
    with closing(self.get_conn()) as conn:
  File "/home/airflow/.local/lib/python3.7/site-packages/airflow/providers/postgres/hooks/postgres.py", line 86, in get_conn
    conn = deepcopy(self.connection or self.get_connection(conn_id))
  File "/home/airflow/.local/lib/python3.7/site-packages/airflow/hooks/base.py", line 67, in get_connection
    conn = Connection.get_connection_from_secrets(conn_id)
  File "/home/airflow/.local/lib/python3.7/site-packages/airflow/models/connection.py", line 430, in get_connection_from_secrets
    raise AirflowNotFoundException(f"The conn_id `{conn_id}` isn't defined")
airflow.exceptions.AirflowNotFoundException: The conn_id `postgres_default` isn't defined
[2022-12-03 14:46:35,847] {taskinstance.py:1400} INFO - Marking task as FAILED. dag_id=prepare_data, task_id=create_table, execution_date=20221128T173000, start_date=20221203T144634, end_date=20221203T144635
[2022-12-03 14:46:35,929] {standard_task_runner.py:97} ERROR - Failed to execute job 58 for task create_table (The conn_id `postgres_default` isn't defined; 393)
[2022-12-03 14:46:35,995] {local_task_job.py:156} INFO - Task exited with return code 1
[2022-12-03 14:46:36,282] {local_task_job.py:273} INFO - 0 downstream tasks scheduled from follow-on schedule check
[2022-12-12 12:32:06,639] {taskinstance.py:1159} INFO - Dependencies all met for <TaskInstance: prepare_data.create_table scheduled__2022-11-28T17:30:00+00:00 [queued]>
[2022-12-12 12:32:06,801] {taskinstance.py:1159} INFO - Dependencies all met for <TaskInstance: prepare_data.create_table scheduled__2022-11-28T17:30:00+00:00 [queued]>
[2022-12-12 12:32:06,801] {taskinstance.py:1356} INFO - 
--------------------------------------------------------------------------------
[2022-12-12 12:32:06,801] {taskinstance.py:1357} INFO - Starting attempt 1 of 1
[2022-12-12 12:32:06,801] {taskinstance.py:1358} INFO - 
--------------------------------------------------------------------------------
[2022-12-12 12:32:07,135] {taskinstance.py:1377} INFO - Executing <Task(PostgresOperator): create_table> on 2022-11-28 17:30:00+00:00
[2022-12-12 12:32:07,221] {standard_task_runner.py:52} INFO - Started process 389 to run task
[2022-12-12 12:32:07,280] {standard_task_runner.py:79} INFO - Running: ['airflow', 'tasks', 'run', 'prepare_data', 'create_table', 'scheduled__2022-11-28T17:30:00+00:00', '--job-id', '58', '--raw', '--subdir', 'DAGS_FOLDER/prepare_data.py', '--cfg-path', '/tmp/tmpuhgwjeh8', '--error-file', '/tmp/tmp4w4k_6yq']
[2022-12-12 12:32:07,281] {standard_task_runner.py:80} INFO - Job 58: Subtask create_table
[2022-12-12 12:32:08,780] {task_command.py:369} INFO - Running <TaskInstance: prepare_data.create_table scheduled__2022-11-28T17:30:00+00:00 [running]> on host b778137d8ea6
[2022-12-12 12:32:11,380] {taskinstance.py:1571} INFO - Exporting the following env vars:
AIRFLOW_CTX_DAG_OWNER=airflow
AIRFLOW_CTX_DAG_ID=prepare_data
AIRFLOW_CTX_TASK_ID=create_table
AIRFLOW_CTX_EXECUTION_DATE=2022-11-28T17:30:00+00:00
AIRFLOW_CTX_TRY_NUMBER=1
AIRFLOW_CTX_DAG_RUN_ID=scheduled__2022-11-28T17:30:00+00:00
[2022-12-12 12:32:11,624] {taskinstance.py:1889} ERROR - Task failed with exception
Traceback (most recent call last):
  File "/home/airflow/.local/lib/python3.7/site-packages/airflow/providers/postgres/operators/postgres.py", line 92, in execute
    self.hook.run(self.sql, self.autocommit, parameters=self.parameters)
  File "/home/airflow/.local/lib/python3.7/site-packages/airflow/hooks/dbapi.py", line 181, in run
    with closing(self.get_conn()) as conn:
  File "/home/airflow/.local/lib/python3.7/site-packages/airflow/providers/postgres/hooks/postgres.py", line 86, in get_conn
    conn = deepcopy(self.connection or self.get_connection(conn_id))
  File "/home/airflow/.local/lib/python3.7/site-packages/airflow/hooks/base.py", line 67, in get_connection
    conn = Connection.get_connection_from_secrets(conn_id)
  File "/home/airflow/.local/lib/python3.7/site-packages/airflow/models/connection.py", line 430, in get_connection_from_secrets
    raise AirflowNotFoundException(f"The conn_id `{conn_id}` isn't defined")
airflow.exceptions.AirflowNotFoundException: The conn_id `postgres_default` isn't defined
[2022-12-12 12:32:11,748] {taskinstance.py:1400} INFO - Marking task as FAILED. dag_id=prepare_data, task_id=create_table, execution_date=20221128T173000, start_date=20221212T123206, end_date=20221212T123211
[2022-12-12 12:32:11,966] {standard_task_runner.py:97} ERROR - Failed to execute job 58 for task create_table (The conn_id `postgres_default` isn't defined; 389)
[2022-12-12 12:32:12,063] {local_task_job.py:156} INFO - Task exited with return code 1
[2022-12-12 12:32:12,720] {local_task_job.py:273} INFO - 0 downstream tasks scheduled from follow-on schedule check
