[2022-12-03 14:54:11,623] {taskinstance.py:1159} INFO - Dependencies all met for <TaskInstance: prepare_data.transfer_data scheduled__2022-11-28T18:26:00+00:00 [queued]>
[2022-12-03 14:54:12,163] {taskinstance.py:1159} INFO - Dependencies all met for <TaskInstance: prepare_data.transfer_data scheduled__2022-11-28T18:26:00+00:00 [queued]>
[2022-12-03 14:54:12,163] {taskinstance.py:1356} INFO - 
--------------------------------------------------------------------------------
[2022-12-03 14:54:12,163] {taskinstance.py:1357} INFO - Starting attempt 1 of 1
[2022-12-03 14:54:12,163] {taskinstance.py:1358} INFO - 
--------------------------------------------------------------------------------
[2022-12-03 14:54:12,395] {taskinstance.py:1377} INFO - Executing <Task(PythonOperator): transfer_data> on 2022-11-28 18:26:00+00:00
[2022-12-03 14:54:12,478] {standard_task_runner.py:52} INFO - Started process 631 to run task
[2022-12-03 14:54:12,644] {standard_task_runner.py:79} INFO - Running: ['airflow', 'tasks', 'run', 'prepare_data', 'transfer_data', 'scheduled__2022-11-28T18:26:00+00:00', '--job-id', '147', '--raw', '--subdir', 'DAGS_FOLDER/prepare_data.py', '--cfg-path', '/tmp/tmpqgop9acp', '--error-file', '/tmp/tmpp667vh16']
[2022-12-03 14:54:12,698] {standard_task_runner.py:80} INFO - Job 147: Subtask transfer_data
[2022-12-03 14:54:15,779] {task_command.py:369} INFO - Running <TaskInstance: prepare_data.transfer_data scheduled__2022-11-28T18:26:00+00:00 [running]> on host b41792e8e843
[2022-12-03 14:54:22,921] {taskinstance.py:1571} INFO - Exporting the following env vars:
AIRFLOW_CTX_DAG_OWNER=airflow
AIRFLOW_CTX_DAG_ID=prepare_data
AIRFLOW_CTX_TASK_ID=transfer_data
AIRFLOW_CTX_EXECUTION_DATE=2022-11-28T18:26:00+00:00
AIRFLOW_CTX_TRY_NUMBER=1
AIRFLOW_CTX_DAG_RUN_ID=scheduled__2022-11-28T18:26:00+00:00
[2022-12-03 14:54:23,960] {base.py:68} INFO - Using connection ID 'postgres_default' for task execution.
[2022-12-03 14:54:26,709] {python.py:173} INFO - Done. Returned value was: None
[2022-12-03 14:54:31,212] {taskinstance.py:1400} INFO - Marking task as SUCCESS. dag_id=prepare_data, task_id=transfer_data, execution_date=20221128T182600, start_date=20221203T145411, end_date=20221203T145431
[2022-12-03 14:54:32,042] {local_task_job.py:156} INFO - Task exited with return code 0
[2022-12-03 14:54:33,838] {local_task_job.py:273} INFO - 0 downstream tasks scheduled from follow-on schedule check
