[2022-12-03 15:00:42,151] {taskinstance.py:1159} INFO - Dependencies all met for <TaskInstance: prepare_data.get_last_id scheduled__2022-11-28T18:57:00+00:00 [queued]>
[2022-12-03 15:00:42,688] {taskinstance.py:1159} INFO - Dependencies all met for <TaskInstance: prepare_data.get_last_id scheduled__2022-11-28T18:57:00+00:00 [queued]>
[2022-12-03 15:00:42,709] {taskinstance.py:1356} INFO - 
--------------------------------------------------------------------------------
[2022-12-03 15:00:42,714] {taskinstance.py:1357} INFO - Starting attempt 1 of 1
[2022-12-03 15:00:42,714] {taskinstance.py:1358} INFO - 
--------------------------------------------------------------------------------
[2022-12-03 15:00:43,196] {taskinstance.py:1377} INFO - Executing <Task(PythonOperator): get_last_id> on 2022-11-28 18:57:00+00:00
[2022-12-03 15:00:43,381] {standard_task_runner.py:52} INFO - Started process 868 to run task
[2022-12-03 15:00:43,641] {standard_task_runner.py:79} INFO - Running: ['airflow', 'tasks', 'run', 'prepare_data', 'get_last_id', 'scheduled__2022-11-28T18:57:00+00:00', '--job-id', '241', '--raw', '--subdir', 'DAGS_FOLDER/prepare_data.py', '--cfg-path', '/tmp/tmpf4wpwykj', '--error-file', '/tmp/tmpo0ie0x8v']
[2022-12-03 15:00:43,698] {standard_task_runner.py:80} INFO - Job 241: Subtask get_last_id
[2022-12-03 15:00:45,921] {task_command.py:369} INFO - Running <TaskInstance: prepare_data.get_last_id scheduled__2022-11-28T18:57:00+00:00 [running]> on host b41792e8e843
[2022-12-03 15:00:49,464] {taskinstance.py:1571} INFO - Exporting the following env vars:
AIRFLOW_CTX_DAG_OWNER=airflow
AIRFLOW_CTX_DAG_ID=prepare_data
AIRFLOW_CTX_TASK_ID=get_last_id
AIRFLOW_CTX_EXECUTION_DATE=2022-11-28T18:57:00+00:00
AIRFLOW_CTX_TRY_NUMBER=1
AIRFLOW_CTX_DAG_RUN_ID=scheduled__2022-11-28T18:57:00+00:00
[2022-12-03 15:00:49,769] {base.py:68} INFO - Using connection ID 'postgres_default' for task execution.
[2022-12-03 15:00:50,586] {python.py:173} INFO - Done. Returned value was: None
[2022-12-03 15:00:52,159] {taskinstance.py:1400} INFO - Marking task as SUCCESS. dag_id=prepare_data, task_id=get_last_id, execution_date=20221128T185700, start_date=20221203T150042, end_date=20221203T150052
[2022-12-03 15:00:52,563] {local_task_job.py:156} INFO - Task exited with return code 0
[2022-12-03 15:00:53,594] {local_task_job.py:273} INFO - 1 downstream tasks scheduled from follow-on schedule check
