[2022-12-03 14:58:03,532] {taskinstance.py:1159} INFO - Dependencies all met for <TaskInstance: prepare_data.create_table scheduled__2022-11-28T18:42:00+00:00 [queued]>
[2022-12-03 14:58:03,648] {taskinstance.py:1159} INFO - Dependencies all met for <TaskInstance: prepare_data.create_table scheduled__2022-11-28T18:42:00+00:00 [queued]>
[2022-12-03 14:58:03,648] {taskinstance.py:1356} INFO - 
--------------------------------------------------------------------------------
[2022-12-03 14:58:03,648] {taskinstance.py:1357} INFO - Starting attempt 1 of 1
[2022-12-03 14:58:03,648] {taskinstance.py:1358} INFO - 
--------------------------------------------------------------------------------
[2022-12-03 14:58:03,784] {taskinstance.py:1377} INFO - Executing <Task(PostgresOperator): create_table> on 2022-11-28 18:42:00+00:00
[2022-12-03 14:58:03,819] {standard_task_runner.py:52} INFO - Started process 749 to run task
[2022-12-03 14:58:03,847] {standard_task_runner.py:79} INFO - Running: ['airflow', 'tasks', 'run', 'prepare_data', 'create_table', 'scheduled__2022-11-28T18:42:00+00:00', '--job-id', '194', '--raw', '--subdir', 'DAGS_FOLDER/prepare_data.py', '--cfg-path', '/tmp/tmprhc8cke3', '--error-file', '/tmp/tmp6d86xsfd']
[2022-12-03 14:58:03,854] {standard_task_runner.py:80} INFO - Job 194: Subtask create_table
[2022-12-03 14:58:04,303] {task_command.py:369} INFO - Running <TaskInstance: prepare_data.create_table scheduled__2022-11-28T18:42:00+00:00 [running]> on host b41792e8e843
[2022-12-03 14:58:05,272] {taskinstance.py:1571} INFO - Exporting the following env vars:
AIRFLOW_CTX_DAG_OWNER=airflow
AIRFLOW_CTX_DAG_ID=prepare_data
AIRFLOW_CTX_TASK_ID=create_table
AIRFLOW_CTX_EXECUTION_DATE=2022-11-28T18:42:00+00:00
AIRFLOW_CTX_TRY_NUMBER=1
AIRFLOW_CTX_DAG_RUN_ID=scheduled__2022-11-28T18:42:00+00:00
[2022-12-03 14:58:05,370] {base.py:68} INFO - Using connection ID 'postgres_default' for task execution.
[2022-12-03 14:58:05,411] {dbapi.py:208} INFO - Running statement: CREATE TABLE IF NOT EXISTS prepared_data (
	id SERIAL,
	sensor_id BIGINT,
	longitude FLOAT,
	latitude FLOAT,
	controller_id BIGINT,
	datetime TIMESTAMP WITH TIME ZONE,
	temperature INTEGER
);, parameters: None
[2022-12-03 14:58:05,414] {postgres.py:94} INFO - NOTICE:  relation "prepared_data" already exists, skipping

[2022-12-03 14:58:05,575] {taskinstance.py:1400} INFO - Marking task as SUCCESS. dag_id=prepare_data, task_id=create_table, execution_date=20221128T184200, start_date=20221203T145803, end_date=20221203T145805
[2022-12-03 14:58:05,706] {local_task_job.py:156} INFO - Task exited with return code 0
[2022-12-03 14:58:06,241] {local_task_job.py:273} INFO - 0 downstream tasks scheduled from follow-on schedule check
[2022-12-12 12:34:26,883] {taskinstance.py:1159} INFO - Dependencies all met for <TaskInstance: prepare_data.create_table scheduled__2022-11-28T18:42:00+00:00 [queued]>
[2022-12-12 12:34:26,963] {taskinstance.py:1159} INFO - Dependencies all met for <TaskInstance: prepare_data.create_table scheduled__2022-11-28T18:42:00+00:00 [queued]>
[2022-12-12 12:34:26,965] {taskinstance.py:1356} INFO - 
--------------------------------------------------------------------------------
[2022-12-12 12:34:26,965] {taskinstance.py:1357} INFO - Starting attempt 1 of 1
[2022-12-12 12:34:26,965] {taskinstance.py:1358} INFO - 
--------------------------------------------------------------------------------
[2022-12-12 12:34:27,102] {taskinstance.py:1377} INFO - Executing <Task(PostgresOperator): create_table> on 2022-11-28 18:42:00+00:00
[2022-12-12 12:34:27,118] {standard_task_runner.py:52} INFO - Started process 553 to run task
[2022-12-12 12:34:27,150] {standard_task_runner.py:79} INFO - Running: ['airflow', 'tasks', 'run', 'prepare_data', 'create_table', 'scheduled__2022-11-28T18:42:00+00:00', '--job-id', '130', '--raw', '--subdir', 'DAGS_FOLDER/prepare_data.py', '--cfg-path', '/tmp/tmpnfxiokou', '--error-file', '/tmp/tmpq4mm48w7']
[2022-12-12 12:34:27,176] {standard_task_runner.py:80} INFO - Job 130: Subtask create_table
[2022-12-12 12:34:27,580] {task_command.py:369} INFO - Running <TaskInstance: prepare_data.create_table scheduled__2022-11-28T18:42:00+00:00 [running]> on host b778137d8ea6
[2022-12-12 12:34:28,439] {taskinstance.py:1571} INFO - Exporting the following env vars:
AIRFLOW_CTX_DAG_OWNER=airflow
AIRFLOW_CTX_DAG_ID=prepare_data
AIRFLOW_CTX_TASK_ID=create_table
AIRFLOW_CTX_EXECUTION_DATE=2022-11-28T18:42:00+00:00
AIRFLOW_CTX_TRY_NUMBER=1
AIRFLOW_CTX_DAG_RUN_ID=scheduled__2022-11-28T18:42:00+00:00
[2022-12-12 12:34:28,712] {taskinstance.py:1889} ERROR - Task failed with exception
Traceback (most recent call last):
  File "/home/airflow/.local/lib/python3.7/site-packages/airflow/providers/postgres/operators/postgres.py", line 92, in execute
    self.hook.run(self.sql, self.autocommit, parameters=self.parameters)
  File "/home/airflow/.local/lib/python3.7/site-packages/airflow/hooks/dbapi.py", line 181, in run
    with closing(self.get_conn()) as conn:
  File "/home/airflow/.local/lib/python3.7/site-packages/airflow/providers/postgres/hooks/postgres.py", line 86, in get_conn
    conn = deepcopy(self.connection or self.get_connection(conn_id))
  File "/home/airflow/.local/lib/python3.7/site-packages/airflow/hooks/base.py", line 67, in get_connection
    conn = Connection.get_connection_from_secrets(conn_id)
  File "/home/airflow/.local/lib/python3.7/site-packages/airflow/models/connection.py", line 430, in get_connection_from_secrets
    raise AirflowNotFoundException(f"The conn_id `{conn_id}` isn't defined")
airflow.exceptions.AirflowNotFoundException: The conn_id `postgres_default` isn't defined
[2022-12-12 12:34:28,737] {taskinstance.py:1400} INFO - Marking task as FAILED. dag_id=prepare_data, task_id=create_table, execution_date=20221128T184200, start_date=20221212T123426, end_date=20221212T123428
[2022-12-12 12:34:28,840] {standard_task_runner.py:97} ERROR - Failed to execute job 130 for task create_table (The conn_id `postgres_default` isn't defined; 553)
[2022-12-12 12:34:28,893] {local_task_job.py:156} INFO - Task exited with return code 1
[2022-12-12 12:34:29,289] {local_task_job.py:273} INFO - 0 downstream tasks scheduled from follow-on schedule check
