[2022-12-03 14:43:37,083] {taskinstance.py:1159} INFO - Dependencies all met for <TaskInstance: prepare_data.create_table scheduled__2022-11-28T16:42:00+00:00 [queued]>
[2022-12-03 14:43:37,937] {taskinstance.py:1159} INFO - Dependencies all met for <TaskInstance: prepare_data.create_table scheduled__2022-11-28T16:42:00+00:00 [queued]>
[2022-12-03 14:43:37,937] {taskinstance.py:1356} INFO - 
--------------------------------------------------------------------------------
[2022-12-03 14:43:37,958] {taskinstance.py:1357} INFO - Starting attempt 1 of 1
[2022-12-03 14:43:37,959] {taskinstance.py:1358} INFO - 
--------------------------------------------------------------------------------
[2022-12-03 14:43:38,508] {taskinstance.py:1377} INFO - Executing <Task(PostgresOperator): create_table> on 2022-11-28 16:42:00+00:00
[2022-12-03 14:43:38,580] {standard_task_runner.py:52} INFO - Started process 271 to run task
[2022-12-03 14:43:38,780] {standard_task_runner.py:79} INFO - Running: ['airflow', 'tasks', 'run', 'prepare_data', 'create_table', 'scheduled__2022-11-28T16:42:00+00:00', '--job-id', '10', '--raw', '--subdir', 'DAGS_FOLDER/prepare_data.py', '--cfg-path', '/tmp/tmpgzoyr_7a', '--error-file', '/tmp/tmpd76niv_8']
[2022-12-03 14:43:38,863] {standard_task_runner.py:80} INFO - Job 10: Subtask create_table
[2022-12-03 14:43:41,640] {task_command.py:369} INFO - Running <TaskInstance: prepare_data.create_table scheduled__2022-11-28T16:42:00+00:00 [running]> on host b41792e8e843
[2022-12-03 14:43:44,049] {taskinstance.py:1571} INFO - Exporting the following env vars:
AIRFLOW_CTX_DAG_OWNER=airflow
AIRFLOW_CTX_DAG_ID=prepare_data
AIRFLOW_CTX_TASK_ID=create_table
AIRFLOW_CTX_EXECUTION_DATE=2022-11-28T16:42:00+00:00
AIRFLOW_CTX_TRY_NUMBER=1
AIRFLOW_CTX_DAG_RUN_ID=scheduled__2022-11-28T16:42:00+00:00
[2022-12-03 14:43:44,803] {taskinstance.py:1889} ERROR - Task failed with exception
Traceback (most recent call last):
  File "/home/airflow/.local/lib/python3.7/site-packages/airflow/providers/postgres/operators/postgres.py", line 92, in execute
    self.hook.run(self.sql, self.autocommit, parameters=self.parameters)
  File "/home/airflow/.local/lib/python3.7/site-packages/airflow/hooks/dbapi.py", line 181, in run
    with closing(self.get_conn()) as conn:
  File "/home/airflow/.local/lib/python3.7/site-packages/airflow/providers/postgres/hooks/postgres.py", line 86, in get_conn
    conn = deepcopy(self.connection or self.get_connection(conn_id))
  File "/home/airflow/.local/lib/python3.7/site-packages/airflow/hooks/base.py", line 67, in get_connection
    conn = Connection.get_connection_from_secrets(conn_id)
  File "/home/airflow/.local/lib/python3.7/site-packages/airflow/models/connection.py", line 430, in get_connection_from_secrets
    raise AirflowNotFoundException(f"The conn_id `{conn_id}` isn't defined")
airflow.exceptions.AirflowNotFoundException: The conn_id `postgres_default` isn't defined
[2022-12-03 14:43:44,832] {taskinstance.py:1400} INFO - Marking task as FAILED. dag_id=prepare_data, task_id=create_table, execution_date=20221128T164200, start_date=20221203T144337, end_date=20221203T144344
[2022-12-03 14:43:44,908] {standard_task_runner.py:97} ERROR - Failed to execute job 10 for task create_table (The conn_id `postgres_default` isn't defined; 271)
[2022-12-03 14:43:44,937] {local_task_job.py:156} INFO - Task exited with return code 1
[2022-12-03 14:43:45,347] {local_task_job.py:273} INFO - 0 downstream tasks scheduled from follow-on schedule check
[2022-12-12 12:27:53,493] {taskinstance.py:1159} INFO - Dependencies all met for <TaskInstance: prepare_data.create_table scheduled__2022-11-28T16:42:00+00:00 [queued]>
[2022-12-12 12:27:54,023] {taskinstance.py:1159} INFO - Dependencies all met for <TaskInstance: prepare_data.create_table scheduled__2022-11-28T16:42:00+00:00 [queued]>
[2022-12-12 12:27:54,039] {taskinstance.py:1356} INFO - 
--------------------------------------------------------------------------------
[2022-12-12 12:27:54,039] {taskinstance.py:1357} INFO - Starting attempt 1 of 1
[2022-12-12 12:27:54,039] {taskinstance.py:1358} INFO - 
--------------------------------------------------------------------------------
[2022-12-12 12:27:54,821] {taskinstance.py:1377} INFO - Executing <Task(PostgresOperator): create_table> on 2022-11-28 16:42:00+00:00
[2022-12-12 12:27:55,111] {standard_task_runner.py:52} INFO - Started process 257 to run task
[2022-12-12 12:27:55,220] {standard_task_runner.py:79} INFO - Running: ['airflow', 'tasks', 'run', 'prepare_data', 'create_table', 'scheduled__2022-11-28T16:42:00+00:00', '--job-id', '10', '--raw', '--subdir', 'DAGS_FOLDER/prepare_data.py', '--cfg-path', '/tmp/tmpn1deuwro', '--error-file', '/tmp/tmpvtmv8o8h']
[2022-12-12 12:27:55,249] {standard_task_runner.py:80} INFO - Job 10: Subtask create_table
[2022-12-12 12:27:58,860] {task_command.py:369} INFO - Running <TaskInstance: prepare_data.create_table scheduled__2022-11-28T16:42:00+00:00 [running]> on host b778137d8ea6
[2022-12-12 12:28:05,699] {taskinstance.py:1571} INFO - Exporting the following env vars:
AIRFLOW_CTX_DAG_OWNER=airflow
AIRFLOW_CTX_DAG_ID=prepare_data
AIRFLOW_CTX_TASK_ID=create_table
AIRFLOW_CTX_EXECUTION_DATE=2022-11-28T16:42:00+00:00
AIRFLOW_CTX_TRY_NUMBER=1
AIRFLOW_CTX_DAG_RUN_ID=scheduled__2022-11-28T16:42:00+00:00
[2022-12-12 12:28:07,999] {taskinstance.py:1889} ERROR - Task failed with exception
Traceback (most recent call last):
  File "/home/airflow/.local/lib/python3.7/site-packages/airflow/providers/postgres/operators/postgres.py", line 92, in execute
    self.hook.run(self.sql, self.autocommit, parameters=self.parameters)
  File "/home/airflow/.local/lib/python3.7/site-packages/airflow/hooks/dbapi.py", line 181, in run
    with closing(self.get_conn()) as conn:
  File "/home/airflow/.local/lib/python3.7/site-packages/airflow/providers/postgres/hooks/postgres.py", line 86, in get_conn
    conn = deepcopy(self.connection or self.get_connection(conn_id))
  File "/home/airflow/.local/lib/python3.7/site-packages/airflow/hooks/base.py", line 67, in get_connection
    conn = Connection.get_connection_from_secrets(conn_id)
  File "/home/airflow/.local/lib/python3.7/site-packages/airflow/models/connection.py", line 430, in get_connection_from_secrets
    raise AirflowNotFoundException(f"The conn_id `{conn_id}` isn't defined")
airflow.exceptions.AirflowNotFoundException: The conn_id `postgres_default` isn't defined
[2022-12-12 12:28:08,596] {taskinstance.py:1400} INFO - Marking task as FAILED. dag_id=prepare_data, task_id=create_table, execution_date=20221128T164200, start_date=20221212T122753, end_date=20221212T122808
[2022-12-12 12:28:09,495] {standard_task_runner.py:97} ERROR - Failed to execute job 10 for task create_table (The conn_id `postgres_default` isn't defined; 257)
[2022-12-12 12:28:09,691] {local_task_job.py:156} INFO - Task exited with return code 1
[2022-12-12 12:28:12,825] {local_task_job.py:273} INFO - 0 downstream tasks scheduled from follow-on schedule check
[2022-12-12 15:12:05,614] {taskinstance.py:1159} INFO - Dependencies all met for <TaskInstance: prepare_data.create_table scheduled__2022-11-28T16:42:00+00:00 [queued]>
[2022-12-12 15:12:06,094] {taskinstance.py:1159} INFO - Dependencies all met for <TaskInstance: prepare_data.create_table scheduled__2022-11-28T16:42:00+00:00 [queued]>
[2022-12-12 15:12:06,099] {taskinstance.py:1356} INFO - 
--------------------------------------------------------------------------------
[2022-12-12 15:12:06,099] {taskinstance.py:1357} INFO - Starting attempt 1 of 1
[2022-12-12 15:12:06,099] {taskinstance.py:1358} INFO - 
--------------------------------------------------------------------------------
[2022-12-12 15:12:07,007] {taskinstance.py:1377} INFO - Executing <Task(PostgresOperator): create_table> on 2022-11-28 16:42:00+00:00
[2022-12-12 15:12:07,221] {standard_task_runner.py:52} INFO - Started process 292 to run task
[2022-12-12 15:12:07,496] {standard_task_runner.py:79} INFO - Running: ['airflow', 'tasks', 'run', 'prepare_data', 'create_table', 'scheduled__2022-11-28T16:42:00+00:00', '--job-id', '10', '--raw', '--subdir', 'DAGS_FOLDER/prepare_data.py', '--cfg-path', '/tmp/tmp66k9t4nt', '--error-file', '/tmp/tmpg9dxwszs']
[2022-12-12 15:12:07,621] {standard_task_runner.py:80} INFO - Job 10: Subtask create_table
[2022-12-12 15:12:10,332] {task_command.py:369} INFO - Running <TaskInstance: prepare_data.create_table scheduled__2022-11-28T16:42:00+00:00 [running]> on host d4eb34144d92
[2022-12-12 15:12:14,927] {taskinstance.py:1571} INFO - Exporting the following env vars:
AIRFLOW_CTX_DAG_OWNER=airflow
AIRFLOW_CTX_DAG_ID=prepare_data
AIRFLOW_CTX_TASK_ID=create_table
AIRFLOW_CTX_EXECUTION_DATE=2022-11-28T16:42:00+00:00
AIRFLOW_CTX_TRY_NUMBER=1
AIRFLOW_CTX_DAG_RUN_ID=scheduled__2022-11-28T16:42:00+00:00
[2022-12-12 15:12:16,359] {taskinstance.py:1889} ERROR - Task failed with exception
Traceback (most recent call last):
  File "/home/airflow/.local/lib/python3.7/site-packages/airflow/providers/postgres/operators/postgres.py", line 92, in execute
    self.hook.run(self.sql, self.autocommit, parameters=self.parameters)
  File "/home/airflow/.local/lib/python3.7/site-packages/airflow/hooks/dbapi.py", line 181, in run
    with closing(self.get_conn()) as conn:
  File "/home/airflow/.local/lib/python3.7/site-packages/airflow/providers/postgres/hooks/postgres.py", line 86, in get_conn
    conn = deepcopy(self.connection or self.get_connection(conn_id))
  File "/home/airflow/.local/lib/python3.7/site-packages/airflow/hooks/base.py", line 67, in get_connection
    conn = Connection.get_connection_from_secrets(conn_id)
  File "/home/airflow/.local/lib/python3.7/site-packages/airflow/models/connection.py", line 430, in get_connection_from_secrets
    raise AirflowNotFoundException(f"The conn_id `{conn_id}` isn't defined")
airflow.exceptions.AirflowNotFoundException: The conn_id `postgres_default` isn't defined
[2022-12-12 15:12:16,541] {taskinstance.py:1400} INFO - Marking task as FAILED. dag_id=prepare_data, task_id=create_table, execution_date=20221128T164200, start_date=20221212T151205, end_date=20221212T151216
[2022-12-12 15:12:17,265] {standard_task_runner.py:97} ERROR - Failed to execute job 10 for task create_table (The conn_id `postgres_default` isn't defined; 292)
[2022-12-12 15:12:17,431] {local_task_job.py:156} INFO - Task exited with return code 1
[2022-12-12 15:12:19,103] {local_task_job.py:273} INFO - 0 downstream tasks scheduled from follow-on schedule check
