[2022-12-12 13:06:08,914] {taskinstance.py:1159} INFO - Dependencies all met for <TaskInstance: prepare_data.get_last_id scheduled__2022-11-28T23:31:00+00:00 [queued]>
[2022-12-12 13:06:09,225] {taskinstance.py:1159} INFO - Dependencies all met for <TaskInstance: prepare_data.get_last_id scheduled__2022-11-28T23:31:00+00:00 [queued]>
[2022-12-12 13:06:09,226] {taskinstance.py:1356} INFO - 
--------------------------------------------------------------------------------
[2022-12-12 13:06:09,226] {taskinstance.py:1357} INFO - Starting attempt 1 of 1
[2022-12-12 13:06:09,226] {taskinstance.py:1358} INFO - 
--------------------------------------------------------------------------------
[2022-12-12 13:06:09,916] {taskinstance.py:1377} INFO - Executing <Task(PythonOperator): get_last_id> on 2022-11-28 23:31:00+00:00
[2022-12-12 13:06:10,037] {standard_task_runner.py:52} INFO - Started process 1850 to run task
[2022-12-12 13:06:10,117] {standard_task_runner.py:79} INFO - Running: ['airflow', 'tasks', 'run', 'prepare_data', 'get_last_id', 'scheduled__2022-11-28T23:31:00+00:00', '--job-id', '647', '--raw', '--subdir', 'DAGS_FOLDER/prepare_data.py', '--cfg-path', '/tmp/tmp4uv7zg12', '--error-file', '/tmp/tmpme_vz2ey']
[2022-12-12 13:06:10,187] {standard_task_runner.py:80} INFO - Job 647: Subtask get_last_id
[2022-12-12 13:06:11,332] {task_command.py:369} INFO - Running <TaskInstance: prepare_data.get_last_id scheduled__2022-11-28T23:31:00+00:00 [running]> on host b778137d8ea6
[2022-12-12 13:06:13,157] {taskinstance.py:1571} INFO - Exporting the following env vars:
AIRFLOW_CTX_DAG_OWNER=airflow
AIRFLOW_CTX_DAG_ID=prepare_data
AIRFLOW_CTX_TASK_ID=get_last_id
AIRFLOW_CTX_EXECUTION_DATE=2022-11-28T23:31:00+00:00
AIRFLOW_CTX_TRY_NUMBER=1
AIRFLOW_CTX_DAG_RUN_ID=scheduled__2022-11-28T23:31:00+00:00
[2022-12-12 13:06:13,564] {base.py:68} INFO - Using connection ID 'postgres_default' for task execution.
[2022-12-12 13:06:14,171] {python.py:173} INFO - Done. Returned value was: None
[2022-12-12 13:06:14,506] {taskinstance.py:1400} INFO - Marking task as SUCCESS. dag_id=prepare_data, task_id=get_last_id, execution_date=20221128T233100, start_date=20221212T130608, end_date=20221212T130614
[2022-12-12 13:06:15,706] {local_task_job.py:156} INFO - Task exited with return code 0
[2022-12-12 13:06:16,604] {local_task_job.py:273} INFO - 1 downstream tasks scheduled from follow-on schedule check
