[2022-12-12 13:11:02,466] {taskinstance.py:1159} INFO - Dependencies all met for <TaskInstance: prepare_data.get_last_id scheduled__2022-11-28T23:55:00+00:00 [queued]>
[2022-12-12 13:11:03,171] {taskinstance.py:1159} INFO - Dependencies all met for <TaskInstance: prepare_data.get_last_id scheduled__2022-11-28T23:55:00+00:00 [queued]>
[2022-12-12 13:11:03,172] {taskinstance.py:1356} INFO - 
--------------------------------------------------------------------------------
[2022-12-12 13:11:03,172] {taskinstance.py:1357} INFO - Starting attempt 1 of 1
[2022-12-12 13:11:03,172] {taskinstance.py:1358} INFO - 
--------------------------------------------------------------------------------
[2022-12-12 13:11:04,035] {taskinstance.py:1377} INFO - Executing <Task(PythonOperator): get_last_id> on 2022-11-28 23:55:00+00:00
[2022-12-12 13:11:04,329] {standard_task_runner.py:52} INFO - Started process 2055 to run task
[2022-12-12 13:11:04,650] {standard_task_runner.py:79} INFO - Running: ['airflow', 'tasks', 'run', 'prepare_data', 'get_last_id', 'scheduled__2022-11-28T23:55:00+00:00', '--job-id', '731', '--raw', '--subdir', 'DAGS_FOLDER/prepare_data.py', '--cfg-path', '/tmp/tmp86w2gfux', '--error-file', '/tmp/tmpbv31wzl_']
[2022-12-12 13:11:04,722] {standard_task_runner.py:80} INFO - Job 731: Subtask get_last_id
[2022-12-12 13:11:06,924] {task_command.py:369} INFO - Running <TaskInstance: prepare_data.get_last_id scheduled__2022-11-28T23:55:00+00:00 [running]> on host b778137d8ea6
[2022-12-12 13:11:10,788] {taskinstance.py:1571} INFO - Exporting the following env vars:
AIRFLOW_CTX_DAG_OWNER=airflow
AIRFLOW_CTX_DAG_ID=prepare_data
AIRFLOW_CTX_TASK_ID=get_last_id
AIRFLOW_CTX_EXECUTION_DATE=2022-11-28T23:55:00+00:00
AIRFLOW_CTX_TRY_NUMBER=1
AIRFLOW_CTX_DAG_RUN_ID=scheduled__2022-11-28T23:55:00+00:00
[2022-12-12 13:11:11,172] {base.py:68} INFO - Using connection ID 'postgres_default' for task execution.
[2022-12-12 13:11:11,912] {python.py:173} INFO - Done. Returned value was: None
[2022-12-12 13:11:13,369] {taskinstance.py:1400} INFO - Marking task as SUCCESS. dag_id=prepare_data, task_id=get_last_id, execution_date=20221128T235500, start_date=20221212T131102, end_date=20221212T131113
[2022-12-12 13:11:13,866] {local_task_job.py:156} INFO - Task exited with return code 0
[2022-12-12 13:11:14,997] {local_task_job.py:273} INFO - 1 downstream tasks scheduled from follow-on schedule check
