[2022-12-12 13:19:10,579] {taskinstance.py:1159} INFO - Dependencies all met for <TaskInstance: prepare_data.get_last_id scheduled__2022-12-12T13:18:00+00:00 [queued]>
[2022-12-12 13:19:10,599] {taskinstance.py:1159} INFO - Dependencies all met for <TaskInstance: prepare_data.get_last_id scheduled__2022-12-12T13:18:00+00:00 [queued]>
[2022-12-12 13:19:10,599] {taskinstance.py:1356} INFO - 
--------------------------------------------------------------------------------
[2022-12-12 13:19:10,599] {taskinstance.py:1357} INFO - Starting attempt 1 of 1
[2022-12-12 13:19:10,599] {taskinstance.py:1358} INFO - 
--------------------------------------------------------------------------------
[2022-12-12 13:19:10,633] {taskinstance.py:1377} INFO - Executing <Task(PythonOperator): get_last_id> on 2022-12-12 13:18:00+00:00
[2022-12-12 13:19:10,643] {standard_task_runner.py:52} INFO - Started process 2414 to run task
[2022-12-12 13:19:10,664] {standard_task_runner.py:79} INFO - Running: ['airflow', 'tasks', 'run', 'prepare_data', 'get_last_id', 'scheduled__2022-12-12T13:18:00+00:00', '--job-id', '879', '--raw', '--subdir', 'DAGS_FOLDER/prepare_data.py', '--cfg-path', '/tmp/tmp7zzxu7xe', '--error-file', '/tmp/tmpyian78yv']
[2022-12-12 13:19:10,665] {standard_task_runner.py:80} INFO - Job 879: Subtask get_last_id
[2022-12-12 13:19:11,125] {task_command.py:369} INFO - Running <TaskInstance: prepare_data.get_last_id scheduled__2022-12-12T13:18:00+00:00 [running]> on host b778137d8ea6
[2022-12-12 13:19:11,430] {taskinstance.py:1571} INFO - Exporting the following env vars:
AIRFLOW_CTX_DAG_OWNER=airflow
AIRFLOW_CTX_DAG_ID=prepare_data
AIRFLOW_CTX_TASK_ID=get_last_id
AIRFLOW_CTX_EXECUTION_DATE=2022-12-12T13:18:00+00:00
AIRFLOW_CTX_TRY_NUMBER=1
AIRFLOW_CTX_DAG_RUN_ID=scheduled__2022-12-12T13:18:00+00:00
[2022-12-12 13:19:11,469] {base.py:68} INFO - Using connection ID 'postgres_default' for task execution.
[2022-12-12 13:19:11,583] {python.py:173} INFO - Done. Returned value was: None
[2022-12-12 13:19:11,679] {taskinstance.py:1400} INFO - Marking task as SUCCESS. dag_id=prepare_data, task_id=get_last_id, execution_date=20221212T131800, start_date=20221212T131910, end_date=20221212T131911
[2022-12-12 13:19:11,775] {local_task_job.py:156} INFO - Task exited with return code 0
[2022-12-12 13:19:12,209] {local_task_job.py:273} INFO - 0 downstream tasks scheduled from follow-on schedule check
