[2022-12-03 14:46:13,779] {taskinstance.py:1159} INFO - Dependencies all met for <TaskInstance: prepare_data.create_table scheduled__2022-11-28T17:23:00+00:00 [queued]>
[2022-12-03 14:46:14,082] {taskinstance.py:1159} INFO - Dependencies all met for <TaskInstance: prepare_data.create_table scheduled__2022-11-28T17:23:00+00:00 [queued]>
[2022-12-03 14:46:14,082] {taskinstance.py:1356} INFO - 
--------------------------------------------------------------------------------
[2022-12-03 14:46:14,082] {taskinstance.py:1357} INFO - Starting attempt 1 of 1
[2022-12-03 14:46:14,083] {taskinstance.py:1358} INFO - 
--------------------------------------------------------------------------------
[2022-12-03 14:46:14,460] {taskinstance.py:1377} INFO - Executing <Task(PostgresOperator): create_table> on 2022-11-28 17:23:00+00:00
[2022-12-03 14:46:14,531] {standard_task_runner.py:52} INFO - Started process 374 to run task
[2022-12-03 14:46:14,603] {standard_task_runner.py:79} INFO - Running: ['airflow', 'tasks', 'run', 'prepare_data', 'create_table', 'scheduled__2022-11-28T17:23:00+00:00', '--job-id', '51', '--raw', '--subdir', 'DAGS_FOLDER/prepare_data.py', '--cfg-path', '/tmp/tmpyzwerifs', '--error-file', '/tmp/tmpm5znnkfk']
[2022-12-03 14:46:14,634] {standard_task_runner.py:80} INFO - Job 51: Subtask create_table
[2022-12-03 14:46:15,576] {task_command.py:369} INFO - Running <TaskInstance: prepare_data.create_table scheduled__2022-11-28T17:23:00+00:00 [running]> on host b41792e8e843
[2022-12-03 14:46:16,838] {taskinstance.py:1571} INFO - Exporting the following env vars:
AIRFLOW_CTX_DAG_OWNER=airflow
AIRFLOW_CTX_DAG_ID=prepare_data
AIRFLOW_CTX_TASK_ID=create_table
AIRFLOW_CTX_EXECUTION_DATE=2022-11-28T17:23:00+00:00
AIRFLOW_CTX_TRY_NUMBER=1
AIRFLOW_CTX_DAG_RUN_ID=scheduled__2022-11-28T17:23:00+00:00
[2022-12-03 14:46:17,199] {taskinstance.py:1889} ERROR - Task failed with exception
Traceback (most recent call last):
  File "/home/airflow/.local/lib/python3.7/site-packages/airflow/providers/postgres/operators/postgres.py", line 92, in execute
    self.hook.run(self.sql, self.autocommit, parameters=self.parameters)
  File "/home/airflow/.local/lib/python3.7/site-packages/airflow/hooks/dbapi.py", line 181, in run
    with closing(self.get_conn()) as conn:
  File "/home/airflow/.local/lib/python3.7/site-packages/airflow/providers/postgres/hooks/postgres.py", line 86, in get_conn
    conn = deepcopy(self.connection or self.get_connection(conn_id))
  File "/home/airflow/.local/lib/python3.7/site-packages/airflow/hooks/base.py", line 67, in get_connection
    conn = Connection.get_connection_from_secrets(conn_id)
  File "/home/airflow/.local/lib/python3.7/site-packages/airflow/models/connection.py", line 430, in get_connection_from_secrets
    raise AirflowNotFoundException(f"The conn_id `{conn_id}` isn't defined")
airflow.exceptions.AirflowNotFoundException: The conn_id `postgres_default` isn't defined
[2022-12-03 14:46:17,248] {taskinstance.py:1400} INFO - Marking task as FAILED. dag_id=prepare_data, task_id=create_table, execution_date=20221128T172300, start_date=20221203T144613, end_date=20221203T144617
[2022-12-03 14:46:17,334] {standard_task_runner.py:97} ERROR - Failed to execute job 51 for task create_table (The conn_id `postgres_default` isn't defined; 374)
[2022-12-03 14:46:17,399] {local_task_job.py:156} INFO - Task exited with return code 1
[2022-12-03 14:46:18,026] {local_task_job.py:273} INFO - 0 downstream tasks scheduled from follow-on schedule check
[2022-12-12 12:31:44,887] {taskinstance.py:1159} INFO - Dependencies all met for <TaskInstance: prepare_data.create_table scheduled__2022-11-28T17:23:00+00:00 [queued]>
[2022-12-12 12:31:45,154] {taskinstance.py:1159} INFO - Dependencies all met for <TaskInstance: prepare_data.create_table scheduled__2022-11-28T17:23:00+00:00 [queued]>
[2022-12-12 12:31:45,154] {taskinstance.py:1356} INFO - 
--------------------------------------------------------------------------------
[2022-12-12 12:31:45,154] {taskinstance.py:1357} INFO - Starting attempt 1 of 1
[2022-12-12 12:31:45,155] {taskinstance.py:1358} INFO - 
--------------------------------------------------------------------------------
[2022-12-12 12:31:45,387] {taskinstance.py:1377} INFO - Executing <Task(PostgresOperator): create_table> on 2022-11-28 17:23:00+00:00
[2022-12-12 12:31:45,455] {standard_task_runner.py:52} INFO - Started process 370 to run task
[2022-12-12 12:31:45,586] {standard_task_runner.py:79} INFO - Running: ['airflow', 'tasks', 'run', 'prepare_data', 'create_table', 'scheduled__2022-11-28T17:23:00+00:00', '--job-id', '51', '--raw', '--subdir', 'DAGS_FOLDER/prepare_data.py', '--cfg-path', '/tmp/tmp8qr_n_7r', '--error-file', '/tmp/tmp77ecs1za']
[2022-12-12 12:31:45,630] {standard_task_runner.py:80} INFO - Job 51: Subtask create_table
[2022-12-12 12:31:46,309] {task_command.py:369} INFO - Running <TaskInstance: prepare_data.create_table scheduled__2022-11-28T17:23:00+00:00 [running]> on host b778137d8ea6
[2022-12-12 12:31:48,515] {taskinstance.py:1571} INFO - Exporting the following env vars:
AIRFLOW_CTX_DAG_OWNER=airflow
AIRFLOW_CTX_DAG_ID=prepare_data
AIRFLOW_CTX_TASK_ID=create_table
AIRFLOW_CTX_EXECUTION_DATE=2022-11-28T17:23:00+00:00
AIRFLOW_CTX_TRY_NUMBER=1
AIRFLOW_CTX_DAG_RUN_ID=scheduled__2022-11-28T17:23:00+00:00
[2022-12-12 12:31:49,188] {taskinstance.py:1889} ERROR - Task failed with exception
Traceback (most recent call last):
  File "/home/airflow/.local/lib/python3.7/site-packages/airflow/providers/postgres/operators/postgres.py", line 92, in execute
    self.hook.run(self.sql, self.autocommit, parameters=self.parameters)
  File "/home/airflow/.local/lib/python3.7/site-packages/airflow/hooks/dbapi.py", line 181, in run
    with closing(self.get_conn()) as conn:
  File "/home/airflow/.local/lib/python3.7/site-packages/airflow/providers/postgres/hooks/postgres.py", line 86, in get_conn
    conn = deepcopy(self.connection or self.get_connection(conn_id))
  File "/home/airflow/.local/lib/python3.7/site-packages/airflow/hooks/base.py", line 67, in get_connection
    conn = Connection.get_connection_from_secrets(conn_id)
  File "/home/airflow/.local/lib/python3.7/site-packages/airflow/models/connection.py", line 430, in get_connection_from_secrets
    raise AirflowNotFoundException(f"The conn_id `{conn_id}` isn't defined")
airflow.exceptions.AirflowNotFoundException: The conn_id `postgres_default` isn't defined
[2022-12-12 12:31:49,221] {taskinstance.py:1400} INFO - Marking task as FAILED. dag_id=prepare_data, task_id=create_table, execution_date=20221128T172300, start_date=20221212T123144, end_date=20221212T123149
[2022-12-12 12:31:49,386] {standard_task_runner.py:97} ERROR - Failed to execute job 51 for task create_table (The conn_id `postgres_default` isn't defined; 370)
[2022-12-12 12:31:49,466] {local_task_job.py:156} INFO - Task exited with return code 1
[2022-12-12 12:31:51,383] {local_task_job.py:273} INFO - 0 downstream tasks scheduled from follow-on schedule check
[2022-12-12 15:19:04,518] {taskinstance.py:1159} INFO - Dependencies all met for <TaskInstance: prepare_data.create_table scheduled__2022-11-28T17:23:00+00:00 [queued]>
[2022-12-12 15:19:05,239] {taskinstance.py:1159} INFO - Dependencies all met for <TaskInstance: prepare_data.create_table scheduled__2022-11-28T17:23:00+00:00 [queued]>
[2022-12-12 15:19:05,239] {taskinstance.py:1356} INFO - 
--------------------------------------------------------------------------------
[2022-12-12 15:19:05,240] {taskinstance.py:1357} INFO - Starting attempt 1 of 1
[2022-12-12 15:19:05,240] {taskinstance.py:1358} INFO - 
--------------------------------------------------------------------------------
[2022-12-12 15:19:05,652] {taskinstance.py:1377} INFO - Executing <Task(PostgresOperator): create_table> on 2022-11-28 17:23:00+00:00
[2022-12-12 15:19:05,678] {standard_task_runner.py:52} INFO - Started process 423 to run task
[2022-12-12 15:19:05,736] {standard_task_runner.py:79} INFO - Running: ['airflow', 'tasks', 'run', 'prepare_data', 'create_table', 'scheduled__2022-11-28T17:23:00+00:00', '--job-id', '51', '--raw', '--subdir', 'DAGS_FOLDER/prepare_data.py', '--cfg-path', '/tmp/tmphbadjl35', '--error-file', '/tmp/tmpsew_xoqp']
[2022-12-12 15:19:05,760] {standard_task_runner.py:80} INFO - Job 51: Subtask create_table
[2022-12-12 15:19:09,281] {task_command.py:369} INFO - Running <TaskInstance: prepare_data.create_table scheduled__2022-11-28T17:23:00+00:00 [running]> on host d4eb34144d92
[2022-12-12 15:19:13,008] {taskinstance.py:1571} INFO - Exporting the following env vars:
AIRFLOW_CTX_DAG_OWNER=airflow
AIRFLOW_CTX_DAG_ID=prepare_data
AIRFLOW_CTX_TASK_ID=create_table
AIRFLOW_CTX_EXECUTION_DATE=2022-11-28T17:23:00+00:00
AIRFLOW_CTX_TRY_NUMBER=1
AIRFLOW_CTX_DAG_RUN_ID=scheduled__2022-11-28T17:23:00+00:00
[2022-12-12 15:19:13,845] {taskinstance.py:1889} ERROR - Task failed with exception
Traceback (most recent call last):
  File "/home/airflow/.local/lib/python3.7/site-packages/airflow/providers/postgres/operators/postgres.py", line 92, in execute
    self.hook.run(self.sql, self.autocommit, parameters=self.parameters)
  File "/home/airflow/.local/lib/python3.7/site-packages/airflow/hooks/dbapi.py", line 181, in run
    with closing(self.get_conn()) as conn:
  File "/home/airflow/.local/lib/python3.7/site-packages/airflow/providers/postgres/hooks/postgres.py", line 86, in get_conn
    conn = deepcopy(self.connection or self.get_connection(conn_id))
  File "/home/airflow/.local/lib/python3.7/site-packages/airflow/hooks/base.py", line 67, in get_connection
    conn = Connection.get_connection_from_secrets(conn_id)
  File "/home/airflow/.local/lib/python3.7/site-packages/airflow/models/connection.py", line 430, in get_connection_from_secrets
    raise AirflowNotFoundException(f"The conn_id `{conn_id}` isn't defined")
airflow.exceptions.AirflowNotFoundException: The conn_id `postgres_default` isn't defined
[2022-12-12 15:19:13,910] {taskinstance.py:1400} INFO - Marking task as FAILED. dag_id=prepare_data, task_id=create_table, execution_date=20221128T172300, start_date=20221212T151904, end_date=20221212T151913
[2022-12-12 15:19:14,167] {standard_task_runner.py:97} ERROR - Failed to execute job 51 for task create_table (The conn_id `postgres_default` isn't defined; 423)
[2022-12-12 15:19:14,234] {local_task_job.py:156} INFO - Task exited with return code 1
[2022-12-12 15:19:14,694] {local_task_job.py:273} INFO - 0 downstream tasks scheduled from follow-on schedule check
