[2022-12-03 14:52:11,440] {taskinstance.py:1159} INFO - Dependencies all met for <TaskInstance: prepare_data.transfer_data scheduled__2022-11-28T18:17:00+00:00 [queued]>
[2022-12-03 14:52:12,688] {taskinstance.py:1159} INFO - Dependencies all met for <TaskInstance: prepare_data.transfer_data scheduled__2022-11-28T18:17:00+00:00 [queued]>
[2022-12-03 14:52:12,689] {taskinstance.py:1356} INFO - 
--------------------------------------------------------------------------------
[2022-12-03 14:52:12,689] {taskinstance.py:1357} INFO - Starting attempt 1 of 1
[2022-12-03 14:52:12,697] {taskinstance.py:1358} INFO - 
--------------------------------------------------------------------------------
[2022-12-03 14:52:14,359] {taskinstance.py:1377} INFO - Executing <Task(PythonOperator): transfer_data> on 2022-11-28 18:17:00+00:00
[2022-12-03 14:52:14,980] {standard_task_runner.py:52} INFO - Started process 580 to run task
[2022-12-03 14:52:15,672] {standard_task_runner.py:79} INFO - Running: ['airflow', 'tasks', 'run', 'prepare_data', 'transfer_data', 'scheduled__2022-11-28T18:17:00+00:00', '--job-id', '128', '--raw', '--subdir', 'DAGS_FOLDER/prepare_data.py', '--cfg-path', '/tmp/tmpknacpwpx', '--error-file', '/tmp/tmpaqadc7ku']
[2022-12-03 14:52:15,748] {standard_task_runner.py:80} INFO - Job 128: Subtask transfer_data
[2022-12-03 14:52:23,115] {task_command.py:369} INFO - Running <TaskInstance: prepare_data.transfer_data scheduled__2022-11-28T18:17:00+00:00 [running]> on host b41792e8e843
[2022-12-03 14:52:29,184] {taskinstance.py:1571} INFO - Exporting the following env vars:
AIRFLOW_CTX_DAG_OWNER=airflow
AIRFLOW_CTX_DAG_ID=prepare_data
AIRFLOW_CTX_TASK_ID=transfer_data
AIRFLOW_CTX_EXECUTION_DATE=2022-11-28T18:17:00+00:00
AIRFLOW_CTX_TRY_NUMBER=1
AIRFLOW_CTX_DAG_RUN_ID=scheduled__2022-11-28T18:17:00+00:00
[2022-12-03 14:52:30,355] {base.py:68} INFO - Using connection ID 'postgres_default' for task execution.
[2022-12-03 14:52:35,162] {python.py:173} INFO - Done. Returned value was: None
[2022-12-03 14:52:35,912] {taskinstance.py:1400} INFO - Marking task as SUCCESS. dag_id=prepare_data, task_id=transfer_data, execution_date=20221128T181700, start_date=20221203T145211, end_date=20221203T145235
[2022-12-03 14:52:37,568] {local_task_job.py:156} INFO - Task exited with return code 0
[2022-12-03 14:52:41,432] {local_task_job.py:273} INFO - 0 downstream tasks scheduled from follow-on schedule check
