[2022-12-03 14:45:25,867] {taskinstance.py:1159} INFO - Dependencies all met for <TaskInstance: prepare_data.create_table scheduled__2022-11-28T17:08:00+00:00 [queued]>
[2022-12-03 14:45:25,990] {taskinstance.py:1159} INFO - Dependencies all met for <TaskInstance: prepare_data.create_table scheduled__2022-11-28T17:08:00+00:00 [queued]>
[2022-12-03 14:45:25,991] {taskinstance.py:1356} INFO - 
--------------------------------------------------------------------------------
[2022-12-03 14:45:25,991] {taskinstance.py:1357} INFO - Starting attempt 1 of 1
[2022-12-03 14:45:25,991] {taskinstance.py:1358} INFO - 
--------------------------------------------------------------------------------
[2022-12-03 14:45:26,514] {taskinstance.py:1377} INFO - Executing <Task(PostgresOperator): create_table> on 2022-11-28 17:08:00+00:00
[2022-12-03 14:45:26,595] {standard_task_runner.py:79} INFO - Running: ['airflow', 'tasks', 'run', 'prepare_data', 'create_table', 'scheduled__2022-11-28T17:08:00+00:00', '--job-id', '36', '--raw', '--subdir', 'DAGS_FOLDER/prepare_data.py', '--cfg-path', '/tmp/tmpn02c9j5t', '--error-file', '/tmp/tmpc3oxpfx6']
[2022-12-03 14:45:26,609] {standard_task_runner.py:80} INFO - Job 36: Subtask create_table
[2022-12-03 14:45:26,552] {standard_task_runner.py:52} INFO - Started process 340 to run task
[2022-12-03 14:45:28,094] {task_command.py:369} INFO - Running <TaskInstance: prepare_data.create_table scheduled__2022-11-28T17:08:00+00:00 [running]> on host b41792e8e843
[2022-12-03 14:45:30,866] {taskinstance.py:1571} INFO - Exporting the following env vars:
AIRFLOW_CTX_DAG_OWNER=airflow
AIRFLOW_CTX_DAG_ID=prepare_data
AIRFLOW_CTX_TASK_ID=create_table
AIRFLOW_CTX_EXECUTION_DATE=2022-11-28T17:08:00+00:00
AIRFLOW_CTX_TRY_NUMBER=1
AIRFLOW_CTX_DAG_RUN_ID=scheduled__2022-11-28T17:08:00+00:00
[2022-12-03 14:45:31,368] {taskinstance.py:1889} ERROR - Task failed with exception
Traceback (most recent call last):
  File "/home/airflow/.local/lib/python3.7/site-packages/airflow/providers/postgres/operators/postgres.py", line 92, in execute
    self.hook.run(self.sql, self.autocommit, parameters=self.parameters)
  File "/home/airflow/.local/lib/python3.7/site-packages/airflow/hooks/dbapi.py", line 181, in run
    with closing(self.get_conn()) as conn:
  File "/home/airflow/.local/lib/python3.7/site-packages/airflow/providers/postgres/hooks/postgres.py", line 86, in get_conn
    conn = deepcopy(self.connection or self.get_connection(conn_id))
  File "/home/airflow/.local/lib/python3.7/site-packages/airflow/hooks/base.py", line 67, in get_connection
    conn = Connection.get_connection_from_secrets(conn_id)
  File "/home/airflow/.local/lib/python3.7/site-packages/airflow/models/connection.py", line 430, in get_connection_from_secrets
    raise AirflowNotFoundException(f"The conn_id `{conn_id}` isn't defined")
airflow.exceptions.AirflowNotFoundException: The conn_id `postgres_default` isn't defined
[2022-12-03 14:45:31,408] {taskinstance.py:1400} INFO - Marking task as FAILED. dag_id=prepare_data, task_id=create_table, execution_date=20221128T170800, start_date=20221203T144525, end_date=20221203T144531
[2022-12-03 14:45:32,424] {standard_task_runner.py:97} ERROR - Failed to execute job 36 for task create_table (The conn_id `postgres_default` isn't defined; 340)
[2022-12-03 14:45:32,516] {local_task_job.py:156} INFO - Task exited with return code 1
[2022-12-03 14:45:34,128] {local_task_job.py:273} INFO - 0 downstream tasks scheduled from follow-on schedule check
[2022-12-12 12:31:04,323] {taskinstance.py:1159} INFO - Dependencies all met for <TaskInstance: prepare_data.create_table scheduled__2022-11-28T17:08:00+00:00 [queued]>
[2022-12-12 12:31:04,420] {taskinstance.py:1159} INFO - Dependencies all met for <TaskInstance: prepare_data.create_table scheduled__2022-11-28T17:08:00+00:00 [queued]>
[2022-12-12 12:31:04,420] {taskinstance.py:1356} INFO - 
--------------------------------------------------------------------------------
[2022-12-12 12:31:04,420] {taskinstance.py:1357} INFO - Starting attempt 1 of 1
[2022-12-12 12:31:04,420] {taskinstance.py:1358} INFO - 
--------------------------------------------------------------------------------
[2022-12-12 12:31:04,656] {taskinstance.py:1377} INFO - Executing <Task(PostgresOperator): create_table> on 2022-11-28 17:08:00+00:00
[2022-12-12 12:31:04,703] {standard_task_runner.py:52} INFO - Started process 333 to run task
[2022-12-12 12:31:04,738] {standard_task_runner.py:79} INFO - Running: ['airflow', 'tasks', 'run', 'prepare_data', 'create_table', 'scheduled__2022-11-28T17:08:00+00:00', '--job-id', '36', '--raw', '--subdir', 'DAGS_FOLDER/prepare_data.py', '--cfg-path', '/tmp/tmp35jdc8li', '--error-file', '/tmp/tmphff4zugu']
[2022-12-12 12:31:04,800] {standard_task_runner.py:80} INFO - Job 36: Subtask create_table
[2022-12-12 12:31:05,773] {task_command.py:369} INFO - Running <TaskInstance: prepare_data.create_table scheduled__2022-11-28T17:08:00+00:00 [running]> on host b778137d8ea6
[2022-12-12 12:31:07,002] {taskinstance.py:1571} INFO - Exporting the following env vars:
AIRFLOW_CTX_DAG_OWNER=airflow
AIRFLOW_CTX_DAG_ID=prepare_data
AIRFLOW_CTX_TASK_ID=create_table
AIRFLOW_CTX_EXECUTION_DATE=2022-11-28T17:08:00+00:00
AIRFLOW_CTX_TRY_NUMBER=1
AIRFLOW_CTX_DAG_RUN_ID=scheduled__2022-11-28T17:08:00+00:00
[2022-12-12 12:31:07,371] {taskinstance.py:1889} ERROR - Task failed with exception
Traceback (most recent call last):
  File "/home/airflow/.local/lib/python3.7/site-packages/airflow/providers/postgres/operators/postgres.py", line 92, in execute
    self.hook.run(self.sql, self.autocommit, parameters=self.parameters)
  File "/home/airflow/.local/lib/python3.7/site-packages/airflow/hooks/dbapi.py", line 181, in run
    with closing(self.get_conn()) as conn:
  File "/home/airflow/.local/lib/python3.7/site-packages/airflow/providers/postgres/hooks/postgres.py", line 86, in get_conn
    conn = deepcopy(self.connection or self.get_connection(conn_id))
  File "/home/airflow/.local/lib/python3.7/site-packages/airflow/hooks/base.py", line 67, in get_connection
    conn = Connection.get_connection_from_secrets(conn_id)
  File "/home/airflow/.local/lib/python3.7/site-packages/airflow/models/connection.py", line 430, in get_connection_from_secrets
    raise AirflowNotFoundException(f"The conn_id `{conn_id}` isn't defined")
airflow.exceptions.AirflowNotFoundException: The conn_id `postgres_default` isn't defined
[2022-12-12 12:31:07,440] {taskinstance.py:1400} INFO - Marking task as FAILED. dag_id=prepare_data, task_id=create_table, execution_date=20221128T170800, start_date=20221212T123104, end_date=20221212T123107
[2022-12-12 12:31:07,712] {standard_task_runner.py:97} ERROR - Failed to execute job 36 for task create_table (The conn_id `postgres_default` isn't defined; 333)
[2022-12-12 12:31:07,783] {local_task_job.py:156} INFO - Task exited with return code 1
[2022-12-12 12:31:08,462] {local_task_job.py:273} INFO - 0 downstream tasks scheduled from follow-on schedule check
[2022-12-12 15:16:42,293] {taskinstance.py:1159} INFO - Dependencies all met for <TaskInstance: prepare_data.create_table scheduled__2022-11-28T17:08:00+00:00 [queued]>
[2022-12-12 15:16:43,238] {taskinstance.py:1159} INFO - Dependencies all met for <TaskInstance: prepare_data.create_table scheduled__2022-11-28T17:08:00+00:00 [queued]>
[2022-12-12 15:16:43,271] {taskinstance.py:1356} INFO - 
--------------------------------------------------------------------------------
[2022-12-12 15:16:43,271] {taskinstance.py:1357} INFO - Starting attempt 1 of 1
[2022-12-12 15:16:43,271] {taskinstance.py:1358} INFO - 
--------------------------------------------------------------------------------
[2022-12-12 15:16:45,241] {taskinstance.py:1377} INFO - Executing <Task(PostgresOperator): create_table> on 2022-11-28 17:08:00+00:00
[2022-12-12 15:16:45,590] {standard_task_runner.py:52} INFO - Started process 378 to run task
[2022-12-12 15:16:46,275] {standard_task_runner.py:79} INFO - Running: ['airflow', 'tasks', 'run', 'prepare_data', 'create_table', 'scheduled__2022-11-28T17:08:00+00:00', '--job-id', '36', '--raw', '--subdir', 'DAGS_FOLDER/prepare_data.py', '--cfg-path', '/tmp/tmps49qoh4r', '--error-file', '/tmp/tmpifnqto7h']
[2022-12-12 15:16:46,278] {standard_task_runner.py:80} INFO - Job 36: Subtask create_table
[2022-12-12 15:16:50,797] {task_command.py:369} INFO - Running <TaskInstance: prepare_data.create_table scheduled__2022-11-28T17:08:00+00:00 [running]> on host d4eb34144d92
[2022-12-12 15:17:00,017] {taskinstance.py:1571} INFO - Exporting the following env vars:
AIRFLOW_CTX_DAG_OWNER=airflow
AIRFLOW_CTX_DAG_ID=prepare_data
AIRFLOW_CTX_TASK_ID=create_table
AIRFLOW_CTX_EXECUTION_DATE=2022-11-28T17:08:00+00:00
AIRFLOW_CTX_TRY_NUMBER=1
AIRFLOW_CTX_DAG_RUN_ID=scheduled__2022-11-28T17:08:00+00:00
[2022-12-12 15:17:02,142] {taskinstance.py:1889} ERROR - Task failed with exception
Traceback (most recent call last):
  File "/home/airflow/.local/lib/python3.7/site-packages/airflow/providers/postgres/operators/postgres.py", line 92, in execute
    self.hook.run(self.sql, self.autocommit, parameters=self.parameters)
  File "/home/airflow/.local/lib/python3.7/site-packages/airflow/hooks/dbapi.py", line 181, in run
    with closing(self.get_conn()) as conn:
  File "/home/airflow/.local/lib/python3.7/site-packages/airflow/providers/postgres/hooks/postgres.py", line 86, in get_conn
    conn = deepcopy(self.connection or self.get_connection(conn_id))
  File "/home/airflow/.local/lib/python3.7/site-packages/airflow/hooks/base.py", line 67, in get_connection
    conn = Connection.get_connection_from_secrets(conn_id)
  File "/home/airflow/.local/lib/python3.7/site-packages/airflow/models/connection.py", line 430, in get_connection_from_secrets
    raise AirflowNotFoundException(f"The conn_id `{conn_id}` isn't defined")
airflow.exceptions.AirflowNotFoundException: The conn_id `postgres_default` isn't defined
[2022-12-12 15:17:02,442] {taskinstance.py:1400} INFO - Marking task as FAILED. dag_id=prepare_data, task_id=create_table, execution_date=20221128T170800, start_date=20221212T151642, end_date=20221212T151702
[2022-12-12 15:17:03,075] {standard_task_runner.py:97} ERROR - Failed to execute job 36 for task create_table (The conn_id `postgres_default` isn't defined; 378)
[2022-12-12 15:17:03,327] {local_task_job.py:156} INFO - Task exited with return code 1
[2022-12-12 15:17:05,784] {local_task_job.py:273} INFO - 0 downstream tasks scheduled from follow-on schedule check
