[2022-12-12 13:14:53,317] {taskinstance.py:1159} INFO - Dependencies all met for <TaskInstance: prepare_data.create_table scheduled__2022-11-29T00:19:00+00:00 [queued]>
[2022-12-12 13:14:54,331] {taskinstance.py:1159} INFO - Dependencies all met for <TaskInstance: prepare_data.create_table scheduled__2022-11-29T00:19:00+00:00 [queued]>
[2022-12-12 13:14:54,335] {taskinstance.py:1356} INFO - 
--------------------------------------------------------------------------------
[2022-12-12 13:14:54,336] {taskinstance.py:1357} INFO - Starting attempt 1 of 1
[2022-12-12 13:14:54,336] {taskinstance.py:1358} INFO - 
--------------------------------------------------------------------------------
[2022-12-12 13:14:55,492] {taskinstance.py:1377} INFO - Executing <Task(PostgresOperator): create_table> on 2022-11-29 00:19:00+00:00
[2022-12-12 13:14:55,658] {standard_task_runner.py:52} INFO - Started process 2224 to run task
[2022-12-12 13:14:55,961] {standard_task_runner.py:79} INFO - Running: ['airflow', 'tasks', 'run', 'prepare_data', 'create_table', 'scheduled__2022-11-29T00:19:00+00:00', '--job-id', '798', '--raw', '--subdir', 'DAGS_FOLDER/prepare_data.py', '--cfg-path', '/tmp/tmpxfig6vun', '--error-file', '/tmp/tmp2q2lzjr5']
[2022-12-12 13:14:56,092] {standard_task_runner.py:80} INFO - Job 798: Subtask create_table
[2022-12-12 13:14:59,470] {task_command.py:369} INFO - Running <TaskInstance: prepare_data.create_table scheduled__2022-11-29T00:19:00+00:00 [running]> on host b778137d8ea6
[2022-12-12 13:15:04,491] {taskinstance.py:1571} INFO - Exporting the following env vars:
AIRFLOW_CTX_DAG_OWNER=airflow
AIRFLOW_CTX_DAG_ID=prepare_data
AIRFLOW_CTX_TASK_ID=create_table
AIRFLOW_CTX_EXECUTION_DATE=2022-11-29T00:19:00+00:00
AIRFLOW_CTX_TRY_NUMBER=1
AIRFLOW_CTX_DAG_RUN_ID=scheduled__2022-11-29T00:19:00+00:00
[2022-12-12 13:15:04,886] {base.py:68} INFO - Using connection ID 'postgres_default' for task execution.
[2022-12-12 13:15:05,052] {dbapi.py:208} INFO - Running statement: CREATE TABLE IF NOT EXISTS prepared_data (
	id SERIAL,
	sensor_id BIGINT,
	longitude FLOAT,
	latitude FLOAT,
	controller_id BIGINT,
	datetime TIMESTAMP WITH TIME ZONE,
	temperature INTEGER
);, parameters: None
[2022-12-12 13:15:05,069] {postgres.py:94} INFO - NOTICE:  relation "prepared_data" already exists, skipping

[2022-12-12 13:15:08,033] {taskinstance.py:1400} INFO - Marking task as SUCCESS. dag_id=prepare_data, task_id=create_table, execution_date=20221129T001900, start_date=20221212T131453, end_date=20221212T131508
[2022-12-12 13:15:09,551] {local_task_job.py:156} INFO - Task exited with return code 0
[2022-12-12 13:15:11,871] {local_task_job.py:273} INFO - 1 downstream tasks scheduled from follow-on schedule check
