[2022-12-03 14:59:11,625] {taskinstance.py:1159} INFO - Dependencies all met for <TaskInstance: prepare_data.get_last_id scheduled__2022-11-28T18:50:00+00:00 [queued]>
[2022-12-03 14:59:11,972] {taskinstance.py:1159} INFO - Dependencies all met for <TaskInstance: prepare_data.get_last_id scheduled__2022-11-28T18:50:00+00:00 [queued]>
[2022-12-03 14:59:11,972] {taskinstance.py:1356} INFO - 
--------------------------------------------------------------------------------
[2022-12-03 14:59:11,972] {taskinstance.py:1357} INFO - Starting attempt 1 of 1
[2022-12-03 14:59:11,972] {taskinstance.py:1358} INFO - 
--------------------------------------------------------------------------------
[2022-12-03 14:59:12,715] {taskinstance.py:1377} INFO - Executing <Task(PythonOperator): get_last_id> on 2022-11-28 18:50:00+00:00
[2022-12-03 14:59:12,859] {standard_task_runner.py:52} INFO - Started process 806 to run task
[2022-12-03 14:59:13,052] {standard_task_runner.py:79} INFO - Running: ['airflow', 'tasks', 'run', 'prepare_data', 'get_last_id', 'scheduled__2022-11-28T18:50:00+00:00', '--job-id', '215', '--raw', '--subdir', 'DAGS_FOLDER/prepare_data.py', '--cfg-path', '/tmp/tmp0vcv07oy', '--error-file', '/tmp/tmpblduz7o_']
[2022-12-03 14:59:13,155] {standard_task_runner.py:80} INFO - Job 215: Subtask get_last_id
[2022-12-03 14:59:16,528] {task_command.py:369} INFO - Running <TaskInstance: prepare_data.get_last_id scheduled__2022-11-28T18:50:00+00:00 [running]> on host b41792e8e843
[2022-12-03 14:59:21,382] {taskinstance.py:1571} INFO - Exporting the following env vars:
AIRFLOW_CTX_DAG_OWNER=airflow
AIRFLOW_CTX_DAG_ID=prepare_data
AIRFLOW_CTX_TASK_ID=get_last_id
AIRFLOW_CTX_EXECUTION_DATE=2022-11-28T18:50:00+00:00
AIRFLOW_CTX_TRY_NUMBER=1
AIRFLOW_CTX_DAG_RUN_ID=scheduled__2022-11-28T18:50:00+00:00
[2022-12-03 14:59:21,814] {base.py:68} INFO - Using connection ID 'postgres_default' for task execution.
[2022-12-03 14:59:22,578] {python.py:173} INFO - Done. Returned value was: None
[2022-12-03 14:59:23,111] {taskinstance.py:1400} INFO - Marking task as SUCCESS. dag_id=prepare_data, task_id=get_last_id, execution_date=20221128T185000, start_date=20221203T145911, end_date=20221203T145923
[2022-12-03 14:59:24,243] {local_task_job.py:156} INFO - Task exited with return code 0
[2022-12-03 14:59:25,761] {local_task_job.py:273} INFO - 1 downstream tasks scheduled from follow-on schedule check
