[2022-12-03 14:45:03,555] {taskinstance.py:1159} INFO - Dependencies all met for <TaskInstance: prepare_data.create_table scheduled__2022-11-28T17:02:00+00:00 [queued]>
[2022-12-03 14:45:03,858] {taskinstance.py:1159} INFO - Dependencies all met for <TaskInstance: prepare_data.create_table scheduled__2022-11-28T17:02:00+00:00 [queued]>
[2022-12-03 14:45:03,858] {taskinstance.py:1356} INFO - 
--------------------------------------------------------------------------------
[2022-12-03 14:45:03,860] {taskinstance.py:1357} INFO - Starting attempt 1 of 1
[2022-12-03 14:45:03,861] {taskinstance.py:1358} INFO - 
--------------------------------------------------------------------------------
[2022-12-03 14:45:04,902] {taskinstance.py:1377} INFO - Executing <Task(PostgresOperator): create_table> on 2022-11-28 17:02:00+00:00
[2022-12-03 14:45:04,958] {standard_task_runner.py:52} INFO - Started process 323 to run task
[2022-12-03 14:45:05,027] {standard_task_runner.py:79} INFO - Running: ['airflow', 'tasks', 'run', 'prepare_data', 'create_table', 'scheduled__2022-11-28T17:02:00+00:00', '--job-id', '30', '--raw', '--subdir', 'DAGS_FOLDER/prepare_data.py', '--cfg-path', '/tmp/tmp8jivvltm', '--error-file', '/tmp/tmpgwvcp9al']
[2022-12-03 14:45:05,070] {standard_task_runner.py:80} INFO - Job 30: Subtask create_table
[2022-12-03 14:45:06,820] {task_command.py:369} INFO - Running <TaskInstance: prepare_data.create_table scheduled__2022-11-28T17:02:00+00:00 [running]> on host b41792e8e843
[2022-12-03 14:45:08,955] {taskinstance.py:1571} INFO - Exporting the following env vars:
AIRFLOW_CTX_DAG_OWNER=airflow
AIRFLOW_CTX_DAG_ID=prepare_data
AIRFLOW_CTX_TASK_ID=create_table
AIRFLOW_CTX_EXECUTION_DATE=2022-11-28T17:02:00+00:00
AIRFLOW_CTX_TRY_NUMBER=1
AIRFLOW_CTX_DAG_RUN_ID=scheduled__2022-11-28T17:02:00+00:00
[2022-12-03 14:45:09,712] {taskinstance.py:1889} ERROR - Task failed with exception
Traceback (most recent call last):
  File "/home/airflow/.local/lib/python3.7/site-packages/airflow/providers/postgres/operators/postgres.py", line 92, in execute
    self.hook.run(self.sql, self.autocommit, parameters=self.parameters)
  File "/home/airflow/.local/lib/python3.7/site-packages/airflow/hooks/dbapi.py", line 181, in run
    with closing(self.get_conn()) as conn:
  File "/home/airflow/.local/lib/python3.7/site-packages/airflow/providers/postgres/hooks/postgres.py", line 86, in get_conn
    conn = deepcopy(self.connection or self.get_connection(conn_id))
  File "/home/airflow/.local/lib/python3.7/site-packages/airflow/hooks/base.py", line 67, in get_connection
    conn = Connection.get_connection_from_secrets(conn_id)
  File "/home/airflow/.local/lib/python3.7/site-packages/airflow/models/connection.py", line 430, in get_connection_from_secrets
    raise AirflowNotFoundException(f"The conn_id `{conn_id}` isn't defined")
airflow.exceptions.AirflowNotFoundException: The conn_id `postgres_default` isn't defined
[2022-12-03 14:45:09,844] {taskinstance.py:1400} INFO - Marking task as FAILED. dag_id=prepare_data, task_id=create_table, execution_date=20221128T170200, start_date=20221203T144503, end_date=20221203T144509
[2022-12-03 14:45:10,287] {standard_task_runner.py:97} ERROR - Failed to execute job 30 for task create_table (The conn_id `postgres_default` isn't defined; 323)
[2022-12-03 14:45:10,845] {local_task_job.py:156} INFO - Task exited with return code 1
[2022-12-03 14:45:11,939] {local_task_job.py:273} INFO - 0 downstream tasks scheduled from follow-on schedule check
[2022-12-12 12:30:47,365] {taskinstance.py:1159} INFO - Dependencies all met for <TaskInstance: prepare_data.create_table scheduled__2022-11-28T17:02:00+00:00 [queued]>
[2022-12-12 12:30:47,608] {taskinstance.py:1159} INFO - Dependencies all met for <TaskInstance: prepare_data.create_table scheduled__2022-11-28T17:02:00+00:00 [queued]>
[2022-12-12 12:30:47,608] {taskinstance.py:1356} INFO - 
--------------------------------------------------------------------------------
[2022-12-12 12:30:47,608] {taskinstance.py:1357} INFO - Starting attempt 1 of 1
[2022-12-12 12:30:47,608] {taskinstance.py:1358} INFO - 
--------------------------------------------------------------------------------
[2022-12-12 12:30:48,068] {taskinstance.py:1377} INFO - Executing <Task(PostgresOperator): create_table> on 2022-11-28 17:02:00+00:00
[2022-12-12 12:30:48,165] {standard_task_runner.py:52} INFO - Started process 317 to run task
[2022-12-12 12:30:48,275] {standard_task_runner.py:79} INFO - Running: ['airflow', 'tasks', 'run', 'prepare_data', 'create_table', 'scheduled__2022-11-28T17:02:00+00:00', '--job-id', '30', '--raw', '--subdir', 'DAGS_FOLDER/prepare_data.py', '--cfg-path', '/tmp/tmpo6amskss', '--error-file', '/tmp/tmph7_ttdb6']
[2022-12-12 12:30:48,276] {standard_task_runner.py:80} INFO - Job 30: Subtask create_table
[2022-12-12 12:30:49,179] {task_command.py:369} INFO - Running <TaskInstance: prepare_data.create_table scheduled__2022-11-28T17:02:00+00:00 [running]> on host b778137d8ea6
[2022-12-12 12:30:50,167] {taskinstance.py:1571} INFO - Exporting the following env vars:
AIRFLOW_CTX_DAG_OWNER=airflow
AIRFLOW_CTX_DAG_ID=prepare_data
AIRFLOW_CTX_TASK_ID=create_table
AIRFLOW_CTX_EXECUTION_DATE=2022-11-28T17:02:00+00:00
AIRFLOW_CTX_TRY_NUMBER=1
AIRFLOW_CTX_DAG_RUN_ID=scheduled__2022-11-28T17:02:00+00:00
[2022-12-12 12:30:50,359] {taskinstance.py:1889} ERROR - Task failed with exception
Traceback (most recent call last):
  File "/home/airflow/.local/lib/python3.7/site-packages/airflow/providers/postgres/operators/postgres.py", line 92, in execute
    self.hook.run(self.sql, self.autocommit, parameters=self.parameters)
  File "/home/airflow/.local/lib/python3.7/site-packages/airflow/hooks/dbapi.py", line 181, in run
    with closing(self.get_conn()) as conn:
  File "/home/airflow/.local/lib/python3.7/site-packages/airflow/providers/postgres/hooks/postgres.py", line 86, in get_conn
    conn = deepcopy(self.connection or self.get_connection(conn_id))
  File "/home/airflow/.local/lib/python3.7/site-packages/airflow/hooks/base.py", line 67, in get_connection
    conn = Connection.get_connection_from_secrets(conn_id)
  File "/home/airflow/.local/lib/python3.7/site-packages/airflow/models/connection.py", line 430, in get_connection_from_secrets
    raise AirflowNotFoundException(f"The conn_id `{conn_id}` isn't defined")
airflow.exceptions.AirflowNotFoundException: The conn_id `postgres_default` isn't defined
[2022-12-12 12:30:50,459] {taskinstance.py:1400} INFO - Marking task as FAILED. dag_id=prepare_data, task_id=create_table, execution_date=20221128T170200, start_date=20221212T123047, end_date=20221212T123050
[2022-12-12 12:30:50,607] {standard_task_runner.py:97} ERROR - Failed to execute job 30 for task create_table (The conn_id `postgres_default` isn't defined; 317)
[2022-12-12 12:30:50,630] {local_task_job.py:156} INFO - Task exited with return code 1
[2022-12-12 12:30:52,345] {local_task_job.py:273} INFO - 0 downstream tasks scheduled from follow-on schedule check
[2022-12-12 15:15:33,448] {taskinstance.py:1159} INFO - Dependencies all met for <TaskInstance: prepare_data.create_table scheduled__2022-11-28T17:02:00+00:00 [queued]>
[2022-12-12 15:15:34,208] {taskinstance.py:1159} INFO - Dependencies all met for <TaskInstance: prepare_data.create_table scheduled__2022-11-28T17:02:00+00:00 [queued]>
[2022-12-12 15:15:34,208] {taskinstance.py:1356} INFO - 
--------------------------------------------------------------------------------
[2022-12-12 15:15:34,208] {taskinstance.py:1357} INFO - Starting attempt 1 of 1
[2022-12-12 15:15:34,209] {taskinstance.py:1358} INFO - 
--------------------------------------------------------------------------------
[2022-12-12 15:15:35,341] {taskinstance.py:1377} INFO - Executing <Task(PostgresOperator): create_table> on 2022-11-28 17:02:00+00:00
[2022-12-12 15:15:35,477] {standard_task_runner.py:52} INFO - Started process 358 to run task
[2022-12-12 15:15:35,972] {standard_task_runner.py:79} INFO - Running: ['airflow', 'tasks', 'run', 'prepare_data', 'create_table', 'scheduled__2022-11-28T17:02:00+00:00', '--job-id', '30', '--raw', '--subdir', 'DAGS_FOLDER/prepare_data.py', '--cfg-path', '/tmp/tmpru0qh_be', '--error-file', '/tmp/tmpziia5mk7']
[2022-12-12 15:15:36,030] {standard_task_runner.py:80} INFO - Job 30: Subtask create_table
[2022-12-12 15:15:42,861] {task_command.py:369} INFO - Running <TaskInstance: prepare_data.create_table scheduled__2022-11-28T17:02:00+00:00 [running]> on host d4eb34144d92
[2022-12-12 15:15:49,376] {taskinstance.py:1571} INFO - Exporting the following env vars:
AIRFLOW_CTX_DAG_OWNER=airflow
AIRFLOW_CTX_DAG_ID=prepare_data
AIRFLOW_CTX_TASK_ID=create_table
AIRFLOW_CTX_EXECUTION_DATE=2022-11-28T17:02:00+00:00
AIRFLOW_CTX_TRY_NUMBER=1
AIRFLOW_CTX_DAG_RUN_ID=scheduled__2022-11-28T17:02:00+00:00
[2022-12-12 15:15:52,064] {taskinstance.py:1889} ERROR - Task failed with exception
Traceback (most recent call last):
  File "/home/airflow/.local/lib/python3.7/site-packages/airflow/providers/postgres/operators/postgres.py", line 92, in execute
    self.hook.run(self.sql, self.autocommit, parameters=self.parameters)
  File "/home/airflow/.local/lib/python3.7/site-packages/airflow/hooks/dbapi.py", line 181, in run
    with closing(self.get_conn()) as conn:
  File "/home/airflow/.local/lib/python3.7/site-packages/airflow/providers/postgres/hooks/postgres.py", line 86, in get_conn
    conn = deepcopy(self.connection or self.get_connection(conn_id))
  File "/home/airflow/.local/lib/python3.7/site-packages/airflow/hooks/base.py", line 67, in get_connection
    conn = Connection.get_connection_from_secrets(conn_id)
  File "/home/airflow/.local/lib/python3.7/site-packages/airflow/models/connection.py", line 430, in get_connection_from_secrets
    raise AirflowNotFoundException(f"The conn_id `{conn_id}` isn't defined")
airflow.exceptions.AirflowNotFoundException: The conn_id `postgres_default` isn't defined
[2022-12-12 15:15:52,381] {taskinstance.py:1400} INFO - Marking task as FAILED. dag_id=prepare_data, task_id=create_table, execution_date=20221128T170200, start_date=20221212T151533, end_date=20221212T151552
[2022-12-12 15:15:54,149] {standard_task_runner.py:97} ERROR - Failed to execute job 30 for task create_table (The conn_id `postgres_default` isn't defined; 358)
[2022-12-12 15:15:54,544] {local_task_job.py:156} INFO - Task exited with return code 1
[2022-12-12 15:15:56,164] {local_task_job.py:273} INFO - 0 downstream tasks scheduled from follow-on schedule check
