[2022-12-03 14:43:03,804] {taskinstance.py:1159} INFO - Dependencies all met for <TaskInstance: prepare_data.create_table scheduled__2022-11-28T16:35:00+00:00 [queued]>
[2022-12-03 14:43:04,172] {taskinstance.py:1159} INFO - Dependencies all met for <TaskInstance: prepare_data.create_table scheduled__2022-11-28T16:35:00+00:00 [queued]>
[2022-12-03 14:43:04,172] {taskinstance.py:1356} INFO - 
--------------------------------------------------------------------------------
[2022-12-03 14:43:04,172] {taskinstance.py:1357} INFO - Starting attempt 1 of 1
[2022-12-03 14:43:04,172] {taskinstance.py:1358} INFO - 
--------------------------------------------------------------------------------
[2022-12-03 14:43:04,597] {taskinstance.py:1377} INFO - Executing <Task(PostgresOperator): create_table> on 2022-11-28 16:35:00+00:00
[2022-12-03 14:43:04,684] {standard_task_runner.py:52} INFO - Started process 254 to run task
[2022-12-03 14:43:04,848] {standard_task_runner.py:79} INFO - Running: ['airflow', 'tasks', 'run', 'prepare_data', 'create_table', 'scheduled__2022-11-28T16:35:00+00:00', '--job-id', '3', '--raw', '--subdir', 'DAGS_FOLDER/prepare_data.py', '--cfg-path', '/tmp/tmpfw7xow2j', '--error-file', '/tmp/tmpgqe5yyhj']
[2022-12-03 14:43:04,878] {standard_task_runner.py:80} INFO - Job 3: Subtask create_table
[2022-12-03 14:43:08,726] {task_command.py:369} INFO - Running <TaskInstance: prepare_data.create_table scheduled__2022-11-28T16:35:00+00:00 [running]> on host b41792e8e843
[2022-12-03 14:43:20,531] {taskinstance.py:1571} INFO - Exporting the following env vars:
AIRFLOW_CTX_DAG_OWNER=airflow
AIRFLOW_CTX_DAG_ID=prepare_data
AIRFLOW_CTX_TASK_ID=create_table
AIRFLOW_CTX_EXECUTION_DATE=2022-11-28T16:35:00+00:00
AIRFLOW_CTX_TRY_NUMBER=1
AIRFLOW_CTX_DAG_RUN_ID=scheduled__2022-11-28T16:35:00+00:00
[2022-12-03 14:43:22,523] {taskinstance.py:1889} ERROR - Task failed with exception
Traceback (most recent call last):
  File "/home/airflow/.local/lib/python3.7/site-packages/airflow/providers/postgres/operators/postgres.py", line 92, in execute
    self.hook.run(self.sql, self.autocommit, parameters=self.parameters)
  File "/home/airflow/.local/lib/python3.7/site-packages/airflow/hooks/dbapi.py", line 181, in run
    with closing(self.get_conn()) as conn:
  File "/home/airflow/.local/lib/python3.7/site-packages/airflow/providers/postgres/hooks/postgres.py", line 86, in get_conn
    conn = deepcopy(self.connection or self.get_connection(conn_id))
  File "/home/airflow/.local/lib/python3.7/site-packages/airflow/hooks/base.py", line 67, in get_connection
    conn = Connection.get_connection_from_secrets(conn_id)
  File "/home/airflow/.local/lib/python3.7/site-packages/airflow/models/connection.py", line 430, in get_connection_from_secrets
    raise AirflowNotFoundException(f"The conn_id `{conn_id}` isn't defined")
airflow.exceptions.AirflowNotFoundException: The conn_id `postgres_default` isn't defined
[2022-12-03 14:43:22,703] {taskinstance.py:1400} INFO - Marking task as FAILED. dag_id=prepare_data, task_id=create_table, execution_date=20221128T163500, start_date=20221203T144303, end_date=20221203T144322
[2022-12-03 14:43:23,025] {standard_task_runner.py:97} ERROR - Failed to execute job 3 for task create_table (The conn_id `postgres_default` isn't defined; 254)
[2022-12-03 14:43:23,137] {local_task_job.py:156} INFO - Task exited with return code 1
[2022-12-03 14:43:26,914] {local_task_job.py:273} INFO - 0 downstream tasks scheduled from follow-on schedule check
[2022-12-12 12:26:35,206] {taskinstance.py:1159} INFO - Dependencies all met for <TaskInstance: prepare_data.create_table scheduled__2022-11-28T16:35:00+00:00 [queued]>
[2022-12-12 12:26:35,980] {taskinstance.py:1159} INFO - Dependencies all met for <TaskInstance: prepare_data.create_table scheduled__2022-11-28T16:35:00+00:00 [queued]>
[2022-12-12 12:26:35,997] {taskinstance.py:1356} INFO - 
--------------------------------------------------------------------------------
[2022-12-12 12:26:36,013] {taskinstance.py:1357} INFO - Starting attempt 1 of 1
[2022-12-12 12:26:36,014] {taskinstance.py:1358} INFO - 
--------------------------------------------------------------------------------
[2022-12-12 12:26:37,641] {taskinstance.py:1377} INFO - Executing <Task(PostgresOperator): create_table> on 2022-11-28 16:35:00+00:00
[2022-12-12 12:26:38,256] {standard_task_runner.py:52} INFO - Started process 235 to run task
[2022-12-12 12:26:38,473] {standard_task_runner.py:79} INFO - Running: ['airflow', 'tasks', 'run', 'prepare_data', 'create_table', 'scheduled__2022-11-28T16:35:00+00:00', '--job-id', '3', '--raw', '--subdir', 'DAGS_FOLDER/prepare_data.py', '--cfg-path', '/tmp/tmpbr4dgebr', '--error-file', '/tmp/tmpn476jnqa']
[2022-12-12 12:26:38,474] {standard_task_runner.py:80} INFO - Job 3: Subtask create_table
[2022-12-12 12:26:42,261] {task_command.py:369} INFO - Running <TaskInstance: prepare_data.create_table scheduled__2022-11-28T16:35:00+00:00 [running]> on host b778137d8ea6
[2022-12-12 12:26:49,802] {taskinstance.py:1571} INFO - Exporting the following env vars:
AIRFLOW_CTX_DAG_OWNER=airflow
AIRFLOW_CTX_DAG_ID=prepare_data
AIRFLOW_CTX_TASK_ID=create_table
AIRFLOW_CTX_EXECUTION_DATE=2022-11-28T16:35:00+00:00
AIRFLOW_CTX_TRY_NUMBER=1
AIRFLOW_CTX_DAG_RUN_ID=scheduled__2022-11-28T16:35:00+00:00
[2022-12-12 12:26:52,925] {taskinstance.py:1889} ERROR - Task failed with exception
Traceback (most recent call last):
  File "/home/airflow/.local/lib/python3.7/site-packages/airflow/providers/postgres/operators/postgres.py", line 92, in execute
    self.hook.run(self.sql, self.autocommit, parameters=self.parameters)
  File "/home/airflow/.local/lib/python3.7/site-packages/airflow/hooks/dbapi.py", line 181, in run
    with closing(self.get_conn()) as conn:
  File "/home/airflow/.local/lib/python3.7/site-packages/airflow/providers/postgres/hooks/postgres.py", line 86, in get_conn
    conn = deepcopy(self.connection or self.get_connection(conn_id))
  File "/home/airflow/.local/lib/python3.7/site-packages/airflow/hooks/base.py", line 67, in get_connection
    conn = Connection.get_connection_from_secrets(conn_id)
  File "/home/airflow/.local/lib/python3.7/site-packages/airflow/models/connection.py", line 430, in get_connection_from_secrets
    raise AirflowNotFoundException(f"The conn_id `{conn_id}` isn't defined")
airflow.exceptions.AirflowNotFoundException: The conn_id `postgres_default` isn't defined
[2022-12-12 12:26:53,072] {taskinstance.py:1400} INFO - Marking task as FAILED. dag_id=prepare_data, task_id=create_table, execution_date=20221128T163500, start_date=20221212T122635, end_date=20221212T122653
[2022-12-12 12:26:54,173] {standard_task_runner.py:97} ERROR - Failed to execute job 3 for task create_table (The conn_id `postgres_default` isn't defined; 235)
[2022-12-12 12:26:54,511] {local_task_job.py:156} INFO - Task exited with return code 1
[2022-12-12 12:26:57,942] {local_task_job.py:273} INFO - 0 downstream tasks scheduled from follow-on schedule check
[2022-12-12 15:10:24,194] {taskinstance.py:1159} INFO - Dependencies all met for <TaskInstance: prepare_data.create_table scheduled__2022-11-28T16:35:00+00:00 [queued]>
[2022-12-12 15:10:24,877] {taskinstance.py:1159} INFO - Dependencies all met for <TaskInstance: prepare_data.create_table scheduled__2022-11-28T16:35:00+00:00 [queued]>
[2022-12-12 15:10:24,901] {taskinstance.py:1356} INFO - 
--------------------------------------------------------------------------------
[2022-12-12 15:10:24,929] {taskinstance.py:1357} INFO - Starting attempt 1 of 1
[2022-12-12 15:10:24,988] {taskinstance.py:1358} INFO - 
--------------------------------------------------------------------------------
[2022-12-12 15:10:27,802] {taskinstance.py:1377} INFO - Executing <Task(PostgresOperator): create_table> on 2022-11-28 16:35:00+00:00
[2022-12-12 15:10:28,216] {standard_task_runner.py:52} INFO - Started process 270 to run task
[2022-12-12 15:10:28,624] {standard_task_runner.py:79} INFO - Running: ['airflow', 'tasks', 'run', 'prepare_data', 'create_table', 'scheduled__2022-11-28T16:35:00+00:00', '--job-id', '3', '--raw', '--subdir', 'DAGS_FOLDER/prepare_data.py', '--cfg-path', '/tmp/tmpankn2p0a', '--error-file', '/tmp/tmp473hbddq']
[2022-12-12 15:10:28,655] {standard_task_runner.py:80} INFO - Job 3: Subtask create_table
[2022-12-12 15:10:36,104] {task_command.py:369} INFO - Running <TaskInstance: prepare_data.create_table scheduled__2022-11-28T16:35:00+00:00 [running]> on host d4eb34144d92
[2022-12-12 15:10:52,085] {taskinstance.py:1571} INFO - Exporting the following env vars:
AIRFLOW_CTX_DAG_OWNER=airflow
AIRFLOW_CTX_DAG_ID=prepare_data
AIRFLOW_CTX_TASK_ID=create_table
AIRFLOW_CTX_EXECUTION_DATE=2022-11-28T16:35:00+00:00
AIRFLOW_CTX_TRY_NUMBER=1
AIRFLOW_CTX_DAG_RUN_ID=scheduled__2022-11-28T16:35:00+00:00
[2022-12-12 15:10:57,714] {taskinstance.py:1889} ERROR - Task failed with exception
Traceback (most recent call last):
  File "/home/airflow/.local/lib/python3.7/site-packages/airflow/providers/postgres/operators/postgres.py", line 92, in execute
    self.hook.run(self.sql, self.autocommit, parameters=self.parameters)
  File "/home/airflow/.local/lib/python3.7/site-packages/airflow/hooks/dbapi.py", line 181, in run
    with closing(self.get_conn()) as conn:
  File "/home/airflow/.local/lib/python3.7/site-packages/airflow/providers/postgres/hooks/postgres.py", line 86, in get_conn
    conn = deepcopy(self.connection or self.get_connection(conn_id))
  File "/home/airflow/.local/lib/python3.7/site-packages/airflow/hooks/base.py", line 67, in get_connection
    conn = Connection.get_connection_from_secrets(conn_id)
  File "/home/airflow/.local/lib/python3.7/site-packages/airflow/models/connection.py", line 430, in get_connection_from_secrets
    raise AirflowNotFoundException(f"The conn_id `{conn_id}` isn't defined")
airflow.exceptions.AirflowNotFoundException: The conn_id `postgres_default` isn't defined
[2022-12-12 15:11:00,497] {taskinstance.py:1400} INFO - Marking task as FAILED. dag_id=prepare_data, task_id=create_table, execution_date=20221128T163500, start_date=20221212T151024, end_date=20221212T151100
[2022-12-12 15:11:04,582] {standard_task_runner.py:97} ERROR - Failed to execute job 3 for task create_table (The conn_id `postgres_default` isn't defined; 270)
[2022-12-12 15:11:06,306] {local_task_job.py:156} INFO - Task exited with return code 1
[2022-12-12 15:11:12,543] {local_task_job.py:273} INFO - 0 downstream tasks scheduled from follow-on schedule check
