[2022-12-03 14:44:12,597] {taskinstance.py:1159} INFO - Dependencies all met for <TaskInstance: prepare_data.create_table scheduled__2022-11-28T16:49:00+00:00 [queued]>
[2022-12-03 14:44:12,984] {taskinstance.py:1159} INFO - Dependencies all met for <TaskInstance: prepare_data.create_table scheduled__2022-11-28T16:49:00+00:00 [queued]>
[2022-12-03 14:44:12,984] {taskinstance.py:1356} INFO - 
--------------------------------------------------------------------------------
[2022-12-03 14:44:13,022] {taskinstance.py:1357} INFO - Starting attempt 1 of 1
[2022-12-03 14:44:13,023] {taskinstance.py:1358} INFO - 
--------------------------------------------------------------------------------
[2022-12-03 14:44:13,354] {taskinstance.py:1377} INFO - Executing <Task(PostgresOperator): create_table> on 2022-11-28 16:49:00+00:00
[2022-12-03 14:44:13,455] {standard_task_runner.py:52} INFO - Started process 291 to run task
[2022-12-03 14:44:13,519] {standard_task_runner.py:79} INFO - Running: ['airflow', 'tasks', 'run', 'prepare_data', 'create_table', 'scheduled__2022-11-28T16:49:00+00:00', '--job-id', '17', '--raw', '--subdir', 'DAGS_FOLDER/prepare_data.py', '--cfg-path', '/tmp/tmpx7jg9j8v', '--error-file', '/tmp/tmp29egxpbe']
[2022-12-03 14:44:13,532] {standard_task_runner.py:80} INFO - Job 17: Subtask create_table
[2022-12-03 14:44:15,084] {task_command.py:369} INFO - Running <TaskInstance: prepare_data.create_table scheduled__2022-11-28T16:49:00+00:00 [running]> on host b41792e8e843
[2022-12-03 14:44:16,352] {taskinstance.py:1571} INFO - Exporting the following env vars:
AIRFLOW_CTX_DAG_OWNER=airflow
AIRFLOW_CTX_DAG_ID=prepare_data
AIRFLOW_CTX_TASK_ID=create_table
AIRFLOW_CTX_EXECUTION_DATE=2022-11-28T16:49:00+00:00
AIRFLOW_CTX_TRY_NUMBER=1
AIRFLOW_CTX_DAG_RUN_ID=scheduled__2022-11-28T16:49:00+00:00
[2022-12-03 14:44:16,623] {taskinstance.py:1889} ERROR - Task failed with exception
Traceback (most recent call last):
  File "/home/airflow/.local/lib/python3.7/site-packages/airflow/providers/postgres/operators/postgres.py", line 92, in execute
    self.hook.run(self.sql, self.autocommit, parameters=self.parameters)
  File "/home/airflow/.local/lib/python3.7/site-packages/airflow/hooks/dbapi.py", line 181, in run
    with closing(self.get_conn()) as conn:
  File "/home/airflow/.local/lib/python3.7/site-packages/airflow/providers/postgres/hooks/postgres.py", line 86, in get_conn
    conn = deepcopy(self.connection or self.get_connection(conn_id))
  File "/home/airflow/.local/lib/python3.7/site-packages/airflow/hooks/base.py", line 67, in get_connection
    conn = Connection.get_connection_from_secrets(conn_id)
  File "/home/airflow/.local/lib/python3.7/site-packages/airflow/models/connection.py", line 430, in get_connection_from_secrets
    raise AirflowNotFoundException(f"The conn_id `{conn_id}` isn't defined")
airflow.exceptions.AirflowNotFoundException: The conn_id `postgres_default` isn't defined
[2022-12-03 14:44:16,658] {taskinstance.py:1400} INFO - Marking task as FAILED. dag_id=prepare_data, task_id=create_table, execution_date=20221128T164900, start_date=20221203T144412, end_date=20221203T144416
[2022-12-03 14:44:16,872] {standard_task_runner.py:97} ERROR - Failed to execute job 17 for task create_table (The conn_id `postgres_default` isn't defined; 291)
[2022-12-03 14:44:16,997] {local_task_job.py:156} INFO - Task exited with return code 1
[2022-12-03 14:44:18,050] {local_task_job.py:273} INFO - 0 downstream tasks scheduled from follow-on schedule check
[2022-12-12 12:29:08,871] {taskinstance.py:1159} INFO - Dependencies all met for <TaskInstance: prepare_data.create_table scheduled__2022-11-28T16:49:00+00:00 [queued]>
[2022-12-12 12:29:09,633] {taskinstance.py:1159} INFO - Dependencies all met for <TaskInstance: prepare_data.create_table scheduled__2022-11-28T16:49:00+00:00 [queued]>
[2022-12-12 12:29:09,634] {taskinstance.py:1356} INFO - 
--------------------------------------------------------------------------------
[2022-12-12 12:29:09,634] {taskinstance.py:1357} INFO - Starting attempt 1 of 1
[2022-12-12 12:29:09,634] {taskinstance.py:1358} INFO - 
--------------------------------------------------------------------------------
[2022-12-12 12:29:10,660] {taskinstance.py:1377} INFO - Executing <Task(PostgresOperator): create_table> on 2022-11-28 16:49:00+00:00
[2022-12-12 12:29:11,067] {standard_task_runner.py:52} INFO - Started process 282 to run task
[2022-12-12 12:29:11,311] {standard_task_runner.py:79} INFO - Running: ['airflow', 'tasks', 'run', 'prepare_data', 'create_table', 'scheduled__2022-11-28T16:49:00+00:00', '--job-id', '17', '--raw', '--subdir', 'DAGS_FOLDER/prepare_data.py', '--cfg-path', '/tmp/tmpaxa_2ntv', '--error-file', '/tmp/tmpmwrcgm7k']
[2022-12-12 12:29:11,337] {standard_task_runner.py:80} INFO - Job 17: Subtask create_table
[2022-12-12 12:29:16,368] {task_command.py:369} INFO - Running <TaskInstance: prepare_data.create_table scheduled__2022-11-28T16:49:00+00:00 [running]> on host b778137d8ea6
[2022-12-12 12:29:24,449] {taskinstance.py:1571} INFO - Exporting the following env vars:
AIRFLOW_CTX_DAG_OWNER=airflow
AIRFLOW_CTX_DAG_ID=prepare_data
AIRFLOW_CTX_TASK_ID=create_table
AIRFLOW_CTX_EXECUTION_DATE=2022-11-28T16:49:00+00:00
AIRFLOW_CTX_TRY_NUMBER=1
AIRFLOW_CTX_DAG_RUN_ID=scheduled__2022-11-28T16:49:00+00:00
[2022-12-12 12:29:29,468] {taskinstance.py:1889} ERROR - Task failed with exception
Traceback (most recent call last):
  File "/home/airflow/.local/lib/python3.7/site-packages/airflow/providers/postgres/operators/postgres.py", line 92, in execute
    self.hook.run(self.sql, self.autocommit, parameters=self.parameters)
  File "/home/airflow/.local/lib/python3.7/site-packages/airflow/hooks/dbapi.py", line 181, in run
    with closing(self.get_conn()) as conn:
  File "/home/airflow/.local/lib/python3.7/site-packages/airflow/providers/postgres/hooks/postgres.py", line 86, in get_conn
    conn = deepcopy(self.connection or self.get_connection(conn_id))
  File "/home/airflow/.local/lib/python3.7/site-packages/airflow/hooks/base.py", line 67, in get_connection
    conn = Connection.get_connection_from_secrets(conn_id)
  File "/home/airflow/.local/lib/python3.7/site-packages/airflow/models/connection.py", line 430, in get_connection_from_secrets
    raise AirflowNotFoundException(f"The conn_id `{conn_id}` isn't defined")
airflow.exceptions.AirflowNotFoundException: The conn_id `postgres_default` isn't defined
[2022-12-12 12:29:30,065] {taskinstance.py:1400} INFO - Marking task as FAILED. dag_id=prepare_data, task_id=create_table, execution_date=20221128T164900, start_date=20221212T122908, end_date=20221212T122930
[2022-12-12 12:29:32,505] {standard_task_runner.py:97} ERROR - Failed to execute job 17 for task create_table (The conn_id `postgres_default` isn't defined; 282)
[2022-12-12 12:29:32,825] {local_task_job.py:221} WARNING - State of this instance has been externally set to failed. Terminating instance.
[2022-12-12 12:29:33,142] {process_utils.py:129} INFO - Sending Signals.SIGTERM to group 282. PIDs of all processes in the group: [282]
[2022-12-12 12:29:33,444] {process_utils.py:80} INFO - Sending the signal Signals.SIGTERM to group 282
[2022-12-12 12:29:33,444] {process_utils.py:75} INFO - Process psutil.Process(pid=282, status='terminated', exitcode=1, started='12:29:10') (282) terminated with exit code 1
[2022-12-12 15:13:15,535] {taskinstance.py:1159} INFO - Dependencies all met for <TaskInstance: prepare_data.create_table scheduled__2022-11-28T16:49:00+00:00 [queued]>
[2022-12-12 15:13:15,955] {taskinstance.py:1159} INFO - Dependencies all met for <TaskInstance: prepare_data.create_table scheduled__2022-11-28T16:49:00+00:00 [queued]>
[2022-12-12 15:13:15,968] {taskinstance.py:1356} INFO - 
--------------------------------------------------------------------------------
[2022-12-12 15:13:15,987] {taskinstance.py:1357} INFO - Starting attempt 1 of 1
[2022-12-12 15:13:16,055] {taskinstance.py:1358} INFO - 
--------------------------------------------------------------------------------
[2022-12-12 15:13:17,200] {taskinstance.py:1377} INFO - Executing <Task(PostgresOperator): create_table> on 2022-11-28 16:49:00+00:00
[2022-12-12 15:13:17,369] {standard_task_runner.py:52} INFO - Started process 318 to run task
[2022-12-12 15:13:17,684] {standard_task_runner.py:79} INFO - Running: ['airflow', 'tasks', 'run', 'prepare_data', 'create_table', 'scheduled__2022-11-28T16:49:00+00:00', '--job-id', '17', '--raw', '--subdir', 'DAGS_FOLDER/prepare_data.py', '--cfg-path', '/tmp/tmpepaa8acc', '--error-file', '/tmp/tmpwi6me7o5']
[2022-12-12 15:13:17,755] {standard_task_runner.py:80} INFO - Job 17: Subtask create_table
[2022-12-12 15:13:21,843] {task_command.py:369} INFO - Running <TaskInstance: prepare_data.create_table scheduled__2022-11-28T16:49:00+00:00 [running]> on host d4eb34144d92
[2022-12-12 15:13:29,546] {taskinstance.py:1571} INFO - Exporting the following env vars:
AIRFLOW_CTX_DAG_OWNER=airflow
AIRFLOW_CTX_DAG_ID=prepare_data
AIRFLOW_CTX_TASK_ID=create_table
AIRFLOW_CTX_EXECUTION_DATE=2022-11-28T16:49:00+00:00
AIRFLOW_CTX_TRY_NUMBER=1
AIRFLOW_CTX_DAG_RUN_ID=scheduled__2022-11-28T16:49:00+00:00
[2022-12-12 15:13:31,668] {taskinstance.py:1889} ERROR - Task failed with exception
Traceback (most recent call last):
  File "/home/airflow/.local/lib/python3.7/site-packages/airflow/providers/postgres/operators/postgres.py", line 92, in execute
    self.hook.run(self.sql, self.autocommit, parameters=self.parameters)
  File "/home/airflow/.local/lib/python3.7/site-packages/airflow/hooks/dbapi.py", line 181, in run
    with closing(self.get_conn()) as conn:
  File "/home/airflow/.local/lib/python3.7/site-packages/airflow/providers/postgres/hooks/postgres.py", line 86, in get_conn
    conn = deepcopy(self.connection or self.get_connection(conn_id))
  File "/home/airflow/.local/lib/python3.7/site-packages/airflow/hooks/base.py", line 67, in get_connection
    conn = Connection.get_connection_from_secrets(conn_id)
  File "/home/airflow/.local/lib/python3.7/site-packages/airflow/models/connection.py", line 430, in get_connection_from_secrets
    raise AirflowNotFoundException(f"The conn_id `{conn_id}` isn't defined")
airflow.exceptions.AirflowNotFoundException: The conn_id `postgres_default` isn't defined
[2022-12-12 15:13:32,965] {taskinstance.py:1400} INFO - Marking task as FAILED. dag_id=prepare_data, task_id=create_table, execution_date=20221128T164900, start_date=20221212T151315, end_date=20221212T151332
[2022-12-12 15:13:34,266] {standard_task_runner.py:97} ERROR - Failed to execute job 17 for task create_table (The conn_id `postgres_default` isn't defined; 318)
[2022-12-12 15:13:34,567] {local_task_job.py:156} INFO - Task exited with return code 1
[2022-12-12 15:13:37,339] {local_task_job.py:273} INFO - 0 downstream tasks scheduled from follow-on schedule check
