[2022-12-12 12:47:13,990] {taskinstance.py:1159} INFO - Dependencies all met for <TaskInstance: prepare_data.get_last_id scheduled__2022-11-28T22:16:00+00:00 [queued]>
[2022-12-12 12:47:14,747] {taskinstance.py:1159} INFO - Dependencies all met for <TaskInstance: prepare_data.get_last_id scheduled__2022-11-28T22:16:00+00:00 [queued]>
[2022-12-12 12:47:14,747] {taskinstance.py:1356} INFO - 
--------------------------------------------------------------------------------
[2022-12-12 12:47:14,747] {taskinstance.py:1357} INFO - Starting attempt 1 of 1
[2022-12-12 12:47:14,747] {taskinstance.py:1358} INFO - 
--------------------------------------------------------------------------------
[2022-12-12 12:47:16,121] {taskinstance.py:1377} INFO - Executing <Task(PythonOperator): get_last_id> on 2022-11-28 22:16:00+00:00
[2022-12-12 12:47:16,498] {standard_task_runner.py:52} INFO - Started process 1122 to run task
[2022-12-12 12:47:16,704] {standard_task_runner.py:79} INFO - Running: ['airflow', 'tasks', 'run', 'prepare_data', 'get_last_id', 'scheduled__2022-11-28T22:16:00+00:00', '--job-id', '358', '--raw', '--subdir', 'DAGS_FOLDER/prepare_data.py', '--cfg-path', '/tmp/tmpulry7qy0', '--error-file', '/tmp/tmp8jdkjhok']
[2022-12-12 12:47:16,806] {standard_task_runner.py:80} INFO - Job 358: Subtask get_last_id
[2022-12-12 12:47:20,137] {task_command.py:369} INFO - Running <TaskInstance: prepare_data.get_last_id scheduled__2022-11-28T22:16:00+00:00 [running]> on host b778137d8ea6
[2022-12-12 12:47:25,529] {taskinstance.py:1571} INFO - Exporting the following env vars:
AIRFLOW_CTX_DAG_OWNER=airflow
AIRFLOW_CTX_DAG_ID=prepare_data
AIRFLOW_CTX_TASK_ID=get_last_id
AIRFLOW_CTX_EXECUTION_DATE=2022-11-28T22:16:00+00:00
AIRFLOW_CTX_TRY_NUMBER=1
AIRFLOW_CTX_DAG_RUN_ID=scheduled__2022-11-28T22:16:00+00:00
[2022-12-12 12:47:26,500] {base.py:68} INFO - Using connection ID 'postgres_default' for task execution.
[2022-12-12 12:47:27,741] {python.py:173} INFO - Done. Returned value was: None
[2022-12-12 12:47:29,821] {taskinstance.py:1400} INFO - Marking task as SUCCESS. dag_id=prepare_data, task_id=get_last_id, execution_date=20221128T221600, start_date=20221212T124714, end_date=20221212T124729
[2022-12-12 12:47:31,283] {local_task_job.py:156} INFO - Task exited with return code 0
[2022-12-12 12:47:32,612] {local_task_job.py:273} INFO - 1 downstream tasks scheduled from follow-on schedule check
