[2022-12-03 14:44:05,845] {taskinstance.py:1159} INFO - Dependencies all met for <TaskInstance: prepare_data.create_table scheduled__2022-11-28T16:47:00+00:00 [queued]>
[2022-12-03 14:44:06,450] {taskinstance.py:1159} INFO - Dependencies all met for <TaskInstance: prepare_data.create_table scheduled__2022-11-28T16:47:00+00:00 [queued]>
[2022-12-03 14:44:06,480] {taskinstance.py:1356} INFO - 
--------------------------------------------------------------------------------
[2022-12-03 14:44:06,481] {taskinstance.py:1357} INFO - Starting attempt 1 of 1
[2022-12-03 14:44:06,550] {taskinstance.py:1358} INFO - 
--------------------------------------------------------------------------------
[2022-12-03 14:44:07,531] {taskinstance.py:1377} INFO - Executing <Task(PostgresOperator): create_table> on 2022-11-28 16:47:00+00:00
[2022-12-03 14:44:07,783] {standard_task_runner.py:52} INFO - Started process 288 to run task
[2022-12-03 14:44:08,057] {standard_task_runner.py:79} INFO - Running: ['airflow', 'tasks', 'run', 'prepare_data', 'create_table', 'scheduled__2022-11-28T16:47:00+00:00', '--job-id', '15', '--raw', '--subdir', 'DAGS_FOLDER/prepare_data.py', '--cfg-path', '/tmp/tmpd1h_wvoh', '--error-file', '/tmp/tmpiyb1wdur']
[2022-12-03 14:44:08,082] {standard_task_runner.py:80} INFO - Job 15: Subtask create_table
[2022-12-03 14:44:10,304] {task_command.py:369} INFO - Running <TaskInstance: prepare_data.create_table scheduled__2022-11-28T16:47:00+00:00 [running]> on host b41792e8e843
[2022-12-03 14:44:12,917] {taskinstance.py:1571} INFO - Exporting the following env vars:
AIRFLOW_CTX_DAG_OWNER=airflow
AIRFLOW_CTX_DAG_ID=prepare_data
AIRFLOW_CTX_TASK_ID=create_table
AIRFLOW_CTX_EXECUTION_DATE=2022-11-28T16:47:00+00:00
AIRFLOW_CTX_TRY_NUMBER=1
AIRFLOW_CTX_DAG_RUN_ID=scheduled__2022-11-28T16:47:00+00:00
[2022-12-03 14:44:13,766] {taskinstance.py:1889} ERROR - Task failed with exception
Traceback (most recent call last):
  File "/home/airflow/.local/lib/python3.7/site-packages/airflow/providers/postgres/operators/postgres.py", line 92, in execute
    self.hook.run(self.sql, self.autocommit, parameters=self.parameters)
  File "/home/airflow/.local/lib/python3.7/site-packages/airflow/hooks/dbapi.py", line 181, in run
    with closing(self.get_conn()) as conn:
  File "/home/airflow/.local/lib/python3.7/site-packages/airflow/providers/postgres/hooks/postgres.py", line 86, in get_conn
    conn = deepcopy(self.connection or self.get_connection(conn_id))
  File "/home/airflow/.local/lib/python3.7/site-packages/airflow/hooks/base.py", line 67, in get_connection
    conn = Connection.get_connection_from_secrets(conn_id)
  File "/home/airflow/.local/lib/python3.7/site-packages/airflow/models/connection.py", line 430, in get_connection_from_secrets
    raise AirflowNotFoundException(f"The conn_id `{conn_id}` isn't defined")
airflow.exceptions.AirflowNotFoundException: The conn_id `postgres_default` isn't defined
[2022-12-03 14:44:13,814] {taskinstance.py:1400} INFO - Marking task as FAILED. dag_id=prepare_data, task_id=create_table, execution_date=20221128T164700, start_date=20221203T144405, end_date=20221203T144413
[2022-12-03 14:44:14,018] {standard_task_runner.py:97} ERROR - Failed to execute job 15 for task create_table (The conn_id `postgres_default` isn't defined; 288)
[2022-12-03 14:44:14,150] {local_task_job.py:156} INFO - Task exited with return code 1
[2022-12-03 14:44:15,061] {local_task_job.py:273} INFO - 0 downstream tasks scheduled from follow-on schedule check
[2022-12-12 12:28:35,241] {taskinstance.py:1159} INFO - Dependencies all met for <TaskInstance: prepare_data.create_table scheduled__2022-11-28T16:47:00+00:00 [queued]>
[2022-12-12 12:28:36,571] {taskinstance.py:1159} INFO - Dependencies all met for <TaskInstance: prepare_data.create_table scheduled__2022-11-28T16:47:00+00:00 [queued]>
[2022-12-12 12:28:36,571] {taskinstance.py:1356} INFO - 
--------------------------------------------------------------------------------
[2022-12-12 12:28:36,571] {taskinstance.py:1357} INFO - Starting attempt 1 of 1
[2022-12-12 12:28:36,572] {taskinstance.py:1358} INFO - 
--------------------------------------------------------------------------------
[2022-12-12 12:28:38,156] {taskinstance.py:1377} INFO - Executing <Task(PostgresOperator): create_table> on 2022-11-28 16:47:00+00:00
[2022-12-12 12:28:38,329] {standard_task_runner.py:52} INFO - Started process 272 to run task
[2022-12-12 12:28:38,533] {standard_task_runner.py:79} INFO - Running: ['airflow', 'tasks', 'run', 'prepare_data', 'create_table', 'scheduled__2022-11-28T16:47:00+00:00', '--job-id', '15', '--raw', '--subdir', 'DAGS_FOLDER/prepare_data.py', '--cfg-path', '/tmp/tmp4lzjlmlt', '--error-file', '/tmp/tmp_wp85mlx']
[2022-12-12 12:28:38,733] {standard_task_runner.py:80} INFO - Job 15: Subtask create_table
[2022-12-12 12:28:41,233] {task_command.py:369} INFO - Running <TaskInstance: prepare_data.create_table scheduled__2022-11-28T16:47:00+00:00 [running]> on host b778137d8ea6
[2022-12-12 12:28:45,359] {taskinstance.py:1571} INFO - Exporting the following env vars:
AIRFLOW_CTX_DAG_OWNER=airflow
AIRFLOW_CTX_DAG_ID=prepare_data
AIRFLOW_CTX_TASK_ID=create_table
AIRFLOW_CTX_EXECUTION_DATE=2022-11-28T16:47:00+00:00
AIRFLOW_CTX_TRY_NUMBER=1
AIRFLOW_CTX_DAG_RUN_ID=scheduled__2022-11-28T16:47:00+00:00
[2022-12-12 12:28:46,062] {taskinstance.py:1889} ERROR - Task failed with exception
Traceback (most recent call last):
  File "/home/airflow/.local/lib/python3.7/site-packages/airflow/providers/postgres/operators/postgres.py", line 92, in execute
    self.hook.run(self.sql, self.autocommit, parameters=self.parameters)
  File "/home/airflow/.local/lib/python3.7/site-packages/airflow/hooks/dbapi.py", line 181, in run
    with closing(self.get_conn()) as conn:
  File "/home/airflow/.local/lib/python3.7/site-packages/airflow/providers/postgres/hooks/postgres.py", line 86, in get_conn
    conn = deepcopy(self.connection or self.get_connection(conn_id))
  File "/home/airflow/.local/lib/python3.7/site-packages/airflow/hooks/base.py", line 67, in get_connection
    conn = Connection.get_connection_from_secrets(conn_id)
  File "/home/airflow/.local/lib/python3.7/site-packages/airflow/models/connection.py", line 430, in get_connection_from_secrets
    raise AirflowNotFoundException(f"The conn_id `{conn_id}` isn't defined")
airflow.exceptions.AirflowNotFoundException: The conn_id `postgres_default` isn't defined
[2022-12-12 12:28:46,208] {taskinstance.py:1400} INFO - Marking task as FAILED. dag_id=prepare_data, task_id=create_table, execution_date=20221128T164700, start_date=20221212T122835, end_date=20221212T122846
[2022-12-12 12:28:46,511] {standard_task_runner.py:97} ERROR - Failed to execute job 15 for task create_table (The conn_id `postgres_default` isn't defined; 272)
[2022-12-12 12:28:46,654] {local_task_job.py:156} INFO - Task exited with return code 1
[2022-12-12 12:28:48,322] {local_task_job.py:273} INFO - 0 downstream tasks scheduled from follow-on schedule check
[2022-12-12 15:12:47,438] {taskinstance.py:1159} INFO - Dependencies all met for <TaskInstance: prepare_data.create_table scheduled__2022-11-28T16:47:00+00:00 [queued]>
[2022-12-12 15:12:48,102] {taskinstance.py:1159} INFO - Dependencies all met for <TaskInstance: prepare_data.create_table scheduled__2022-11-28T16:47:00+00:00 [queued]>
[2022-12-12 15:12:48,103] {taskinstance.py:1356} INFO - 
--------------------------------------------------------------------------------
[2022-12-12 15:12:48,103] {taskinstance.py:1357} INFO - Starting attempt 1 of 1
[2022-12-12 15:12:48,103] {taskinstance.py:1358} INFO - 
--------------------------------------------------------------------------------
[2022-12-12 15:12:48,715] {taskinstance.py:1377} INFO - Executing <Task(PostgresOperator): create_table> on 2022-11-28 16:47:00+00:00
[2022-12-12 15:12:48,759] {standard_task_runner.py:52} INFO - Started process 307 to run task
[2022-12-12 15:12:49,081] {standard_task_runner.py:79} INFO - Running: ['airflow', 'tasks', 'run', 'prepare_data', 'create_table', 'scheduled__2022-11-28T16:47:00+00:00', '--job-id', '15', '--raw', '--subdir', 'DAGS_FOLDER/prepare_data.py', '--cfg-path', '/tmp/tmpp3furbgt', '--error-file', '/tmp/tmpgikc6ghx']
[2022-12-12 15:12:49,153] {standard_task_runner.py:80} INFO - Job 15: Subtask create_table
[2022-12-12 15:12:51,752] {task_command.py:369} INFO - Running <TaskInstance: prepare_data.create_table scheduled__2022-11-28T16:47:00+00:00 [running]> on host d4eb34144d92
[2022-12-12 15:12:56,368] {taskinstance.py:1571} INFO - Exporting the following env vars:
AIRFLOW_CTX_DAG_OWNER=airflow
AIRFLOW_CTX_DAG_ID=prepare_data
AIRFLOW_CTX_TASK_ID=create_table
AIRFLOW_CTX_EXECUTION_DATE=2022-11-28T16:47:00+00:00
AIRFLOW_CTX_TRY_NUMBER=1
AIRFLOW_CTX_DAG_RUN_ID=scheduled__2022-11-28T16:47:00+00:00
[2022-12-12 15:12:57,105] {taskinstance.py:1889} ERROR - Task failed with exception
Traceback (most recent call last):
  File "/home/airflow/.local/lib/python3.7/site-packages/airflow/providers/postgres/operators/postgres.py", line 92, in execute
    self.hook.run(self.sql, self.autocommit, parameters=self.parameters)
  File "/home/airflow/.local/lib/python3.7/site-packages/airflow/hooks/dbapi.py", line 181, in run
    with closing(self.get_conn()) as conn:
  File "/home/airflow/.local/lib/python3.7/site-packages/airflow/providers/postgres/hooks/postgres.py", line 86, in get_conn
    conn = deepcopy(self.connection or self.get_connection(conn_id))
  File "/home/airflow/.local/lib/python3.7/site-packages/airflow/hooks/base.py", line 67, in get_connection
    conn = Connection.get_connection_from_secrets(conn_id)
  File "/home/airflow/.local/lib/python3.7/site-packages/airflow/models/connection.py", line 430, in get_connection_from_secrets
    raise AirflowNotFoundException(f"The conn_id `{conn_id}` isn't defined")
airflow.exceptions.AirflowNotFoundException: The conn_id `postgres_default` isn't defined
[2022-12-12 15:12:57,209] {taskinstance.py:1400} INFO - Marking task as FAILED. dag_id=prepare_data, task_id=create_table, execution_date=20221128T164700, start_date=20221212T151247, end_date=20221212T151257
[2022-12-12 15:12:57,577] {standard_task_runner.py:97} ERROR - Failed to execute job 15 for task create_table (The conn_id `postgres_default` isn't defined; 307)
[2022-12-12 15:12:57,747] {local_task_job.py:156} INFO - Task exited with return code 1
[2022-12-12 15:12:58,892] {local_task_job.py:273} INFO - 0 downstream tasks scheduled from follow-on schedule check
