[2022-12-12 13:37:14,509] {taskinstance.py:1159} INFO - Dependencies all met for <TaskInstance: prepare_data.get_last_id scheduled__2022-12-12T13:36:00+00:00 [queued]>
[2022-12-12 13:37:14,612] {taskinstance.py:1159} INFO - Dependencies all met for <TaskInstance: prepare_data.get_last_id scheduled__2022-12-12T13:36:00+00:00 [queued]>
[2022-12-12 13:37:14,613] {taskinstance.py:1356} INFO - 
--------------------------------------------------------------------------------
[2022-12-12 13:37:14,613] {taskinstance.py:1357} INFO - Starting attempt 1 of 1
[2022-12-12 13:37:14,613] {taskinstance.py:1358} INFO - 
--------------------------------------------------------------------------------
[2022-12-12 13:37:14,811] {taskinstance.py:1377} INFO - Executing <Task(PythonOperator): get_last_id> on 2022-12-12 13:36:00+00:00
[2022-12-12 13:37:14,895] {standard_task_runner.py:52} INFO - Started process 2826 to run task
[2022-12-12 13:37:14,934] {standard_task_runner.py:79} INFO - Running: ['airflow', 'tasks', 'run', 'prepare_data', 'get_last_id', 'scheduled__2022-12-12T13:36:00+00:00', '--job-id', '1005', '--raw', '--subdir', 'DAGS_FOLDER/prepare_data.py', '--cfg-path', '/tmp/tmpmmao5fun', '--error-file', '/tmp/tmp6a07dirz']
[2022-12-12 13:37:14,956] {standard_task_runner.py:80} INFO - Job 1005: Subtask get_last_id
[2022-12-12 13:37:16,414] {task_command.py:369} INFO - Running <TaskInstance: prepare_data.get_last_id scheduled__2022-12-12T13:36:00+00:00 [running]> on host b778137d8ea6
[2022-12-12 13:37:17,508] {taskinstance.py:1571} INFO - Exporting the following env vars:
AIRFLOW_CTX_DAG_OWNER=airflow
AIRFLOW_CTX_DAG_ID=prepare_data
AIRFLOW_CTX_TASK_ID=get_last_id
AIRFLOW_CTX_EXECUTION_DATE=2022-12-12T13:36:00+00:00
AIRFLOW_CTX_TRY_NUMBER=1
AIRFLOW_CTX_DAG_RUN_ID=scheduled__2022-12-12T13:36:00+00:00
[2022-12-12 13:37:17,521] {taskinstance.py:1889} ERROR - Task failed with exception
Traceback (most recent call last):
  File "/home/airflow/.local/lib/python3.7/site-packages/airflow/operators/python.py", line 171, in execute
    return_value = self.execute_callable()
  File "/home/airflow/.local/lib/python3.7/site-packages/airflow/operators/python.py", line 189, in execute_callable
    return self.python_callable(*self.op_args, **self.op_kwargs)
  File "/opt/airflow/dags/prepare_data.py", line 11, in get_last_id
    data_log = datetime.date.today
AttributeError: 'method_descriptor' object has no attribute 'today'
[2022-12-12 13:37:17,660] {taskinstance.py:1400} INFO - Marking task as FAILED. dag_id=prepare_data, task_id=get_last_id, execution_date=20221212T133600, start_date=20221212T133714, end_date=20221212T133717
[2022-12-12 13:37:17,872] {standard_task_runner.py:97} ERROR - Failed to execute job 1005 for task get_last_id ('method_descriptor' object has no attribute 'today'; 2826)
[2022-12-12 13:37:18,016] {local_task_job.py:156} INFO - Task exited with return code 1
[2022-12-12 13:37:18,732] {local_task_job.py:273} INFO - 0 downstream tasks scheduled from follow-on schedule check
