[2022-12-03 15:08:44,173] {taskinstance.py:1159} INFO - Dependencies all met for <TaskInstance: prepare_data.create_table scheduled__2022-11-28T19:41:00+00:00 [queued]>
[2022-12-03 15:08:45,004] {taskinstance.py:1159} INFO - Dependencies all met for <TaskInstance: prepare_data.create_table scheduled__2022-11-28T19:41:00+00:00 [queued]>
[2022-12-03 15:08:45,004] {taskinstance.py:1356} INFO - 
--------------------------------------------------------------------------------
[2022-12-03 15:08:45,004] {taskinstance.py:1357} INFO - Starting attempt 1 of 1
[2022-12-03 15:08:45,004] {taskinstance.py:1358} INFO - 
--------------------------------------------------------------------------------
[2022-12-03 15:08:46,099] {taskinstance.py:1377} INFO - Executing <Task(PostgresOperator): create_table> on 2022-11-28 19:41:00+00:00
[2022-12-03 15:08:46,148] {standard_task_runner.py:52} INFO - Started process 1172 to run task
[2022-12-03 15:08:46,297] {standard_task_runner.py:79} INFO - Running: ['airflow', 'tasks', 'run', 'prepare_data', 'create_table', 'scheduled__2022-11-28T19:41:00+00:00', '--job-id', '359', '--raw', '--subdir', 'DAGS_FOLDER/prepare_data.py', '--cfg-path', '/tmp/tmpup6793vr', '--error-file', '/tmp/tmppay896vd']
[2022-12-03 15:08:46,334] {standard_task_runner.py:80} INFO - Job 359: Subtask create_table
[2022-12-03 15:08:50,184] {task_command.py:369} INFO - Running <TaskInstance: prepare_data.create_table scheduled__2022-11-28T19:41:00+00:00 [running]> on host b41792e8e843
[2022-12-03 15:08:55,364] {taskinstance.py:1571} INFO - Exporting the following env vars:
AIRFLOW_CTX_DAG_OWNER=airflow
AIRFLOW_CTX_DAG_ID=prepare_data
AIRFLOW_CTX_TASK_ID=create_table
AIRFLOW_CTX_EXECUTION_DATE=2022-11-28T19:41:00+00:00
AIRFLOW_CTX_TRY_NUMBER=1
AIRFLOW_CTX_DAG_RUN_ID=scheduled__2022-11-28T19:41:00+00:00
[2022-12-03 15:08:55,702] {base.py:68} INFO - Using connection ID 'postgres_default' for task execution.
[2022-12-03 15:08:55,750] {dbapi.py:208} INFO - Running statement: CREATE TABLE IF NOT EXISTS prepared_data (
	id SERIAL,
	sensor_id BIGINT,
	longitude FLOAT,
	latitude FLOAT,
	controller_id BIGINT,
	datetime TIMESTAMP WITH TIME ZONE,
	temperature INTEGER
);, parameters: None
[2022-12-03 15:08:55,764] {postgres.py:94} INFO - NOTICE:  relation "prepared_data" already exists, skipping

[2022-12-03 15:08:58,180] {taskinstance.py:1400} INFO - Marking task as SUCCESS. dag_id=prepare_data, task_id=create_table, execution_date=20221128T194100, start_date=20221203T150844, end_date=20221203T150858
[2022-12-03 15:08:58,759] {local_task_job.py:221} WARNING - State of this instance has been externally set to success. Terminating instance.
[2022-12-03 15:08:58,821] {process_utils.py:129} INFO - Sending Signals.SIGTERM to group 1172. PIDs of all processes in the group: [1172]
[2022-12-03 15:08:58,905] {process_utils.py:80} INFO - Sending the signal Signals.SIGTERM to group 1172
[2022-12-03 15:08:58,906] {process_utils.py:75} INFO - Process psutil.Process(pid=1172, status='terminated', exitcode=0, started='15:08:45') (1172) terminated with exit code 0
[2022-12-12 12:36:25,484] {taskinstance.py:1159} INFO - Dependencies all met for <TaskInstance: prepare_data.create_table scheduled__2022-11-28T19:41:00+00:00 [queued]>
[2022-12-12 12:36:25,551] {taskinstance.py:1159} INFO - Dependencies all met for <TaskInstance: prepare_data.create_table scheduled__2022-11-28T19:41:00+00:00 [queued]>
[2022-12-12 12:36:25,551] {taskinstance.py:1356} INFO - 
--------------------------------------------------------------------------------
[2022-12-12 12:36:25,551] {taskinstance.py:1357} INFO - Starting attempt 1 of 1
[2022-12-12 12:36:25,551] {taskinstance.py:1358} INFO - 
--------------------------------------------------------------------------------
[2022-12-12 12:36:25,637] {taskinstance.py:1377} INFO - Executing <Task(PostgresOperator): create_table> on 2022-11-28 19:41:00+00:00
[2022-12-12 12:36:25,664] {standard_task_runner.py:52} INFO - Started process 689 to run task
[2022-12-12 12:36:25,708] {standard_task_runner.py:79} INFO - Running: ['airflow', 'tasks', 'run', 'prepare_data', 'create_table', 'scheduled__2022-11-28T19:41:00+00:00', '--job-id', '189', '--raw', '--subdir', 'DAGS_FOLDER/prepare_data.py', '--cfg-path', '/tmp/tmpnc_bao1t', '--error-file', '/tmp/tmp67cguefq']
[2022-12-12 12:36:25,709] {standard_task_runner.py:80} INFO - Job 189: Subtask create_table
[2022-12-12 12:36:26,172] {task_command.py:369} INFO - Running <TaskInstance: prepare_data.create_table scheduled__2022-11-28T19:41:00+00:00 [running]> on host b778137d8ea6
[2022-12-12 12:36:26,688] {taskinstance.py:1571} INFO - Exporting the following env vars:
AIRFLOW_CTX_DAG_OWNER=airflow
AIRFLOW_CTX_DAG_ID=prepare_data
AIRFLOW_CTX_TASK_ID=create_table
AIRFLOW_CTX_EXECUTION_DATE=2022-11-28T19:41:00+00:00
AIRFLOW_CTX_TRY_NUMBER=1
AIRFLOW_CTX_DAG_RUN_ID=scheduled__2022-11-28T19:41:00+00:00
[2022-12-12 12:36:26,829] {taskinstance.py:1889} ERROR - Task failed with exception
Traceback (most recent call last):
  File "/home/airflow/.local/lib/python3.7/site-packages/airflow/providers/postgres/operators/postgres.py", line 92, in execute
    self.hook.run(self.sql, self.autocommit, parameters=self.parameters)
  File "/home/airflow/.local/lib/python3.7/site-packages/airflow/hooks/dbapi.py", line 181, in run
    with closing(self.get_conn()) as conn:
  File "/home/airflow/.local/lib/python3.7/site-packages/airflow/providers/postgres/hooks/postgres.py", line 86, in get_conn
    conn = deepcopy(self.connection or self.get_connection(conn_id))
  File "/home/airflow/.local/lib/python3.7/site-packages/airflow/hooks/base.py", line 67, in get_connection
    conn = Connection.get_connection_from_secrets(conn_id)
  File "/home/airflow/.local/lib/python3.7/site-packages/airflow/models/connection.py", line 430, in get_connection_from_secrets
    raise AirflowNotFoundException(f"The conn_id `{conn_id}` isn't defined")
airflow.exceptions.AirflowNotFoundException: The conn_id `postgres_default` isn't defined
[2022-12-12 12:36:26,845] {taskinstance.py:1400} INFO - Marking task as FAILED. dag_id=prepare_data, task_id=create_table, execution_date=20221128T194100, start_date=20221212T123625, end_date=20221212T123626
[2022-12-12 12:36:26,908] {standard_task_runner.py:97} ERROR - Failed to execute job 189 for task create_table (The conn_id `postgres_default` isn't defined; 689)
[2022-12-12 12:36:26,975] {local_task_job.py:156} INFO - Task exited with return code 1
[2022-12-12 12:36:27,207] {local_task_job.py:273} INFO - 0 downstream tasks scheduled from follow-on schedule check
