[2022-12-03 14:47:46,591] {taskinstance.py:1159} INFO - Dependencies all met for <TaskInstance: prepare_data.create_table scheduled__2022-11-28T17:54:00+00:00 [queued]>
[2022-12-03 14:47:46,951] {taskinstance.py:1159} INFO - Dependencies all met for <TaskInstance: prepare_data.create_table scheduled__2022-11-28T17:54:00+00:00 [queued]>
[2022-12-03 14:47:46,951] {taskinstance.py:1356} INFO - 
--------------------------------------------------------------------------------
[2022-12-03 14:47:46,952] {taskinstance.py:1357} INFO - Starting attempt 1 of 1
[2022-12-03 14:47:46,952] {taskinstance.py:1358} INFO - 
--------------------------------------------------------------------------------
[2022-12-03 14:47:47,236] {taskinstance.py:1377} INFO - Executing <Task(PostgresOperator): create_table> on 2022-11-28 17:54:00+00:00
[2022-12-03 14:47:47,300] {standard_task_runner.py:52} INFO - Started process 451 to run task
[2022-12-03 14:47:47,355] {standard_task_runner.py:79} INFO - Running: ['airflow', 'tasks', 'run', 'prepare_data', 'create_table', 'scheduled__2022-11-28T17:54:00+00:00', '--job-id', '82', '--raw', '--subdir', 'DAGS_FOLDER/prepare_data.py', '--cfg-path', '/tmp/tmp_l_xm4k1', '--error-file', '/tmp/tmp46q10ffq']
[2022-12-03 14:47:47,369] {standard_task_runner.py:80} INFO - Job 82: Subtask create_table
[2022-12-03 14:47:49,339] {task_command.py:369} INFO - Running <TaskInstance: prepare_data.create_table scheduled__2022-11-28T17:54:00+00:00 [running]> on host b41792e8e843
[2022-12-03 14:47:51,425] {taskinstance.py:1571} INFO - Exporting the following env vars:
AIRFLOW_CTX_DAG_OWNER=airflow
AIRFLOW_CTX_DAG_ID=prepare_data
AIRFLOW_CTX_TASK_ID=create_table
AIRFLOW_CTX_EXECUTION_DATE=2022-11-28T17:54:00+00:00
AIRFLOW_CTX_TRY_NUMBER=1
AIRFLOW_CTX_DAG_RUN_ID=scheduled__2022-11-28T17:54:00+00:00
[2022-12-03 14:47:52,430] {taskinstance.py:1889} ERROR - Task failed with exception
Traceback (most recent call last):
  File "/home/airflow/.local/lib/python3.7/site-packages/airflow/providers/postgres/operators/postgres.py", line 92, in execute
    self.hook.run(self.sql, self.autocommit, parameters=self.parameters)
  File "/home/airflow/.local/lib/python3.7/site-packages/airflow/hooks/dbapi.py", line 181, in run
    with closing(self.get_conn()) as conn:
  File "/home/airflow/.local/lib/python3.7/site-packages/airflow/providers/postgres/hooks/postgres.py", line 86, in get_conn
    conn = deepcopy(self.connection or self.get_connection(conn_id))
  File "/home/airflow/.local/lib/python3.7/site-packages/airflow/hooks/base.py", line 67, in get_connection
    conn = Connection.get_connection_from_secrets(conn_id)
  File "/home/airflow/.local/lib/python3.7/site-packages/airflow/models/connection.py", line 430, in get_connection_from_secrets
    raise AirflowNotFoundException(f"The conn_id `{conn_id}` isn't defined")
airflow.exceptions.AirflowNotFoundException: The conn_id `postgres_default` isn't defined
[2022-12-03 14:47:52,582] {taskinstance.py:1400} INFO - Marking task as FAILED. dag_id=prepare_data, task_id=create_table, execution_date=20221128T175400, start_date=20221203T144746, end_date=20221203T144752
[2022-12-03 14:47:52,954] {standard_task_runner.py:97} ERROR - Failed to execute job 82 for task create_table (The conn_id `postgres_default` isn't defined; 451)
[2022-12-03 14:47:53,360] {local_task_job.py:156} INFO - Task exited with return code 1
[2022-12-03 14:47:54,430] {local_task_job.py:273} INFO - 0 downstream tasks scheduled from follow-on schedule check
[2022-12-12 12:33:02,669] {taskinstance.py:1159} INFO - Dependencies all met for <TaskInstance: prepare_data.create_table scheduled__2022-11-28T17:54:00+00:00 [queued]>
[2022-12-12 12:33:02,861] {taskinstance.py:1159} INFO - Dependencies all met for <TaskInstance: prepare_data.create_table scheduled__2022-11-28T17:54:00+00:00 [queued]>
[2022-12-12 12:33:02,862] {taskinstance.py:1356} INFO - 
--------------------------------------------------------------------------------
[2022-12-12 12:33:02,862] {taskinstance.py:1357} INFO - Starting attempt 1 of 1
[2022-12-12 12:33:02,862] {taskinstance.py:1358} INFO - 
--------------------------------------------------------------------------------
[2022-12-12 12:33:03,260] {taskinstance.py:1377} INFO - Executing <Task(PostgresOperator): create_table> on 2022-11-28 17:54:00+00:00
[2022-12-12 12:33:03,375] {standard_task_runner.py:52} INFO - Started process 447 to run task
[2022-12-12 12:33:03,427] {standard_task_runner.py:79} INFO - Running: ['airflow', 'tasks', 'run', 'prepare_data', 'create_table', 'scheduled__2022-11-28T17:54:00+00:00', '--job-id', '82', '--raw', '--subdir', 'DAGS_FOLDER/prepare_data.py', '--cfg-path', '/tmp/tmp2ufclm60', '--error-file', '/tmp/tmphs6jz4h2']
[2022-12-12 12:33:03,460] {standard_task_runner.py:80} INFO - Job 82: Subtask create_table
[2022-12-12 12:33:04,352] {task_command.py:369} INFO - Running <TaskInstance: prepare_data.create_table scheduled__2022-11-28T17:54:00+00:00 [running]> on host b778137d8ea6
[2022-12-12 12:33:05,943] {taskinstance.py:1571} INFO - Exporting the following env vars:
AIRFLOW_CTX_DAG_OWNER=airflow
AIRFLOW_CTX_DAG_ID=prepare_data
AIRFLOW_CTX_TASK_ID=create_table
AIRFLOW_CTX_EXECUTION_DATE=2022-11-28T17:54:00+00:00
AIRFLOW_CTX_TRY_NUMBER=1
AIRFLOW_CTX_DAG_RUN_ID=scheduled__2022-11-28T17:54:00+00:00
[2022-12-12 12:33:06,206] {taskinstance.py:1889} ERROR - Task failed with exception
Traceback (most recent call last):
  File "/home/airflow/.local/lib/python3.7/site-packages/airflow/providers/postgres/operators/postgres.py", line 92, in execute
    self.hook.run(self.sql, self.autocommit, parameters=self.parameters)
  File "/home/airflow/.local/lib/python3.7/site-packages/airflow/hooks/dbapi.py", line 181, in run
    with closing(self.get_conn()) as conn:
  File "/home/airflow/.local/lib/python3.7/site-packages/airflow/providers/postgres/hooks/postgres.py", line 86, in get_conn
    conn = deepcopy(self.connection or self.get_connection(conn_id))
  File "/home/airflow/.local/lib/python3.7/site-packages/airflow/hooks/base.py", line 67, in get_connection
    conn = Connection.get_connection_from_secrets(conn_id)
  File "/home/airflow/.local/lib/python3.7/site-packages/airflow/models/connection.py", line 430, in get_connection_from_secrets
    raise AirflowNotFoundException(f"The conn_id `{conn_id}` isn't defined")
airflow.exceptions.AirflowNotFoundException: The conn_id `postgres_default` isn't defined
[2022-12-12 12:33:06,309] {taskinstance.py:1400} INFO - Marking task as FAILED. dag_id=prepare_data, task_id=create_table, execution_date=20221128T175400, start_date=20221212T123302, end_date=20221212T123306
[2022-12-12 12:33:06,479] {standard_task_runner.py:97} ERROR - Failed to execute job 82 for task create_table (The conn_id `postgres_default` isn't defined; 447)
[2022-12-12 12:33:06,630] {local_task_job.py:156} INFO - Task exited with return code 1
[2022-12-12 12:33:07,255] {local_task_job.py:273} INFO - 0 downstream tasks scheduled from follow-on schedule check
