[2022-12-03 14:45:01,886] {taskinstance.py:1159} INFO - Dependencies all met for <TaskInstance: prepare_data.create_table scheduled__2022-11-28T17:01:00+00:00 [queued]>
[2022-12-03 14:45:02,146] {taskinstance.py:1159} INFO - Dependencies all met for <TaskInstance: prepare_data.create_table scheduled__2022-11-28T17:01:00+00:00 [queued]>
[2022-12-03 14:45:02,148] {taskinstance.py:1356} INFO - 
--------------------------------------------------------------------------------
[2022-12-03 14:45:02,148] {taskinstance.py:1357} INFO - Starting attempt 1 of 1
[2022-12-03 14:45:02,148] {taskinstance.py:1358} INFO - 
--------------------------------------------------------------------------------
[2022-12-03 14:45:02,601] {taskinstance.py:1377} INFO - Executing <Task(PostgresOperator): create_table> on 2022-11-28 17:01:00+00:00
[2022-12-03 14:45:02,663] {standard_task_runner.py:52} INFO - Started process 321 to run task
[2022-12-03 14:45:02,890] {standard_task_runner.py:79} INFO - Running: ['airflow', 'tasks', 'run', 'prepare_data', 'create_table', 'scheduled__2022-11-28T17:01:00+00:00', '--job-id', '29', '--raw', '--subdir', 'DAGS_FOLDER/prepare_data.py', '--cfg-path', '/tmp/tmpi5i24xa0', '--error-file', '/tmp/tmp4eb95o9n']
[2022-12-03 14:45:02,895] {standard_task_runner.py:80} INFO - Job 29: Subtask create_table
[2022-12-03 14:45:04,702] {task_command.py:369} INFO - Running <TaskInstance: prepare_data.create_table scheduled__2022-11-28T17:01:00+00:00 [running]> on host b41792e8e843
[2022-12-03 14:45:07,048] {taskinstance.py:1571} INFO - Exporting the following env vars:
AIRFLOW_CTX_DAG_OWNER=airflow
AIRFLOW_CTX_DAG_ID=prepare_data
AIRFLOW_CTX_TASK_ID=create_table
AIRFLOW_CTX_EXECUTION_DATE=2022-11-28T17:01:00+00:00
AIRFLOW_CTX_TRY_NUMBER=1
AIRFLOW_CTX_DAG_RUN_ID=scheduled__2022-11-28T17:01:00+00:00
[2022-12-03 14:45:08,893] {taskinstance.py:1889} ERROR - Task failed with exception
Traceback (most recent call last):
  File "/home/airflow/.local/lib/python3.7/site-packages/airflow/providers/postgres/operators/postgres.py", line 92, in execute
    self.hook.run(self.sql, self.autocommit, parameters=self.parameters)
  File "/home/airflow/.local/lib/python3.7/site-packages/airflow/hooks/dbapi.py", line 181, in run
    with closing(self.get_conn()) as conn:
  File "/home/airflow/.local/lib/python3.7/site-packages/airflow/providers/postgres/hooks/postgres.py", line 86, in get_conn
    conn = deepcopy(self.connection or self.get_connection(conn_id))
  File "/home/airflow/.local/lib/python3.7/site-packages/airflow/hooks/base.py", line 67, in get_connection
    conn = Connection.get_connection_from_secrets(conn_id)
  File "/home/airflow/.local/lib/python3.7/site-packages/airflow/models/connection.py", line 430, in get_connection_from_secrets
    raise AirflowNotFoundException(f"The conn_id `{conn_id}` isn't defined")
airflow.exceptions.AirflowNotFoundException: The conn_id `postgres_default` isn't defined
[2022-12-03 14:45:09,068] {taskinstance.py:1400} INFO - Marking task as FAILED. dag_id=prepare_data, task_id=create_table, execution_date=20221128T170100, start_date=20221203T144501, end_date=20221203T144509
[2022-12-03 14:45:09,580] {standard_task_runner.py:97} ERROR - Failed to execute job 29 for task create_table (The conn_id `postgres_default` isn't defined; 321)
[2022-12-03 14:45:09,750] {local_task_job.py:156} INFO - Task exited with return code 1
[2022-12-03 14:45:10,858] {local_task_job.py:273} INFO - 0 downstream tasks scheduled from follow-on schedule check
[2022-12-12 12:30:43,792] {taskinstance.py:1159} INFO - Dependencies all met for <TaskInstance: prepare_data.create_table scheduled__2022-11-28T17:01:00+00:00 [queued]>
[2022-12-12 12:30:44,129] {taskinstance.py:1159} INFO - Dependencies all met for <TaskInstance: prepare_data.create_table scheduled__2022-11-28T17:01:00+00:00 [queued]>
[2022-12-12 12:30:44,129] {taskinstance.py:1356} INFO - 
--------------------------------------------------------------------------------
[2022-12-12 12:30:44,142] {taskinstance.py:1357} INFO - Starting attempt 1 of 1
[2022-12-12 12:30:44,142] {taskinstance.py:1358} INFO - 
--------------------------------------------------------------------------------
[2022-12-12 12:30:45,387] {taskinstance.py:1377} INFO - Executing <Task(PostgresOperator): create_table> on 2022-11-28 17:01:00+00:00
[2022-12-12 12:30:45,453] {standard_task_runner.py:52} INFO - Started process 316 to run task
[2022-12-12 12:30:45,627] {standard_task_runner.py:79} INFO - Running: ['airflow', 'tasks', 'run', 'prepare_data', 'create_table', 'scheduled__2022-11-28T17:01:00+00:00', '--job-id', '29', '--raw', '--subdir', 'DAGS_FOLDER/prepare_data.py', '--cfg-path', '/tmp/tmpi_dccnd5', '--error-file', '/tmp/tmp1agx9t3s']
[2022-12-12 12:30:45,628] {standard_task_runner.py:80} INFO - Job 29: Subtask create_table
[2022-12-12 12:30:46,881] {task_command.py:369} INFO - Running <TaskInstance: prepare_data.create_table scheduled__2022-11-28T17:01:00+00:00 [running]> on host b778137d8ea6
[2022-12-12 12:30:48,839] {taskinstance.py:1571} INFO - Exporting the following env vars:
AIRFLOW_CTX_DAG_OWNER=airflow
AIRFLOW_CTX_DAG_ID=prepare_data
AIRFLOW_CTX_TASK_ID=create_table
AIRFLOW_CTX_EXECUTION_DATE=2022-11-28T17:01:00+00:00
AIRFLOW_CTX_TRY_NUMBER=1
AIRFLOW_CTX_DAG_RUN_ID=scheduled__2022-11-28T17:01:00+00:00
[2022-12-12 12:30:49,530] {taskinstance.py:1889} ERROR - Task failed with exception
Traceback (most recent call last):
  File "/home/airflow/.local/lib/python3.7/site-packages/airflow/providers/postgres/operators/postgres.py", line 92, in execute
    self.hook.run(self.sql, self.autocommit, parameters=self.parameters)
  File "/home/airflow/.local/lib/python3.7/site-packages/airflow/hooks/dbapi.py", line 181, in run
    with closing(self.get_conn()) as conn:
  File "/home/airflow/.local/lib/python3.7/site-packages/airflow/providers/postgres/hooks/postgres.py", line 86, in get_conn
    conn = deepcopy(self.connection or self.get_connection(conn_id))
  File "/home/airflow/.local/lib/python3.7/site-packages/airflow/hooks/base.py", line 67, in get_connection
    conn = Connection.get_connection_from_secrets(conn_id)
  File "/home/airflow/.local/lib/python3.7/site-packages/airflow/models/connection.py", line 430, in get_connection_from_secrets
    raise AirflowNotFoundException(f"The conn_id `{conn_id}` isn't defined")
airflow.exceptions.AirflowNotFoundException: The conn_id `postgres_default` isn't defined
[2022-12-12 12:30:49,554] {taskinstance.py:1400} INFO - Marking task as FAILED. dag_id=prepare_data, task_id=create_table, execution_date=20221128T170100, start_date=20221212T123043, end_date=20221212T123049
[2022-12-12 12:30:49,706] {standard_task_runner.py:97} ERROR - Failed to execute job 29 for task create_table (The conn_id `postgres_default` isn't defined; 316)
[2022-12-12 12:30:49,800] {local_task_job.py:156} INFO - Task exited with return code 1
[2022-12-12 12:30:50,375] {local_task_job.py:273} INFO - 0 downstream tasks scheduled from follow-on schedule check
[2022-12-12 15:15:26,036] {taskinstance.py:1159} INFO - Dependencies all met for <TaskInstance: prepare_data.create_table scheduled__2022-11-28T17:01:00+00:00 [queued]>
[2022-12-12 15:15:26,769] {taskinstance.py:1159} INFO - Dependencies all met for <TaskInstance: prepare_data.create_table scheduled__2022-11-28T17:01:00+00:00 [queued]>
[2022-12-12 15:15:26,787] {taskinstance.py:1356} INFO - 
--------------------------------------------------------------------------------
[2022-12-12 15:15:26,787] {taskinstance.py:1357} INFO - Starting attempt 1 of 1
[2022-12-12 15:15:26,787] {taskinstance.py:1358} INFO - 
--------------------------------------------------------------------------------
[2022-12-12 15:15:29,624] {taskinstance.py:1377} INFO - Executing <Task(PostgresOperator): create_table> on 2022-11-28 17:01:00+00:00
[2022-12-12 15:15:30,229] {standard_task_runner.py:52} INFO - Started process 356 to run task
[2022-12-12 15:15:30,659] {standard_task_runner.py:79} INFO - Running: ['airflow', 'tasks', 'run', 'prepare_data', 'create_table', 'scheduled__2022-11-28T17:01:00+00:00', '--job-id', '29', '--raw', '--subdir', 'DAGS_FOLDER/prepare_data.py', '--cfg-path', '/tmp/tmpk4rgup6u', '--error-file', '/tmp/tmp6u53la_d']
[2022-12-12 15:15:30,730] {standard_task_runner.py:80} INFO - Job 29: Subtask create_table
[2022-12-12 15:15:34,204] {task_command.py:369} INFO - Running <TaskInstance: prepare_data.create_table scheduled__2022-11-28T17:01:00+00:00 [running]> on host d4eb34144d92
[2022-12-12 15:15:40,986] {taskinstance.py:1571} INFO - Exporting the following env vars:
AIRFLOW_CTX_DAG_OWNER=airflow
AIRFLOW_CTX_DAG_ID=prepare_data
AIRFLOW_CTX_TASK_ID=create_table
AIRFLOW_CTX_EXECUTION_DATE=2022-11-28T17:01:00+00:00
AIRFLOW_CTX_TRY_NUMBER=1
AIRFLOW_CTX_DAG_RUN_ID=scheduled__2022-11-28T17:01:00+00:00
[2022-12-12 15:15:44,569] {taskinstance.py:1889} ERROR - Task failed with exception
Traceback (most recent call last):
  File "/home/airflow/.local/lib/python3.7/site-packages/airflow/providers/postgres/operators/postgres.py", line 92, in execute
    self.hook.run(self.sql, self.autocommit, parameters=self.parameters)
  File "/home/airflow/.local/lib/python3.7/site-packages/airflow/hooks/dbapi.py", line 181, in run
    with closing(self.get_conn()) as conn:
  File "/home/airflow/.local/lib/python3.7/site-packages/airflow/providers/postgres/hooks/postgres.py", line 86, in get_conn
    conn = deepcopy(self.connection or self.get_connection(conn_id))
  File "/home/airflow/.local/lib/python3.7/site-packages/airflow/hooks/base.py", line 67, in get_connection
    conn = Connection.get_connection_from_secrets(conn_id)
  File "/home/airflow/.local/lib/python3.7/site-packages/airflow/models/connection.py", line 430, in get_connection_from_secrets
    raise AirflowNotFoundException(f"The conn_id `{conn_id}` isn't defined")
airflow.exceptions.AirflowNotFoundException: The conn_id `postgres_default` isn't defined
[2022-12-12 15:15:45,160] {taskinstance.py:1400} INFO - Marking task as FAILED. dag_id=prepare_data, task_id=create_table, execution_date=20221128T170100, start_date=20221212T151526, end_date=20221212T151545
[2022-12-12 15:15:46,105] {standard_task_runner.py:97} ERROR - Failed to execute job 29 for task create_table (The conn_id `postgres_default` isn't defined; 356)
[2022-12-12 15:15:46,380] {local_task_job.py:156} INFO - Task exited with return code 1
[2022-12-12 15:15:48,224] {local_task_job.py:273} INFO - 0 downstream tasks scheduled from follow-on schedule check
