[2022-12-12 13:27:10,502] {taskinstance.py:1159} INFO - Dependencies all met for <TaskInstance: prepare_data.transfer_data scheduled__2022-12-12T13:26:00+00:00 [queued]>
[2022-12-12 13:27:10,551] {taskinstance.py:1159} INFO - Dependencies all met for <TaskInstance: prepare_data.transfer_data scheduled__2022-12-12T13:26:00+00:00 [queued]>
[2022-12-12 13:27:10,551] {taskinstance.py:1356} INFO - 
--------------------------------------------------------------------------------
[2022-12-12 13:27:10,551] {taskinstance.py:1357} INFO - Starting attempt 1 of 1
[2022-12-12 13:27:10,551] {taskinstance.py:1358} INFO - 
--------------------------------------------------------------------------------
[2022-12-12 13:27:10,756] {taskinstance.py:1377} INFO - Executing <Task(PythonOperator): transfer_data> on 2022-12-12 13:26:00+00:00
[2022-12-12 13:27:10,793] {standard_task_runner.py:52} INFO - Started process 2668 to run task
[2022-12-12 13:27:10,840] {standard_task_runner.py:79} INFO - Running: ['airflow', 'tasks', 'run', 'prepare_data', 'transfer_data', 'scheduled__2022-12-12T13:26:00+00:00', '--job-id', '976', '--raw', '--subdir', 'DAGS_FOLDER/prepare_data.py', '--cfg-path', '/tmp/tmp9a7wbrki', '--error-file', '/tmp/tmpg_1ecu2x']
[2022-12-12 13:27:10,850] {standard_task_runner.py:80} INFO - Job 976: Subtask transfer_data
[2022-12-12 13:27:11,420] {task_command.py:369} INFO - Running <TaskInstance: prepare_data.transfer_data scheduled__2022-12-12T13:26:00+00:00 [running]> on host b778137d8ea6
[2022-12-12 13:27:12,030] {taskinstance.py:1571} INFO - Exporting the following env vars:
AIRFLOW_CTX_DAG_OWNER=airflow
AIRFLOW_CTX_DAG_ID=prepare_data
AIRFLOW_CTX_TASK_ID=transfer_data
AIRFLOW_CTX_EXECUTION_DATE=2022-12-12T13:26:00+00:00
AIRFLOW_CTX_TRY_NUMBER=1
AIRFLOW_CTX_DAG_RUN_ID=scheduled__2022-12-12T13:26:00+00:00
[2022-12-12 13:27:12,175] {base.py:68} INFO - Using connection ID 'postgres_default' for task execution.
[2022-12-12 13:27:12,363] {python.py:173} INFO - Done. Returned value was: None
[2022-12-12 13:27:12,553] {taskinstance.py:1400} INFO - Marking task as SUCCESS. dag_id=prepare_data, task_id=transfer_data, execution_date=20221212T132600, start_date=20221212T132710, end_date=20221212T132712
[2022-12-12 13:27:12,735] {local_task_job.py:156} INFO - Task exited with return code 0
[2022-12-12 13:27:13,109] {local_task_job.py:273} INFO - 0 downstream tasks scheduled from follow-on schedule check
