[2022-12-12 14:19:03,812] {taskinstance.py:1159} INFO - Dependencies all met for <TaskInstance: prepare_data.create_table scheduled__2022-12-12T14:18:00+00:00 [queued]>
[2022-12-12 14:19:03,889] {taskinstance.py:1159} INFO - Dependencies all met for <TaskInstance: prepare_data.create_table scheduled__2022-12-12T14:18:00+00:00 [queued]>
[2022-12-12 14:19:03,890] {taskinstance.py:1356} INFO - 
--------------------------------------------------------------------------------
[2022-12-12 14:19:03,892] {taskinstance.py:1357} INFO - Starting attempt 1 of 1
[2022-12-12 14:19:03,892] {taskinstance.py:1358} INFO - 
--------------------------------------------------------------------------------
[2022-12-12 14:19:04,058] {taskinstance.py:1377} INFO - Executing <Task(PostgresOperator): create_table> on 2022-12-12 14:18:00+00:00
[2022-12-12 14:19:04,113] {standard_task_runner.py:52} INFO - Started process 3397 to run task
[2022-12-12 14:19:04,204] {standard_task_runner.py:79} INFO - Running: ['airflow', 'tasks', 'run', 'prepare_data', 'create_table', 'scheduled__2022-12-12T14:18:00+00:00', '--job-id', '1088', '--raw', '--subdir', 'DAGS_FOLDER/prepare_data.py', '--cfg-path', '/tmp/tmpsu05mh8u', '--error-file', '/tmp/tmpvghglixl']
[2022-12-12 14:19:04,223] {standard_task_runner.py:80} INFO - Job 1088: Subtask create_table
[2022-12-12 14:19:05,606] {task_command.py:369} INFO - Running <TaskInstance: prepare_data.create_table scheduled__2022-12-12T14:18:00+00:00 [running]> on host b778137d8ea6
[2022-12-12 14:19:06,858] {taskinstance.py:1571} INFO - Exporting the following env vars:
AIRFLOW_CTX_DAG_OWNER=airflow
AIRFLOW_CTX_DAG_ID=prepare_data
AIRFLOW_CTX_TASK_ID=create_table
AIRFLOW_CTX_EXECUTION_DATE=2022-12-12T14:18:00+00:00
AIRFLOW_CTX_TRY_NUMBER=1
AIRFLOW_CTX_DAG_RUN_ID=scheduled__2022-12-12T14:18:00+00:00
[2022-12-12 14:19:06,974] {base.py:68} INFO - Using connection ID 'postgres_default' for task execution.
[2022-12-12 14:19:06,992] {dbapi.py:208} INFO - Running statement: CREATE TABLE IF NOT EXISTS prepared_data (
	id SERIAL,
	sensor_id BIGINT,
	longitude FLOAT,
	latitude FLOAT,
	controller_id BIGINT,
	datetime TIMESTAMP WITH TIME ZONE,
	temperature INTEGER
);, parameters: None
[2022-12-12 14:19:06,996] {postgres.py:94} INFO - NOTICE:  relation "prepared_data" already exists, skipping

[2022-12-12 14:19:07,058] {taskinstance.py:1400} INFO - Marking task as SUCCESS. dag_id=prepare_data, task_id=create_table, execution_date=20221212T141800, start_date=20221212T141903, end_date=20221212T141907
[2022-12-12 14:19:07,130] {local_task_job.py:156} INFO - Task exited with return code 0
[2022-12-12 14:19:08,182] {local_task_job.py:273} INFO - 0 downstream tasks scheduled from follow-on schedule check
