[2022-12-12 13:00:10,838] {taskinstance.py:1159} INFO - Dependencies all met for <TaskInstance: prepare_data.get_last_id scheduled__2022-11-28T22:55:00+00:00 [queued]>
[2022-12-12 13:00:11,644] {taskinstance.py:1159} INFO - Dependencies all met for <TaskInstance: prepare_data.get_last_id scheduled__2022-11-28T22:55:00+00:00 [queued]>
[2022-12-12 13:00:11,644] {taskinstance.py:1356} INFO - 
--------------------------------------------------------------------------------
[2022-12-12 13:00:11,644] {taskinstance.py:1357} INFO - Starting attempt 1 of 1
[2022-12-12 13:00:11,644] {taskinstance.py:1358} INFO - 
--------------------------------------------------------------------------------
[2022-12-12 13:00:12,767] {taskinstance.py:1377} INFO - Executing <Task(PythonOperator): get_last_id> on 2022-11-28 22:55:00+00:00
[2022-12-12 13:00:12,978] {standard_task_runner.py:52} INFO - Started process 1529 to run task
[2022-12-12 13:00:13,081] {standard_task_runner.py:79} INFO - Running: ['airflow', 'tasks', 'run', 'prepare_data', 'get_last_id', 'scheduled__2022-11-28T22:55:00+00:00', '--job-id', '515', '--raw', '--subdir', 'DAGS_FOLDER/prepare_data.py', '--cfg-path', '/tmp/tmpcnwynh2j', '--error-file', '/tmp/tmp1_nl53yq']
[2022-12-12 13:00:13,254] {standard_task_runner.py:80} INFO - Job 515: Subtask get_last_id
[2022-12-12 13:00:15,501] {task_command.py:369} INFO - Running <TaskInstance: prepare_data.get_last_id scheduled__2022-11-28T22:55:00+00:00 [running]> on host b778137d8ea6
[2022-12-12 13:00:18,021] {taskinstance.py:1571} INFO - Exporting the following env vars:
AIRFLOW_CTX_DAG_OWNER=airflow
AIRFLOW_CTX_DAG_ID=prepare_data
AIRFLOW_CTX_TASK_ID=get_last_id
AIRFLOW_CTX_EXECUTION_DATE=2022-11-28T22:55:00+00:00
AIRFLOW_CTX_TRY_NUMBER=1
AIRFLOW_CTX_DAG_RUN_ID=scheduled__2022-11-28T22:55:00+00:00
[2022-12-12 13:00:18,517] {base.py:68} INFO - Using connection ID 'postgres_default' for task execution.
[2022-12-12 13:00:19,636] {python.py:173} INFO - Done. Returned value was: None
[2022-12-12 13:00:20,247] {taskinstance.py:1400} INFO - Marking task as SUCCESS. dag_id=prepare_data, task_id=get_last_id, execution_date=20221128T225500, start_date=20221212T130010, end_date=20221212T130020
[2022-12-12 13:00:20,755] {local_task_job.py:156} INFO - Task exited with return code 0
[2022-12-12 13:00:21,464] {local_task_job.py:273} INFO - 1 downstream tasks scheduled from follow-on schedule check
