[2022-12-12 13:15:54,188] {taskinstance.py:1159} INFO - Dependencies all met for <TaskInstance: prepare_data.get_last_id scheduled__2022-11-29T00:21:00+00:00 [queued]>
[2022-12-12 13:15:55,103] {taskinstance.py:1159} INFO - Dependencies all met for <TaskInstance: prepare_data.get_last_id scheduled__2022-11-29T00:21:00+00:00 [queued]>
[2022-12-12 13:15:55,103] {taskinstance.py:1356} INFO - 
--------------------------------------------------------------------------------
[2022-12-12 13:15:55,103] {taskinstance.py:1357} INFO - Starting attempt 1 of 1
[2022-12-12 13:15:55,103] {taskinstance.py:1358} INFO - 
--------------------------------------------------------------------------------
[2022-12-12 13:15:56,344] {taskinstance.py:1377} INFO - Executing <Task(PythonOperator): get_last_id> on 2022-11-29 00:21:00+00:00
[2022-12-12 13:15:56,741] {standard_task_runner.py:52} INFO - Started process 2259 to run task
[2022-12-12 13:15:57,437] {standard_task_runner.py:79} INFO - Running: ['airflow', 'tasks', 'run', 'prepare_data', 'get_last_id', 'scheduled__2022-11-29T00:21:00+00:00', '--job-id', '815', '--raw', '--subdir', 'DAGS_FOLDER/prepare_data.py', '--cfg-path', '/tmp/tmp5lwqswoe', '--error-file', '/tmp/tmp2pf7rgzc']
[2022-12-12 13:15:57,623] {standard_task_runner.py:80} INFO - Job 815: Subtask get_last_id
[2022-12-12 13:16:03,684] {task_command.py:369} INFO - Running <TaskInstance: prepare_data.get_last_id scheduled__2022-11-29T00:21:00+00:00 [running]> on host b778137d8ea6
[2022-12-12 13:16:11,852] {taskinstance.py:1571} INFO - Exporting the following env vars:
AIRFLOW_CTX_DAG_OWNER=airflow
AIRFLOW_CTX_DAG_ID=prepare_data
AIRFLOW_CTX_TASK_ID=get_last_id
AIRFLOW_CTX_EXECUTION_DATE=2022-11-29T00:21:00+00:00
AIRFLOW_CTX_TRY_NUMBER=1
AIRFLOW_CTX_DAG_RUN_ID=scheduled__2022-11-29T00:21:00+00:00
[2022-12-12 13:16:13,263] {base.py:68} INFO - Using connection ID 'postgres_default' for task execution.
[2022-12-12 13:16:16,274] {python.py:173} INFO - Done. Returned value was: None
[2022-12-12 13:16:17,533] {taskinstance.py:1400} INFO - Marking task as SUCCESS. dag_id=prepare_data, task_id=get_last_id, execution_date=20221129T002100, start_date=20221212T131554, end_date=20221212T131617
[2022-12-12 13:16:18,635] {local_task_job.py:156} INFO - Task exited with return code 0
[2022-12-12 13:16:20,220] {local_task_job.py:273} INFO - 1 downstream tasks scheduled from follow-on schedule check
