[2022-12-03 14:58:56,832] {taskinstance.py:1159} INFO - Dependencies all met for <TaskInstance: prepare_data.get_last_id scheduled__2022-11-28T18:48:00+00:00 [queued]>
[2022-12-03 14:58:57,699] {taskinstance.py:1159} INFO - Dependencies all met for <TaskInstance: prepare_data.get_last_id scheduled__2022-11-28T18:48:00+00:00 [queued]>
[2022-12-03 14:58:57,700] {taskinstance.py:1356} INFO - 
--------------------------------------------------------------------------------
[2022-12-03 14:58:57,700] {taskinstance.py:1357} INFO - Starting attempt 1 of 1
[2022-12-03 14:58:57,700] {taskinstance.py:1358} INFO - 
--------------------------------------------------------------------------------
[2022-12-03 14:58:58,822] {taskinstance.py:1377} INFO - Executing <Task(PythonOperator): get_last_id> on 2022-11-28 18:48:00+00:00
[2022-12-03 14:58:58,963] {standard_task_runner.py:52} INFO - Started process 796 to run task
[2022-12-03 14:58:59,235] {standard_task_runner.py:79} INFO - Running: ['airflow', 'tasks', 'run', 'prepare_data', 'get_last_id', 'scheduled__2022-11-28T18:48:00+00:00', '--job-id', '211', '--raw', '--subdir', 'DAGS_FOLDER/prepare_data.py', '--cfg-path', '/tmp/tmpyuq7m5w0', '--error-file', '/tmp/tmpeci1m6zc']
[2022-12-03 14:58:59,333] {standard_task_runner.py:80} INFO - Job 211: Subtask get_last_id
[2022-12-03 14:59:03,030] {task_command.py:369} INFO - Running <TaskInstance: prepare_data.get_last_id scheduled__2022-11-28T18:48:00+00:00 [running]> on host b41792e8e843
[2022-12-03 14:59:07,227] {taskinstance.py:1571} INFO - Exporting the following env vars:
AIRFLOW_CTX_DAG_OWNER=airflow
AIRFLOW_CTX_DAG_ID=prepare_data
AIRFLOW_CTX_TASK_ID=get_last_id
AIRFLOW_CTX_EXECUTION_DATE=2022-11-28T18:48:00+00:00
AIRFLOW_CTX_TRY_NUMBER=1
AIRFLOW_CTX_DAG_RUN_ID=scheduled__2022-11-28T18:48:00+00:00
[2022-12-03 14:59:07,480] {base.py:68} INFO - Using connection ID 'postgres_default' for task execution.
[2022-12-03 14:59:07,912] {python.py:173} INFO - Done. Returned value was: None
[2022-12-03 14:59:08,684] {taskinstance.py:1400} INFO - Marking task as SUCCESS. dag_id=prepare_data, task_id=get_last_id, execution_date=20221128T184800, start_date=20221203T145856, end_date=20221203T145908
[2022-12-03 14:59:09,236] {local_task_job.py:156} INFO - Task exited with return code 0
[2022-12-03 14:59:10,616] {local_task_job.py:273} INFO - 1 downstream tasks scheduled from follow-on schedule check
