[2022-12-12 12:48:15,353] {taskinstance.py:1159} INFO - Dependencies all met for <TaskInstance: prepare_data.transfer_data scheduled__2022-11-28T22:18:00+00:00 [queued]>
[2022-12-12 12:48:15,874] {taskinstance.py:1159} INFO - Dependencies all met for <TaskInstance: prepare_data.transfer_data scheduled__2022-11-28T22:18:00+00:00 [queued]>
[2022-12-12 12:48:15,875] {taskinstance.py:1356} INFO - 
--------------------------------------------------------------------------------
[2022-12-12 12:48:15,875] {taskinstance.py:1357} INFO - Starting attempt 1 of 1
[2022-12-12 12:48:15,875] {taskinstance.py:1358} INFO - 
--------------------------------------------------------------------------------
[2022-12-12 12:48:18,168] {taskinstance.py:1377} INFO - Executing <Task(PythonOperator): transfer_data> on 2022-11-28 22:18:00+00:00
[2022-12-12 12:48:18,211] {standard_task_runner.py:79} INFO - Running: ['airflow', 'tasks', 'run', 'prepare_data', 'transfer_data', 'scheduled__2022-11-28T22:18:00+00:00', '--job-id', '372', '--raw', '--subdir', 'DAGS_FOLDER/prepare_data.py', '--cfg-path', '/tmp/tmpmq9x23xb', '--error-file', '/tmp/tmpbw7v3yf3']
[2022-12-12 12:48:18,221] {standard_task_runner.py:80} INFO - Job 372: Subtask transfer_data
[2022-12-12 12:48:18,193] {standard_task_runner.py:52} INFO - Started process 1163 to run task
[2022-12-12 12:48:21,342] {task_command.py:369} INFO - Running <TaskInstance: prepare_data.transfer_data scheduled__2022-11-28T22:18:00+00:00 [running]> on host b778137d8ea6
[2022-12-12 12:48:26,179] {taskinstance.py:1571} INFO - Exporting the following env vars:
AIRFLOW_CTX_DAG_OWNER=airflow
AIRFLOW_CTX_DAG_ID=prepare_data
AIRFLOW_CTX_TASK_ID=transfer_data
AIRFLOW_CTX_EXECUTION_DATE=2022-11-28T22:18:00+00:00
AIRFLOW_CTX_TRY_NUMBER=1
AIRFLOW_CTX_DAG_RUN_ID=scheduled__2022-11-28T22:18:00+00:00
[2022-12-12 12:48:26,982] {base.py:68} INFO - Using connection ID 'postgres_default' for task execution.
[2022-12-12 12:48:28,172] {python.py:173} INFO - Done. Returned value was: None
[2022-12-12 12:48:29,068] {taskinstance.py:1400} INFO - Marking task as SUCCESS. dag_id=prepare_data, task_id=transfer_data, execution_date=20221128T221800, start_date=20221212T124815, end_date=20221212T124829
[2022-12-12 12:48:31,156] {local_task_job.py:156} INFO - Task exited with return code 0
[2022-12-12 12:48:33,075] {local_task_job.py:273} INFO - 0 downstream tasks scheduled from follow-on schedule check
