[2022-12-12 13:05:28,896] {taskinstance.py:1159} INFO - Dependencies all met for <TaskInstance: prepare_data.transfer_data scheduled__2022-12-12T13:04:00+00:00 [queued]>
[2022-12-12 13:05:29,488] {taskinstance.py:1159} INFO - Dependencies all met for <TaskInstance: prepare_data.transfer_data scheduled__2022-12-12T13:04:00+00:00 [queued]>
[2022-12-12 13:05:29,488] {taskinstance.py:1356} INFO - 
--------------------------------------------------------------------------------
[2022-12-12 13:05:29,488] {taskinstance.py:1357} INFO - Starting attempt 1 of 1
[2022-12-12 13:05:29,489] {taskinstance.py:1358} INFO - 
--------------------------------------------------------------------------------
[2022-12-12 13:05:30,264] {taskinstance.py:1377} INFO - Executing <Task(PythonOperator): transfer_data> on 2022-12-12 13:04:00+00:00
[2022-12-12 13:05:30,396] {standard_task_runner.py:52} INFO - Started process 1807 to run task
[2022-12-12 13:05:30,555] {standard_task_runner.py:79} INFO - Running: ['airflow', 'tasks', 'run', 'prepare_data', 'transfer_data', 'scheduled__2022-12-12T13:04:00+00:00', '--job-id', '630', '--raw', '--subdir', 'DAGS_FOLDER/prepare_data.py', '--cfg-path', '/tmp/tmpa8plj61j', '--error-file', '/tmp/tmpn6w6cd63']
[2022-12-12 13:05:30,557] {standard_task_runner.py:80} INFO - Job 630: Subtask transfer_data
[2022-12-12 13:05:31,839] {task_command.py:369} INFO - Running <TaskInstance: prepare_data.transfer_data scheduled__2022-12-12T13:04:00+00:00 [running]> on host b778137d8ea6
[2022-12-12 13:05:33,330] {taskinstance.py:1571} INFO - Exporting the following env vars:
AIRFLOW_CTX_DAG_OWNER=airflow
AIRFLOW_CTX_DAG_ID=prepare_data
AIRFLOW_CTX_TASK_ID=transfer_data
AIRFLOW_CTX_EXECUTION_DATE=2022-12-12T13:04:00+00:00
AIRFLOW_CTX_TRY_NUMBER=1
AIRFLOW_CTX_DAG_RUN_ID=scheduled__2022-12-12T13:04:00+00:00
[2022-12-12 13:05:33,577] {base.py:68} INFO - Using connection ID 'postgres_default' for task execution.
[2022-12-12 13:05:33,930] {python.py:173} INFO - Done. Returned value was: None
[2022-12-12 13:05:34,256] {taskinstance.py:1400} INFO - Marking task as SUCCESS. dag_id=prepare_data, task_id=transfer_data, execution_date=20221212T130400, start_date=20221212T130528, end_date=20221212T130534
[2022-12-12 13:05:34,647] {local_task_job.py:156} INFO - Task exited with return code 0
[2022-12-12 13:05:35,615] {local_task_job.py:273} INFO - 0 downstream tasks scheduled from follow-on schedule check
