[2022-12-03 14:50:21,764] {taskinstance.py:1159} INFO - Dependencies all met for <TaskInstance: prepare_data.create_table scheduled__2022-11-28T18:18:00+00:00 [queued]>
[2022-12-03 14:50:22,707] {taskinstance.py:1159} INFO - Dependencies all met for <TaskInstance: prepare_data.create_table scheduled__2022-11-28T18:18:00+00:00 [queued]>
[2022-12-03 14:50:22,708] {taskinstance.py:1356} INFO - 
--------------------------------------------------------------------------------
[2022-12-03 14:50:22,708] {taskinstance.py:1357} INFO - Starting attempt 1 of 1
[2022-12-03 14:50:22,708] {taskinstance.py:1358} INFO - 
--------------------------------------------------------------------------------
[2022-12-03 14:50:24,104] {taskinstance.py:1377} INFO - Executing <Task(PostgresOperator): create_table> on 2022-11-28 18:18:00+00:00
[2022-12-03 14:50:24,595] {standard_task_runner.py:52} INFO - Started process 538 to run task
[2022-12-03 14:50:25,354] {standard_task_runner.py:79} INFO - Running: ['airflow', 'tasks', 'run', 'prepare_data', 'create_table', 'scheduled__2022-11-28T18:18:00+00:00', '--job-id', '115', '--raw', '--subdir', 'DAGS_FOLDER/prepare_data.py', '--cfg-path', '/tmp/tmpxygjlz5m', '--error-file', '/tmp/tmpqq_hhx4m']
[2022-12-03 14:50:25,395] {standard_task_runner.py:80} INFO - Job 115: Subtask create_table
[2022-12-03 14:50:34,076] {task_command.py:369} INFO - Running <TaskInstance: prepare_data.create_table scheduled__2022-11-28T18:18:00+00:00 [running]> on host b41792e8e843
[2022-12-03 14:50:43,953] {taskinstance.py:1571} INFO - Exporting the following env vars:
AIRFLOW_CTX_DAG_OWNER=airflow
AIRFLOW_CTX_DAG_ID=prepare_data
AIRFLOW_CTX_TASK_ID=create_table
AIRFLOW_CTX_EXECUTION_DATE=2022-11-28T18:18:00+00:00
AIRFLOW_CTX_TRY_NUMBER=1
AIRFLOW_CTX_DAG_RUN_ID=scheduled__2022-11-28T18:18:00+00:00
[2022-12-03 14:50:45,282] {base.py:68} INFO - Using connection ID 'postgres_default' for task execution.
[2022-12-03 14:50:45,518] {dbapi.py:208} INFO - Running statement: CREATE TABLE IF NOT EXISTS prepared_data (
	id SERIAL,
	sensor_id BIGINT,
	longitude FLOAT,
	latitude FLOAT,
	controller_id BIGINT,
	datetime TIMESTAMP WITH TIME ZONE,
	temperature INTEGER
);, parameters: None
[2022-12-03 14:50:45,587] {postgres.py:94} INFO - NOTICE:  relation "prepared_data" already exists, skipping

[2022-12-03 14:50:46,802] {taskinstance.py:1400} INFO - Marking task as SUCCESS. dag_id=prepare_data, task_id=create_table, execution_date=20221128T181800, start_date=20221203T145021, end_date=20221203T145046
[2022-12-03 14:50:47,817] {local_task_job.py:156} INFO - Task exited with return code 0
[2022-12-03 14:50:53,186] {local_task_job.py:273} INFO - 1 downstream tasks scheduled from follow-on schedule check
[2022-12-12 12:33:44,188] {taskinstance.py:1159} INFO - Dependencies all met for <TaskInstance: prepare_data.create_table scheduled__2022-11-28T18:18:00+00:00 [queued]>
[2022-12-12 12:33:44,487] {taskinstance.py:1159} INFO - Dependencies all met for <TaskInstance: prepare_data.create_table scheduled__2022-11-28T18:18:00+00:00 [queued]>
[2022-12-12 12:33:44,488] {taskinstance.py:1356} INFO - 
--------------------------------------------------------------------------------
[2022-12-12 12:33:44,491] {taskinstance.py:1357} INFO - Starting attempt 1 of 1
[2022-12-12 12:33:44,491] {taskinstance.py:1358} INFO - 
--------------------------------------------------------------------------------
[2022-12-12 12:33:44,754] {taskinstance.py:1377} INFO - Executing <Task(PostgresOperator): create_table> on 2022-11-28 18:18:00+00:00
[2022-12-12 12:33:44,818] {standard_task_runner.py:52} INFO - Started process 500 to run task
[2022-12-12 12:33:44,884] {standard_task_runner.py:79} INFO - Running: ['airflow', 'tasks', 'run', 'prepare_data', 'create_table', 'scheduled__2022-11-28T18:18:00+00:00', '--job-id', '106', '--raw', '--subdir', 'DAGS_FOLDER/prepare_data.py', '--cfg-path', '/tmp/tmptjzya3v2', '--error-file', '/tmp/tmpxwwgxa6c']
[2022-12-12 12:33:44,885] {standard_task_runner.py:80} INFO - Job 106: Subtask create_table
[2022-12-12 12:33:46,611] {task_command.py:369} INFO - Running <TaskInstance: prepare_data.create_table scheduled__2022-11-28T18:18:00+00:00 [running]> on host b778137d8ea6
[2022-12-12 12:33:47,961] {taskinstance.py:1571} INFO - Exporting the following env vars:
AIRFLOW_CTX_DAG_OWNER=airflow
AIRFLOW_CTX_DAG_ID=prepare_data
AIRFLOW_CTX_TASK_ID=create_table
AIRFLOW_CTX_EXECUTION_DATE=2022-11-28T18:18:00+00:00
AIRFLOW_CTX_TRY_NUMBER=1
AIRFLOW_CTX_DAG_RUN_ID=scheduled__2022-11-28T18:18:00+00:00
[2022-12-12 12:33:48,912] {taskinstance.py:1889} ERROR - Task failed with exception
Traceback (most recent call last):
  File "/home/airflow/.local/lib/python3.7/site-packages/airflow/providers/postgres/operators/postgres.py", line 92, in execute
    self.hook.run(self.sql, self.autocommit, parameters=self.parameters)
  File "/home/airflow/.local/lib/python3.7/site-packages/airflow/hooks/dbapi.py", line 181, in run
    with closing(self.get_conn()) as conn:
  File "/home/airflow/.local/lib/python3.7/site-packages/airflow/providers/postgres/hooks/postgres.py", line 86, in get_conn
    conn = deepcopy(self.connection or self.get_connection(conn_id))
  File "/home/airflow/.local/lib/python3.7/site-packages/airflow/hooks/base.py", line 67, in get_connection
    conn = Connection.get_connection_from_secrets(conn_id)
  File "/home/airflow/.local/lib/python3.7/site-packages/airflow/models/connection.py", line 430, in get_connection_from_secrets
    raise AirflowNotFoundException(f"The conn_id `{conn_id}` isn't defined")
airflow.exceptions.AirflowNotFoundException: The conn_id `postgres_default` isn't defined
[2022-12-12 12:33:48,958] {taskinstance.py:1400} INFO - Marking task as FAILED. dag_id=prepare_data, task_id=create_table, execution_date=20221128T181800, start_date=20221212T123344, end_date=20221212T123348
[2022-12-12 12:33:49,151] {standard_task_runner.py:97} ERROR - Failed to execute job 106 for task create_table (The conn_id `postgres_default` isn't defined; 500)
[2022-12-12 12:33:49,221] {local_task_job.py:156} INFO - Task exited with return code 1
[2022-12-12 12:33:49,737] {local_task_job.py:273} INFO - 0 downstream tasks scheduled from follow-on schedule check
