[2022-12-03 14:45:34,269] {taskinstance.py:1159} INFO - Dependencies all met for <TaskInstance: prepare_data.create_table scheduled__2022-11-28T17:12:00+00:00 [queued]>
[2022-12-03 14:45:34,491] {taskinstance.py:1159} INFO - Dependencies all met for <TaskInstance: prepare_data.create_table scheduled__2022-11-28T17:12:00+00:00 [queued]>
[2022-12-03 14:45:34,491] {taskinstance.py:1356} INFO - 
--------------------------------------------------------------------------------
[2022-12-03 14:45:34,504] {taskinstance.py:1357} INFO - Starting attempt 1 of 1
[2022-12-03 14:45:34,504] {taskinstance.py:1358} INFO - 
--------------------------------------------------------------------------------
[2022-12-03 14:45:37,620] {taskinstance.py:1377} INFO - Executing <Task(PostgresOperator): create_table> on 2022-11-28 17:12:00+00:00
[2022-12-03 14:45:37,691] {standard_task_runner.py:52} INFO - Started process 347 to run task
[2022-12-03 14:45:37,755] {standard_task_runner.py:79} INFO - Running: ['airflow', 'tasks', 'run', 'prepare_data', 'create_table', 'scheduled__2022-11-28T17:12:00+00:00', '--job-id', '40', '--raw', '--subdir', 'DAGS_FOLDER/prepare_data.py', '--cfg-path', '/tmp/tmpp4a2m93x', '--error-file', '/tmp/tmpcy60isne']
[2022-12-03 14:45:37,760] {standard_task_runner.py:80} INFO - Job 40: Subtask create_table
[2022-12-03 14:45:42,459] {task_command.py:369} INFO - Running <TaskInstance: prepare_data.create_table scheduled__2022-11-28T17:12:00+00:00 [running]> on host b41792e8e843
[2022-12-03 14:45:48,159] {taskinstance.py:1571} INFO - Exporting the following env vars:
AIRFLOW_CTX_DAG_OWNER=airflow
AIRFLOW_CTX_DAG_ID=prepare_data
AIRFLOW_CTX_TASK_ID=create_table
AIRFLOW_CTX_EXECUTION_DATE=2022-11-28T17:12:00+00:00
AIRFLOW_CTX_TRY_NUMBER=1
AIRFLOW_CTX_DAG_RUN_ID=scheduled__2022-11-28T17:12:00+00:00
[2022-12-03 14:45:50,327] {taskinstance.py:1889} ERROR - Task failed with exception
Traceback (most recent call last):
  File "/home/airflow/.local/lib/python3.7/site-packages/airflow/providers/postgres/operators/postgres.py", line 92, in execute
    self.hook.run(self.sql, self.autocommit, parameters=self.parameters)
  File "/home/airflow/.local/lib/python3.7/site-packages/airflow/hooks/dbapi.py", line 181, in run
    with closing(self.get_conn()) as conn:
  File "/home/airflow/.local/lib/python3.7/site-packages/airflow/providers/postgres/hooks/postgres.py", line 86, in get_conn
    conn = deepcopy(self.connection or self.get_connection(conn_id))
  File "/home/airflow/.local/lib/python3.7/site-packages/airflow/hooks/base.py", line 67, in get_connection
    conn = Connection.get_connection_from_secrets(conn_id)
  File "/home/airflow/.local/lib/python3.7/site-packages/airflow/models/connection.py", line 430, in get_connection_from_secrets
    raise AirflowNotFoundException(f"The conn_id `{conn_id}` isn't defined")
airflow.exceptions.AirflowNotFoundException: The conn_id `postgres_default` isn't defined
[2022-12-03 14:45:50,359] {taskinstance.py:1400} INFO - Marking task as FAILED. dag_id=prepare_data, task_id=create_table, execution_date=20221128T171200, start_date=20221203T144534, end_date=20221203T144550
[2022-12-03 14:45:50,658] {standard_task_runner.py:97} ERROR - Failed to execute job 40 for task create_table (The conn_id `postgres_default` isn't defined; 347)
[2022-12-03 14:45:50,742] {local_task_job.py:156} INFO - Task exited with return code 1
[2022-12-03 14:45:51,503] {local_task_job.py:273} INFO - 0 downstream tasks scheduled from follow-on schedule check
[2022-12-12 12:31:13,011] {taskinstance.py:1159} INFO - Dependencies all met for <TaskInstance: prepare_data.create_table scheduled__2022-11-28T17:12:00+00:00 [queued]>
[2022-12-12 12:31:13,338] {taskinstance.py:1159} INFO - Dependencies all met for <TaskInstance: prepare_data.create_table scheduled__2022-11-28T17:12:00+00:00 [queued]>
[2022-12-12 12:31:13,346] {taskinstance.py:1356} INFO - 
--------------------------------------------------------------------------------
[2022-12-12 12:31:13,346] {taskinstance.py:1357} INFO - Starting attempt 1 of 1
[2022-12-12 12:31:13,346] {taskinstance.py:1358} INFO - 
--------------------------------------------------------------------------------
[2022-12-12 12:31:13,696] {taskinstance.py:1377} INFO - Executing <Task(PostgresOperator): create_table> on 2022-11-28 17:12:00+00:00
[2022-12-12 12:31:13,937] {standard_task_runner.py:52} INFO - Started process 341 to run task
[2022-12-12 12:31:14,067] {standard_task_runner.py:79} INFO - Running: ['airflow', 'tasks', 'run', 'prepare_data', 'create_table', 'scheduled__2022-11-28T17:12:00+00:00', '--job-id', '40', '--raw', '--subdir', 'DAGS_FOLDER/prepare_data.py', '--cfg-path', '/tmp/tmpfxjvu3gy', '--error-file', '/tmp/tmppqhp39g_']
[2022-12-12 12:31:14,156] {standard_task_runner.py:80} INFO - Job 40: Subtask create_table
[2022-12-12 12:31:15,161] {task_command.py:369} INFO - Running <TaskInstance: prepare_data.create_table scheduled__2022-11-28T17:12:00+00:00 [running]> on host b778137d8ea6
[2022-12-12 12:31:15,650] {taskinstance.py:1571} INFO - Exporting the following env vars:
AIRFLOW_CTX_DAG_OWNER=airflow
AIRFLOW_CTX_DAG_ID=prepare_data
AIRFLOW_CTX_TASK_ID=create_table
AIRFLOW_CTX_EXECUTION_DATE=2022-11-28T17:12:00+00:00
AIRFLOW_CTX_TRY_NUMBER=1
AIRFLOW_CTX_DAG_RUN_ID=scheduled__2022-11-28T17:12:00+00:00
[2022-12-12 12:31:16,425] {taskinstance.py:1889} ERROR - Task failed with exception
Traceback (most recent call last):
  File "/home/airflow/.local/lib/python3.7/site-packages/airflow/providers/postgres/operators/postgres.py", line 92, in execute
    self.hook.run(self.sql, self.autocommit, parameters=self.parameters)
  File "/home/airflow/.local/lib/python3.7/site-packages/airflow/hooks/dbapi.py", line 181, in run
    with closing(self.get_conn()) as conn:
  File "/home/airflow/.local/lib/python3.7/site-packages/airflow/providers/postgres/hooks/postgres.py", line 86, in get_conn
    conn = deepcopy(self.connection or self.get_connection(conn_id))
  File "/home/airflow/.local/lib/python3.7/site-packages/airflow/hooks/base.py", line 67, in get_connection
    conn = Connection.get_connection_from_secrets(conn_id)
  File "/home/airflow/.local/lib/python3.7/site-packages/airflow/models/connection.py", line 430, in get_connection_from_secrets
    raise AirflowNotFoundException(f"The conn_id `{conn_id}` isn't defined")
airflow.exceptions.AirflowNotFoundException: The conn_id `postgres_default` isn't defined
[2022-12-12 12:31:16,480] {taskinstance.py:1400} INFO - Marking task as FAILED. dag_id=prepare_data, task_id=create_table, execution_date=20221128T171200, start_date=20221212T123113, end_date=20221212T123116
[2022-12-12 12:31:16,717] {standard_task_runner.py:97} ERROR - Failed to execute job 40 for task create_table (The conn_id `postgres_default` isn't defined; 341)
[2022-12-12 12:31:16,765] {local_task_job.py:156} INFO - Task exited with return code 1
[2022-12-12 12:31:16,941] {local_task_job.py:273} INFO - 0 downstream tasks scheduled from follow-on schedule check
[2022-12-12 15:17:21,661] {taskinstance.py:1159} INFO - Dependencies all met for <TaskInstance: prepare_data.create_table scheduled__2022-11-28T17:12:00+00:00 [queued]>
[2022-12-12 15:17:22,422] {taskinstance.py:1159} INFO - Dependencies all met for <TaskInstance: prepare_data.create_table scheduled__2022-11-28T17:12:00+00:00 [queued]>
[2022-12-12 15:17:22,423] {taskinstance.py:1356} INFO - 
--------------------------------------------------------------------------------
[2022-12-12 15:17:22,423] {taskinstance.py:1357} INFO - Starting attempt 1 of 1
[2022-12-12 15:17:22,423] {taskinstance.py:1358} INFO - 
--------------------------------------------------------------------------------
[2022-12-12 15:17:23,242] {taskinstance.py:1377} INFO - Executing <Task(PostgresOperator): create_table> on 2022-11-28 17:12:00+00:00
[2022-12-12 15:17:23,385] {standard_task_runner.py:52} INFO - Started process 389 to run task
[2022-12-12 15:17:23,726] {standard_task_runner.py:79} INFO - Running: ['airflow', 'tasks', 'run', 'prepare_data', 'create_table', 'scheduled__2022-11-28T17:12:00+00:00', '--job-id', '40', '--raw', '--subdir', 'DAGS_FOLDER/prepare_data.py', '--cfg-path', '/tmp/tmp_fgstrj0', '--error-file', '/tmp/tmp2xjv2k8g']
[2022-12-12 15:17:24,032] {standard_task_runner.py:80} INFO - Job 40: Subtask create_table
[2022-12-12 15:17:27,264] {task_command.py:369} INFO - Running <TaskInstance: prepare_data.create_table scheduled__2022-11-28T17:12:00+00:00 [running]> on host d4eb34144d92
[2022-12-12 15:17:31,445] {taskinstance.py:1571} INFO - Exporting the following env vars:
AIRFLOW_CTX_DAG_OWNER=airflow
AIRFLOW_CTX_DAG_ID=prepare_data
AIRFLOW_CTX_TASK_ID=create_table
AIRFLOW_CTX_EXECUTION_DATE=2022-11-28T17:12:00+00:00
AIRFLOW_CTX_TRY_NUMBER=1
AIRFLOW_CTX_DAG_RUN_ID=scheduled__2022-11-28T17:12:00+00:00
[2022-12-12 15:17:32,050] {taskinstance.py:1889} ERROR - Task failed with exception
Traceback (most recent call last):
  File "/home/airflow/.local/lib/python3.7/site-packages/airflow/providers/postgres/operators/postgres.py", line 92, in execute
    self.hook.run(self.sql, self.autocommit, parameters=self.parameters)
  File "/home/airflow/.local/lib/python3.7/site-packages/airflow/hooks/dbapi.py", line 181, in run
    with closing(self.get_conn()) as conn:
  File "/home/airflow/.local/lib/python3.7/site-packages/airflow/providers/postgres/hooks/postgres.py", line 86, in get_conn
    conn = deepcopy(self.connection or self.get_connection(conn_id))
  File "/home/airflow/.local/lib/python3.7/site-packages/airflow/hooks/base.py", line 67, in get_connection
    conn = Connection.get_connection_from_secrets(conn_id)
  File "/home/airflow/.local/lib/python3.7/site-packages/airflow/models/connection.py", line 430, in get_connection_from_secrets
    raise AirflowNotFoundException(f"The conn_id `{conn_id}` isn't defined")
airflow.exceptions.AirflowNotFoundException: The conn_id `postgres_default` isn't defined
[2022-12-12 15:17:32,272] {taskinstance.py:1400} INFO - Marking task as FAILED. dag_id=prepare_data, task_id=create_table, execution_date=20221128T171200, start_date=20221212T151721, end_date=20221212T151732
[2022-12-12 15:17:32,583] {standard_task_runner.py:97} ERROR - Failed to execute job 40 for task create_table (The conn_id `postgres_default` isn't defined; 389)
[2022-12-12 15:17:32,692] {local_task_job.py:156} INFO - Task exited with return code 1
[2022-12-12 15:17:34,637] {local_task_job.py:273} INFO - 0 downstream tasks scheduled from follow-on schedule check
