[2022-12-12 13:06:23,606] {taskinstance.py:1159} INFO - Dependencies all met for <TaskInstance: prepare_data.get_last_id scheduled__2022-12-12T13:05:00+00:00 [queued]>
[2022-12-12 13:06:24,166] {taskinstance.py:1159} INFO - Dependencies all met for <TaskInstance: prepare_data.get_last_id scheduled__2022-12-12T13:05:00+00:00 [queued]>
[2022-12-12 13:06:24,166] {taskinstance.py:1356} INFO - 
--------------------------------------------------------------------------------
[2022-12-12 13:06:24,166] {taskinstance.py:1357} INFO - Starting attempt 1 of 1
[2022-12-12 13:06:24,166] {taskinstance.py:1358} INFO - 
--------------------------------------------------------------------------------
[2022-12-12 13:06:24,652] {taskinstance.py:1377} INFO - Executing <Task(PythonOperator): get_last_id> on 2022-12-12 13:05:00+00:00
[2022-12-12 13:06:24,721] {standard_task_runner.py:52} INFO - Started process 1866 to run task
[2022-12-12 13:06:24,866] {standard_task_runner.py:79} INFO - Running: ['airflow', 'tasks', 'run', 'prepare_data', 'get_last_id', 'scheduled__2022-12-12T13:05:00+00:00', '--job-id', '656', '--raw', '--subdir', 'DAGS_FOLDER/prepare_data.py', '--cfg-path', '/tmp/tmpiq8t18mm', '--error-file', '/tmp/tmphjuzop6n']
[2022-12-12 13:06:24,935] {standard_task_runner.py:80} INFO - Job 656: Subtask get_last_id
[2022-12-12 13:06:26,444] {task_command.py:369} INFO - Running <TaskInstance: prepare_data.get_last_id scheduled__2022-12-12T13:05:00+00:00 [running]> on host b778137d8ea6
[2022-12-12 13:06:28,718] {taskinstance.py:1571} INFO - Exporting the following env vars:
AIRFLOW_CTX_DAG_OWNER=airflow
AIRFLOW_CTX_DAG_ID=prepare_data
AIRFLOW_CTX_TASK_ID=get_last_id
AIRFLOW_CTX_EXECUTION_DATE=2022-12-12T13:05:00+00:00
AIRFLOW_CTX_TRY_NUMBER=1
AIRFLOW_CTX_DAG_RUN_ID=scheduled__2022-12-12T13:05:00+00:00
[2022-12-12 13:06:29,369] {base.py:68} INFO - Using connection ID 'postgres_default' for task execution.
[2022-12-12 13:06:31,014] {python.py:173} INFO - Done. Returned value was: None
[2022-12-12 13:06:31,503] {taskinstance.py:1400} INFO - Marking task as SUCCESS. dag_id=prepare_data, task_id=get_last_id, execution_date=20221212T130500, start_date=20221212T130623, end_date=20221212T130631
[2022-12-12 13:06:31,814] {local_task_job.py:221} WARNING - State of this instance has been externally set to success. Terminating instance.
[2022-12-12 13:06:31,985] {process_utils.py:129} INFO - Sending Signals.SIGTERM to group 1866. PIDs of all processes in the group: [1866]
[2022-12-12 13:06:31,987] {process_utils.py:80} INFO - Sending the signal Signals.SIGTERM to group 1866
[2022-12-12 13:06:31,999] {process_utils.py:75} INFO - Process psutil.Process(pid=1866, status='terminated', exitcode=0, started='13:06:24') (1866) terminated with exit code 0
