[2022-12-03 14:56:41,631] {taskinstance.py:1159} INFO - Dependencies all met for <TaskInstance: prepare_data.create_table scheduled__2022-11-28T18:38:00+00:00 [queued]>
[2022-12-03 14:56:42,402] {taskinstance.py:1159} INFO - Dependencies all met for <TaskInstance: prepare_data.create_table scheduled__2022-11-28T18:38:00+00:00 [queued]>
[2022-12-03 14:56:42,403] {taskinstance.py:1356} INFO - 
--------------------------------------------------------------------------------
[2022-12-03 14:56:42,403] {taskinstance.py:1357} INFO - Starting attempt 1 of 1
[2022-12-03 14:56:42,403] {taskinstance.py:1358} INFO - 
--------------------------------------------------------------------------------
[2022-12-03 14:56:44,403] {taskinstance.py:1377} INFO - Executing <Task(PostgresOperator): create_table> on 2022-11-28 18:38:00+00:00
[2022-12-03 14:56:44,972] {standard_task_runner.py:52} INFO - Started process 703 to run task
[2022-12-03 14:56:45,584] {standard_task_runner.py:79} INFO - Running: ['airflow', 'tasks', 'run', 'prepare_data', 'create_table', 'scheduled__2022-11-28T18:38:00+00:00', '--job-id', '175', '--raw', '--subdir', 'DAGS_FOLDER/prepare_data.py', '--cfg-path', '/tmp/tmpkcgckqmm', '--error-file', '/tmp/tmpg5bw903z']
[2022-12-03 14:56:45,612] {standard_task_runner.py:80} INFO - Job 175: Subtask create_table
[2022-12-03 14:56:50,771] {task_command.py:369} INFO - Running <TaskInstance: prepare_data.create_table scheduled__2022-11-28T18:38:00+00:00 [running]> on host b41792e8e843
[2022-12-03 14:56:57,500] {taskinstance.py:1571} INFO - Exporting the following env vars:
AIRFLOW_CTX_DAG_OWNER=airflow
AIRFLOW_CTX_DAG_ID=prepare_data
AIRFLOW_CTX_TASK_ID=create_table
AIRFLOW_CTX_EXECUTION_DATE=2022-11-28T18:38:00+00:00
AIRFLOW_CTX_TRY_NUMBER=1
AIRFLOW_CTX_DAG_RUN_ID=scheduled__2022-11-28T18:38:00+00:00
[2022-12-03 14:56:58,450] {base.py:68} INFO - Using connection ID 'postgres_default' for task execution.
[2022-12-03 14:56:58,877] {dbapi.py:208} INFO - Running statement: CREATE TABLE IF NOT EXISTS prepared_data (
	id SERIAL,
	sensor_id BIGINT,
	longitude FLOAT,
	latitude FLOAT,
	controller_id BIGINT,
	datetime TIMESTAMP WITH TIME ZONE,
	temperature INTEGER
);, parameters: None
[2022-12-03 14:56:58,929] {postgres.py:94} INFO - NOTICE:  relation "prepared_data" already exists, skipping

[2022-12-03 14:57:02,854] {taskinstance.py:1400} INFO - Marking task as SUCCESS. dag_id=prepare_data, task_id=create_table, execution_date=20221128T183800, start_date=20221203T145641, end_date=20221203T145702
[2022-12-03 14:57:03,724] {local_task_job.py:156} INFO - Task exited with return code 0
[2022-12-03 14:57:06,607] {local_task_job.py:273} INFO - 1 downstream tasks scheduled from follow-on schedule check
[2022-12-12 12:34:15,716] {taskinstance.py:1159} INFO - Dependencies all met for <TaskInstance: prepare_data.create_table scheduled__2022-11-28T18:38:00+00:00 [queued]>
[2022-12-12 12:34:15,833] {taskinstance.py:1159} INFO - Dependencies all met for <TaskInstance: prepare_data.create_table scheduled__2022-11-28T18:38:00+00:00 [queued]>
[2022-12-12 12:34:15,833] {taskinstance.py:1356} INFO - 
--------------------------------------------------------------------------------
[2022-12-12 12:34:15,833] {taskinstance.py:1357} INFO - Starting attempt 1 of 1
[2022-12-12 12:34:15,833] {taskinstance.py:1358} INFO - 
--------------------------------------------------------------------------------
[2022-12-12 12:34:15,945] {taskinstance.py:1377} INFO - Executing <Task(PostgresOperator): create_table> on 2022-11-28 18:38:00+00:00
[2022-12-12 12:34:15,950] {standard_task_runner.py:52} INFO - Started process 544 to run task
[2022-12-12 12:34:15,991] {standard_task_runner.py:79} INFO - Running: ['airflow', 'tasks', 'run', 'prepare_data', 'create_table', 'scheduled__2022-11-28T18:38:00+00:00', '--job-id', '126', '--raw', '--subdir', 'DAGS_FOLDER/prepare_data.py', '--cfg-path', '/tmp/tmpxn1im81b', '--error-file', '/tmp/tmphd5mta7d']
[2022-12-12 12:34:15,999] {standard_task_runner.py:80} INFO - Job 126: Subtask create_table
[2022-12-12 12:34:17,047] {task_command.py:369} INFO - Running <TaskInstance: prepare_data.create_table scheduled__2022-11-28T18:38:00+00:00 [running]> on host b778137d8ea6
[2022-12-12 12:34:18,363] {taskinstance.py:1571} INFO - Exporting the following env vars:
AIRFLOW_CTX_DAG_OWNER=airflow
AIRFLOW_CTX_DAG_ID=prepare_data
AIRFLOW_CTX_TASK_ID=create_table
AIRFLOW_CTX_EXECUTION_DATE=2022-11-28T18:38:00+00:00
AIRFLOW_CTX_TRY_NUMBER=1
AIRFLOW_CTX_DAG_RUN_ID=scheduled__2022-11-28T18:38:00+00:00
[2022-12-12 12:34:18,558] {taskinstance.py:1889} ERROR - Task failed with exception
Traceback (most recent call last):
  File "/home/airflow/.local/lib/python3.7/site-packages/airflow/providers/postgres/operators/postgres.py", line 92, in execute
    self.hook.run(self.sql, self.autocommit, parameters=self.parameters)
  File "/home/airflow/.local/lib/python3.7/site-packages/airflow/hooks/dbapi.py", line 181, in run
    with closing(self.get_conn()) as conn:
  File "/home/airflow/.local/lib/python3.7/site-packages/airflow/providers/postgres/hooks/postgres.py", line 86, in get_conn
    conn = deepcopy(self.connection or self.get_connection(conn_id))
  File "/home/airflow/.local/lib/python3.7/site-packages/airflow/hooks/base.py", line 67, in get_connection
    conn = Connection.get_connection_from_secrets(conn_id)
  File "/home/airflow/.local/lib/python3.7/site-packages/airflow/models/connection.py", line 430, in get_connection_from_secrets
    raise AirflowNotFoundException(f"The conn_id `{conn_id}` isn't defined")
airflow.exceptions.AirflowNotFoundException: The conn_id `postgres_default` isn't defined
[2022-12-12 12:34:18,573] {taskinstance.py:1400} INFO - Marking task as FAILED. dag_id=prepare_data, task_id=create_table, execution_date=20221128T183800, start_date=20221212T123415, end_date=20221212T123418
[2022-12-12 12:34:18,720] {standard_task_runner.py:97} ERROR - Failed to execute job 126 for task create_table (The conn_id `postgres_default` isn't defined; 544)
[2022-12-12 12:34:18,786] {local_task_job.py:156} INFO - Task exited with return code 1
[2022-12-12 12:34:20,064] {local_task_job.py:273} INFO - 0 downstream tasks scheduled from follow-on schedule check
