[2022-12-12 13:08:31,207] {taskinstance.py:1159} INFO - Dependencies all met for <TaskInstance: prepare_data.get_last_id scheduled__2022-11-28T23:45:00+00:00 [queued]>
[2022-12-12 13:08:32,001] {taskinstance.py:1159} INFO - Dependencies all met for <TaskInstance: prepare_data.get_last_id scheduled__2022-11-28T23:45:00+00:00 [queued]>
[2022-12-12 13:08:32,002] {taskinstance.py:1356} INFO - 
--------------------------------------------------------------------------------
[2022-12-12 13:08:32,002] {taskinstance.py:1357} INFO - Starting attempt 1 of 1
[2022-12-12 13:08:32,002] {taskinstance.py:1358} INFO - 
--------------------------------------------------------------------------------
[2022-12-12 13:08:33,478] {taskinstance.py:1377} INFO - Executing <Task(PythonOperator): get_last_id> on 2022-11-28 23:45:00+00:00
[2022-12-12 13:08:33,673] {standard_task_runner.py:52} INFO - Started process 1951 to run task
[2022-12-12 13:08:33,917] {standard_task_runner.py:79} INFO - Running: ['airflow', 'tasks', 'run', 'prepare_data', 'get_last_id', 'scheduled__2022-11-28T23:45:00+00:00', '--job-id', '687', '--raw', '--subdir', 'DAGS_FOLDER/prepare_data.py', '--cfg-path', '/tmp/tmpnhbp8j85', '--error-file', '/tmp/tmpop9pc83t']
[2022-12-12 13:08:33,918] {standard_task_runner.py:80} INFO - Job 687: Subtask get_last_id
[2022-12-12 13:08:37,522] {task_command.py:369} INFO - Running <TaskInstance: prepare_data.get_last_id scheduled__2022-11-28T23:45:00+00:00 [running]> on host b778137d8ea6
[2022-12-12 13:08:41,961] {taskinstance.py:1571} INFO - Exporting the following env vars:
AIRFLOW_CTX_DAG_OWNER=airflow
AIRFLOW_CTX_DAG_ID=prepare_data
AIRFLOW_CTX_TASK_ID=get_last_id
AIRFLOW_CTX_EXECUTION_DATE=2022-11-28T23:45:00+00:00
AIRFLOW_CTX_TRY_NUMBER=1
AIRFLOW_CTX_DAG_RUN_ID=scheduled__2022-11-28T23:45:00+00:00
[2022-12-12 13:08:42,560] {base.py:68} INFO - Using connection ID 'postgres_default' for task execution.
[2022-12-12 13:08:43,536] {python.py:173} INFO - Done. Returned value was: None
[2022-12-12 13:08:44,184] {taskinstance.py:1400} INFO - Marking task as SUCCESS. dag_id=prepare_data, task_id=get_last_id, execution_date=20221128T234500, start_date=20221212T130831, end_date=20221212T130844
[2022-12-12 13:08:44,987] {local_task_job.py:156} INFO - Task exited with return code 0
[2022-12-12 13:08:46,257] {local_task_job.py:273} INFO - 1 downstream tasks scheduled from follow-on schedule check
