[2022-12-03 15:11:31,113] {taskinstance.py:1159} INFO - Dependencies all met for <TaskInstance: prepare_data.transfer_data scheduled__2022-11-28T19:53:00+00:00 [queued]>
[2022-12-03 15:11:31,621] {taskinstance.py:1159} INFO - Dependencies all met for <TaskInstance: prepare_data.transfer_data scheduled__2022-11-28T19:53:00+00:00 [queued]>
[2022-12-03 15:11:31,621] {taskinstance.py:1356} INFO - 
--------------------------------------------------------------------------------
[2022-12-03 15:11:31,622] {taskinstance.py:1357} INFO - Starting attempt 1 of 1
[2022-12-03 15:11:31,622] {taskinstance.py:1358} INFO - 
--------------------------------------------------------------------------------
[2022-12-03 15:11:32,071] {taskinstance.py:1377} INFO - Executing <Task(PythonOperator): transfer_data> on 2022-11-28 19:53:00+00:00
[2022-12-03 15:11:32,175] {standard_task_runner.py:52} INFO - Started process 1300 to run task
[2022-12-03 15:11:32,305] {standard_task_runner.py:79} INFO - Running: ['airflow', 'tasks', 'run', 'prepare_data', 'transfer_data', 'scheduled__2022-11-28T19:53:00+00:00', '--job-id', '413', '--raw', '--subdir', 'DAGS_FOLDER/prepare_data.py', '--cfg-path', '/tmp/tmpuzxxcgrn', '--error-file', '/tmp/tmpi4yva5i0']
[2022-12-03 15:11:32,347] {standard_task_runner.py:80} INFO - Job 413: Subtask transfer_data
[2022-12-03 15:11:34,386] {task_command.py:369} INFO - Running <TaskInstance: prepare_data.transfer_data scheduled__2022-11-28T19:53:00+00:00 [running]> on host b41792e8e843
[2022-12-03 15:11:39,082] {taskinstance.py:1571} INFO - Exporting the following env vars:
AIRFLOW_CTX_DAG_OWNER=airflow
AIRFLOW_CTX_DAG_ID=prepare_data
AIRFLOW_CTX_TASK_ID=transfer_data
AIRFLOW_CTX_EXECUTION_DATE=2022-11-28T19:53:00+00:00
AIRFLOW_CTX_TRY_NUMBER=1
AIRFLOW_CTX_DAG_RUN_ID=scheduled__2022-11-28T19:53:00+00:00
[2022-12-03 15:11:40,090] {base.py:68} INFO - Using connection ID 'postgres_default' for task execution.
[2022-12-03 15:11:41,217] {python.py:173} INFO - Done. Returned value was: None
[2022-12-03 15:11:42,167] {taskinstance.py:1400} INFO - Marking task as SUCCESS. dag_id=prepare_data, task_id=transfer_data, execution_date=20221128T195300, start_date=20221203T151131, end_date=20221203T151142
[2022-12-03 15:11:43,549] {local_task_job.py:156} INFO - Task exited with return code 0
[2022-12-03 15:11:45,106] {local_task_job.py:273} INFO - 0 downstream tasks scheduled from follow-on schedule check
