[2022-12-03 14:45:18,114] {taskinstance.py:1159} INFO - Dependencies all met for <TaskInstance: prepare_data.create_table scheduled__2022-11-28T17:07:00+00:00 [queued]>
[2022-12-03 14:45:18,170] {taskinstance.py:1159} INFO - Dependencies all met for <TaskInstance: prepare_data.create_table scheduled__2022-11-28T17:07:00+00:00 [queued]>
[2022-12-03 14:45:18,170] {taskinstance.py:1356} INFO - 
--------------------------------------------------------------------------------
[2022-12-03 14:45:18,171] {taskinstance.py:1357} INFO - Starting attempt 1 of 1
[2022-12-03 14:45:18,171] {taskinstance.py:1358} INFO - 
--------------------------------------------------------------------------------
[2022-12-03 14:45:18,317] {taskinstance.py:1377} INFO - Executing <Task(PostgresOperator): create_table> on 2022-11-28 17:07:00+00:00
[2022-12-03 14:45:18,384] {standard_task_runner.py:52} INFO - Started process 336 to run task
[2022-12-03 14:45:18,509] {standard_task_runner.py:79} INFO - Running: ['airflow', 'tasks', 'run', 'prepare_data', 'create_table', 'scheduled__2022-11-28T17:07:00+00:00', '--job-id', '35', '--raw', '--subdir', 'DAGS_FOLDER/prepare_data.py', '--cfg-path', '/tmp/tmp1dyvedit', '--error-file', '/tmp/tmpuhgrnlmx']
[2022-12-03 14:45:18,529] {standard_task_runner.py:80} INFO - Job 35: Subtask create_table
[2022-12-03 14:45:18,864] {task_command.py:369} INFO - Running <TaskInstance: prepare_data.create_table scheduled__2022-11-28T17:07:00+00:00 [running]> on host b41792e8e843
[2022-12-03 14:45:19,339] {taskinstance.py:1571} INFO - Exporting the following env vars:
AIRFLOW_CTX_DAG_OWNER=airflow
AIRFLOW_CTX_DAG_ID=prepare_data
AIRFLOW_CTX_TASK_ID=create_table
AIRFLOW_CTX_EXECUTION_DATE=2022-11-28T17:07:00+00:00
AIRFLOW_CTX_TRY_NUMBER=1
AIRFLOW_CTX_DAG_RUN_ID=scheduled__2022-11-28T17:07:00+00:00
[2022-12-03 14:45:19,650] {taskinstance.py:1889} ERROR - Task failed with exception
Traceback (most recent call last):
  File "/home/airflow/.local/lib/python3.7/site-packages/airflow/providers/postgres/operators/postgres.py", line 92, in execute
    self.hook.run(self.sql, self.autocommit, parameters=self.parameters)
  File "/home/airflow/.local/lib/python3.7/site-packages/airflow/hooks/dbapi.py", line 181, in run
    with closing(self.get_conn()) as conn:
  File "/home/airflow/.local/lib/python3.7/site-packages/airflow/providers/postgres/hooks/postgres.py", line 86, in get_conn
    conn = deepcopy(self.connection or self.get_connection(conn_id))
  File "/home/airflow/.local/lib/python3.7/site-packages/airflow/hooks/base.py", line 67, in get_connection
    conn = Connection.get_connection_from_secrets(conn_id)
  File "/home/airflow/.local/lib/python3.7/site-packages/airflow/models/connection.py", line 430, in get_connection_from_secrets
    raise AirflowNotFoundException(f"The conn_id `{conn_id}` isn't defined")
airflow.exceptions.AirflowNotFoundException: The conn_id `postgres_default` isn't defined
[2022-12-03 14:45:19,662] {taskinstance.py:1400} INFO - Marking task as FAILED. dag_id=prepare_data, task_id=create_table, execution_date=20221128T170700, start_date=20221203T144518, end_date=20221203T144519
[2022-12-03 14:45:19,811] {standard_task_runner.py:97} ERROR - Failed to execute job 35 for task create_table (The conn_id `postgres_default` isn't defined; 336)
[2022-12-03 14:45:19,870] {local_task_job.py:156} INFO - Task exited with return code 1
[2022-12-03 14:45:20,071] {local_task_job.py:273} INFO - 0 downstream tasks scheduled from follow-on schedule check
[2022-12-12 12:31:02,843] {taskinstance.py:1159} INFO - Dependencies all met for <TaskInstance: prepare_data.create_table scheduled__2022-11-28T17:07:00+00:00 [queued]>
[2022-12-12 12:31:03,035] {taskinstance.py:1159} INFO - Dependencies all met for <TaskInstance: prepare_data.create_table scheduled__2022-11-28T17:07:00+00:00 [queued]>
[2022-12-12 12:31:03,036] {taskinstance.py:1356} INFO - 
--------------------------------------------------------------------------------
[2022-12-12 12:31:03,036] {taskinstance.py:1357} INFO - Starting attempt 1 of 1
[2022-12-12 12:31:03,036] {taskinstance.py:1358} INFO - 
--------------------------------------------------------------------------------
[2022-12-12 12:31:03,549] {taskinstance.py:1377} INFO - Executing <Task(PostgresOperator): create_table> on 2022-11-28 17:07:00+00:00
[2022-12-12 12:31:03,577] {standard_task_runner.py:52} INFO - Started process 332 to run task
[2022-12-12 12:31:03,626] {standard_task_runner.py:79} INFO - Running: ['airflow', 'tasks', 'run', 'prepare_data', 'create_table', 'scheduled__2022-11-28T17:07:00+00:00', '--job-id', '35', '--raw', '--subdir', 'DAGS_FOLDER/prepare_data.py', '--cfg-path', '/tmp/tmpuzr0g5ao', '--error-file', '/tmp/tmpoqpnqe4_']
[2022-12-12 12:31:03,667] {standard_task_runner.py:80} INFO - Job 35: Subtask create_table
[2022-12-12 12:31:04,520] {task_command.py:369} INFO - Running <TaskInstance: prepare_data.create_table scheduled__2022-11-28T17:07:00+00:00 [running]> on host b778137d8ea6
[2022-12-12 12:31:05,899] {taskinstance.py:1571} INFO - Exporting the following env vars:
AIRFLOW_CTX_DAG_OWNER=airflow
AIRFLOW_CTX_DAG_ID=prepare_data
AIRFLOW_CTX_TASK_ID=create_table
AIRFLOW_CTX_EXECUTION_DATE=2022-11-28T17:07:00+00:00
AIRFLOW_CTX_TRY_NUMBER=1
AIRFLOW_CTX_DAG_RUN_ID=scheduled__2022-11-28T17:07:00+00:00
[2022-12-12 12:31:06,149] {taskinstance.py:1889} ERROR - Task failed with exception
Traceback (most recent call last):
  File "/home/airflow/.local/lib/python3.7/site-packages/airflow/providers/postgres/operators/postgres.py", line 92, in execute
    self.hook.run(self.sql, self.autocommit, parameters=self.parameters)
  File "/home/airflow/.local/lib/python3.7/site-packages/airflow/hooks/dbapi.py", line 181, in run
    with closing(self.get_conn()) as conn:
  File "/home/airflow/.local/lib/python3.7/site-packages/airflow/providers/postgres/hooks/postgres.py", line 86, in get_conn
    conn = deepcopy(self.connection or self.get_connection(conn_id))
  File "/home/airflow/.local/lib/python3.7/site-packages/airflow/hooks/base.py", line 67, in get_connection
    conn = Connection.get_connection_from_secrets(conn_id)
  File "/home/airflow/.local/lib/python3.7/site-packages/airflow/models/connection.py", line 430, in get_connection_from_secrets
    raise AirflowNotFoundException(f"The conn_id `{conn_id}` isn't defined")
airflow.exceptions.AirflowNotFoundException: The conn_id `postgres_default` isn't defined
[2022-12-12 12:31:06,204] {taskinstance.py:1400} INFO - Marking task as FAILED. dag_id=prepare_data, task_id=create_table, execution_date=20221128T170700, start_date=20221212T123102, end_date=20221212T123106
[2022-12-12 12:31:06,342] {standard_task_runner.py:97} ERROR - Failed to execute job 35 for task create_table (The conn_id `postgres_default` isn't defined; 332)
[2022-12-12 12:31:06,416] {local_task_job.py:156} INFO - Task exited with return code 1
[2022-12-12 12:31:07,227] {local_task_job.py:273} INFO - 0 downstream tasks scheduled from follow-on schedule check
[2022-12-12 15:16:35,861] {taskinstance.py:1159} INFO - Dependencies all met for <TaskInstance: prepare_data.create_table scheduled__2022-11-28T17:07:00+00:00 [queued]>
[2022-12-12 15:16:37,484] {taskinstance.py:1159} INFO - Dependencies all met for <TaskInstance: prepare_data.create_table scheduled__2022-11-28T17:07:00+00:00 [queued]>
[2022-12-12 15:16:37,484] {taskinstance.py:1356} INFO - 
--------------------------------------------------------------------------------
[2022-12-12 15:16:37,484] {taskinstance.py:1357} INFO - Starting attempt 1 of 1
[2022-12-12 15:16:37,485] {taskinstance.py:1358} INFO - 
--------------------------------------------------------------------------------
[2022-12-12 15:16:38,477] {taskinstance.py:1377} INFO - Executing <Task(PostgresOperator): create_table> on 2022-11-28 17:07:00+00:00
[2022-12-12 15:16:38,737] {standard_task_runner.py:52} INFO - Started process 373 to run task
[2022-12-12 15:16:39,044] {standard_task_runner.py:79} INFO - Running: ['airflow', 'tasks', 'run', 'prepare_data', 'create_table', 'scheduled__2022-11-28T17:07:00+00:00', '--job-id', '35', '--raw', '--subdir', 'DAGS_FOLDER/prepare_data.py', '--cfg-path', '/tmp/tmpw20tnpsj', '--error-file', '/tmp/tmp2xmg037e']
[2022-12-12 15:16:39,069] {standard_task_runner.py:80} INFO - Job 35: Subtask create_table
[2022-12-12 15:16:43,662] {task_command.py:369} INFO - Running <TaskInstance: prepare_data.create_table scheduled__2022-11-28T17:07:00+00:00 [running]> on host d4eb34144d92
[2022-12-12 15:16:50,871] {taskinstance.py:1571} INFO - Exporting the following env vars:
AIRFLOW_CTX_DAG_OWNER=airflow
AIRFLOW_CTX_DAG_ID=prepare_data
AIRFLOW_CTX_TASK_ID=create_table
AIRFLOW_CTX_EXECUTION_DATE=2022-11-28T17:07:00+00:00
AIRFLOW_CTX_TRY_NUMBER=1
AIRFLOW_CTX_DAG_RUN_ID=scheduled__2022-11-28T17:07:00+00:00
[2022-12-12 15:16:52,801] {taskinstance.py:1889} ERROR - Task failed with exception
Traceback (most recent call last):
  File "/home/airflow/.local/lib/python3.7/site-packages/airflow/providers/postgres/operators/postgres.py", line 92, in execute
    self.hook.run(self.sql, self.autocommit, parameters=self.parameters)
  File "/home/airflow/.local/lib/python3.7/site-packages/airflow/hooks/dbapi.py", line 181, in run
    with closing(self.get_conn()) as conn:
  File "/home/airflow/.local/lib/python3.7/site-packages/airflow/providers/postgres/hooks/postgres.py", line 86, in get_conn
    conn = deepcopy(self.connection or self.get_connection(conn_id))
  File "/home/airflow/.local/lib/python3.7/site-packages/airflow/hooks/base.py", line 67, in get_connection
    conn = Connection.get_connection_from_secrets(conn_id)
  File "/home/airflow/.local/lib/python3.7/site-packages/airflow/models/connection.py", line 430, in get_connection_from_secrets
    raise AirflowNotFoundException(f"The conn_id `{conn_id}` isn't defined")
airflow.exceptions.AirflowNotFoundException: The conn_id `postgres_default` isn't defined
[2022-12-12 15:16:53,691] {taskinstance.py:1400} INFO - Marking task as FAILED. dag_id=prepare_data, task_id=create_table, execution_date=20221128T170700, start_date=20221212T151635, end_date=20221212T151653
[2022-12-12 15:16:54,472] {standard_task_runner.py:97} ERROR - Failed to execute job 35 for task create_table (The conn_id `postgres_default` isn't defined; 373)
[2022-12-12 15:16:54,747] {local_task_job.py:156} INFO - Task exited with return code 1
[2022-12-12 15:16:57,736] {local_task_job.py:273} INFO - 0 downstream tasks scheduled from follow-on schedule check
