[2022-12-03 15:03:07,240] {taskinstance.py:1159} INFO - Dependencies all met for <TaskInstance: prepare_data.get_last_id scheduled__2022-11-28T19:07:00+00:00 [queued]>
[2022-12-03 15:03:07,756] {taskinstance.py:1159} INFO - Dependencies all met for <TaskInstance: prepare_data.get_last_id scheduled__2022-11-28T19:07:00+00:00 [queued]>
[2022-12-03 15:03:07,756] {taskinstance.py:1356} INFO - 
--------------------------------------------------------------------------------
[2022-12-03 15:03:07,756] {taskinstance.py:1357} INFO - Starting attempt 1 of 1
[2022-12-03 15:03:07,756] {taskinstance.py:1358} INFO - 
--------------------------------------------------------------------------------
[2022-12-03 15:03:08,647] {taskinstance.py:1377} INFO - Executing <Task(PythonOperator): get_last_id> on 2022-11-28 19:07:00+00:00
[2022-12-03 15:03:08,769] {standard_task_runner.py:52} INFO - Started process 956 to run task
[2022-12-03 15:03:08,945] {standard_task_runner.py:79} INFO - Running: ['airflow', 'tasks', 'run', 'prepare_data', 'get_last_id', 'scheduled__2022-11-28T19:07:00+00:00', '--job-id', '274', '--raw', '--subdir', 'DAGS_FOLDER/prepare_data.py', '--cfg-path', '/tmp/tmp5tahz4ur', '--error-file', '/tmp/tmp31qhyw6t']
[2022-12-03 15:03:09,003] {standard_task_runner.py:80} INFO - Job 274: Subtask get_last_id
[2022-12-03 15:03:11,241] {task_command.py:369} INFO - Running <TaskInstance: prepare_data.get_last_id scheduled__2022-11-28T19:07:00+00:00 [running]> on host b41792e8e843
[2022-12-03 15:03:14,782] {taskinstance.py:1571} INFO - Exporting the following env vars:
AIRFLOW_CTX_DAG_OWNER=airflow
AIRFLOW_CTX_DAG_ID=prepare_data
AIRFLOW_CTX_TASK_ID=get_last_id
AIRFLOW_CTX_EXECUTION_DATE=2022-11-28T19:07:00+00:00
AIRFLOW_CTX_TRY_NUMBER=1
AIRFLOW_CTX_DAG_RUN_ID=scheduled__2022-11-28T19:07:00+00:00
[2022-12-03 15:03:15,289] {base.py:68} INFO - Using connection ID 'postgres_default' for task execution.
[2022-12-03 15:03:16,111] {python.py:173} INFO - Done. Returned value was: None
[2022-12-03 15:03:16,622] {taskinstance.py:1400} INFO - Marking task as SUCCESS. dag_id=prepare_data, task_id=get_last_id, execution_date=20221128T190700, start_date=20221203T150307, end_date=20221203T150316
[2022-12-03 15:03:17,155] {local_task_job.py:156} INFO - Task exited with return code 0
[2022-12-03 15:03:19,161] {local_task_job.py:273} INFO - 1 downstream tasks scheduled from follow-on schedule check
