[2022-12-03 15:11:58,168] {taskinstance.py:1159} INFO - Dependencies all met for <TaskInstance: prepare_data.get_last_id scheduled__2022-11-28T19:56:00+00:00 [queued]>
[2022-12-03 15:11:59,393] {taskinstance.py:1159} INFO - Dependencies all met for <TaskInstance: prepare_data.get_last_id scheduled__2022-11-28T19:56:00+00:00 [queued]>
[2022-12-03 15:11:59,510] {taskinstance.py:1356} INFO - 
--------------------------------------------------------------------------------
[2022-12-03 15:11:59,510] {taskinstance.py:1357} INFO - Starting attempt 1 of 1
[2022-12-03 15:11:59,511] {taskinstance.py:1358} INFO - 
--------------------------------------------------------------------------------
[2022-12-03 15:12:00,703] {taskinstance.py:1377} INFO - Executing <Task(PythonOperator): get_last_id> on 2022-11-28 19:56:00+00:00
[2022-12-03 15:12:00,895] {standard_task_runner.py:52} INFO - Started process 1319 to run task
[2022-12-03 15:12:01,045] {standard_task_runner.py:79} INFO - Running: ['airflow', 'tasks', 'run', 'prepare_data', 'get_last_id', 'scheduled__2022-11-28T19:56:00+00:00', '--job-id', '420', '--raw', '--subdir', 'DAGS_FOLDER/prepare_data.py', '--cfg-path', '/tmp/tmpytyne8b2', '--error-file', '/tmp/tmp_oyity5z']
[2022-12-03 15:12:01,095] {standard_task_runner.py:80} INFO - Job 420: Subtask get_last_id
[2022-12-03 15:12:06,699] {task_command.py:369} INFO - Running <TaskInstance: prepare_data.get_last_id scheduled__2022-11-28T19:56:00+00:00 [running]> on host b41792e8e843
[2022-12-03 15:12:09,802] {taskinstance.py:1571} INFO - Exporting the following env vars:
AIRFLOW_CTX_DAG_OWNER=airflow
AIRFLOW_CTX_DAG_ID=prepare_data
AIRFLOW_CTX_TASK_ID=get_last_id
AIRFLOW_CTX_EXECUTION_DATE=2022-11-28T19:56:00+00:00
AIRFLOW_CTX_TRY_NUMBER=1
AIRFLOW_CTX_DAG_RUN_ID=scheduled__2022-11-28T19:56:00+00:00
[2022-12-03 15:12:10,287] {base.py:68} INFO - Using connection ID 'postgres_default' for task execution.
[2022-12-03 15:12:11,668] {python.py:173} INFO - Done. Returned value was: None
[2022-12-03 15:12:12,448] {taskinstance.py:1400} INFO - Marking task as SUCCESS. dag_id=prepare_data, task_id=get_last_id, execution_date=20221128T195600, start_date=20221203T151158, end_date=20221203T151212
[2022-12-03 15:12:13,647] {local_task_job.py:156} INFO - Task exited with return code 0
[2022-12-03 15:12:14,816] {local_task_job.py:273} INFO - 1 downstream tasks scheduled from follow-on schedule check
