[2022-12-03 14:46:04,548] {taskinstance.py:1159} INFO - Dependencies all met for <TaskInstance: prepare_data.create_table scheduled__2022-11-28T17:19:00+00:00 [queued]>
[2022-12-03 14:46:04,876] {taskinstance.py:1159} INFO - Dependencies all met for <TaskInstance: prepare_data.create_table scheduled__2022-11-28T17:19:00+00:00 [queued]>
[2022-12-03 14:46:04,876] {taskinstance.py:1356} INFO - 
--------------------------------------------------------------------------------
[2022-12-03 14:46:04,876] {taskinstance.py:1357} INFO - Starting attempt 1 of 1
[2022-12-03 14:46:04,876] {taskinstance.py:1358} INFO - 
--------------------------------------------------------------------------------
[2022-12-03 14:46:05,327] {taskinstance.py:1377} INFO - Executing <Task(PostgresOperator): create_table> on 2022-11-28 17:19:00+00:00
[2022-12-03 14:46:05,435] {standard_task_runner.py:52} INFO - Started process 367 to run task
[2022-12-03 14:46:05,492] {standard_task_runner.py:79} INFO - Running: ['airflow', 'tasks', 'run', 'prepare_data', 'create_table', 'scheduled__2022-11-28T17:19:00+00:00', '--job-id', '47', '--raw', '--subdir', 'DAGS_FOLDER/prepare_data.py', '--cfg-path', '/tmp/tmpitchiywy', '--error-file', '/tmp/tmpyiashfjt']
[2022-12-03 14:46:05,587] {standard_task_runner.py:80} INFO - Job 47: Subtask create_table
[2022-12-03 14:46:06,955] {task_command.py:369} INFO - Running <TaskInstance: prepare_data.create_table scheduled__2022-11-28T17:19:00+00:00 [running]> on host b41792e8e843
[2022-12-03 14:46:08,797] {taskinstance.py:1571} INFO - Exporting the following env vars:
AIRFLOW_CTX_DAG_OWNER=airflow
AIRFLOW_CTX_DAG_ID=prepare_data
AIRFLOW_CTX_TASK_ID=create_table
AIRFLOW_CTX_EXECUTION_DATE=2022-11-28T17:19:00+00:00
AIRFLOW_CTX_TRY_NUMBER=1
AIRFLOW_CTX_DAG_RUN_ID=scheduled__2022-11-28T17:19:00+00:00
[2022-12-03 14:46:09,188] {taskinstance.py:1889} ERROR - Task failed with exception
Traceback (most recent call last):
  File "/home/airflow/.local/lib/python3.7/site-packages/airflow/providers/postgres/operators/postgres.py", line 92, in execute
    self.hook.run(self.sql, self.autocommit, parameters=self.parameters)
  File "/home/airflow/.local/lib/python3.7/site-packages/airflow/hooks/dbapi.py", line 181, in run
    with closing(self.get_conn()) as conn:
  File "/home/airflow/.local/lib/python3.7/site-packages/airflow/providers/postgres/hooks/postgres.py", line 86, in get_conn
    conn = deepcopy(self.connection or self.get_connection(conn_id))
  File "/home/airflow/.local/lib/python3.7/site-packages/airflow/hooks/base.py", line 67, in get_connection
    conn = Connection.get_connection_from_secrets(conn_id)
  File "/home/airflow/.local/lib/python3.7/site-packages/airflow/models/connection.py", line 430, in get_connection_from_secrets
    raise AirflowNotFoundException(f"The conn_id `{conn_id}` isn't defined")
airflow.exceptions.AirflowNotFoundException: The conn_id `postgres_default` isn't defined
[2022-12-03 14:46:09,341] {taskinstance.py:1400} INFO - Marking task as FAILED. dag_id=prepare_data, task_id=create_table, execution_date=20221128T171900, start_date=20221203T144604, end_date=20221203T144609
[2022-12-03 14:46:09,542] {standard_task_runner.py:97} ERROR - Failed to execute job 47 for task create_table (The conn_id `postgres_default` isn't defined; 367)
[2022-12-03 14:46:09,673] {local_task_job.py:156} INFO - Task exited with return code 1
[2022-12-03 14:46:10,655] {local_task_job.py:273} INFO - 0 downstream tasks scheduled from follow-on schedule check
[2022-12-12 12:31:31,500] {taskinstance.py:1159} INFO - Dependencies all met for <TaskInstance: prepare_data.create_table scheduled__2022-11-28T17:19:00+00:00 [queued]>
[2022-12-12 12:31:31,679] {taskinstance.py:1159} INFO - Dependencies all met for <TaskInstance: prepare_data.create_table scheduled__2022-11-28T17:19:00+00:00 [queued]>
[2022-12-12 12:31:31,679] {taskinstance.py:1356} INFO - 
--------------------------------------------------------------------------------
[2022-12-12 12:31:31,679] {taskinstance.py:1357} INFO - Starting attempt 1 of 1
[2022-12-12 12:31:31,680] {taskinstance.py:1358} INFO - 
--------------------------------------------------------------------------------
[2022-12-12 12:31:31,987] {taskinstance.py:1377} INFO - Executing <Task(PostgresOperator): create_table> on 2022-11-28 17:19:00+00:00
[2022-12-12 12:31:32,111] {standard_task_runner.py:52} INFO - Started process 361 to run task
[2022-12-12 12:31:32,140] {standard_task_runner.py:79} INFO - Running: ['airflow', 'tasks', 'run', 'prepare_data', 'create_table', 'scheduled__2022-11-28T17:19:00+00:00', '--job-id', '47', '--raw', '--subdir', 'DAGS_FOLDER/prepare_data.py', '--cfg-path', '/tmp/tmp2ijlo7xb', '--error-file', '/tmp/tmpz_yftj9m']
[2022-12-12 12:31:32,141] {standard_task_runner.py:80} INFO - Job 47: Subtask create_table
[2022-12-12 12:31:33,004] {task_command.py:369} INFO - Running <TaskInstance: prepare_data.create_table scheduled__2022-11-28T17:19:00+00:00 [running]> on host b778137d8ea6
[2022-12-12 12:31:34,703] {taskinstance.py:1571} INFO - Exporting the following env vars:
AIRFLOW_CTX_DAG_OWNER=airflow
AIRFLOW_CTX_DAG_ID=prepare_data
AIRFLOW_CTX_TASK_ID=create_table
AIRFLOW_CTX_EXECUTION_DATE=2022-11-28T17:19:00+00:00
AIRFLOW_CTX_TRY_NUMBER=1
AIRFLOW_CTX_DAG_RUN_ID=scheduled__2022-11-28T17:19:00+00:00
[2022-12-12 12:31:34,951] {taskinstance.py:1889} ERROR - Task failed with exception
Traceback (most recent call last):
  File "/home/airflow/.local/lib/python3.7/site-packages/airflow/providers/postgres/operators/postgres.py", line 92, in execute
    self.hook.run(self.sql, self.autocommit, parameters=self.parameters)
  File "/home/airflow/.local/lib/python3.7/site-packages/airflow/hooks/dbapi.py", line 181, in run
    with closing(self.get_conn()) as conn:
  File "/home/airflow/.local/lib/python3.7/site-packages/airflow/providers/postgres/hooks/postgres.py", line 86, in get_conn
    conn = deepcopy(self.connection or self.get_connection(conn_id))
  File "/home/airflow/.local/lib/python3.7/site-packages/airflow/hooks/base.py", line 67, in get_connection
    conn = Connection.get_connection_from_secrets(conn_id)
  File "/home/airflow/.local/lib/python3.7/site-packages/airflow/models/connection.py", line 430, in get_connection_from_secrets
    raise AirflowNotFoundException(f"The conn_id `{conn_id}` isn't defined")
airflow.exceptions.AirflowNotFoundException: The conn_id `postgres_default` isn't defined
[2022-12-12 12:31:34,993] {taskinstance.py:1400} INFO - Marking task as FAILED. dag_id=prepare_data, task_id=create_table, execution_date=20221128T171900, start_date=20221212T123131, end_date=20221212T123134
[2022-12-12 12:31:35,081] {standard_task_runner.py:97} ERROR - Failed to execute job 47 for task create_table (The conn_id `postgres_default` isn't defined; 361)
[2022-12-12 12:31:35,101] {local_task_job.py:156} INFO - Task exited with return code 1
[2022-12-12 12:31:35,505] {local_task_job.py:273} INFO - 0 downstream tasks scheduled from follow-on schedule check
[2022-12-12 15:18:36,964] {taskinstance.py:1159} INFO - Dependencies all met for <TaskInstance: prepare_data.create_table scheduled__2022-11-28T17:19:00+00:00 [queued]>
[2022-12-12 15:18:37,328] {taskinstance.py:1159} INFO - Dependencies all met for <TaskInstance: prepare_data.create_table scheduled__2022-11-28T17:19:00+00:00 [queued]>
[2022-12-12 15:18:37,328] {taskinstance.py:1356} INFO - 
--------------------------------------------------------------------------------
[2022-12-12 15:18:37,329] {taskinstance.py:1357} INFO - Starting attempt 1 of 1
[2022-12-12 15:18:37,329] {taskinstance.py:1358} INFO - 
--------------------------------------------------------------------------------
[2022-12-12 15:18:37,800] {taskinstance.py:1377} INFO - Executing <Task(PostgresOperator): create_table> on 2022-11-28 17:19:00+00:00
[2022-12-12 15:18:37,897] {standard_task_runner.py:52} INFO - Started process 411 to run task
[2022-12-12 15:18:37,982] {standard_task_runner.py:79} INFO - Running: ['airflow', 'tasks', 'run', 'prepare_data', 'create_table', 'scheduled__2022-11-28T17:19:00+00:00', '--job-id', '47', '--raw', '--subdir', 'DAGS_FOLDER/prepare_data.py', '--cfg-path', '/tmp/tmpbhtama4i', '--error-file', '/tmp/tmpavt2uf5e']
[2022-12-12 15:18:38,026] {standard_task_runner.py:80} INFO - Job 47: Subtask create_table
[2022-12-12 15:18:40,627] {task_command.py:369} INFO - Running <TaskInstance: prepare_data.create_table scheduled__2022-11-28T17:19:00+00:00 [running]> on host d4eb34144d92
[2022-12-12 15:18:44,063] {taskinstance.py:1571} INFO - Exporting the following env vars:
AIRFLOW_CTX_DAG_OWNER=airflow
AIRFLOW_CTX_DAG_ID=prepare_data
AIRFLOW_CTX_TASK_ID=create_table
AIRFLOW_CTX_EXECUTION_DATE=2022-11-28T17:19:00+00:00
AIRFLOW_CTX_TRY_NUMBER=1
AIRFLOW_CTX_DAG_RUN_ID=scheduled__2022-11-28T17:19:00+00:00
[2022-12-12 15:18:45,022] {taskinstance.py:1889} ERROR - Task failed with exception
Traceback (most recent call last):
  File "/home/airflow/.local/lib/python3.7/site-packages/airflow/providers/postgres/operators/postgres.py", line 92, in execute
    self.hook.run(self.sql, self.autocommit, parameters=self.parameters)
  File "/home/airflow/.local/lib/python3.7/site-packages/airflow/hooks/dbapi.py", line 181, in run
    with closing(self.get_conn()) as conn:
  File "/home/airflow/.local/lib/python3.7/site-packages/airflow/providers/postgres/hooks/postgres.py", line 86, in get_conn
    conn = deepcopy(self.connection or self.get_connection(conn_id))
  File "/home/airflow/.local/lib/python3.7/site-packages/airflow/hooks/base.py", line 67, in get_connection
    conn = Connection.get_connection_from_secrets(conn_id)
  File "/home/airflow/.local/lib/python3.7/site-packages/airflow/models/connection.py", line 430, in get_connection_from_secrets
    raise AirflowNotFoundException(f"The conn_id `{conn_id}` isn't defined")
airflow.exceptions.AirflowNotFoundException: The conn_id `postgres_default` isn't defined
[2022-12-12 15:18:45,166] {taskinstance.py:1400} INFO - Marking task as FAILED. dag_id=prepare_data, task_id=create_table, execution_date=20221128T171900, start_date=20221212T151836, end_date=20221212T151845
[2022-12-12 15:18:45,676] {standard_task_runner.py:97} ERROR - Failed to execute job 47 for task create_table (The conn_id `postgres_default` isn't defined; 411)
[2022-12-12 15:18:46,016] {local_task_job.py:156} INFO - Task exited with return code 1
[2022-12-12 15:18:50,205] {local_task_job.py:273} INFO - 0 downstream tasks scheduled from follow-on schedule check
