[2022-12-03 14:43:53,587] {taskinstance.py:1159} INFO - Dependencies all met for <TaskInstance: prepare_data.create_table scheduled__2022-11-28T16:43:00+00:00 [queued]>
[2022-12-03 14:43:53,669] {taskinstance.py:1159} INFO - Dependencies all met for <TaskInstance: prepare_data.create_table scheduled__2022-11-28T16:43:00+00:00 [queued]>
[2022-12-03 14:43:53,669] {taskinstance.py:1356} INFO - 
--------------------------------------------------------------------------------
[2022-12-03 14:43:53,669] {taskinstance.py:1357} INFO - Starting attempt 1 of 1
[2022-12-03 14:43:53,669] {taskinstance.py:1358} INFO - 
--------------------------------------------------------------------------------
[2022-12-03 14:43:53,848] {taskinstance.py:1377} INFO - Executing <Task(PostgresOperator): create_table> on 2022-11-28 16:43:00+00:00
[2022-12-03 14:43:53,891] {standard_task_runner.py:52} INFO - Started process 275 to run task
[2022-12-03 14:43:53,955] {standard_task_runner.py:79} INFO - Running: ['airflow', 'tasks', 'run', 'prepare_data', 'create_table', 'scheduled__2022-11-28T16:43:00+00:00', '--job-id', '11', '--raw', '--subdir', 'DAGS_FOLDER/prepare_data.py', '--cfg-path', '/tmp/tmpvwk88l9y', '--error-file', '/tmp/tmp3u2qal7f']
[2022-12-03 14:43:53,978] {standard_task_runner.py:80} INFO - Job 11: Subtask create_table
[2022-12-03 14:43:54,884] {task_command.py:369} INFO - Running <TaskInstance: prepare_data.create_table scheduled__2022-11-28T16:43:00+00:00 [running]> on host b41792e8e843
[2022-12-03 14:43:56,219] {taskinstance.py:1571} INFO - Exporting the following env vars:
AIRFLOW_CTX_DAG_OWNER=airflow
AIRFLOW_CTX_DAG_ID=prepare_data
AIRFLOW_CTX_TASK_ID=create_table
AIRFLOW_CTX_EXECUTION_DATE=2022-11-28T16:43:00+00:00
AIRFLOW_CTX_TRY_NUMBER=1
AIRFLOW_CTX_DAG_RUN_ID=scheduled__2022-11-28T16:43:00+00:00
[2022-12-03 14:43:57,019] {taskinstance.py:1889} ERROR - Task failed with exception
Traceback (most recent call last):
  File "/home/airflow/.local/lib/python3.7/site-packages/airflow/providers/postgres/operators/postgres.py", line 92, in execute
    self.hook.run(self.sql, self.autocommit, parameters=self.parameters)
  File "/home/airflow/.local/lib/python3.7/site-packages/airflow/hooks/dbapi.py", line 181, in run
    with closing(self.get_conn()) as conn:
  File "/home/airflow/.local/lib/python3.7/site-packages/airflow/providers/postgres/hooks/postgres.py", line 86, in get_conn
    conn = deepcopy(self.connection or self.get_connection(conn_id))
  File "/home/airflow/.local/lib/python3.7/site-packages/airflow/hooks/base.py", line 67, in get_connection
    conn = Connection.get_connection_from_secrets(conn_id)
  File "/home/airflow/.local/lib/python3.7/site-packages/airflow/models/connection.py", line 430, in get_connection_from_secrets
    raise AirflowNotFoundException(f"The conn_id `{conn_id}` isn't defined")
airflow.exceptions.AirflowNotFoundException: The conn_id `postgres_default` isn't defined
[2022-12-03 14:43:57,166] {taskinstance.py:1400} INFO - Marking task as FAILED. dag_id=prepare_data, task_id=create_table, execution_date=20221128T164300, start_date=20221203T144353, end_date=20221203T144357
[2022-12-03 14:43:57,746] {standard_task_runner.py:97} ERROR - Failed to execute job 11 for task create_table (The conn_id `postgres_default` isn't defined; 275)
[2022-12-03 14:43:57,844] {local_task_job.py:156} INFO - Task exited with return code 1
[2022-12-03 14:43:59,547] {local_task_job.py:273} INFO - 0 downstream tasks scheduled from follow-on schedule check
[2022-12-12 12:27:58,308] {taskinstance.py:1159} INFO - Dependencies all met for <TaskInstance: prepare_data.create_table scheduled__2022-11-28T16:43:00+00:00 [queued]>
[2022-12-12 12:27:59,385] {taskinstance.py:1159} INFO - Dependencies all met for <TaskInstance: prepare_data.create_table scheduled__2022-11-28T16:43:00+00:00 [queued]>
[2022-12-12 12:27:59,386] {taskinstance.py:1356} INFO - 
--------------------------------------------------------------------------------
[2022-12-12 12:27:59,386] {taskinstance.py:1357} INFO - Starting attempt 1 of 1
[2022-12-12 12:27:59,386] {taskinstance.py:1358} INFO - 
--------------------------------------------------------------------------------
[2022-12-12 12:28:00,599] {taskinstance.py:1377} INFO - Executing <Task(PostgresOperator): create_table> on 2022-11-28 16:43:00+00:00
[2022-12-12 12:28:00,895] {standard_task_runner.py:52} INFO - Started process 259 to run task
[2022-12-12 12:28:01,368] {standard_task_runner.py:79} INFO - Running: ['airflow', 'tasks', 'run', 'prepare_data', 'create_table', 'scheduled__2022-11-28T16:43:00+00:00', '--job-id', '11', '--raw', '--subdir', 'DAGS_FOLDER/prepare_data.py', '--cfg-path', '/tmp/tmp5tapa_id', '--error-file', '/tmp/tmp3dbs413f']
[2022-12-12 12:28:01,370] {standard_task_runner.py:80} INFO - Job 11: Subtask create_table
[2022-12-12 12:28:06,893] {task_command.py:369} INFO - Running <TaskInstance: prepare_data.create_table scheduled__2022-11-28T16:43:00+00:00 [running]> on host b778137d8ea6
[2022-12-12 12:28:11,649] {taskinstance.py:1571} INFO - Exporting the following env vars:
AIRFLOW_CTX_DAG_OWNER=airflow
AIRFLOW_CTX_DAG_ID=prepare_data
AIRFLOW_CTX_TASK_ID=create_table
AIRFLOW_CTX_EXECUTION_DATE=2022-11-28T16:43:00+00:00
AIRFLOW_CTX_TRY_NUMBER=1
AIRFLOW_CTX_DAG_RUN_ID=scheduled__2022-11-28T16:43:00+00:00
[2022-12-12 12:28:12,683] {taskinstance.py:1889} ERROR - Task failed with exception
Traceback (most recent call last):
  File "/home/airflow/.local/lib/python3.7/site-packages/airflow/providers/postgres/operators/postgres.py", line 92, in execute
    self.hook.run(self.sql, self.autocommit, parameters=self.parameters)
  File "/home/airflow/.local/lib/python3.7/site-packages/airflow/hooks/dbapi.py", line 181, in run
    with closing(self.get_conn()) as conn:
  File "/home/airflow/.local/lib/python3.7/site-packages/airflow/providers/postgres/hooks/postgres.py", line 86, in get_conn
    conn = deepcopy(self.connection or self.get_connection(conn_id))
  File "/home/airflow/.local/lib/python3.7/site-packages/airflow/hooks/base.py", line 67, in get_connection
    conn = Connection.get_connection_from_secrets(conn_id)
  File "/home/airflow/.local/lib/python3.7/site-packages/airflow/models/connection.py", line 430, in get_connection_from_secrets
    raise AirflowNotFoundException(f"The conn_id `{conn_id}` isn't defined")
airflow.exceptions.AirflowNotFoundException: The conn_id `postgres_default` isn't defined
[2022-12-12 12:28:13,158] {taskinstance.py:1400} INFO - Marking task as FAILED. dag_id=prepare_data, task_id=create_table, execution_date=20221128T164300, start_date=20221212T122758, end_date=20221212T122813
[2022-12-12 12:28:14,385] {standard_task_runner.py:97} ERROR - Failed to execute job 11 for task create_table (The conn_id `postgres_default` isn't defined; 259)
[2022-12-12 12:28:15,177] {local_task_job.py:156} INFO - Task exited with return code 1
[2022-12-12 12:28:16,971] {local_task_job.py:273} INFO - 0 downstream tasks scheduled from follow-on schedule check
[2022-12-12 15:12:16,245] {taskinstance.py:1159} INFO - Dependencies all met for <TaskInstance: prepare_data.create_table scheduled__2022-11-28T16:43:00+00:00 [queued]>
[2022-12-12 15:12:16,873] {taskinstance.py:1159} INFO - Dependencies all met for <TaskInstance: prepare_data.create_table scheduled__2022-11-28T16:43:00+00:00 [queued]>
[2022-12-12 15:12:16,874] {taskinstance.py:1356} INFO - 
--------------------------------------------------------------------------------
[2022-12-12 15:12:16,874] {taskinstance.py:1357} INFO - Starting attempt 1 of 1
[2022-12-12 15:12:16,874] {taskinstance.py:1358} INFO - 
--------------------------------------------------------------------------------
[2022-12-12 15:12:17,858] {taskinstance.py:1377} INFO - Executing <Task(PostgresOperator): create_table> on 2022-11-28 16:43:00+00:00
[2022-12-12 15:12:18,030] {standard_task_runner.py:52} INFO - Started process 295 to run task
[2022-12-12 15:12:18,253] {standard_task_runner.py:79} INFO - Running: ['airflow', 'tasks', 'run', 'prepare_data', 'create_table', 'scheduled__2022-11-28T16:43:00+00:00', '--job-id', '11', '--raw', '--subdir', 'DAGS_FOLDER/prepare_data.py', '--cfg-path', '/tmp/tmpiot0zpzs', '--error-file', '/tmp/tmpycjdvhz0']
[2022-12-12 15:12:18,297] {standard_task_runner.py:80} INFO - Job 11: Subtask create_table
[2022-12-12 15:12:22,056] {task_command.py:369} INFO - Running <TaskInstance: prepare_data.create_table scheduled__2022-11-28T16:43:00+00:00 [running]> on host d4eb34144d92
[2022-12-12 15:12:27,526] {taskinstance.py:1571} INFO - Exporting the following env vars:
AIRFLOW_CTX_DAG_OWNER=airflow
AIRFLOW_CTX_DAG_ID=prepare_data
AIRFLOW_CTX_TASK_ID=create_table
AIRFLOW_CTX_EXECUTION_DATE=2022-11-28T16:43:00+00:00
AIRFLOW_CTX_TRY_NUMBER=1
AIRFLOW_CTX_DAG_RUN_ID=scheduled__2022-11-28T16:43:00+00:00
[2022-12-12 15:12:29,133] {taskinstance.py:1889} ERROR - Task failed with exception
Traceback (most recent call last):
  File "/home/airflow/.local/lib/python3.7/site-packages/airflow/providers/postgres/operators/postgres.py", line 92, in execute
    self.hook.run(self.sql, self.autocommit, parameters=self.parameters)
  File "/home/airflow/.local/lib/python3.7/site-packages/airflow/hooks/dbapi.py", line 181, in run
    with closing(self.get_conn()) as conn:
  File "/home/airflow/.local/lib/python3.7/site-packages/airflow/providers/postgres/hooks/postgres.py", line 86, in get_conn
    conn = deepcopy(self.connection or self.get_connection(conn_id))
  File "/home/airflow/.local/lib/python3.7/site-packages/airflow/hooks/base.py", line 67, in get_connection
    conn = Connection.get_connection_from_secrets(conn_id)
  File "/home/airflow/.local/lib/python3.7/site-packages/airflow/models/connection.py", line 430, in get_connection_from_secrets
    raise AirflowNotFoundException(f"The conn_id `{conn_id}` isn't defined")
airflow.exceptions.AirflowNotFoundException: The conn_id `postgres_default` isn't defined
[2022-12-12 15:12:29,449] {taskinstance.py:1400} INFO - Marking task as FAILED. dag_id=prepare_data, task_id=create_table, execution_date=20221128T164300, start_date=20221212T151216, end_date=20221212T151229
[2022-12-12 15:12:30,923] {standard_task_runner.py:97} ERROR - Failed to execute job 11 for task create_table (The conn_id `postgres_default` isn't defined; 295)
[2022-12-12 15:12:32,359] {local_task_job.py:156} INFO - Task exited with return code 1
[2022-12-12 15:12:40,095] {local_task_job.py:273} INFO - 0 downstream tasks scheduled from follow-on schedule check
