[2022-12-12 12:50:44,196] {taskinstance.py:1159} INFO - Dependencies all met for <TaskInstance: prepare_data.transfer_data scheduled__2022-12-12T12:48:00+00:00 [queued]>
[2022-12-12 12:50:44,551] {taskinstance.py:1159} INFO - Dependencies all met for <TaskInstance: prepare_data.transfer_data scheduled__2022-12-12T12:48:00+00:00 [queued]>
[2022-12-12 12:50:44,556] {taskinstance.py:1356} INFO - 
--------------------------------------------------------------------------------
[2022-12-12 12:50:44,556] {taskinstance.py:1357} INFO - Starting attempt 1 of 1
[2022-12-12 12:50:44,556] {taskinstance.py:1358} INFO - 
--------------------------------------------------------------------------------
[2022-12-12 12:50:45,399] {taskinstance.py:1377} INFO - Executing <Task(PythonOperator): transfer_data> on 2022-12-12 12:48:00+00:00
[2022-12-12 12:50:45,768] {standard_task_runner.py:52} INFO - Started process 1239 to run task
[2022-12-12 12:50:46,029] {standard_task_runner.py:79} INFO - Running: ['airflow', 'tasks', 'run', 'prepare_data', 'transfer_data', 'scheduled__2022-12-12T12:48:00+00:00', '--job-id', '404', '--raw', '--subdir', 'DAGS_FOLDER/prepare_data.py', '--cfg-path', '/tmp/tmpme0t4vk2', '--error-file', '/tmp/tmpbyrks4l3']
[2022-12-12 12:50:46,092] {standard_task_runner.py:80} INFO - Job 404: Subtask transfer_data
[2022-12-12 12:50:48,826] {task_command.py:369} INFO - Running <TaskInstance: prepare_data.transfer_data scheduled__2022-12-12T12:48:00+00:00 [running]> on host b778137d8ea6
[2022-12-12 12:50:52,124] {taskinstance.py:1571} INFO - Exporting the following env vars:
AIRFLOW_CTX_DAG_OWNER=airflow
AIRFLOW_CTX_DAG_ID=prepare_data
AIRFLOW_CTX_TASK_ID=transfer_data
AIRFLOW_CTX_EXECUTION_DATE=2022-12-12T12:48:00+00:00
AIRFLOW_CTX_TRY_NUMBER=1
AIRFLOW_CTX_DAG_RUN_ID=scheduled__2022-12-12T12:48:00+00:00
[2022-12-12 12:50:52,381] {base.py:68} INFO - Using connection ID 'postgres_default' for task execution.
[2022-12-12 12:50:53,050] {python.py:173} INFO - Done. Returned value was: None
[2022-12-12 12:50:53,368] {taskinstance.py:1400} INFO - Marking task as SUCCESS. dag_id=prepare_data, task_id=transfer_data, execution_date=20221212T124800, start_date=20221212T125044, end_date=20221212T125053
[2022-12-12 12:50:53,885] {local_task_job.py:156} INFO - Task exited with return code 0
[2022-12-12 12:50:54,555] {local_task_job.py:273} INFO - 0 downstream tasks scheduled from follow-on schedule check
