[2022-12-03 14:45:13,954] {taskinstance.py:1159} INFO - Dependencies all met for <TaskInstance: prepare_data.create_table scheduled__2022-11-28T17:06:00+00:00 [queued]>
[2022-12-03 14:45:14,155] {taskinstance.py:1159} INFO - Dependencies all met for <TaskInstance: prepare_data.create_table scheduled__2022-11-28T17:06:00+00:00 [queued]>
[2022-12-03 14:45:14,156] {taskinstance.py:1356} INFO - 
--------------------------------------------------------------------------------
[2022-12-03 14:45:14,156] {taskinstance.py:1357} INFO - Starting attempt 1 of 1
[2022-12-03 14:45:14,156] {taskinstance.py:1358} INFO - 
--------------------------------------------------------------------------------
[2022-12-03 14:45:14,291] {taskinstance.py:1377} INFO - Executing <Task(PostgresOperator): create_table> on 2022-11-28 17:06:00+00:00
[2022-12-03 14:45:14,328] {standard_task_runner.py:52} INFO - Started process 334 to run task
[2022-12-03 14:45:14,395] {standard_task_runner.py:79} INFO - Running: ['airflow', 'tasks', 'run', 'prepare_data', 'create_table', 'scheduled__2022-11-28T17:06:00+00:00', '--job-id', '34', '--raw', '--subdir', 'DAGS_FOLDER/prepare_data.py', '--cfg-path', '/tmp/tmpb5ror1cj', '--error-file', '/tmp/tmpyx187lt5']
[2022-12-03 14:45:14,431] {standard_task_runner.py:80} INFO - Job 34: Subtask create_table
[2022-12-03 14:45:15,879] {task_command.py:369} INFO - Running <TaskInstance: prepare_data.create_table scheduled__2022-11-28T17:06:00+00:00 [running]> on host b41792e8e843
[2022-12-03 14:45:17,449] {taskinstance.py:1571} INFO - Exporting the following env vars:
AIRFLOW_CTX_DAG_OWNER=airflow
AIRFLOW_CTX_DAG_ID=prepare_data
AIRFLOW_CTX_TASK_ID=create_table
AIRFLOW_CTX_EXECUTION_DATE=2022-11-28T17:06:00+00:00
AIRFLOW_CTX_TRY_NUMBER=1
AIRFLOW_CTX_DAG_RUN_ID=scheduled__2022-11-28T17:06:00+00:00
[2022-12-03 14:45:17,871] {taskinstance.py:1889} ERROR - Task failed with exception
Traceback (most recent call last):
  File "/home/airflow/.local/lib/python3.7/site-packages/airflow/providers/postgres/operators/postgres.py", line 92, in execute
    self.hook.run(self.sql, self.autocommit, parameters=self.parameters)
  File "/home/airflow/.local/lib/python3.7/site-packages/airflow/hooks/dbapi.py", line 181, in run
    with closing(self.get_conn()) as conn:
  File "/home/airflow/.local/lib/python3.7/site-packages/airflow/providers/postgres/hooks/postgres.py", line 86, in get_conn
    conn = deepcopy(self.connection or self.get_connection(conn_id))
  File "/home/airflow/.local/lib/python3.7/site-packages/airflow/hooks/base.py", line 67, in get_connection
    conn = Connection.get_connection_from_secrets(conn_id)
  File "/home/airflow/.local/lib/python3.7/site-packages/airflow/models/connection.py", line 430, in get_connection_from_secrets
    raise AirflowNotFoundException(f"The conn_id `{conn_id}` isn't defined")
airflow.exceptions.AirflowNotFoundException: The conn_id `postgres_default` isn't defined
[2022-12-03 14:45:17,926] {taskinstance.py:1400} INFO - Marking task as FAILED. dag_id=prepare_data, task_id=create_table, execution_date=20221128T170600, start_date=20221203T144513, end_date=20221203T144517
[2022-12-03 14:45:18,066] {standard_task_runner.py:97} ERROR - Failed to execute job 34 for task create_table (The conn_id `postgres_default` isn't defined; 334)
[2022-12-03 14:45:18,105] {local_task_job.py:156} INFO - Task exited with return code 1
[2022-12-03 14:45:18,454] {local_task_job.py:273} INFO - 0 downstream tasks scheduled from follow-on schedule check
[2022-12-12 12:30:59,283] {taskinstance.py:1159} INFO - Dependencies all met for <TaskInstance: prepare_data.create_table scheduled__2022-11-28T17:06:00+00:00 [queued]>
[2022-12-12 12:30:59,339] {taskinstance.py:1159} INFO - Dependencies all met for <TaskInstance: prepare_data.create_table scheduled__2022-11-28T17:06:00+00:00 [queued]>
[2022-12-12 12:30:59,343] {taskinstance.py:1356} INFO - 
--------------------------------------------------------------------------------
[2022-12-12 12:30:59,343] {taskinstance.py:1357} INFO - Starting attempt 1 of 1
[2022-12-12 12:30:59,344] {taskinstance.py:1358} INFO - 
--------------------------------------------------------------------------------
[2022-12-12 12:30:59,419] {taskinstance.py:1377} INFO - Executing <Task(PostgresOperator): create_table> on 2022-11-28 17:06:00+00:00
[2022-12-12 12:30:59,426] {standard_task_runner.py:52} INFO - Started process 329 to run task
[2022-12-12 12:30:59,458] {standard_task_runner.py:79} INFO - Running: ['airflow', 'tasks', 'run', 'prepare_data', 'create_table', 'scheduled__2022-11-28T17:06:00+00:00', '--job-id', '34', '--raw', '--subdir', 'DAGS_FOLDER/prepare_data.py', '--cfg-path', '/tmp/tmppxsov_td', '--error-file', '/tmp/tmpao8by7wz']
[2022-12-12 12:30:59,469] {standard_task_runner.py:80} INFO - Job 34: Subtask create_table
[2022-12-12 12:30:59,902] {task_command.py:369} INFO - Running <TaskInstance: prepare_data.create_table scheduled__2022-11-28T17:06:00+00:00 [running]> on host b778137d8ea6
[2022-12-12 12:31:00,566] {taskinstance.py:1571} INFO - Exporting the following env vars:
AIRFLOW_CTX_DAG_OWNER=airflow
AIRFLOW_CTX_DAG_ID=prepare_data
AIRFLOW_CTX_TASK_ID=create_table
AIRFLOW_CTX_EXECUTION_DATE=2022-11-28T17:06:00+00:00
AIRFLOW_CTX_TRY_NUMBER=1
AIRFLOW_CTX_DAG_RUN_ID=scheduled__2022-11-28T17:06:00+00:00
[2022-12-12 12:31:00,696] {taskinstance.py:1889} ERROR - Task failed with exception
Traceback (most recent call last):
  File "/home/airflow/.local/lib/python3.7/site-packages/airflow/providers/postgres/operators/postgres.py", line 92, in execute
    self.hook.run(self.sql, self.autocommit, parameters=self.parameters)
  File "/home/airflow/.local/lib/python3.7/site-packages/airflow/hooks/dbapi.py", line 181, in run
    with closing(self.get_conn()) as conn:
  File "/home/airflow/.local/lib/python3.7/site-packages/airflow/providers/postgres/hooks/postgres.py", line 86, in get_conn
    conn = deepcopy(self.connection or self.get_connection(conn_id))
  File "/home/airflow/.local/lib/python3.7/site-packages/airflow/hooks/base.py", line 67, in get_connection
    conn = Connection.get_connection_from_secrets(conn_id)
  File "/home/airflow/.local/lib/python3.7/site-packages/airflow/models/connection.py", line 430, in get_connection_from_secrets
    raise AirflowNotFoundException(f"The conn_id `{conn_id}` isn't defined")
airflow.exceptions.AirflowNotFoundException: The conn_id `postgres_default` isn't defined
[2022-12-12 12:31:00,710] {taskinstance.py:1400} INFO - Marking task as FAILED. dag_id=prepare_data, task_id=create_table, execution_date=20221128T170600, start_date=20221212T123059, end_date=20221212T123100
[2022-12-12 12:31:00,770] {standard_task_runner.py:97} ERROR - Failed to execute job 34 for task create_table (The conn_id `postgres_default` isn't defined; 329)
[2022-12-12 12:31:00,809] {local_task_job.py:156} INFO - Task exited with return code 1
[2022-12-12 12:31:01,088] {local_task_job.py:273} INFO - 0 downstream tasks scheduled from follow-on schedule check
[2022-12-12 15:16:26,521] {taskinstance.py:1159} INFO - Dependencies all met for <TaskInstance: prepare_data.create_table scheduled__2022-11-28T17:06:00+00:00 [queued]>
[2022-12-12 15:16:26,939] {taskinstance.py:1159} INFO - Dependencies all met for <TaskInstance: prepare_data.create_table scheduled__2022-11-28T17:06:00+00:00 [queued]>
[2022-12-12 15:16:26,940] {taskinstance.py:1356} INFO - 
--------------------------------------------------------------------------------
[2022-12-12 15:16:26,940] {taskinstance.py:1357} INFO - Starting attempt 1 of 1
[2022-12-12 15:16:26,940] {taskinstance.py:1358} INFO - 
--------------------------------------------------------------------------------
[2022-12-12 15:16:27,436] {taskinstance.py:1377} INFO - Executing <Task(PostgresOperator): create_table> on 2022-11-28 17:06:00+00:00
[2022-12-12 15:16:27,597] {standard_task_runner.py:52} INFO - Started process 370 to run task
[2022-12-12 15:16:27,707] {standard_task_runner.py:79} INFO - Running: ['airflow', 'tasks', 'run', 'prepare_data', 'create_table', 'scheduled__2022-11-28T17:06:00+00:00', '--job-id', '34', '--raw', '--subdir', 'DAGS_FOLDER/prepare_data.py', '--cfg-path', '/tmp/tmpuis2urus', '--error-file', '/tmp/tmp8xrjn8g3']
[2022-12-12 15:16:27,710] {standard_task_runner.py:80} INFO - Job 34: Subtask create_table
[2022-12-12 15:16:30,813] {task_command.py:369} INFO - Running <TaskInstance: prepare_data.create_table scheduled__2022-11-28T17:06:00+00:00 [running]> on host d4eb34144d92
[2022-12-12 15:16:37,434] {taskinstance.py:1571} INFO - Exporting the following env vars:
AIRFLOW_CTX_DAG_OWNER=airflow
AIRFLOW_CTX_DAG_ID=prepare_data
AIRFLOW_CTX_TASK_ID=create_table
AIRFLOW_CTX_EXECUTION_DATE=2022-11-28T17:06:00+00:00
AIRFLOW_CTX_TRY_NUMBER=1
AIRFLOW_CTX_DAG_RUN_ID=scheduled__2022-11-28T17:06:00+00:00
[2022-12-12 15:16:40,023] {taskinstance.py:1889} ERROR - Task failed with exception
Traceback (most recent call last):
  File "/home/airflow/.local/lib/python3.7/site-packages/airflow/providers/postgres/operators/postgres.py", line 92, in execute
    self.hook.run(self.sql, self.autocommit, parameters=self.parameters)
  File "/home/airflow/.local/lib/python3.7/site-packages/airflow/hooks/dbapi.py", line 181, in run
    with closing(self.get_conn()) as conn:
  File "/home/airflow/.local/lib/python3.7/site-packages/airflow/providers/postgres/hooks/postgres.py", line 86, in get_conn
    conn = deepcopy(self.connection or self.get_connection(conn_id))
  File "/home/airflow/.local/lib/python3.7/site-packages/airflow/hooks/base.py", line 67, in get_connection
    conn = Connection.get_connection_from_secrets(conn_id)
  File "/home/airflow/.local/lib/python3.7/site-packages/airflow/models/connection.py", line 430, in get_connection_from_secrets
    raise AirflowNotFoundException(f"The conn_id `{conn_id}` isn't defined")
airflow.exceptions.AirflowNotFoundException: The conn_id `postgres_default` isn't defined
[2022-12-12 15:16:41,024] {taskinstance.py:1400} INFO - Marking task as FAILED. dag_id=prepare_data, task_id=create_table, execution_date=20221128T170600, start_date=20221212T151626, end_date=20221212T151640
[2022-12-12 15:16:42,340] {standard_task_runner.py:97} ERROR - Failed to execute job 34 for task create_table (The conn_id `postgres_default` isn't defined; 370)
[2022-12-12 15:16:42,522] {local_task_job.py:156} INFO - Task exited with return code 1
[2022-12-12 15:16:45,666] {local_task_job.py:273} INFO - 0 downstream tasks scheduled from follow-on schedule check
