[2022-12-03 14:45:43,415] {taskinstance.py:1159} INFO - Dependencies all met for <TaskInstance: prepare_data.create_table scheduled__2022-11-28T17:13:00+00:00 [queued]>
[2022-12-03 14:45:44,480] {taskinstance.py:1159} INFO - Dependencies all met for <TaskInstance: prepare_data.create_table scheduled__2022-11-28T17:13:00+00:00 [queued]>
[2022-12-03 14:45:44,481] {taskinstance.py:1356} INFO - 
--------------------------------------------------------------------------------
[2022-12-03 14:45:44,481] {taskinstance.py:1357} INFO - Starting attempt 1 of 1
[2022-12-03 14:45:44,481] {taskinstance.py:1358} INFO - 
--------------------------------------------------------------------------------
[2022-12-03 14:45:46,211] {taskinstance.py:1377} INFO - Executing <Task(PostgresOperator): create_table> on 2022-11-28 17:13:00+00:00
[2022-12-03 14:45:46,384] {standard_task_runner.py:52} INFO - Started process 352 to run task
[2022-12-03 14:45:46,468] {standard_task_runner.py:79} INFO - Running: ['airflow', 'tasks', 'run', 'prepare_data', 'create_table', 'scheduled__2022-11-28T17:13:00+00:00', '--job-id', '41', '--raw', '--subdir', 'DAGS_FOLDER/prepare_data.py', '--cfg-path', '/tmp/tmpw0m5zras', '--error-file', '/tmp/tmpbacjhmx6']
[2022-12-03 14:45:46,487] {standard_task_runner.py:80} INFO - Job 41: Subtask create_table
[2022-12-03 14:45:49,902] {task_command.py:369} INFO - Running <TaskInstance: prepare_data.create_table scheduled__2022-11-28T17:13:00+00:00 [running]> on host b41792e8e843
[2022-12-03 14:45:51,056] {taskinstance.py:1571} INFO - Exporting the following env vars:
AIRFLOW_CTX_DAG_OWNER=airflow
AIRFLOW_CTX_DAG_ID=prepare_data
AIRFLOW_CTX_TASK_ID=create_table
AIRFLOW_CTX_EXECUTION_DATE=2022-11-28T17:13:00+00:00
AIRFLOW_CTX_TRY_NUMBER=1
AIRFLOW_CTX_DAG_RUN_ID=scheduled__2022-11-28T17:13:00+00:00
[2022-12-03 14:45:52,037] {taskinstance.py:1889} ERROR - Task failed with exception
Traceback (most recent call last):
  File "/home/airflow/.local/lib/python3.7/site-packages/airflow/providers/postgres/operators/postgres.py", line 92, in execute
    self.hook.run(self.sql, self.autocommit, parameters=self.parameters)
  File "/home/airflow/.local/lib/python3.7/site-packages/airflow/hooks/dbapi.py", line 181, in run
    with closing(self.get_conn()) as conn:
  File "/home/airflow/.local/lib/python3.7/site-packages/airflow/providers/postgres/hooks/postgres.py", line 86, in get_conn
    conn = deepcopy(self.connection or self.get_connection(conn_id))
  File "/home/airflow/.local/lib/python3.7/site-packages/airflow/hooks/base.py", line 67, in get_connection
    conn = Connection.get_connection_from_secrets(conn_id)
  File "/home/airflow/.local/lib/python3.7/site-packages/airflow/models/connection.py", line 430, in get_connection_from_secrets
    raise AirflowNotFoundException(f"The conn_id `{conn_id}` isn't defined")
airflow.exceptions.AirflowNotFoundException: The conn_id `postgres_default` isn't defined
[2022-12-03 14:45:52,114] {taskinstance.py:1400} INFO - Marking task as FAILED. dag_id=prepare_data, task_id=create_table, execution_date=20221128T171300, start_date=20221203T144543, end_date=20221203T144552
[2022-12-03 14:45:52,247] {standard_task_runner.py:97} ERROR - Failed to execute job 41 for task create_table (The conn_id `postgres_default` isn't defined; 352)
[2022-12-03 14:45:52,329] {local_task_job.py:156} INFO - Task exited with return code 1
[2022-12-03 14:45:53,148] {local_task_job.py:273} INFO - 0 downstream tasks scheduled from follow-on schedule check
[2022-12-12 12:31:21,121] {taskinstance.py:1159} INFO - Dependencies all met for <TaskInstance: prepare_data.create_table scheduled__2022-11-28T17:13:00+00:00 [queued]>
[2022-12-12 12:31:21,234] {taskinstance.py:1159} INFO - Dependencies all met for <TaskInstance: prepare_data.create_table scheduled__2022-11-28T17:13:00+00:00 [queued]>
[2022-12-12 12:31:21,234] {taskinstance.py:1356} INFO - 
--------------------------------------------------------------------------------
[2022-12-12 12:31:21,234] {taskinstance.py:1357} INFO - Starting attempt 1 of 1
[2022-12-12 12:31:21,234] {taskinstance.py:1358} INFO - 
--------------------------------------------------------------------------------
[2022-12-12 12:31:21,411] {taskinstance.py:1377} INFO - Executing <Task(PostgresOperator): create_table> on 2022-11-28 17:13:00+00:00
[2022-12-12 12:31:21,437] {standard_task_runner.py:52} INFO - Started process 345 to run task
[2022-12-12 12:31:21,472] {standard_task_runner.py:79} INFO - Running: ['airflow', 'tasks', 'run', 'prepare_data', 'create_table', 'scheduled__2022-11-28T17:13:00+00:00', '--job-id', '41', '--raw', '--subdir', 'DAGS_FOLDER/prepare_data.py', '--cfg-path', '/tmp/tmpp4jc5lth', '--error-file', '/tmp/tmppuc1et_c']
[2022-12-12 12:31:21,494] {standard_task_runner.py:80} INFO - Job 41: Subtask create_table
[2022-12-12 12:31:22,228] {task_command.py:369} INFO - Running <TaskInstance: prepare_data.create_table scheduled__2022-11-28T17:13:00+00:00 [running]> on host b778137d8ea6
[2022-12-12 12:31:23,703] {taskinstance.py:1571} INFO - Exporting the following env vars:
AIRFLOW_CTX_DAG_OWNER=airflow
AIRFLOW_CTX_DAG_ID=prepare_data
AIRFLOW_CTX_TASK_ID=create_table
AIRFLOW_CTX_EXECUTION_DATE=2022-11-28T17:13:00+00:00
AIRFLOW_CTX_TRY_NUMBER=1
AIRFLOW_CTX_DAG_RUN_ID=scheduled__2022-11-28T17:13:00+00:00
[2022-12-12 12:31:24,773] {taskinstance.py:1889} ERROR - Task failed with exception
Traceback (most recent call last):
  File "/home/airflow/.local/lib/python3.7/site-packages/airflow/providers/postgres/operators/postgres.py", line 92, in execute
    self.hook.run(self.sql, self.autocommit, parameters=self.parameters)
  File "/home/airflow/.local/lib/python3.7/site-packages/airflow/hooks/dbapi.py", line 181, in run
    with closing(self.get_conn()) as conn:
  File "/home/airflow/.local/lib/python3.7/site-packages/airflow/providers/postgres/hooks/postgres.py", line 86, in get_conn
    conn = deepcopy(self.connection or self.get_connection(conn_id))
  File "/home/airflow/.local/lib/python3.7/site-packages/airflow/hooks/base.py", line 67, in get_connection
    conn = Connection.get_connection_from_secrets(conn_id)
  File "/home/airflow/.local/lib/python3.7/site-packages/airflow/models/connection.py", line 430, in get_connection_from_secrets
    raise AirflowNotFoundException(f"The conn_id `{conn_id}` isn't defined")
airflow.exceptions.AirflowNotFoundException: The conn_id `postgres_default` isn't defined
[2022-12-12 12:31:24,839] {taskinstance.py:1400} INFO - Marking task as FAILED. dag_id=prepare_data, task_id=create_table, execution_date=20221128T171300, start_date=20221212T123121, end_date=20221212T123124
[2022-12-12 12:31:25,017] {standard_task_runner.py:97} ERROR - Failed to execute job 41 for task create_table (The conn_id `postgres_default` isn't defined; 345)
[2022-12-12 12:31:25,113] {local_task_job.py:156} INFO - Task exited with return code 1
[2022-12-12 12:31:26,880] {local_task_job.py:273} INFO - 0 downstream tasks scheduled from follow-on schedule check
[2022-12-12 15:17:36,511] {taskinstance.py:1159} INFO - Dependencies all met for <TaskInstance: prepare_data.create_table scheduled__2022-11-28T17:13:00+00:00 [queued]>
[2022-12-12 15:17:36,761] {taskinstance.py:1159} INFO - Dependencies all met for <TaskInstance: prepare_data.create_table scheduled__2022-11-28T17:13:00+00:00 [queued]>
[2022-12-12 15:17:36,762] {taskinstance.py:1356} INFO - 
--------------------------------------------------------------------------------
[2022-12-12 15:17:36,762] {taskinstance.py:1357} INFO - Starting attempt 1 of 1
[2022-12-12 15:17:36,762] {taskinstance.py:1358} INFO - 
--------------------------------------------------------------------------------
[2022-12-12 15:17:36,919] {taskinstance.py:1377} INFO - Executing <Task(PostgresOperator): create_table> on 2022-11-28 17:13:00+00:00
[2022-12-12 15:17:36,946] {standard_task_runner.py:52} INFO - Started process 393 to run task
[2022-12-12 15:17:36,973] {standard_task_runner.py:79} INFO - Running: ['airflow', 'tasks', 'run', 'prepare_data', 'create_table', 'scheduled__2022-11-28T17:13:00+00:00', '--job-id', '41', '--raw', '--subdir', 'DAGS_FOLDER/prepare_data.py', '--cfg-path', '/tmp/tmpp_nmdnss', '--error-file', '/tmp/tmpsazmtxld']
[2022-12-12 15:17:36,979] {standard_task_runner.py:80} INFO - Job 41: Subtask create_table
[2022-12-12 15:17:38,092] {task_command.py:369} INFO - Running <TaskInstance: prepare_data.create_table scheduled__2022-11-28T17:13:00+00:00 [running]> on host d4eb34144d92
[2022-12-12 15:17:41,042] {taskinstance.py:1571} INFO - Exporting the following env vars:
AIRFLOW_CTX_DAG_OWNER=airflow
AIRFLOW_CTX_DAG_ID=prepare_data
AIRFLOW_CTX_TASK_ID=create_table
AIRFLOW_CTX_EXECUTION_DATE=2022-11-28T17:13:00+00:00
AIRFLOW_CTX_TRY_NUMBER=1
AIRFLOW_CTX_DAG_RUN_ID=scheduled__2022-11-28T17:13:00+00:00
[2022-12-12 15:17:42,682] {taskinstance.py:1889} ERROR - Task failed with exception
Traceback (most recent call last):
  File "/home/airflow/.local/lib/python3.7/site-packages/airflow/providers/postgres/operators/postgres.py", line 92, in execute
    self.hook.run(self.sql, self.autocommit, parameters=self.parameters)
  File "/home/airflow/.local/lib/python3.7/site-packages/airflow/hooks/dbapi.py", line 181, in run
    with closing(self.get_conn()) as conn:
  File "/home/airflow/.local/lib/python3.7/site-packages/airflow/providers/postgres/hooks/postgres.py", line 86, in get_conn
    conn = deepcopy(self.connection or self.get_connection(conn_id))
  File "/home/airflow/.local/lib/python3.7/site-packages/airflow/hooks/base.py", line 67, in get_connection
    conn = Connection.get_connection_from_secrets(conn_id)
  File "/home/airflow/.local/lib/python3.7/site-packages/airflow/models/connection.py", line 430, in get_connection_from_secrets
    raise AirflowNotFoundException(f"The conn_id `{conn_id}` isn't defined")
airflow.exceptions.AirflowNotFoundException: The conn_id `postgres_default` isn't defined
[2022-12-12 15:17:42,904] {taskinstance.py:1400} INFO - Marking task as FAILED. dag_id=prepare_data, task_id=create_table, execution_date=20221128T171300, start_date=20221212T151736, end_date=20221212T151742
[2022-12-12 15:17:44,407] {standard_task_runner.py:97} ERROR - Failed to execute job 41 for task create_table (The conn_id `postgres_default` isn't defined; 393)
[2022-12-12 15:17:44,975] {local_task_job.py:156} INFO - Task exited with return code 1
[2022-12-12 15:17:46,895] {local_task_job.py:273} INFO - 0 downstream tasks scheduled from follow-on schedule check
