[2022-12-03 15:11:40,725] {taskinstance.py:1159} INFO - Dependencies all met for <TaskInstance: prepare_data.create_table scheduled__2022-11-28T19:59:00+00:00 [queued]>
[2022-12-03 15:11:41,416] {taskinstance.py:1159} INFO - Dependencies all met for <TaskInstance: prepare_data.create_table scheduled__2022-11-28T19:59:00+00:00 [queued]>
[2022-12-03 15:11:41,416] {taskinstance.py:1356} INFO - 
--------------------------------------------------------------------------------
[2022-12-03 15:11:41,417] {taskinstance.py:1357} INFO - Starting attempt 1 of 1
[2022-12-03 15:11:41,417] {taskinstance.py:1358} INFO - 
--------------------------------------------------------------------------------
[2022-12-03 15:11:43,119] {taskinstance.py:1377} INFO - Executing <Task(PostgresOperator): create_table> on 2022-11-28 19:59:00+00:00
[2022-12-03 15:11:43,495] {standard_task_runner.py:52} INFO - Started process 1311 to run task
[2022-12-03 15:11:43,820] {standard_task_runner.py:79} INFO - Running: ['airflow', 'tasks', 'run', 'prepare_data', 'create_table', 'scheduled__2022-11-28T19:59:00+00:00', '--job-id', '416', '--raw', '--subdir', 'DAGS_FOLDER/prepare_data.py', '--cfg-path', '/tmp/tmpziiau019', '--error-file', '/tmp/tmpwp_v0s3g']
[2022-12-03 15:11:44,108] {standard_task_runner.py:80} INFO - Job 416: Subtask create_table
[2022-12-03 15:11:49,575] {task_command.py:369} INFO - Running <TaskInstance: prepare_data.create_table scheduled__2022-11-28T19:59:00+00:00 [running]> on host b41792e8e843
[2022-12-03 15:11:57,539] {taskinstance.py:1571} INFO - Exporting the following env vars:
AIRFLOW_CTX_DAG_OWNER=airflow
AIRFLOW_CTX_DAG_ID=prepare_data
AIRFLOW_CTX_TASK_ID=create_table
AIRFLOW_CTX_EXECUTION_DATE=2022-11-28T19:59:00+00:00
AIRFLOW_CTX_TRY_NUMBER=1
AIRFLOW_CTX_DAG_RUN_ID=scheduled__2022-11-28T19:59:00+00:00
[2022-12-03 15:11:59,089] {base.py:68} INFO - Using connection ID 'postgres_default' for task execution.
[2022-12-03 15:11:59,468] {dbapi.py:208} INFO - Running statement: CREATE TABLE IF NOT EXISTS prepared_data (
	id SERIAL,
	sensor_id BIGINT,
	longitude FLOAT,
	latitude FLOAT,
	controller_id BIGINT,
	datetime TIMESTAMP WITH TIME ZONE,
	temperature INTEGER
);, parameters: None
[2022-12-03 15:11:59,524] {postgres.py:94} INFO - NOTICE:  relation "prepared_data" already exists, skipping

[2022-12-03 15:12:03,140] {taskinstance.py:1400} INFO - Marking task as SUCCESS. dag_id=prepare_data, task_id=create_table, execution_date=20221128T195900, start_date=20221203T151140, end_date=20221203T151203
[2022-12-03 15:12:04,644] {local_task_job.py:156} INFO - Task exited with return code 0
[2022-12-03 15:12:10,150] {local_task_job.py:273} INFO - 0 downstream tasks scheduled from follow-on schedule check
[2022-12-12 12:36:57,362] {taskinstance.py:1159} INFO - Dependencies all met for <TaskInstance: prepare_data.create_table scheduled__2022-11-28T19:59:00+00:00 [queued]>
[2022-12-12 12:36:57,473] {taskinstance.py:1159} INFO - Dependencies all met for <TaskInstance: prepare_data.create_table scheduled__2022-11-28T19:59:00+00:00 [queued]>
[2022-12-12 12:36:57,479] {taskinstance.py:1356} INFO - 
--------------------------------------------------------------------------------
[2022-12-12 12:36:57,479] {taskinstance.py:1357} INFO - Starting attempt 1 of 1
[2022-12-12 12:36:57,479] {taskinstance.py:1358} INFO - 
--------------------------------------------------------------------------------
[2022-12-12 12:36:57,763] {taskinstance.py:1377} INFO - Executing <Task(PostgresOperator): create_table> on 2022-11-28 19:59:00+00:00
[2022-12-12 12:36:57,830] {standard_task_runner.py:52} INFO - Started process 732 to run task
[2022-12-12 12:36:58,040] {standard_task_runner.py:79} INFO - Running: ['airflow', 'tasks', 'run', 'prepare_data', 'create_table', 'scheduled__2022-11-28T19:59:00+00:00', '--job-id', '207', '--raw', '--subdir', 'DAGS_FOLDER/prepare_data.py', '--cfg-path', '/tmp/tmp5btc4gf8', '--error-file', '/tmp/tmp12_cle71']
[2022-12-12 12:36:58,110] {standard_task_runner.py:80} INFO - Job 207: Subtask create_table
[2022-12-12 12:36:58,807] {task_command.py:369} INFO - Running <TaskInstance: prepare_data.create_table scheduled__2022-11-28T19:59:00+00:00 [running]> on host b778137d8ea6
[2022-12-12 12:36:59,683] {taskinstance.py:1571} INFO - Exporting the following env vars:
AIRFLOW_CTX_DAG_OWNER=airflow
AIRFLOW_CTX_DAG_ID=prepare_data
AIRFLOW_CTX_TASK_ID=create_table
AIRFLOW_CTX_EXECUTION_DATE=2022-11-28T19:59:00+00:00
AIRFLOW_CTX_TRY_NUMBER=1
AIRFLOW_CTX_DAG_RUN_ID=scheduled__2022-11-28T19:59:00+00:00
[2022-12-12 12:36:59,961] {taskinstance.py:1889} ERROR - Task failed with exception
Traceback (most recent call last):
  File "/home/airflow/.local/lib/python3.7/site-packages/airflow/providers/postgres/operators/postgres.py", line 92, in execute
    self.hook.run(self.sql, self.autocommit, parameters=self.parameters)
  File "/home/airflow/.local/lib/python3.7/site-packages/airflow/hooks/dbapi.py", line 181, in run
    with closing(self.get_conn()) as conn:
  File "/home/airflow/.local/lib/python3.7/site-packages/airflow/providers/postgres/hooks/postgres.py", line 86, in get_conn
    conn = deepcopy(self.connection or self.get_connection(conn_id))
  File "/home/airflow/.local/lib/python3.7/site-packages/airflow/hooks/base.py", line 67, in get_connection
    conn = Connection.get_connection_from_secrets(conn_id)
  File "/home/airflow/.local/lib/python3.7/site-packages/airflow/models/connection.py", line 430, in get_connection_from_secrets
    raise AirflowNotFoundException(f"The conn_id `{conn_id}` isn't defined")
airflow.exceptions.AirflowNotFoundException: The conn_id `postgres_default` isn't defined
[2022-12-12 12:36:59,984] {taskinstance.py:1400} INFO - Marking task as FAILED. dag_id=prepare_data, task_id=create_table, execution_date=20221128T195900, start_date=20221212T123657, end_date=20221212T123659
[2022-12-12 12:37:00,115] {standard_task_runner.py:97} ERROR - Failed to execute job 207 for task create_table (The conn_id `postgres_default` isn't defined; 732)
[2022-12-12 12:37:00,194] {local_task_job.py:156} INFO - Task exited with return code 1
[2022-12-12 12:37:00,601] {local_task_job.py:273} INFO - 0 downstream tasks scheduled from follow-on schedule check
