[2022-12-03 15:05:19,738] {taskinstance.py:1159} INFO - Dependencies all met for <TaskInstance: prepare_data.create_table scheduled__2022-11-28T19:20:00+00:00 [queued]>
[2022-12-03 15:05:20,202] {taskinstance.py:1159} INFO - Dependencies all met for <TaskInstance: prepare_data.create_table scheduled__2022-11-28T19:20:00+00:00 [queued]>
[2022-12-03 15:05:20,203] {taskinstance.py:1356} INFO - 
--------------------------------------------------------------------------------
[2022-12-03 15:05:20,203] {taskinstance.py:1357} INFO - Starting attempt 1 of 1
[2022-12-03 15:05:20,203] {taskinstance.py:1358} INFO - 
--------------------------------------------------------------------------------
[2022-12-03 15:05:20,598] {taskinstance.py:1377} INFO - Executing <Task(PostgresOperator): create_table> on 2022-11-28 19:20:00+00:00
[2022-12-03 15:05:20,648] {standard_task_runner.py:52} INFO - Started process 1036 to run task
[2022-12-03 15:05:20,762] {standard_task_runner.py:79} INFO - Running: ['airflow', 'tasks', 'run', 'prepare_data', 'create_table', 'scheduled__2022-11-28T19:20:00+00:00', '--job-id', '307', '--raw', '--subdir', 'DAGS_FOLDER/prepare_data.py', '--cfg-path', '/tmp/tmpp9u1v2pj', '--error-file', '/tmp/tmpm9bxy3ux']
[2022-12-03 15:05:20,799] {standard_task_runner.py:80} INFO - Job 307: Subtask create_table
[2022-12-03 15:05:23,699] {task_command.py:369} INFO - Running <TaskInstance: prepare_data.create_table scheduled__2022-11-28T19:20:00+00:00 [running]> on host b41792e8e843
[2022-12-03 15:05:27,568] {taskinstance.py:1571} INFO - Exporting the following env vars:
AIRFLOW_CTX_DAG_OWNER=airflow
AIRFLOW_CTX_DAG_ID=prepare_data
AIRFLOW_CTX_TASK_ID=create_table
AIRFLOW_CTX_EXECUTION_DATE=2022-11-28T19:20:00+00:00
AIRFLOW_CTX_TRY_NUMBER=1
AIRFLOW_CTX_DAG_RUN_ID=scheduled__2022-11-28T19:20:00+00:00
[2022-12-03 15:05:29,034] {base.py:68} INFO - Using connection ID 'postgres_default' for task execution.
[2022-12-03 15:05:29,477] {dbapi.py:208} INFO - Running statement: CREATE TABLE IF NOT EXISTS prepared_data (
	id SERIAL,
	sensor_id BIGINT,
	longitude FLOAT,
	latitude FLOAT,
	controller_id BIGINT,
	datetime TIMESTAMP WITH TIME ZONE,
	temperature INTEGER
);, parameters: None
[2022-12-03 15:05:29,502] {postgres.py:94} INFO - NOTICE:  relation "prepared_data" already exists, skipping

[2022-12-03 15:05:29,935] {taskinstance.py:1400} INFO - Marking task as SUCCESS. dag_id=prepare_data, task_id=create_table, execution_date=20221128T192000, start_date=20221203T150519, end_date=20221203T150529
[2022-12-03 15:05:30,233] {local_task_job.py:156} INFO - Task exited with return code 0
[2022-12-03 15:05:31,121] {local_task_job.py:273} INFO - 1 downstream tasks scheduled from follow-on schedule check
[2022-12-12 12:35:48,710] {taskinstance.py:1159} INFO - Dependencies all met for <TaskInstance: prepare_data.create_table scheduled__2022-11-28T19:20:00+00:00 [queued]>
[2022-12-12 12:35:48,787] {taskinstance.py:1159} INFO - Dependencies all met for <TaskInstance: prepare_data.create_table scheduled__2022-11-28T19:20:00+00:00 [queued]>
[2022-12-12 12:35:48,787] {taskinstance.py:1356} INFO - 
--------------------------------------------------------------------------------
[2022-12-12 12:35:48,787] {taskinstance.py:1357} INFO - Starting attempt 1 of 1
[2022-12-12 12:35:48,787] {taskinstance.py:1358} INFO - 
--------------------------------------------------------------------------------
[2022-12-12 12:35:48,883] {taskinstance.py:1377} INFO - Executing <Task(PostgresOperator): create_table> on 2022-11-28 19:20:00+00:00
[2022-12-12 12:35:48,908] {standard_task_runner.py:52} INFO - Started process 642 to run task
[2022-12-12 12:35:48,951] {standard_task_runner.py:79} INFO - Running: ['airflow', 'tasks', 'run', 'prepare_data', 'create_table', 'scheduled__2022-11-28T19:20:00+00:00', '--job-id', '168', '--raw', '--subdir', 'DAGS_FOLDER/prepare_data.py', '--cfg-path', '/tmp/tmpi4qbjh77', '--error-file', '/tmp/tmps4jlsbr0']
[2022-12-12 12:35:48,953] {standard_task_runner.py:80} INFO - Job 168: Subtask create_table
[2022-12-12 12:35:49,501] {task_command.py:369} INFO - Running <TaskInstance: prepare_data.create_table scheduled__2022-11-28T19:20:00+00:00 [running]> on host b778137d8ea6
[2022-12-12 12:35:50,072] {taskinstance.py:1571} INFO - Exporting the following env vars:
AIRFLOW_CTX_DAG_OWNER=airflow
AIRFLOW_CTX_DAG_ID=prepare_data
AIRFLOW_CTX_TASK_ID=create_table
AIRFLOW_CTX_EXECUTION_DATE=2022-11-28T19:20:00+00:00
AIRFLOW_CTX_TRY_NUMBER=1
AIRFLOW_CTX_DAG_RUN_ID=scheduled__2022-11-28T19:20:00+00:00
[2022-12-12 12:35:50,179] {taskinstance.py:1889} ERROR - Task failed with exception
Traceback (most recent call last):
  File "/home/airflow/.local/lib/python3.7/site-packages/airflow/providers/postgres/operators/postgres.py", line 92, in execute
    self.hook.run(self.sql, self.autocommit, parameters=self.parameters)
  File "/home/airflow/.local/lib/python3.7/site-packages/airflow/hooks/dbapi.py", line 181, in run
    with closing(self.get_conn()) as conn:
  File "/home/airflow/.local/lib/python3.7/site-packages/airflow/providers/postgres/hooks/postgres.py", line 86, in get_conn
    conn = deepcopy(self.connection or self.get_connection(conn_id))
  File "/home/airflow/.local/lib/python3.7/site-packages/airflow/hooks/base.py", line 67, in get_connection
    conn = Connection.get_connection_from_secrets(conn_id)
  File "/home/airflow/.local/lib/python3.7/site-packages/airflow/models/connection.py", line 430, in get_connection_from_secrets
    raise AirflowNotFoundException(f"The conn_id `{conn_id}` isn't defined")
airflow.exceptions.AirflowNotFoundException: The conn_id `postgres_default` isn't defined
[2022-12-12 12:35:50,184] {taskinstance.py:1400} INFO - Marking task as FAILED. dag_id=prepare_data, task_id=create_table, execution_date=20221128T192000, start_date=20221212T123548, end_date=20221212T123550
[2022-12-12 12:35:50,225] {standard_task_runner.py:97} ERROR - Failed to execute job 168 for task create_table (The conn_id `postgres_default` isn't defined; 642)
[2022-12-12 12:35:50,250] {local_task_job.py:156} INFO - Task exited with return code 1
[2022-12-12 12:35:50,430] {local_task_job.py:273} INFO - 0 downstream tasks scheduled from follow-on schedule check
