[2022-12-03 14:56:41,616] {taskinstance.py:1159} INFO - Dependencies all met for <TaskInstance: prepare_data.get_last_id scheduled__2022-11-28T18:35:00+00:00 [queued]>
[2022-12-03 14:56:42,546] {taskinstance.py:1159} INFO - Dependencies all met for <TaskInstance: prepare_data.get_last_id scheduled__2022-11-28T18:35:00+00:00 [queued]>
[2022-12-03 14:56:42,547] {taskinstance.py:1356} INFO - 
--------------------------------------------------------------------------------
[2022-12-03 14:56:42,547] {taskinstance.py:1357} INFO - Starting attempt 1 of 1
[2022-12-03 14:56:42,547] {taskinstance.py:1358} INFO - 
--------------------------------------------------------------------------------
[2022-12-03 14:56:44,327] {taskinstance.py:1377} INFO - Executing <Task(PythonOperator): get_last_id> on 2022-11-28 18:35:00+00:00
[2022-12-03 14:56:44,813] {standard_task_runner.py:52} INFO - Started process 702 to run task
[2022-12-03 14:56:45,304] {standard_task_runner.py:79} INFO - Running: ['airflow', 'tasks', 'run', 'prepare_data', 'get_last_id', 'scheduled__2022-11-28T18:35:00+00:00', '--job-id', '173', '--raw', '--subdir', 'DAGS_FOLDER/prepare_data.py', '--cfg-path', '/tmp/tmpqveno71d', '--error-file', '/tmp/tmpo1ai7ymj']
[2022-12-03 14:56:45,619] {standard_task_runner.py:80} INFO - Job 173: Subtask get_last_id
[2022-12-03 14:56:50,855] {task_command.py:369} INFO - Running <TaskInstance: prepare_data.get_last_id scheduled__2022-11-28T18:35:00+00:00 [running]> on host b41792e8e843
[2022-12-03 14:56:58,036] {taskinstance.py:1571} INFO - Exporting the following env vars:
AIRFLOW_CTX_DAG_OWNER=airflow
AIRFLOW_CTX_DAG_ID=prepare_data
AIRFLOW_CTX_TASK_ID=get_last_id
AIRFLOW_CTX_EXECUTION_DATE=2022-11-28T18:35:00+00:00
AIRFLOW_CTX_TRY_NUMBER=1
AIRFLOW_CTX_DAG_RUN_ID=scheduled__2022-11-28T18:35:00+00:00
[2022-12-03 14:56:59,919] {base.py:68} INFO - Using connection ID 'postgres_default' for task execution.
[2022-12-03 14:57:00,945] {python.py:173} INFO - Done. Returned value was: None
[2022-12-03 14:57:02,784] {taskinstance.py:1400} INFO - Marking task as SUCCESS. dag_id=prepare_data, task_id=get_last_id, execution_date=20221128T183500, start_date=20221203T145641, end_date=20221203T145702
[2022-12-03 14:57:03,582] {local_task_job.py:156} INFO - Task exited with return code 0
[2022-12-03 14:57:05,741] {local_task_job.py:273} INFO - 1 downstream tasks scheduled from follow-on schedule check
