[2022-12-12 12:54:44,383] {taskinstance.py:1159} INFO - Dependencies all met for <TaskInstance: prepare_data.transfer_data scheduled__2022-12-12T12:53:00+00:00 [queued]>
[2022-12-12 12:54:45,070] {taskinstance.py:1159} INFO - Dependencies all met for <TaskInstance: prepare_data.transfer_data scheduled__2022-12-12T12:53:00+00:00 [queued]>
[2022-12-12 12:54:45,070] {taskinstance.py:1356} INFO - 
--------------------------------------------------------------------------------
[2022-12-12 12:54:45,070] {taskinstance.py:1357} INFO - Starting attempt 1 of 1
[2022-12-12 12:54:45,070] {taskinstance.py:1358} INFO - 
--------------------------------------------------------------------------------
[2022-12-12 12:54:46,266] {taskinstance.py:1377} INFO - Executing <Task(PythonOperator): transfer_data> on 2022-12-12 12:53:00+00:00
[2022-12-12 12:54:46,611] {standard_task_runner.py:52} INFO - Started process 1372 to run task
[2022-12-12 12:54:46,829] {standard_task_runner.py:79} INFO - Running: ['airflow', 'tasks', 'run', 'prepare_data', 'transfer_data', 'scheduled__2022-12-12T12:53:00+00:00', '--job-id', '453', '--raw', '--subdir', 'DAGS_FOLDER/prepare_data.py', '--cfg-path', '/tmp/tmp3pyi0a09', '--error-file', '/tmp/tmp7_4shm8v']
[2022-12-12 12:54:46,831] {standard_task_runner.py:80} INFO - Job 453: Subtask transfer_data
[2022-12-12 12:54:52,082] {task_command.py:369} INFO - Running <TaskInstance: prepare_data.transfer_data scheduled__2022-12-12T12:53:00+00:00 [running]> on host b778137d8ea6
[2022-12-12 12:54:57,314] {taskinstance.py:1571} INFO - Exporting the following env vars:
AIRFLOW_CTX_DAG_OWNER=airflow
AIRFLOW_CTX_DAG_ID=prepare_data
AIRFLOW_CTX_TASK_ID=transfer_data
AIRFLOW_CTX_EXECUTION_DATE=2022-12-12T12:53:00+00:00
AIRFLOW_CTX_TRY_NUMBER=1
AIRFLOW_CTX_DAG_RUN_ID=scheduled__2022-12-12T12:53:00+00:00
[2022-12-12 12:54:57,645] {base.py:68} INFO - Using connection ID 'postgres_default' for task execution.
[2022-12-12 12:54:58,603] {python.py:173} INFO - Done. Returned value was: None
[2022-12-12 12:54:59,710] {taskinstance.py:1400} INFO - Marking task as SUCCESS. dag_id=prepare_data, task_id=transfer_data, execution_date=20221212T125300, start_date=20221212T125444, end_date=20221212T125459
[2022-12-12 12:55:00,907] {local_task_job.py:221} WARNING - State of this instance has been externally set to success. Terminating instance.
[2022-12-12 12:55:01,003] {process_utils.py:129} INFO - Sending Signals.SIGTERM to group 1372. PIDs of all processes in the group: [1372]
[2022-12-12 12:55:01,005] {process_utils.py:80} INFO - Sending the signal Signals.SIGTERM to group 1372
[2022-12-12 12:55:01,097] {process_utils.py:75} INFO - Process psutil.Process(pid=1372, status='terminated', exitcode=0, started='12:54:46') (1372) terminated with exit code 0
