[2022-12-12 13:03:01,545] {taskinstance.py:1159} INFO - Dependencies all met for <TaskInstance: prepare_data.transfer_data scheduled__2022-11-28T23:15:00+00:00 [queued]>
[2022-12-12 13:03:02,963] {taskinstance.py:1159} INFO - Dependencies all met for <TaskInstance: prepare_data.transfer_data scheduled__2022-11-28T23:15:00+00:00 [queued]>
[2022-12-12 13:03:02,963] {taskinstance.py:1356} INFO - 
--------------------------------------------------------------------------------
[2022-12-12 13:03:02,963] {taskinstance.py:1357} INFO - Starting attempt 1 of 1
[2022-12-12 13:03:02,964] {taskinstance.py:1358} INFO - 
--------------------------------------------------------------------------------
[2022-12-12 13:03:03,899] {taskinstance.py:1377} INFO - Executing <Task(PythonOperator): transfer_data> on 2022-11-28 23:15:00+00:00
[2022-12-12 13:03:03,973] {standard_task_runner.py:52} INFO - Started process 1706 to run task
[2022-12-12 13:03:04,391] {standard_task_runner.py:79} INFO - Running: ['airflow', 'tasks', 'run', 'prepare_data', 'transfer_data', 'scheduled__2022-11-28T23:15:00+00:00', '--job-id', '590', '--raw', '--subdir', 'DAGS_FOLDER/prepare_data.py', '--cfg-path', '/tmp/tmpzpqnhd5b', '--error-file', '/tmp/tmppdgsdnh2']
[2022-12-12 13:03:04,424] {standard_task_runner.py:80} INFO - Job 590: Subtask transfer_data
[2022-12-12 13:03:06,035] {task_command.py:369} INFO - Running <TaskInstance: prepare_data.transfer_data scheduled__2022-11-28T23:15:00+00:00 [running]> on host b778137d8ea6
[2022-12-12 13:03:08,541] {taskinstance.py:1571} INFO - Exporting the following env vars:
AIRFLOW_CTX_DAG_OWNER=airflow
AIRFLOW_CTX_DAG_ID=prepare_data
AIRFLOW_CTX_TASK_ID=transfer_data
AIRFLOW_CTX_EXECUTION_DATE=2022-11-28T23:15:00+00:00
AIRFLOW_CTX_TRY_NUMBER=1
AIRFLOW_CTX_DAG_RUN_ID=scheduled__2022-11-28T23:15:00+00:00
[2022-12-12 13:03:08,997] {base.py:68} INFO - Using connection ID 'postgres_default' for task execution.
[2022-12-12 13:03:09,954] {python.py:173} INFO - Done. Returned value was: None
[2022-12-12 13:03:10,402] {taskinstance.py:1400} INFO - Marking task as SUCCESS. dag_id=prepare_data, task_id=transfer_data, execution_date=20221128T231500, start_date=20221212T130301, end_date=20221212T130310
[2022-12-12 13:03:10,794] {local_task_job.py:156} INFO - Task exited with return code 0
[2022-12-12 13:03:11,532] {local_task_job.py:273} INFO - 0 downstream tasks scheduled from follow-on schedule check
