[2022-12-12 13:26:55,518] {taskinstance.py:1159} INFO - Dependencies all met for <TaskInstance: prepare_data.transfer_data scheduled__2022-11-29T01:00:00+00:00 [queued]>
[2022-12-12 13:26:55,872] {taskinstance.py:1159} INFO - Dependencies all met for <TaskInstance: prepare_data.transfer_data scheduled__2022-11-29T01:00:00+00:00 [queued]>
[2022-12-12 13:26:55,873] {taskinstance.py:1356} INFO - 
--------------------------------------------------------------------------------
[2022-12-12 13:26:55,873] {taskinstance.py:1357} INFO - Starting attempt 1 of 1
[2022-12-12 13:26:55,873] {taskinstance.py:1358} INFO - 
--------------------------------------------------------------------------------
[2022-12-12 13:26:56,337] {taskinstance.py:1377} INFO - Executing <Task(PythonOperator): transfer_data> on 2022-11-29 01:00:00+00:00
[2022-12-12 13:26:56,458] {standard_task_runner.py:52} INFO - Started process 2661 to run task
[2022-12-12 13:26:56,555] {standard_task_runner.py:79} INFO - Running: ['airflow', 'tasks', 'run', 'prepare_data', 'transfer_data', 'scheduled__2022-11-29T01:00:00+00:00', '--job-id', '972', '--raw', '--subdir', 'DAGS_FOLDER/prepare_data.py', '--cfg-path', '/tmp/tmp2qiyv8n5', '--error-file', '/tmp/tmpeh4zr3uc']
[2022-12-12 13:26:56,556] {standard_task_runner.py:80} INFO - Job 972: Subtask transfer_data
[2022-12-12 13:26:57,639] {task_command.py:369} INFO - Running <TaskInstance: prepare_data.transfer_data scheduled__2022-11-29T01:00:00+00:00 [running]> on host b778137d8ea6
[2022-12-12 13:26:58,943] {taskinstance.py:1571} INFO - Exporting the following env vars:
AIRFLOW_CTX_DAG_OWNER=airflow
AIRFLOW_CTX_DAG_ID=prepare_data
AIRFLOW_CTX_TASK_ID=transfer_data
AIRFLOW_CTX_EXECUTION_DATE=2022-11-29T01:00:00+00:00
AIRFLOW_CTX_TRY_NUMBER=1
AIRFLOW_CTX_DAG_RUN_ID=scheduled__2022-11-29T01:00:00+00:00
[2022-12-12 13:26:59,036] {base.py:68} INFO - Using connection ID 'postgres_default' for task execution.
[2022-12-12 13:26:59,628] {python.py:173} INFO - Done. Returned value was: None
[2022-12-12 13:27:00,114] {taskinstance.py:1400} INFO - Marking task as SUCCESS. dag_id=prepare_data, task_id=transfer_data, execution_date=20221129T010000, start_date=20221212T132655, end_date=20221212T132700
[2022-12-12 13:27:00,415] {local_task_job.py:156} INFO - Task exited with return code 0
[2022-12-12 13:27:01,031] {local_task_job.py:273} INFO - 0 downstream tasks scheduled from follow-on schedule check
