[2022-12-12 13:01:42,701] {taskinstance.py:1159} INFO - Dependencies all met for <TaskInstance: prepare_data.transfer_data scheduled__2022-11-28T23:02:00+00:00 [queued]>
[2022-12-12 13:01:42,907] {taskinstance.py:1159} INFO - Dependencies all met for <TaskInstance: prepare_data.transfer_data scheduled__2022-11-28T23:02:00+00:00 [queued]>
[2022-12-12 13:01:42,907] {taskinstance.py:1356} INFO - 
--------------------------------------------------------------------------------
[2022-12-12 13:01:42,907] {taskinstance.py:1357} INFO - Starting attempt 1 of 1
[2022-12-12 13:01:42,907] {taskinstance.py:1358} INFO - 
--------------------------------------------------------------------------------
[2022-12-12 13:01:43,240] {taskinstance.py:1377} INFO - Executing <Task(PythonOperator): transfer_data> on 2022-11-28 23:02:00+00:00
[2022-12-12 13:01:43,278] {standard_task_runner.py:52} INFO - Started process 1615 to run task
[2022-12-12 13:01:43,321] {standard_task_runner.py:79} INFO - Running: ['airflow', 'tasks', 'run', 'prepare_data', 'transfer_data', 'scheduled__2022-11-28T23:02:00+00:00', '--job-id', '552', '--raw', '--subdir', 'DAGS_FOLDER/prepare_data.py', '--cfg-path', '/tmp/tmpczxitjz7', '--error-file', '/tmp/tmp_ulcduvb']
[2022-12-12 13:01:43,322] {standard_task_runner.py:80} INFO - Job 552: Subtask transfer_data
[2022-12-12 13:01:44,683] {task_command.py:369} INFO - Running <TaskInstance: prepare_data.transfer_data scheduled__2022-11-28T23:02:00+00:00 [running]> on host b778137d8ea6
[2022-12-12 13:01:46,223] {taskinstance.py:1571} INFO - Exporting the following env vars:
AIRFLOW_CTX_DAG_OWNER=airflow
AIRFLOW_CTX_DAG_ID=prepare_data
AIRFLOW_CTX_TASK_ID=transfer_data
AIRFLOW_CTX_EXECUTION_DATE=2022-11-28T23:02:00+00:00
AIRFLOW_CTX_TRY_NUMBER=1
AIRFLOW_CTX_DAG_RUN_ID=scheduled__2022-11-28T23:02:00+00:00
[2022-12-12 13:01:46,336] {base.py:68} INFO - Using connection ID 'postgres_default' for task execution.
[2022-12-12 13:01:46,573] {python.py:173} INFO - Done. Returned value was: None
[2022-12-12 13:01:46,797] {taskinstance.py:1400} INFO - Marking task as SUCCESS. dag_id=prepare_data, task_id=transfer_data, execution_date=20221128T230200, start_date=20221212T130142, end_date=20221212T130146
[2022-12-12 13:01:47,083] {local_task_job.py:156} INFO - Task exited with return code 0
[2022-12-12 13:01:47,511] {local_task_job.py:273} INFO - 0 downstream tasks scheduled from follow-on schedule check
