[2022-12-03 14:59:18,842] {taskinstance.py:1159} INFO - Dependencies all met for <TaskInstance: prepare_data.get_last_id scheduled__2022-11-28T18:51:00+00:00 [queued]>
[2022-12-03 14:59:19,402] {taskinstance.py:1159} INFO - Dependencies all met for <TaskInstance: prepare_data.get_last_id scheduled__2022-11-28T18:51:00+00:00 [queued]>
[2022-12-03 14:59:19,411] {taskinstance.py:1356} INFO - 
--------------------------------------------------------------------------------
[2022-12-03 14:59:19,412] {taskinstance.py:1357} INFO - Starting attempt 1 of 1
[2022-12-03 14:59:19,412] {taskinstance.py:1358} INFO - 
--------------------------------------------------------------------------------
[2022-12-03 14:59:20,238] {taskinstance.py:1377} INFO - Executing <Task(PythonOperator): get_last_id> on 2022-11-28 18:51:00+00:00
[2022-12-03 14:59:20,505] {standard_task_runner.py:52} INFO - Started process 813 to run task
[2022-12-03 14:59:20,583] {standard_task_runner.py:79} INFO - Running: ['airflow', 'tasks', 'run', 'prepare_data', 'get_last_id', 'scheduled__2022-11-28T18:51:00+00:00', '--job-id', '219', '--raw', '--subdir', 'DAGS_FOLDER/prepare_data.py', '--cfg-path', '/tmp/tmp3oiys1u9', '--error-file', '/tmp/tmpm8u106jz']
[2022-12-03 14:59:20,632] {standard_task_runner.py:80} INFO - Job 219: Subtask get_last_id
[2022-12-03 14:59:24,022] {task_command.py:369} INFO - Running <TaskInstance: prepare_data.get_last_id scheduled__2022-11-28T18:51:00+00:00 [running]> on host b41792e8e843
[2022-12-03 14:59:29,027] {taskinstance.py:1571} INFO - Exporting the following env vars:
AIRFLOW_CTX_DAG_OWNER=airflow
AIRFLOW_CTX_DAG_ID=prepare_data
AIRFLOW_CTX_TASK_ID=get_last_id
AIRFLOW_CTX_EXECUTION_DATE=2022-11-28T18:51:00+00:00
AIRFLOW_CTX_TRY_NUMBER=1
AIRFLOW_CTX_DAG_RUN_ID=scheduled__2022-11-28T18:51:00+00:00
[2022-12-03 14:59:29,576] {base.py:68} INFO - Using connection ID 'postgres_default' for task execution.
[2022-12-03 14:59:30,498] {python.py:173} INFO - Done. Returned value was: None
[2022-12-03 14:59:31,219] {taskinstance.py:1400} INFO - Marking task as SUCCESS. dag_id=prepare_data, task_id=get_last_id, execution_date=20221128T185100, start_date=20221203T145918, end_date=20221203T145931
[2022-12-03 14:59:31,849] {local_task_job.py:156} INFO - Task exited with return code 0
[2022-12-03 14:59:35,280] {local_task_job.py:273} INFO - 1 downstream tasks scheduled from follow-on schedule check
