[2022-12-03 15:00:44,465] {taskinstance.py:1159} INFO - Dependencies all met for <TaskInstance: prepare_data.get_last_id scheduled__2022-11-28T18:58:00+00:00 [queued]>
[2022-12-03 15:00:45,046] {taskinstance.py:1159} INFO - Dependencies all met for <TaskInstance: prepare_data.get_last_id scheduled__2022-11-28T18:58:00+00:00 [queued]>
[2022-12-03 15:00:45,047] {taskinstance.py:1356} INFO - 
--------------------------------------------------------------------------------
[2022-12-03 15:00:45,047] {taskinstance.py:1357} INFO - Starting attempt 1 of 1
[2022-12-03 15:00:45,047] {taskinstance.py:1358} INFO - 
--------------------------------------------------------------------------------
[2022-12-03 15:00:45,720] {taskinstance.py:1377} INFO - Executing <Task(PythonOperator): get_last_id> on 2022-11-28 18:58:00+00:00
[2022-12-03 15:00:45,896] {standard_task_runner.py:52} INFO - Started process 869 to run task
[2022-12-03 15:00:46,045] {standard_task_runner.py:79} INFO - Running: ['airflow', 'tasks', 'run', 'prepare_data', 'get_last_id', 'scheduled__2022-11-28T18:58:00+00:00', '--job-id', '242', '--raw', '--subdir', 'DAGS_FOLDER/prepare_data.py', '--cfg-path', '/tmp/tmpw44q0f7w', '--error-file', '/tmp/tmp5vjdz07i']
[2022-12-03 15:00:46,182] {standard_task_runner.py:80} INFO - Job 242: Subtask get_last_id
[2022-12-03 15:00:48,362] {task_command.py:369} INFO - Running <TaskInstance: prepare_data.get_last_id scheduled__2022-11-28T18:58:00+00:00 [running]> on host b41792e8e843
[2022-12-03 15:00:52,427] {taskinstance.py:1571} INFO - Exporting the following env vars:
AIRFLOW_CTX_DAG_OWNER=airflow
AIRFLOW_CTX_DAG_ID=prepare_data
AIRFLOW_CTX_TASK_ID=get_last_id
AIRFLOW_CTX_EXECUTION_DATE=2022-11-28T18:58:00+00:00
AIRFLOW_CTX_TRY_NUMBER=1
AIRFLOW_CTX_DAG_RUN_ID=scheduled__2022-11-28T18:58:00+00:00
[2022-12-03 15:00:52,870] {base.py:68} INFO - Using connection ID 'postgres_default' for task execution.
[2022-12-03 15:00:53,466] {python.py:173} INFO - Done. Returned value was: None
[2022-12-03 15:00:54,733] {taskinstance.py:1400} INFO - Marking task as SUCCESS. dag_id=prepare_data, task_id=get_last_id, execution_date=20221128T185800, start_date=20221203T150044, end_date=20221203T150054
[2022-12-03 15:00:55,024] {local_task_job.py:156} INFO - Task exited with return code 0
[2022-12-03 15:00:55,965] {local_task_job.py:273} INFO - 1 downstream tasks scheduled from follow-on schedule check
