[2022-12-03 14:45:09,340] {taskinstance.py:1159} INFO - Dependencies all met for <TaskInstance: prepare_data.create_table scheduled__2022-11-28T17:04:00+00:00 [queued]>
[2022-12-03 14:45:09,762] {taskinstance.py:1159} INFO - Dependencies all met for <TaskInstance: prepare_data.create_table scheduled__2022-11-28T17:04:00+00:00 [queued]>
[2022-12-03 14:45:09,763] {taskinstance.py:1356} INFO - 
--------------------------------------------------------------------------------
[2022-12-03 14:45:09,763] {taskinstance.py:1357} INFO - Starting attempt 1 of 1
[2022-12-03 14:45:09,763] {taskinstance.py:1358} INFO - 
--------------------------------------------------------------------------------
[2022-12-03 14:45:10,343] {taskinstance.py:1377} INFO - Executing <Task(PostgresOperator): create_table> on 2022-11-28 17:04:00+00:00
[2022-12-03 14:45:10,504] {standard_task_runner.py:52} INFO - Started process 330 to run task
[2022-12-03 14:45:10,640] {standard_task_runner.py:79} INFO - Running: ['airflow', 'tasks', 'run', 'prepare_data', 'create_table', 'scheduled__2022-11-28T17:04:00+00:00', '--job-id', '32', '--raw', '--subdir', 'DAGS_FOLDER/prepare_data.py', '--cfg-path', '/tmp/tmpfd15jtet', '--error-file', '/tmp/tmphbex51dp']
[2022-12-03 14:45:10,652] {standard_task_runner.py:80} INFO - Job 32: Subtask create_table
[2022-12-03 14:45:12,316] {task_command.py:369} INFO - Running <TaskInstance: prepare_data.create_table scheduled__2022-11-28T17:04:00+00:00 [running]> on host b41792e8e843
[2022-12-03 14:45:13,919] {taskinstance.py:1571} INFO - Exporting the following env vars:
AIRFLOW_CTX_DAG_OWNER=airflow
AIRFLOW_CTX_DAG_ID=prepare_data
AIRFLOW_CTX_TASK_ID=create_table
AIRFLOW_CTX_EXECUTION_DATE=2022-11-28T17:04:00+00:00
AIRFLOW_CTX_TRY_NUMBER=1
AIRFLOW_CTX_DAG_RUN_ID=scheduled__2022-11-28T17:04:00+00:00
[2022-12-03 14:45:14,573] {taskinstance.py:1889} ERROR - Task failed with exception
Traceback (most recent call last):
  File "/home/airflow/.local/lib/python3.7/site-packages/airflow/providers/postgres/operators/postgres.py", line 92, in execute
    self.hook.run(self.sql, self.autocommit, parameters=self.parameters)
  File "/home/airflow/.local/lib/python3.7/site-packages/airflow/hooks/dbapi.py", line 181, in run
    with closing(self.get_conn()) as conn:
  File "/home/airflow/.local/lib/python3.7/site-packages/airflow/providers/postgres/hooks/postgres.py", line 86, in get_conn
    conn = deepcopy(self.connection or self.get_connection(conn_id))
  File "/home/airflow/.local/lib/python3.7/site-packages/airflow/hooks/base.py", line 67, in get_connection
    conn = Connection.get_connection_from_secrets(conn_id)
  File "/home/airflow/.local/lib/python3.7/site-packages/airflow/models/connection.py", line 430, in get_connection_from_secrets
    raise AirflowNotFoundException(f"The conn_id `{conn_id}` isn't defined")
airflow.exceptions.AirflowNotFoundException: The conn_id `postgres_default` isn't defined
[2022-12-03 14:45:14,635] {taskinstance.py:1400} INFO - Marking task as FAILED. dag_id=prepare_data, task_id=create_table, execution_date=20221128T170400, start_date=20221203T144509, end_date=20221203T144514
[2022-12-03 14:45:14,865] {standard_task_runner.py:97} ERROR - Failed to execute job 32 for task create_table (The conn_id `postgres_default` isn't defined; 330)
[2022-12-03 14:45:14,948] {local_task_job.py:156} INFO - Task exited with return code 1
[2022-12-03 14:45:16,018] {local_task_job.py:273} INFO - 0 downstream tasks scheduled from follow-on schedule check
[2022-12-12 12:30:55,649] {taskinstance.py:1159} INFO - Dependencies all met for <TaskInstance: prepare_data.create_table scheduled__2022-11-28T17:04:00+00:00 [queued]>
[2022-12-12 12:30:55,676] {taskinstance.py:1159} INFO - Dependencies all met for <TaskInstance: prepare_data.create_table scheduled__2022-11-28T17:04:00+00:00 [queued]>
[2022-12-12 12:30:55,676] {taskinstance.py:1356} INFO - 
--------------------------------------------------------------------------------
[2022-12-12 12:30:55,676] {taskinstance.py:1357} INFO - Starting attempt 1 of 1
[2022-12-12 12:30:55,676] {taskinstance.py:1358} INFO - 
--------------------------------------------------------------------------------
[2022-12-12 12:30:55,728] {taskinstance.py:1377} INFO - Executing <Task(PostgresOperator): create_table> on 2022-11-28 17:04:00+00:00
[2022-12-12 12:30:55,740] {standard_task_runner.py:52} INFO - Started process 325 to run task
[2022-12-12 12:30:55,791] {standard_task_runner.py:79} INFO - Running: ['airflow', 'tasks', 'run', 'prepare_data', 'create_table', 'scheduled__2022-11-28T17:04:00+00:00', '--job-id', '32', '--raw', '--subdir', 'DAGS_FOLDER/prepare_data.py', '--cfg-path', '/tmp/tmp20gvudhj', '--error-file', '/tmp/tmpu1y4seay']
[2022-12-12 12:30:55,793] {standard_task_runner.py:80} INFO - Job 32: Subtask create_table
[2022-12-12 12:30:55,971] {task_command.py:369} INFO - Running <TaskInstance: prepare_data.create_table scheduled__2022-11-28T17:04:00+00:00 [running]> on host b778137d8ea6
[2022-12-12 12:30:56,307] {taskinstance.py:1571} INFO - Exporting the following env vars:
AIRFLOW_CTX_DAG_OWNER=airflow
AIRFLOW_CTX_DAG_ID=prepare_data
AIRFLOW_CTX_TASK_ID=create_table
AIRFLOW_CTX_EXECUTION_DATE=2022-11-28T17:04:00+00:00
AIRFLOW_CTX_TRY_NUMBER=1
AIRFLOW_CTX_DAG_RUN_ID=scheduled__2022-11-28T17:04:00+00:00
[2022-12-12 12:30:56,416] {taskinstance.py:1889} ERROR - Task failed with exception
Traceback (most recent call last):
  File "/home/airflow/.local/lib/python3.7/site-packages/airflow/providers/postgres/operators/postgres.py", line 92, in execute
    self.hook.run(self.sql, self.autocommit, parameters=self.parameters)
  File "/home/airflow/.local/lib/python3.7/site-packages/airflow/hooks/dbapi.py", line 181, in run
    with closing(self.get_conn()) as conn:
  File "/home/airflow/.local/lib/python3.7/site-packages/airflow/providers/postgres/hooks/postgres.py", line 86, in get_conn
    conn = deepcopy(self.connection or self.get_connection(conn_id))
  File "/home/airflow/.local/lib/python3.7/site-packages/airflow/hooks/base.py", line 67, in get_connection
    conn = Connection.get_connection_from_secrets(conn_id)
  File "/home/airflow/.local/lib/python3.7/site-packages/airflow/models/connection.py", line 430, in get_connection_from_secrets
    raise AirflowNotFoundException(f"The conn_id `{conn_id}` isn't defined")
airflow.exceptions.AirflowNotFoundException: The conn_id `postgres_default` isn't defined
[2022-12-12 12:30:56,437] {taskinstance.py:1400} INFO - Marking task as FAILED. dag_id=prepare_data, task_id=create_table, execution_date=20221128T170400, start_date=20221212T123055, end_date=20221212T123056
[2022-12-12 12:30:56,528] {standard_task_runner.py:97} ERROR - Failed to execute job 32 for task create_table (The conn_id `postgres_default` isn't defined; 325)
[2022-12-12 12:30:56,581] {local_task_job.py:156} INFO - Task exited with return code 1
[2022-12-12 12:30:56,726] {local_task_job.py:273} INFO - 0 downstream tasks scheduled from follow-on schedule check
[2022-12-12 15:15:53,159] {taskinstance.py:1159} INFO - Dependencies all met for <TaskInstance: prepare_data.create_table scheduled__2022-11-28T17:04:00+00:00 [queued]>
[2022-12-12 15:15:54,599] {taskinstance.py:1159} INFO - Dependencies all met for <TaskInstance: prepare_data.create_table scheduled__2022-11-28T17:04:00+00:00 [queued]>
[2022-12-12 15:15:54,599] {taskinstance.py:1356} INFO - 
--------------------------------------------------------------------------------
[2022-12-12 15:15:54,599] {taskinstance.py:1357} INFO - Starting attempt 1 of 1
[2022-12-12 15:15:54,600] {taskinstance.py:1358} INFO - 
--------------------------------------------------------------------------------
[2022-12-12 15:15:55,466] {taskinstance.py:1377} INFO - Executing <Task(PostgresOperator): create_table> on 2022-11-28 17:04:00+00:00
[2022-12-12 15:15:55,552] {standard_task_runner.py:52} INFO - Started process 361 to run task
[2022-12-12 15:15:55,834] {standard_task_runner.py:79} INFO - Running: ['airflow', 'tasks', 'run', 'prepare_data', 'create_table', 'scheduled__2022-11-28T17:04:00+00:00', '--job-id', '32', '--raw', '--subdir', 'DAGS_FOLDER/prepare_data.py', '--cfg-path', '/tmp/tmpuzs5r2ew', '--error-file', '/tmp/tmp0rgc_hik']
[2022-12-12 15:15:55,862] {standard_task_runner.py:80} INFO - Job 32: Subtask create_table
[2022-12-12 15:15:59,241] {task_command.py:369} INFO - Running <TaskInstance: prepare_data.create_table scheduled__2022-11-28T17:04:00+00:00 [running]> on host d4eb34144d92
[2022-12-12 15:16:10,197] {taskinstance.py:1571} INFO - Exporting the following env vars:
AIRFLOW_CTX_DAG_OWNER=airflow
AIRFLOW_CTX_DAG_ID=prepare_data
AIRFLOW_CTX_TASK_ID=create_table
AIRFLOW_CTX_EXECUTION_DATE=2022-11-28T17:04:00+00:00
AIRFLOW_CTX_TRY_NUMBER=1
AIRFLOW_CTX_DAG_RUN_ID=scheduled__2022-11-28T17:04:00+00:00
[2022-12-12 15:16:12,764] {taskinstance.py:1889} ERROR - Task failed with exception
Traceback (most recent call last):
  File "/home/airflow/.local/lib/python3.7/site-packages/airflow/providers/postgres/operators/postgres.py", line 92, in execute
    self.hook.run(self.sql, self.autocommit, parameters=self.parameters)
  File "/home/airflow/.local/lib/python3.7/site-packages/airflow/hooks/dbapi.py", line 181, in run
    with closing(self.get_conn()) as conn:
  File "/home/airflow/.local/lib/python3.7/site-packages/airflow/providers/postgres/hooks/postgres.py", line 86, in get_conn
    conn = deepcopy(self.connection or self.get_connection(conn_id))
  File "/home/airflow/.local/lib/python3.7/site-packages/airflow/hooks/base.py", line 67, in get_connection
    conn = Connection.get_connection_from_secrets(conn_id)
  File "/home/airflow/.local/lib/python3.7/site-packages/airflow/models/connection.py", line 430, in get_connection_from_secrets
    raise AirflowNotFoundException(f"The conn_id `{conn_id}` isn't defined")
airflow.exceptions.AirflowNotFoundException: The conn_id `postgres_default` isn't defined
[2022-12-12 15:16:13,027] {taskinstance.py:1400} INFO - Marking task as FAILED. dag_id=prepare_data, task_id=create_table, execution_date=20221128T170400, start_date=20221212T151553, end_date=20221212T151612
[2022-12-12 15:16:13,697] {standard_task_runner.py:97} ERROR - Failed to execute job 32 for task create_table (The conn_id `postgres_default` isn't defined; 361)
[2022-12-12 15:16:13,861] {local_task_job.py:156} INFO - Task exited with return code 1
[2022-12-12 15:16:16,763] {local_task_job.py:273} INFO - 0 downstream tasks scheduled from follow-on schedule check
