[2022-12-12 13:12:20,731] {taskinstance.py:1159} INFO - Dependencies all met for <TaskInstance: prepare_data.get_last_id scheduled__2022-11-29T00:03:00+00:00 [queued]>
[2022-12-12 13:12:21,139] {taskinstance.py:1159} INFO - Dependencies all met for <TaskInstance: prepare_data.get_last_id scheduled__2022-11-29T00:03:00+00:00 [queued]>
[2022-12-12 13:12:21,143] {taskinstance.py:1356} INFO - 
--------------------------------------------------------------------------------
[2022-12-12 13:12:21,143] {taskinstance.py:1357} INFO - Starting attempt 1 of 1
[2022-12-12 13:12:21,143] {taskinstance.py:1358} INFO - 
--------------------------------------------------------------------------------
[2022-12-12 13:12:21,771] {taskinstance.py:1377} INFO - Executing <Task(PythonOperator): get_last_id> on 2022-11-29 00:03:00+00:00
[2022-12-12 13:12:21,889] {standard_task_runner.py:52} INFO - Started process 2112 to run task
[2022-12-12 13:12:22,016] {standard_task_runner.py:79} INFO - Running: ['airflow', 'tasks', 'run', 'prepare_data', 'get_last_id', 'scheduled__2022-11-29T00:03:00+00:00', '--job-id', '755', '--raw', '--subdir', 'DAGS_FOLDER/prepare_data.py', '--cfg-path', '/tmp/tmp09fv8976', '--error-file', '/tmp/tmpr79_x48o']
[2022-12-12 13:12:22,096] {standard_task_runner.py:80} INFO - Job 755: Subtask get_last_id
[2022-12-12 13:12:24,283] {task_command.py:369} INFO - Running <TaskInstance: prepare_data.get_last_id scheduled__2022-11-29T00:03:00+00:00 [running]> on host b778137d8ea6
[2022-12-12 13:12:28,147] {taskinstance.py:1571} INFO - Exporting the following env vars:
AIRFLOW_CTX_DAG_OWNER=airflow
AIRFLOW_CTX_DAG_ID=prepare_data
AIRFLOW_CTX_TASK_ID=get_last_id
AIRFLOW_CTX_EXECUTION_DATE=2022-11-29T00:03:00+00:00
AIRFLOW_CTX_TRY_NUMBER=1
AIRFLOW_CTX_DAG_RUN_ID=scheduled__2022-11-29T00:03:00+00:00
[2022-12-12 13:12:28,387] {base.py:68} INFO - Using connection ID 'postgres_default' for task execution.
[2022-12-12 13:12:29,063] {python.py:173} INFO - Done. Returned value was: None
[2022-12-12 13:12:30,010] {taskinstance.py:1400} INFO - Marking task as SUCCESS. dag_id=prepare_data, task_id=get_last_id, execution_date=20221129T000300, start_date=20221212T131220, end_date=20221212T131230
[2022-12-12 13:12:30,303] {local_task_job.py:156} INFO - Task exited with return code 0
[2022-12-12 13:12:31,320] {local_task_job.py:273} INFO - 1 downstream tasks scheduled from follow-on schedule check
