[2022-12-12 13:10:47,928] {taskinstance.py:1159} INFO - Dependencies all met for <TaskInstance: prepare_data.create_table scheduled__2022-11-28T23:55:00+00:00 [queued]>
[2022-12-12 13:10:48,100] {taskinstance.py:1159} INFO - Dependencies all met for <TaskInstance: prepare_data.create_table scheduled__2022-11-28T23:55:00+00:00 [queued]>
[2022-12-12 13:10:48,100] {taskinstance.py:1356} INFO - 
--------------------------------------------------------------------------------
[2022-12-12 13:10:48,100] {taskinstance.py:1357} INFO - Starting attempt 1 of 1
[2022-12-12 13:10:48,101] {taskinstance.py:1358} INFO - 
--------------------------------------------------------------------------------
[2022-12-12 13:10:48,811] {taskinstance.py:1377} INFO - Executing <Task(PostgresOperator): create_table> on 2022-11-28 23:55:00+00:00
[2022-12-12 13:10:48,942] {standard_task_runner.py:52} INFO - Started process 2036 to run task
[2022-12-12 13:10:49,252] {standard_task_runner.py:79} INFO - Running: ['airflow', 'tasks', 'run', 'prepare_data', 'create_table', 'scheduled__2022-11-28T23:55:00+00:00', '--job-id', '724', '--raw', '--subdir', 'DAGS_FOLDER/prepare_data.py', '--cfg-path', '/tmp/tmpcp9qbjuc', '--error-file', '/tmp/tmppmug9qxj']
[2022-12-12 13:10:49,254] {standard_task_runner.py:80} INFO - Job 724: Subtask create_table
[2022-12-12 13:10:50,660] {task_command.py:369} INFO - Running <TaskInstance: prepare_data.create_table scheduled__2022-11-28T23:55:00+00:00 [running]> on host b778137d8ea6
[2022-12-12 13:10:53,009] {taskinstance.py:1571} INFO - Exporting the following env vars:
AIRFLOW_CTX_DAG_OWNER=airflow
AIRFLOW_CTX_DAG_ID=prepare_data
AIRFLOW_CTX_TASK_ID=create_table
AIRFLOW_CTX_EXECUTION_DATE=2022-11-28T23:55:00+00:00
AIRFLOW_CTX_TRY_NUMBER=1
AIRFLOW_CTX_DAG_RUN_ID=scheduled__2022-11-28T23:55:00+00:00
[2022-12-12 13:10:53,185] {base.py:68} INFO - Using connection ID 'postgres_default' for task execution.
[2022-12-12 13:10:53,222] {dbapi.py:208} INFO - Running statement: CREATE TABLE IF NOT EXISTS prepared_data (
	id SERIAL,
	sensor_id BIGINT,
	longitude FLOAT,
	latitude FLOAT,
	controller_id BIGINT,
	datetime TIMESTAMP WITH TIME ZONE,
	temperature INTEGER
);, parameters: None
[2022-12-12 13:10:53,224] {postgres.py:94} INFO - NOTICE:  relation "prepared_data" already exists, skipping

[2022-12-12 13:10:53,498] {taskinstance.py:1400} INFO - Marking task as SUCCESS. dag_id=prepare_data, task_id=create_table, execution_date=20221128T235500, start_date=20221212T131047, end_date=20221212T131053
[2022-12-12 13:10:53,915] {local_task_job.py:156} INFO - Task exited with return code 0
[2022-12-12 13:10:54,925] {local_task_job.py:273} INFO - 1 downstream tasks scheduled from follow-on schedule check
