[2022-12-03 15:01:58,493] {taskinstance.py:1159} INFO - Dependencies all met for <TaskInstance: prepare_data.create_table scheduled__2022-11-28T19:05:00+00:00 [queued]>
[2022-12-03 15:01:59,039] {taskinstance.py:1159} INFO - Dependencies all met for <TaskInstance: prepare_data.create_table scheduled__2022-11-28T19:05:00+00:00 [queued]>
[2022-12-03 15:01:59,039] {taskinstance.py:1356} INFO - 
--------------------------------------------------------------------------------
[2022-12-03 15:01:59,040] {taskinstance.py:1357} INFO - Starting attempt 1 of 1
[2022-12-03 15:01:59,040] {taskinstance.py:1358} INFO - 
--------------------------------------------------------------------------------
[2022-12-03 15:01:59,759] {taskinstance.py:1377} INFO - Executing <Task(PostgresOperator): create_table> on 2022-11-28 19:05:00+00:00
[2022-12-03 15:01:59,841] {standard_task_runner.py:52} INFO - Started process 922 to run task
[2022-12-03 15:01:59,977] {standard_task_runner.py:79} INFO - Running: ['airflow', 'tasks', 'run', 'prepare_data', 'create_table', 'scheduled__2022-11-28T19:05:00+00:00', '--job-id', '262', '--raw', '--subdir', 'DAGS_FOLDER/prepare_data.py', '--cfg-path', '/tmp/tmpw7s539gp', '--error-file', '/tmp/tmpmm3vyv0m']
[2022-12-03 15:02:00,099] {standard_task_runner.py:80} INFO - Job 262: Subtask create_table
[2022-12-03 15:02:03,428] {task_command.py:369} INFO - Running <TaskInstance: prepare_data.create_table scheduled__2022-11-28T19:05:00+00:00 [running]> on host b41792e8e843
[2022-12-03 15:02:08,742] {taskinstance.py:1571} INFO - Exporting the following env vars:
AIRFLOW_CTX_DAG_OWNER=airflow
AIRFLOW_CTX_DAG_ID=prepare_data
AIRFLOW_CTX_TASK_ID=create_table
AIRFLOW_CTX_EXECUTION_DATE=2022-11-28T19:05:00+00:00
AIRFLOW_CTX_TRY_NUMBER=1
AIRFLOW_CTX_DAG_RUN_ID=scheduled__2022-11-28T19:05:00+00:00
[2022-12-03 15:02:09,175] {base.py:68} INFO - Using connection ID 'postgres_default' for task execution.
[2022-12-03 15:02:09,356] {dbapi.py:208} INFO - Running statement: CREATE TABLE IF NOT EXISTS prepared_data (
	id SERIAL,
	sensor_id BIGINT,
	longitude FLOAT,
	latitude FLOAT,
	controller_id BIGINT,
	datetime TIMESTAMP WITH TIME ZONE,
	temperature INTEGER
);, parameters: None
[2022-12-03 15:02:09,384] {postgres.py:94} INFO - NOTICE:  relation "prepared_data" already exists, skipping

[2022-12-03 15:02:09,698] {taskinstance.py:1400} INFO - Marking task as SUCCESS. dag_id=prepare_data, task_id=create_table, execution_date=20221128T190500, start_date=20221203T150158, end_date=20221203T150209
[2022-12-03 15:02:10,058] {local_task_job.py:156} INFO - Task exited with return code 0
[2022-12-03 15:02:12,714] {local_task_job.py:273} INFO - 0 downstream tasks scheduled from follow-on schedule check
[2022-12-12 12:35:22,773] {taskinstance.py:1159} INFO - Dependencies all met for <TaskInstance: prepare_data.create_table scheduled__2022-11-28T19:05:00+00:00 [queued]>
[2022-12-12 12:35:22,971] {taskinstance.py:1159} INFO - Dependencies all met for <TaskInstance: prepare_data.create_table scheduled__2022-11-28T19:05:00+00:00 [queued]>
[2022-12-12 12:35:22,972] {taskinstance.py:1356} INFO - 
--------------------------------------------------------------------------------
[2022-12-12 12:35:22,972] {taskinstance.py:1357} INFO - Starting attempt 1 of 1
[2022-12-12 12:35:22,972] {taskinstance.py:1358} INFO - 
--------------------------------------------------------------------------------
[2022-12-12 12:35:23,239] {taskinstance.py:1377} INFO - Executing <Task(PostgresOperator): create_table> on 2022-11-28 19:05:00+00:00
[2022-12-12 12:35:23,299] {standard_task_runner.py:52} INFO - Started process 609 to run task
[2022-12-12 12:35:23,357] {standard_task_runner.py:79} INFO - Running: ['airflow', 'tasks', 'run', 'prepare_data', 'create_table', 'scheduled__2022-11-28T19:05:00+00:00', '--job-id', '153', '--raw', '--subdir', 'DAGS_FOLDER/prepare_data.py', '--cfg-path', '/tmp/tmpzlt1av5w', '--error-file', '/tmp/tmp6rmsuq78']
[2022-12-12 12:35:23,387] {standard_task_runner.py:80} INFO - Job 153: Subtask create_table
[2022-12-12 12:35:24,625] {task_command.py:369} INFO - Running <TaskInstance: prepare_data.create_table scheduled__2022-11-28T19:05:00+00:00 [running]> on host b778137d8ea6
[2022-12-12 12:35:25,879] {taskinstance.py:1571} INFO - Exporting the following env vars:
AIRFLOW_CTX_DAG_OWNER=airflow
AIRFLOW_CTX_DAG_ID=prepare_data
AIRFLOW_CTX_TASK_ID=create_table
AIRFLOW_CTX_EXECUTION_DATE=2022-11-28T19:05:00+00:00
AIRFLOW_CTX_TRY_NUMBER=1
AIRFLOW_CTX_DAG_RUN_ID=scheduled__2022-11-28T19:05:00+00:00
[2022-12-12 12:35:26,075] {taskinstance.py:1889} ERROR - Task failed with exception
Traceback (most recent call last):
  File "/home/airflow/.local/lib/python3.7/site-packages/airflow/providers/postgres/operators/postgres.py", line 92, in execute
    self.hook.run(self.sql, self.autocommit, parameters=self.parameters)
  File "/home/airflow/.local/lib/python3.7/site-packages/airflow/hooks/dbapi.py", line 181, in run
    with closing(self.get_conn()) as conn:
  File "/home/airflow/.local/lib/python3.7/site-packages/airflow/providers/postgres/hooks/postgres.py", line 86, in get_conn
    conn = deepcopy(self.connection or self.get_connection(conn_id))
  File "/home/airflow/.local/lib/python3.7/site-packages/airflow/hooks/base.py", line 67, in get_connection
    conn = Connection.get_connection_from_secrets(conn_id)
  File "/home/airflow/.local/lib/python3.7/site-packages/airflow/models/connection.py", line 430, in get_connection_from_secrets
    raise AirflowNotFoundException(f"The conn_id `{conn_id}` isn't defined")
airflow.exceptions.AirflowNotFoundException: The conn_id `postgres_default` isn't defined
[2022-12-12 12:35:26,122] {taskinstance.py:1400} INFO - Marking task as FAILED. dag_id=prepare_data, task_id=create_table, execution_date=20221128T190500, start_date=20221212T123522, end_date=20221212T123526
[2022-12-12 12:35:26,258] {standard_task_runner.py:97} ERROR - Failed to execute job 153 for task create_table (The conn_id `postgres_default` isn't defined; 609)
[2022-12-12 12:35:26,330] {local_task_job.py:156} INFO - Task exited with return code 1
[2022-12-12 12:35:26,888] {local_task_job.py:273} INFO - 0 downstream tasks scheduled from follow-on schedule check
