[2022-12-12 13:11:22,317] {taskinstance.py:1159} INFO - Dependencies all met for <TaskInstance: prepare_data.get_last_id scheduled__2022-11-28T23:59:00+00:00 [queued]>
[2022-12-12 13:11:22,675] {taskinstance.py:1159} INFO - Dependencies all met for <TaskInstance: prepare_data.get_last_id scheduled__2022-11-28T23:59:00+00:00 [queued]>
[2022-12-12 13:11:22,675] {taskinstance.py:1356} INFO - 
--------------------------------------------------------------------------------
[2022-12-12 13:11:22,675] {taskinstance.py:1357} INFO - Starting attempt 1 of 1
[2022-12-12 13:11:22,675] {taskinstance.py:1358} INFO - 
--------------------------------------------------------------------------------
[2022-12-12 13:11:23,171] {taskinstance.py:1377} INFO - Executing <Task(PythonOperator): get_last_id> on 2022-11-28 23:59:00+00:00
[2022-12-12 13:11:23,278] {standard_task_runner.py:52} INFO - Started process 2068 to run task
[2022-12-12 13:11:23,419] {standard_task_runner.py:79} INFO - Running: ['airflow', 'tasks', 'run', 'prepare_data', 'get_last_id', 'scheduled__2022-11-28T23:59:00+00:00', '--job-id', '736', '--raw', '--subdir', 'DAGS_FOLDER/prepare_data.py', '--cfg-path', '/tmp/tmpgmvlv_0v', '--error-file', '/tmp/tmp3pltohxz']
[2022-12-12 13:11:23,421] {standard_task_runner.py:80} INFO - Job 736: Subtask get_last_id
[2022-12-12 13:11:25,915] {task_command.py:369} INFO - Running <TaskInstance: prepare_data.get_last_id scheduled__2022-11-28T23:59:00+00:00 [running]> on host b778137d8ea6
[2022-12-12 13:11:29,951] {taskinstance.py:1571} INFO - Exporting the following env vars:
AIRFLOW_CTX_DAG_OWNER=airflow
AIRFLOW_CTX_DAG_ID=prepare_data
AIRFLOW_CTX_TASK_ID=get_last_id
AIRFLOW_CTX_EXECUTION_DATE=2022-11-28T23:59:00+00:00
AIRFLOW_CTX_TRY_NUMBER=1
AIRFLOW_CTX_DAG_RUN_ID=scheduled__2022-11-28T23:59:00+00:00
[2022-12-12 13:11:30,699] {base.py:68} INFO - Using connection ID 'postgres_default' for task execution.
[2022-12-12 13:11:31,327] {python.py:173} INFO - Done. Returned value was: None
[2022-12-12 13:11:31,865] {taskinstance.py:1400} INFO - Marking task as SUCCESS. dag_id=prepare_data, task_id=get_last_id, execution_date=20221128T235900, start_date=20221212T131122, end_date=20221212T131131
[2022-12-12 13:11:33,238] {local_task_job.py:156} INFO - Task exited with return code 0
[2022-12-12 13:11:34,223] {local_task_job.py:273} INFO - 1 downstream tasks scheduled from follow-on schedule check
