[2022-12-03 15:06:27,398] {taskinstance.py:1159} INFO - Dependencies all met for <TaskInstance: prepare_data.get_last_id scheduled__2022-11-28T19:25:00+00:00 [queued]>
[2022-12-03 15:06:28,183] {taskinstance.py:1159} INFO - Dependencies all met for <TaskInstance: prepare_data.get_last_id scheduled__2022-11-28T19:25:00+00:00 [queued]>
[2022-12-03 15:06:28,183] {taskinstance.py:1356} INFO - 
--------------------------------------------------------------------------------
[2022-12-03 15:06:28,183] {taskinstance.py:1357} INFO - Starting attempt 1 of 1
[2022-12-03 15:06:28,183] {taskinstance.py:1358} INFO - 
--------------------------------------------------------------------------------
[2022-12-03 15:06:29,486] {taskinstance.py:1377} INFO - Executing <Task(PythonOperator): get_last_id> on 2022-11-28 19:25:00+00:00
[2022-12-03 15:06:29,663] {standard_task_runner.py:52} INFO - Started process 1080 to run task
[2022-12-03 15:06:29,972] {standard_task_runner.py:79} INFO - Running: ['airflow', 'tasks', 'run', 'prepare_data', 'get_last_id', 'scheduled__2022-11-28T19:25:00+00:00', '--job-id', '324', '--raw', '--subdir', 'DAGS_FOLDER/prepare_data.py', '--cfg-path', '/tmp/tmpqh0f0dme', '--error-file', '/tmp/tmppx0z8_51']
[2022-12-03 15:06:30,097] {standard_task_runner.py:80} INFO - Job 324: Subtask get_last_id
[2022-12-03 15:06:35,296] {task_command.py:369} INFO - Running <TaskInstance: prepare_data.get_last_id scheduled__2022-11-28T19:25:00+00:00 [running]> on host b41792e8e843
[2022-12-03 15:06:41,664] {taskinstance.py:1571} INFO - Exporting the following env vars:
AIRFLOW_CTX_DAG_OWNER=airflow
AIRFLOW_CTX_DAG_ID=prepare_data
AIRFLOW_CTX_TASK_ID=get_last_id
AIRFLOW_CTX_EXECUTION_DATE=2022-11-28T19:25:00+00:00
AIRFLOW_CTX_TRY_NUMBER=1
AIRFLOW_CTX_DAG_RUN_ID=scheduled__2022-11-28T19:25:00+00:00
[2022-12-03 15:06:43,029] {base.py:68} INFO - Using connection ID 'postgres_default' for task execution.
[2022-12-03 15:06:46,545] {python.py:173} INFO - Done. Returned value was: None
[2022-12-03 15:06:47,588] {taskinstance.py:1400} INFO - Marking task as SUCCESS. dag_id=prepare_data, task_id=get_last_id, execution_date=20221128T192500, start_date=20221203T150627, end_date=20221203T150647
[2022-12-03 15:06:48,307] {local_task_job.py:156} INFO - Task exited with return code 0
[2022-12-03 15:06:51,360] {local_task_job.py:273} INFO - 1 downstream tasks scheduled from follow-on schedule check
