[2022-12-12 13:13:12,688] {taskinstance.py:1159} INFO - Dependencies all met for <TaskInstance: prepare_data.create_table scheduled__2022-11-29T00:10:00+00:00 [queued]>
[2022-12-12 13:13:13,300] {taskinstance.py:1159} INFO - Dependencies all met for <TaskInstance: prepare_data.create_table scheduled__2022-11-29T00:10:00+00:00 [queued]>
[2022-12-12 13:13:13,300] {taskinstance.py:1356} INFO - 
--------------------------------------------------------------------------------
[2022-12-12 13:13:13,300] {taskinstance.py:1357} INFO - Starting attempt 1 of 1
[2022-12-12 13:13:13,300] {taskinstance.py:1358} INFO - 
--------------------------------------------------------------------------------
[2022-12-12 13:13:14,004] {taskinstance.py:1377} INFO - Executing <Task(PostgresOperator): create_table> on 2022-11-29 00:10:00+00:00
[2022-12-12 13:13:14,269] {standard_task_runner.py:52} INFO - Started process 2151 to run task
[2022-12-12 13:13:14,457] {standard_task_runner.py:79} INFO - Running: ['airflow', 'tasks', 'run', 'prepare_data', 'create_table', 'scheduled__2022-11-29T00:10:00+00:00', '--job-id', '769', '--raw', '--subdir', 'DAGS_FOLDER/prepare_data.py', '--cfg-path', '/tmp/tmpjptjuan2', '--error-file', '/tmp/tmpj571kdav']
[2022-12-12 13:13:14,458] {standard_task_runner.py:80} INFO - Job 769: Subtask create_table
[2022-12-12 13:13:19,229] {task_command.py:369} INFO - Running <TaskInstance: prepare_data.create_table scheduled__2022-11-29T00:10:00+00:00 [running]> on host b778137d8ea6
[2022-12-12 13:13:25,661] {taskinstance.py:1571} INFO - Exporting the following env vars:
AIRFLOW_CTX_DAG_OWNER=airflow
AIRFLOW_CTX_DAG_ID=prepare_data
AIRFLOW_CTX_TASK_ID=create_table
AIRFLOW_CTX_EXECUTION_DATE=2022-11-29T00:10:00+00:00
AIRFLOW_CTX_TRY_NUMBER=1
AIRFLOW_CTX_DAG_RUN_ID=scheduled__2022-11-29T00:10:00+00:00
[2022-12-12 13:13:26,215] {base.py:68} INFO - Using connection ID 'postgres_default' for task execution.
[2022-12-12 13:13:26,451] {dbapi.py:208} INFO - Running statement: CREATE TABLE IF NOT EXISTS prepared_data (
	id SERIAL,
	sensor_id BIGINT,
	longitude FLOAT,
	latitude FLOAT,
	controller_id BIGINT,
	datetime TIMESTAMP WITH TIME ZONE,
	temperature INTEGER
);, parameters: None
[2022-12-12 13:13:26,475] {postgres.py:94} INFO - NOTICE:  relation "prepared_data" already exists, skipping

[2022-12-12 13:13:27,385] {taskinstance.py:1400} INFO - Marking task as SUCCESS. dag_id=prepare_data, task_id=create_table, execution_date=20221129T001000, start_date=20221212T131312, end_date=20221212T131327
[2022-12-12 13:13:28,289] {local_task_job.py:221} WARNING - State of this instance has been externally set to success. Terminating instance.
[2022-12-12 13:13:28,390] {process_utils.py:129} INFO - Sending Signals.SIGTERM to group 2151. PIDs of all processes in the group: [2151]
[2022-12-12 13:13:28,391] {process_utils.py:80} INFO - Sending the signal Signals.SIGTERM to group 2151
[2022-12-12 13:13:28,462] {process_utils.py:75} INFO - Process psutil.Process(pid=2151, status='terminated', exitcode=0, started='13:13:14') (2151) terminated with exit code 0
