[2022-12-12 13:24:12,517] {taskinstance.py:1159} INFO - Dependencies all met for <TaskInstance: prepare_data.transfer_data scheduled__2022-12-12T13:21:00+00:00 [queued]>
[2022-12-12 13:24:13,327] {taskinstance.py:1159} INFO - Dependencies all met for <TaskInstance: prepare_data.transfer_data scheduled__2022-12-12T13:21:00+00:00 [queued]>
[2022-12-12 13:24:13,327] {taskinstance.py:1356} INFO - 
--------------------------------------------------------------------------------
[2022-12-12 13:24:13,327] {taskinstance.py:1357} INFO - Starting attempt 1 of 1
[2022-12-12 13:24:13,327] {taskinstance.py:1358} INFO - 
--------------------------------------------------------------------------------
[2022-12-12 13:24:14,050] {taskinstance.py:1377} INFO - Executing <Task(PythonOperator): transfer_data> on 2022-12-12 13:21:00+00:00
[2022-12-12 13:24:14,077] {standard_task_runner.py:52} INFO - Started process 2570 to run task
[2022-12-12 13:24:14,272] {standard_task_runner.py:79} INFO - Running: ['airflow', 'tasks', 'run', 'prepare_data', 'transfer_data', 'scheduled__2022-12-12T13:21:00+00:00', '--job-id', '937', '--raw', '--subdir', 'DAGS_FOLDER/prepare_data.py', '--cfg-path', '/tmp/tmps34pf47n', '--error-file', '/tmp/tmp9fuudwkg']
[2022-12-12 13:24:14,353] {standard_task_runner.py:80} INFO - Job 937: Subtask transfer_data
[2022-12-12 13:24:16,248] {task_command.py:369} INFO - Running <TaskInstance: prepare_data.transfer_data scheduled__2022-12-12T13:21:00+00:00 [running]> on host b778137d8ea6
[2022-12-12 13:24:19,639] {taskinstance.py:1571} INFO - Exporting the following env vars:
AIRFLOW_CTX_DAG_OWNER=airflow
AIRFLOW_CTX_DAG_ID=prepare_data
AIRFLOW_CTX_TASK_ID=transfer_data
AIRFLOW_CTX_EXECUTION_DATE=2022-12-12T13:21:00+00:00
AIRFLOW_CTX_TRY_NUMBER=1
AIRFLOW_CTX_DAG_RUN_ID=scheduled__2022-12-12T13:21:00+00:00
[2022-12-12 13:24:20,133] {base.py:68} INFO - Using connection ID 'postgres_default' for task execution.
[2022-12-12 13:24:20,774] {python.py:173} INFO - Done. Returned value was: None
[2022-12-12 13:24:21,229] {taskinstance.py:1400} INFO - Marking task as SUCCESS. dag_id=prepare_data, task_id=transfer_data, execution_date=20221212T132100, start_date=20221212T132412, end_date=20221212T132421
[2022-12-12 13:24:21,491] {local_task_job.py:156} INFO - Task exited with return code 0
[2022-12-12 13:24:21,997] {local_task_job.py:273} INFO - 0 downstream tasks scheduled from follow-on schedule check
