[2022-12-03 15:09:00,997] {taskinstance.py:1159} INFO - Dependencies all met for <TaskInstance: prepare_data.get_last_id scheduled__2022-11-28T19:39:00+00:00 [queued]>
[2022-12-03 15:09:01,690] {taskinstance.py:1159} INFO - Dependencies all met for <TaskInstance: prepare_data.get_last_id scheduled__2022-11-28T19:39:00+00:00 [queued]>
[2022-12-03 15:09:01,691] {taskinstance.py:1356} INFO - 
--------------------------------------------------------------------------------
[2022-12-03 15:09:01,691] {taskinstance.py:1357} INFO - Starting attempt 1 of 1
[2022-12-03 15:09:01,691] {taskinstance.py:1358} INFO - 
--------------------------------------------------------------------------------
[2022-12-03 15:09:03,466] {taskinstance.py:1377} INFO - Executing <Task(PythonOperator): get_last_id> on 2022-11-28 19:39:00+00:00
[2022-12-03 15:09:03,785] {standard_task_runner.py:52} INFO - Started process 1187 to run task
[2022-12-03 15:09:03,945] {standard_task_runner.py:79} INFO - Running: ['airflow', 'tasks', 'run', 'prepare_data', 'get_last_id', 'scheduled__2022-11-28T19:39:00+00:00', '--job-id', '365', '--raw', '--subdir', 'DAGS_FOLDER/prepare_data.py', '--cfg-path', '/tmp/tmpen3eey2a', '--error-file', '/tmp/tmpatp03k9x']
[2022-12-03 15:09:04,240] {standard_task_runner.py:80} INFO - Job 365: Subtask get_last_id
[2022-12-03 15:09:08,899] {task_command.py:369} INFO - Running <TaskInstance: prepare_data.get_last_id scheduled__2022-11-28T19:39:00+00:00 [running]> on host b41792e8e843
[2022-12-03 15:09:14,850] {taskinstance.py:1571} INFO - Exporting the following env vars:
AIRFLOW_CTX_DAG_OWNER=airflow
AIRFLOW_CTX_DAG_ID=prepare_data
AIRFLOW_CTX_TASK_ID=get_last_id
AIRFLOW_CTX_EXECUTION_DATE=2022-11-28T19:39:00+00:00
AIRFLOW_CTX_TRY_NUMBER=1
AIRFLOW_CTX_DAG_RUN_ID=scheduled__2022-11-28T19:39:00+00:00
[2022-12-03 15:09:15,357] {base.py:68} INFO - Using connection ID 'postgres_default' for task execution.
[2022-12-03 15:09:16,454] {python.py:173} INFO - Done. Returned value was: None
[2022-12-03 15:09:17,304] {taskinstance.py:1400} INFO - Marking task as SUCCESS. dag_id=prepare_data, task_id=get_last_id, execution_date=20221128T193900, start_date=20221203T150900, end_date=20221203T150917
[2022-12-03 15:09:18,227] {local_task_job.py:156} INFO - Task exited with return code 0
[2022-12-03 15:09:27,114] {local_task_job.py:273} INFO - 0 downstream tasks scheduled from follow-on schedule check
