[2022-12-12 12:46:39,897] {taskinstance.py:1159} INFO - Dependencies all met for <TaskInstance: prepare_data.transfer_data scheduled__2022-11-28T22:13:00+00:00 [queued]>
[2022-12-12 12:46:41,152] {taskinstance.py:1159} INFO - Dependencies all met for <TaskInstance: prepare_data.transfer_data scheduled__2022-11-28T22:13:00+00:00 [queued]>
[2022-12-12 12:46:41,174] {taskinstance.py:1356} INFO - 
--------------------------------------------------------------------------------
[2022-12-12 12:46:41,187] {taskinstance.py:1357} INFO - Starting attempt 1 of 1
[2022-12-12 12:46:41,214] {taskinstance.py:1358} INFO - 
--------------------------------------------------------------------------------
[2022-12-12 12:46:43,216] {taskinstance.py:1377} INFO - Executing <Task(PythonOperator): transfer_data> on 2022-11-28 22:13:00+00:00
[2022-12-12 12:46:43,572] {standard_task_runner.py:52} INFO - Started process 1109 to run task
[2022-12-12 12:46:43,602] {standard_task_runner.py:79} INFO - Running: ['airflow', 'tasks', 'run', 'prepare_data', 'transfer_data', 'scheduled__2022-11-28T22:13:00+00:00', '--job-id', '352', '--raw', '--subdir', 'DAGS_FOLDER/prepare_data.py', '--cfg-path', '/tmp/tmpdtw43lao', '--error-file', '/tmp/tmpvbl6ea8i']
[2022-12-12 12:46:43,955] {standard_task_runner.py:80} INFO - Job 352: Subtask transfer_data
[2022-12-12 12:46:47,803] {task_command.py:369} INFO - Running <TaskInstance: prepare_data.transfer_data scheduled__2022-11-28T22:13:00+00:00 [running]> on host b778137d8ea6
[2022-12-12 12:46:52,217] {taskinstance.py:1571} INFO - Exporting the following env vars:
AIRFLOW_CTX_DAG_OWNER=airflow
AIRFLOW_CTX_DAG_ID=prepare_data
AIRFLOW_CTX_TASK_ID=transfer_data
AIRFLOW_CTX_EXECUTION_DATE=2022-11-28T22:13:00+00:00
AIRFLOW_CTX_TRY_NUMBER=1
AIRFLOW_CTX_DAG_RUN_ID=scheduled__2022-11-28T22:13:00+00:00
[2022-12-12 12:46:52,875] {base.py:68} INFO - Using connection ID 'postgres_default' for task execution.
[2022-12-12 12:47:05,649] {python.py:173} INFO - Done. Returned value was: None
[2022-12-12 12:47:06,884] {taskinstance.py:1400} INFO - Marking task as SUCCESS. dag_id=prepare_data, task_id=transfer_data, execution_date=20221128T221300, start_date=20221212T124640, end_date=20221212T124706
[2022-12-12 12:47:07,819] {local_task_job.py:156} INFO - Task exited with return code 0
[2022-12-12 12:47:09,156] {local_task_job.py:273} INFO - 0 downstream tasks scheduled from follow-on schedule check
