[2022-12-03 14:48:07,258] {taskinstance.py:1159} INFO - Dependencies all met for <TaskInstance: prepare_data.create_table scheduled__2022-11-28T17:59:00+00:00 [queued]>
[2022-12-03 14:48:07,439] {taskinstance.py:1159} INFO - Dependencies all met for <TaskInstance: prepare_data.create_table scheduled__2022-11-28T17:59:00+00:00 [queued]>
[2022-12-03 14:48:07,439] {taskinstance.py:1356} INFO - 
--------------------------------------------------------------------------------
[2022-12-03 14:48:07,440] {taskinstance.py:1357} INFO - Starting attempt 1 of 1
[2022-12-03 14:48:07,469] {taskinstance.py:1358} INFO - 
--------------------------------------------------------------------------------
[2022-12-03 14:48:07,925] {taskinstance.py:1377} INFO - Executing <Task(PostgresOperator): create_table> on 2022-11-28 17:59:00+00:00
[2022-12-03 14:48:07,984] {standard_task_runner.py:52} INFO - Started process 467 to run task
[2022-12-03 14:48:08,098] {standard_task_runner.py:79} INFO - Running: ['airflow', 'tasks', 'run', 'prepare_data', 'create_table', 'scheduled__2022-11-28T17:59:00+00:00', '--job-id', '87', '--raw', '--subdir', 'DAGS_FOLDER/prepare_data.py', '--cfg-path', '/tmp/tmp24m8w2v7', '--error-file', '/tmp/tmpdggepnxq']
[2022-12-03 14:48:08,100] {standard_task_runner.py:80} INFO - Job 87: Subtask create_table
[2022-12-03 14:48:09,252] {task_command.py:369} INFO - Running <TaskInstance: prepare_data.create_table scheduled__2022-11-28T17:59:00+00:00 [running]> on host b41792e8e843
[2022-12-03 14:48:11,100] {taskinstance.py:1571} INFO - Exporting the following env vars:
AIRFLOW_CTX_DAG_OWNER=airflow
AIRFLOW_CTX_DAG_ID=prepare_data
AIRFLOW_CTX_TASK_ID=create_table
AIRFLOW_CTX_EXECUTION_DATE=2022-11-28T17:59:00+00:00
AIRFLOW_CTX_TRY_NUMBER=1
AIRFLOW_CTX_DAG_RUN_ID=scheduled__2022-11-28T17:59:00+00:00
[2022-12-03 14:48:13,928] {taskinstance.py:1889} ERROR - Task failed with exception
Traceback (most recent call last):
  File "/home/airflow/.local/lib/python3.7/site-packages/airflow/providers/postgres/operators/postgres.py", line 92, in execute
    self.hook.run(self.sql, self.autocommit, parameters=self.parameters)
  File "/home/airflow/.local/lib/python3.7/site-packages/airflow/hooks/dbapi.py", line 181, in run
    with closing(self.get_conn()) as conn:
  File "/home/airflow/.local/lib/python3.7/site-packages/airflow/providers/postgres/hooks/postgres.py", line 86, in get_conn
    conn = deepcopy(self.connection or self.get_connection(conn_id))
  File "/home/airflow/.local/lib/python3.7/site-packages/airflow/hooks/base.py", line 67, in get_connection
    conn = Connection.get_connection_from_secrets(conn_id)
  File "/home/airflow/.local/lib/python3.7/site-packages/airflow/models/connection.py", line 430, in get_connection_from_secrets
    raise AirflowNotFoundException(f"The conn_id `{conn_id}` isn't defined")
airflow.exceptions.AirflowNotFoundException: The conn_id `postgres_default` isn't defined
[2022-12-03 14:48:14,181] {taskinstance.py:1400} INFO - Marking task as FAILED. dag_id=prepare_data, task_id=create_table, execution_date=20221128T175900, start_date=20221203T144807, end_date=20221203T144814
[2022-12-03 14:48:15,188] {standard_task_runner.py:97} ERROR - Failed to execute job 87 for task create_table (The conn_id `postgres_default` isn't defined; 467)
[2022-12-03 14:48:15,585] {local_task_job.py:156} INFO - Task exited with return code 1
[2022-12-03 14:48:18,462] {local_task_job.py:273} INFO - 0 downstream tasks scheduled from follow-on schedule check
[2022-12-12 12:33:10,656] {taskinstance.py:1159} INFO - Dependencies all met for <TaskInstance: prepare_data.create_table scheduled__2022-11-28T17:59:00+00:00 [queued]>
[2022-12-12 12:33:10,875] {taskinstance.py:1159} INFO - Dependencies all met for <TaskInstance: prepare_data.create_table scheduled__2022-11-28T17:59:00+00:00 [queued]>
[2022-12-12 12:33:10,875] {taskinstance.py:1356} INFO - 
--------------------------------------------------------------------------------
[2022-12-12 12:33:10,875] {taskinstance.py:1357} INFO - Starting attempt 1 of 1
[2022-12-12 12:33:10,875] {taskinstance.py:1358} INFO - 
--------------------------------------------------------------------------------
[2022-12-12 12:33:11,205] {taskinstance.py:1377} INFO - Executing <Task(PostgresOperator): create_table> on 2022-11-28 17:59:00+00:00
[2022-12-12 12:33:11,267] {standard_task_runner.py:52} INFO - Started process 456 to run task
[2022-12-12 12:33:11,346] {standard_task_runner.py:79} INFO - Running: ['airflow', 'tasks', 'run', 'prepare_data', 'create_table', 'scheduled__2022-11-28T17:59:00+00:00', '--job-id', '87', '--raw', '--subdir', 'DAGS_FOLDER/prepare_data.py', '--cfg-path', '/tmp/tmpccivov1x', '--error-file', '/tmp/tmpjnx3vecw']
[2022-12-12 12:33:11,360] {standard_task_runner.py:80} INFO - Job 87: Subtask create_table
[2022-12-12 12:33:12,133] {task_command.py:369} INFO - Running <TaskInstance: prepare_data.create_table scheduled__2022-11-28T17:59:00+00:00 [running]> on host b778137d8ea6
[2022-12-12 12:33:13,014] {taskinstance.py:1571} INFO - Exporting the following env vars:
AIRFLOW_CTX_DAG_OWNER=airflow
AIRFLOW_CTX_DAG_ID=prepare_data
AIRFLOW_CTX_TASK_ID=create_table
AIRFLOW_CTX_EXECUTION_DATE=2022-11-28T17:59:00+00:00
AIRFLOW_CTX_TRY_NUMBER=1
AIRFLOW_CTX_DAG_RUN_ID=scheduled__2022-11-28T17:59:00+00:00
[2022-12-12 12:33:13,288] {taskinstance.py:1889} ERROR - Task failed with exception
Traceback (most recent call last):
  File "/home/airflow/.local/lib/python3.7/site-packages/airflow/providers/postgres/operators/postgres.py", line 92, in execute
    self.hook.run(self.sql, self.autocommit, parameters=self.parameters)
  File "/home/airflow/.local/lib/python3.7/site-packages/airflow/hooks/dbapi.py", line 181, in run
    with closing(self.get_conn()) as conn:
  File "/home/airflow/.local/lib/python3.7/site-packages/airflow/providers/postgres/hooks/postgres.py", line 86, in get_conn
    conn = deepcopy(self.connection or self.get_connection(conn_id))
  File "/home/airflow/.local/lib/python3.7/site-packages/airflow/hooks/base.py", line 67, in get_connection
    conn = Connection.get_connection_from_secrets(conn_id)
  File "/home/airflow/.local/lib/python3.7/site-packages/airflow/models/connection.py", line 430, in get_connection_from_secrets
    raise AirflowNotFoundException(f"The conn_id `{conn_id}` isn't defined")
airflow.exceptions.AirflowNotFoundException: The conn_id `postgres_default` isn't defined
[2022-12-12 12:33:13,321] {taskinstance.py:1400} INFO - Marking task as FAILED. dag_id=prepare_data, task_id=create_table, execution_date=20221128T175900, start_date=20221212T123310, end_date=20221212T123313
[2022-12-12 12:33:13,561] {standard_task_runner.py:97} ERROR - Failed to execute job 87 for task create_table (The conn_id `postgres_default` isn't defined; 456)
[2022-12-12 12:33:13,643] {local_task_job.py:156} INFO - Task exited with return code 1
[2022-12-12 12:33:14,142] {local_task_job.py:273} INFO - 0 downstream tasks scheduled from follow-on schedule check
