[2022-12-12 12:59:57,604] {taskinstance.py:1159} INFO - Dependencies all met for <TaskInstance: prepare_data.get_last_id scheduled__2022-11-28T22:53:00+00:00 [queued]>
[2022-12-12 12:59:57,729] {taskinstance.py:1159} INFO - Dependencies all met for <TaskInstance: prepare_data.get_last_id scheduled__2022-11-28T22:53:00+00:00 [queued]>
[2022-12-12 12:59:57,729] {taskinstance.py:1356} INFO - 
--------------------------------------------------------------------------------
[2022-12-12 12:59:57,729] {taskinstance.py:1357} INFO - Starting attempt 1 of 1
[2022-12-12 12:59:57,729] {taskinstance.py:1358} INFO - 
--------------------------------------------------------------------------------
[2022-12-12 12:59:58,874] {taskinstance.py:1377} INFO - Executing <Task(PythonOperator): get_last_id> on 2022-11-28 22:53:00+00:00
[2022-12-12 12:59:59,170] {standard_task_runner.py:52} INFO - Started process 1523 to run task
[2022-12-12 12:59:59,530] {standard_task_runner.py:79} INFO - Running: ['airflow', 'tasks', 'run', 'prepare_data', 'get_last_id', 'scheduled__2022-11-28T22:53:00+00:00', '--job-id', '513', '--raw', '--subdir', 'DAGS_FOLDER/prepare_data.py', '--cfg-path', '/tmp/tmpu2htu8xp', '--error-file', '/tmp/tmphesfe0ts']
[2022-12-12 12:59:59,787] {standard_task_runner.py:80} INFO - Job 513: Subtask get_last_id
[2022-12-12 13:00:02,848] {task_command.py:369} INFO - Running <TaskInstance: prepare_data.get_last_id scheduled__2022-11-28T22:53:00+00:00 [running]> on host b778137d8ea6
[2022-12-12 13:00:07,457] {taskinstance.py:1571} INFO - Exporting the following env vars:
AIRFLOW_CTX_DAG_OWNER=airflow
AIRFLOW_CTX_DAG_ID=prepare_data
AIRFLOW_CTX_TASK_ID=get_last_id
AIRFLOW_CTX_EXECUTION_DATE=2022-11-28T22:53:00+00:00
AIRFLOW_CTX_TRY_NUMBER=1
AIRFLOW_CTX_DAG_RUN_ID=scheduled__2022-11-28T22:53:00+00:00
[2022-12-12 13:00:08,302] {base.py:68} INFO - Using connection ID 'postgres_default' for task execution.
[2022-12-12 13:00:09,504] {python.py:173} INFO - Done. Returned value was: None
[2022-12-12 13:00:12,128] {taskinstance.py:1400} INFO - Marking task as SUCCESS. dag_id=prepare_data, task_id=get_last_id, execution_date=20221128T225300, start_date=20221212T125957, end_date=20221212T130012
[2022-12-12 13:00:12,934] {local_task_job.py:156} INFO - Task exited with return code 0
[2022-12-12 13:00:14,014] {local_task_job.py:273} INFO - 1 downstream tasks scheduled from follow-on schedule check
