[2022-12-03 15:07:13,982] {taskinstance.py:1159} INFO - Dependencies all met for <TaskInstance: prepare_data.transfer_data scheduled__2022-11-28T19:27:00+00:00 [queued]>
[2022-12-03 15:07:15,506] {taskinstance.py:1159} INFO - Dependencies all met for <TaskInstance: prepare_data.transfer_data scheduled__2022-11-28T19:27:00+00:00 [queued]>
[2022-12-03 15:07:15,507] {taskinstance.py:1356} INFO - 
--------------------------------------------------------------------------------
[2022-12-03 15:07:15,507] {taskinstance.py:1357} INFO - Starting attempt 1 of 1
[2022-12-03 15:07:15,507] {taskinstance.py:1358} INFO - 
--------------------------------------------------------------------------------
[2022-12-03 15:07:17,001] {taskinstance.py:1377} INFO - Executing <Task(PythonOperator): transfer_data> on 2022-11-28 19:27:00+00:00
[2022-12-03 15:07:17,342] {standard_task_runner.py:52} INFO - Started process 1109 to run task
[2022-12-03 15:07:17,640] {standard_task_runner.py:79} INFO - Running: ['airflow', 'tasks', 'run', 'prepare_data', 'transfer_data', 'scheduled__2022-11-28T19:27:00+00:00', '--job-id', '336', '--raw', '--subdir', 'DAGS_FOLDER/prepare_data.py', '--cfg-path', '/tmp/tmp1y0fup68', '--error-file', '/tmp/tmpy0d7v8zx']
[2022-12-03 15:07:17,793] {standard_task_runner.py:80} INFO - Job 336: Subtask transfer_data
[2022-12-03 15:07:20,042] {task_command.py:369} INFO - Running <TaskInstance: prepare_data.transfer_data scheduled__2022-11-28T19:27:00+00:00 [running]> on host b41792e8e843
[2022-12-03 15:07:22,675] {taskinstance.py:1571} INFO - Exporting the following env vars:
AIRFLOW_CTX_DAG_OWNER=airflow
AIRFLOW_CTX_DAG_ID=prepare_data
AIRFLOW_CTX_TASK_ID=transfer_data
AIRFLOW_CTX_EXECUTION_DATE=2022-11-28T19:27:00+00:00
AIRFLOW_CTX_TRY_NUMBER=1
AIRFLOW_CTX_DAG_RUN_ID=scheduled__2022-11-28T19:27:00+00:00
[2022-12-03 15:07:23,397] {base.py:68} INFO - Using connection ID 'postgres_default' for task execution.
[2022-12-03 15:07:24,265] {python.py:173} INFO - Done. Returned value was: None
[2022-12-03 15:07:24,639] {taskinstance.py:1400} INFO - Marking task as SUCCESS. dag_id=prepare_data, task_id=transfer_data, execution_date=20221128T192700, start_date=20221203T150713, end_date=20221203T150724
[2022-12-03 15:07:25,098] {local_task_job.py:156} INFO - Task exited with return code 0
[2022-12-03 15:07:25,902] {local_task_job.py:273} INFO - 0 downstream tasks scheduled from follow-on schedule check
