[2022-12-12 13:19:32,889] {taskinstance.py:1159} INFO - Dependencies all met for <TaskInstance: prepare_data.transfer_data scheduled__2022-11-29T00:37:00+00:00 [queued]>
[2022-12-12 13:19:33,164] {taskinstance.py:1159} INFO - Dependencies all met for <TaskInstance: prepare_data.transfer_data scheduled__2022-11-29T00:37:00+00:00 [queued]>
[2022-12-12 13:19:33,164] {taskinstance.py:1356} INFO - 
--------------------------------------------------------------------------------
[2022-12-12 13:19:33,178] {taskinstance.py:1357} INFO - Starting attempt 1 of 1
[2022-12-12 13:19:33,178] {taskinstance.py:1358} INFO - 
--------------------------------------------------------------------------------
[2022-12-12 13:19:33,469] {taskinstance.py:1377} INFO - Executing <Task(PythonOperator): transfer_data> on 2022-11-29 00:37:00+00:00
[2022-12-12 13:19:33,541] {standard_task_runner.py:52} INFO - Started process 2447 to run task
[2022-12-12 13:19:33,602] {standard_task_runner.py:79} INFO - Running: ['airflow', 'tasks', 'run', 'prepare_data', 'transfer_data', 'scheduled__2022-11-29T00:37:00+00:00', '--job-id', '892', '--raw', '--subdir', 'DAGS_FOLDER/prepare_data.py', '--cfg-path', '/tmp/tmp5ns15qa5', '--error-file', '/tmp/tmpuvp1dg0q']
[2022-12-12 13:19:33,608] {standard_task_runner.py:80} INFO - Job 892: Subtask transfer_data
[2022-12-12 13:19:34,897] {task_command.py:369} INFO - Running <TaskInstance: prepare_data.transfer_data scheduled__2022-11-29T00:37:00+00:00 [running]> on host b778137d8ea6
[2022-12-12 13:19:36,833] {taskinstance.py:1571} INFO - Exporting the following env vars:
AIRFLOW_CTX_DAG_OWNER=airflow
AIRFLOW_CTX_DAG_ID=prepare_data
AIRFLOW_CTX_TASK_ID=transfer_data
AIRFLOW_CTX_EXECUTION_DATE=2022-11-29T00:37:00+00:00
AIRFLOW_CTX_TRY_NUMBER=1
AIRFLOW_CTX_DAG_RUN_ID=scheduled__2022-11-29T00:37:00+00:00
[2022-12-12 13:19:36,983] {base.py:68} INFO - Using connection ID 'postgres_default' for task execution.
[2022-12-12 13:19:37,307] {python.py:173} INFO - Done. Returned value was: None
[2022-12-12 13:19:37,479] {taskinstance.py:1400} INFO - Marking task as SUCCESS. dag_id=prepare_data, task_id=transfer_data, execution_date=20221129T003700, start_date=20221212T131932, end_date=20221212T131937
[2022-12-12 13:19:37,816] {local_task_job.py:156} INFO - Task exited with return code 0
[2022-12-12 13:19:38,677] {local_task_job.py:273} INFO - 0 downstream tasks scheduled from follow-on schedule check
