[2022-12-03 14:52:10,503] {taskinstance.py:1159} INFO - Dependencies all met for <TaskInstance: prepare_data.get_last_id scheduled__2022-11-28T18:20:00+00:00 [queued]>
[2022-12-03 14:52:11,888] {taskinstance.py:1159} INFO - Dependencies all met for <TaskInstance: prepare_data.get_last_id scheduled__2022-11-28T18:20:00+00:00 [queued]>
[2022-12-03 14:52:12,012] {taskinstance.py:1356} INFO - 
--------------------------------------------------------------------------------
[2022-12-03 14:52:12,012] {taskinstance.py:1357} INFO - Starting attempt 1 of 1
[2022-12-03 14:52:12,012] {taskinstance.py:1358} INFO - 
--------------------------------------------------------------------------------
[2022-12-03 14:52:13,232] {taskinstance.py:1377} INFO - Executing <Task(PythonOperator): get_last_id> on 2022-11-28 18:20:00+00:00
[2022-12-03 14:52:13,444] {standard_task_runner.py:52} INFO - Started process 577 to run task
[2022-12-03 14:52:13,899] {standard_task_runner.py:79} INFO - Running: ['airflow', 'tasks', 'run', 'prepare_data', 'get_last_id', 'scheduled__2022-11-28T18:20:00+00:00', '--job-id', '130', '--raw', '--subdir', 'DAGS_FOLDER/prepare_data.py', '--cfg-path', '/tmp/tmpyab2cnv3', '--error-file', '/tmp/tmpzhk6sh_l']
[2022-12-03 14:52:14,064] {standard_task_runner.py:80} INFO - Job 130: Subtask get_last_id
[2022-12-03 14:52:21,689] {task_command.py:369} INFO - Running <TaskInstance: prepare_data.get_last_id scheduled__2022-11-28T18:20:00+00:00 [running]> on host b41792e8e843
[2022-12-03 14:52:27,734] {taskinstance.py:1571} INFO - Exporting the following env vars:
AIRFLOW_CTX_DAG_OWNER=airflow
AIRFLOW_CTX_DAG_ID=prepare_data
AIRFLOW_CTX_TASK_ID=get_last_id
AIRFLOW_CTX_EXECUTION_DATE=2022-11-28T18:20:00+00:00
AIRFLOW_CTX_TRY_NUMBER=1
AIRFLOW_CTX_DAG_RUN_ID=scheduled__2022-11-28T18:20:00+00:00
[2022-12-03 14:52:28,924] {base.py:68} INFO - Using connection ID 'postgres_default' for task execution.
[2022-12-03 14:52:31,976] {python.py:173} INFO - Done. Returned value was: None
[2022-12-03 14:52:35,079] {taskinstance.py:1400} INFO - Marking task as SUCCESS. dag_id=prepare_data, task_id=get_last_id, execution_date=20221128T182000, start_date=20221203T145210, end_date=20221203T145235
[2022-12-03 14:52:35,773] {local_task_job.py:156} INFO - Task exited with return code 0
[2022-12-03 14:52:38,058] {local_task_job.py:273} INFO - 1 downstream tasks scheduled from follow-on schedule check
