[2022-12-03 14:46:52,317] {taskinstance.py:1159} INFO - Dependencies all met for <TaskInstance: prepare_data.create_table scheduled__2022-11-28T17:37:00+00:00 [queued]>
[2022-12-03 14:46:52,393] {taskinstance.py:1159} INFO - Dependencies all met for <TaskInstance: prepare_data.create_table scheduled__2022-11-28T17:37:00+00:00 [queued]>
[2022-12-03 14:46:52,394] {taskinstance.py:1356} INFO - 
--------------------------------------------------------------------------------
[2022-12-03 14:46:52,394] {taskinstance.py:1357} INFO - Starting attempt 1 of 1
[2022-12-03 14:46:52,394] {taskinstance.py:1358} INFO - 
--------------------------------------------------------------------------------
[2022-12-03 14:46:52,485] {taskinstance.py:1377} INFO - Executing <Task(PostgresOperator): create_table> on 2022-11-28 17:37:00+00:00
[2022-12-03 14:46:52,507] {standard_task_runner.py:52} INFO - Started process 412 to run task
[2022-12-03 14:46:52,565] {standard_task_runner.py:79} INFO - Running: ['airflow', 'tasks', 'run', 'prepare_data', 'create_table', 'scheduled__2022-11-28T17:37:00+00:00', '--job-id', '65', '--raw', '--subdir', 'DAGS_FOLDER/prepare_data.py', '--cfg-path', '/tmp/tmpuq4md2je', '--error-file', '/tmp/tmpapbyqy2l']
[2022-12-03 14:46:52,574] {standard_task_runner.py:80} INFO - Job 65: Subtask create_table
[2022-12-03 14:46:53,452] {task_command.py:369} INFO - Running <TaskInstance: prepare_data.create_table scheduled__2022-11-28T17:37:00+00:00 [running]> on host b41792e8e843
[2022-12-03 14:46:54,155] {taskinstance.py:1571} INFO - Exporting the following env vars:
AIRFLOW_CTX_DAG_OWNER=airflow
AIRFLOW_CTX_DAG_ID=prepare_data
AIRFLOW_CTX_TASK_ID=create_table
AIRFLOW_CTX_EXECUTION_DATE=2022-11-28T17:37:00+00:00
AIRFLOW_CTX_TRY_NUMBER=1
AIRFLOW_CTX_DAG_RUN_ID=scheduled__2022-11-28T17:37:00+00:00
[2022-12-03 14:46:54,323] {taskinstance.py:1889} ERROR - Task failed with exception
Traceback (most recent call last):
  File "/home/airflow/.local/lib/python3.7/site-packages/airflow/providers/postgres/operators/postgres.py", line 92, in execute
    self.hook.run(self.sql, self.autocommit, parameters=self.parameters)
  File "/home/airflow/.local/lib/python3.7/site-packages/airflow/hooks/dbapi.py", line 181, in run
    with closing(self.get_conn()) as conn:
  File "/home/airflow/.local/lib/python3.7/site-packages/airflow/providers/postgres/hooks/postgres.py", line 86, in get_conn
    conn = deepcopy(self.connection or self.get_connection(conn_id))
  File "/home/airflow/.local/lib/python3.7/site-packages/airflow/hooks/base.py", line 67, in get_connection
    conn = Connection.get_connection_from_secrets(conn_id)
  File "/home/airflow/.local/lib/python3.7/site-packages/airflow/models/connection.py", line 430, in get_connection_from_secrets
    raise AirflowNotFoundException(f"The conn_id `{conn_id}` isn't defined")
airflow.exceptions.AirflowNotFoundException: The conn_id `postgres_default` isn't defined
[2022-12-03 14:46:54,393] {taskinstance.py:1400} INFO - Marking task as FAILED. dag_id=prepare_data, task_id=create_table, execution_date=20221128T173700, start_date=20221203T144652, end_date=20221203T144654
[2022-12-03 14:46:54,779] {standard_task_runner.py:97} ERROR - Failed to execute job 65 for task create_table (The conn_id `postgres_default` isn't defined; 412)
[2022-12-03 14:46:54,874] {local_task_job.py:156} INFO - Task exited with return code 1
[2022-12-03 14:46:55,595] {local_task_job.py:273} INFO - 0 downstream tasks scheduled from follow-on schedule check
[2022-12-12 12:32:25,697] {taskinstance.py:1159} INFO - Dependencies all met for <TaskInstance: prepare_data.create_table scheduled__2022-11-28T17:37:00+00:00 [queued]>
[2022-12-12 12:32:25,814] {taskinstance.py:1159} INFO - Dependencies all met for <TaskInstance: prepare_data.create_table scheduled__2022-11-28T17:37:00+00:00 [queued]>
[2022-12-12 12:32:25,814] {taskinstance.py:1356} INFO - 
--------------------------------------------------------------------------------
[2022-12-12 12:32:25,814] {taskinstance.py:1357} INFO - Starting attempt 1 of 1
[2022-12-12 12:32:25,814] {taskinstance.py:1358} INFO - 
--------------------------------------------------------------------------------
[2022-12-12 12:32:26,017] {taskinstance.py:1377} INFO - Executing <Task(PostgresOperator): create_table> on 2022-11-28 17:37:00+00:00
[2022-12-12 12:32:26,059] {standard_task_runner.py:52} INFO - Started process 403 to run task
[2022-12-12 12:32:26,077] {standard_task_runner.py:79} INFO - Running: ['airflow', 'tasks', 'run', 'prepare_data', 'create_table', 'scheduled__2022-11-28T17:37:00+00:00', '--job-id', '65', '--raw', '--subdir', 'DAGS_FOLDER/prepare_data.py', '--cfg-path', '/tmp/tmpaqcn6ia2', '--error-file', '/tmp/tmp5duh87jn']
[2022-12-12 12:32:26,116] {standard_task_runner.py:80} INFO - Job 65: Subtask create_table
[2022-12-12 12:32:27,516] {task_command.py:369} INFO - Running <TaskInstance: prepare_data.create_table scheduled__2022-11-28T17:37:00+00:00 [running]> on host b778137d8ea6
[2022-12-12 12:32:29,799] {taskinstance.py:1571} INFO - Exporting the following env vars:
AIRFLOW_CTX_DAG_OWNER=airflow
AIRFLOW_CTX_DAG_ID=prepare_data
AIRFLOW_CTX_TASK_ID=create_table
AIRFLOW_CTX_EXECUTION_DATE=2022-11-28T17:37:00+00:00
AIRFLOW_CTX_TRY_NUMBER=1
AIRFLOW_CTX_DAG_RUN_ID=scheduled__2022-11-28T17:37:00+00:00
[2022-12-12 12:32:31,041] {taskinstance.py:1889} ERROR - Task failed with exception
Traceback (most recent call last):
  File "/home/airflow/.local/lib/python3.7/site-packages/airflow/providers/postgres/operators/postgres.py", line 92, in execute
    self.hook.run(self.sql, self.autocommit, parameters=self.parameters)
  File "/home/airflow/.local/lib/python3.7/site-packages/airflow/hooks/dbapi.py", line 181, in run
    with closing(self.get_conn()) as conn:
  File "/home/airflow/.local/lib/python3.7/site-packages/airflow/providers/postgres/hooks/postgres.py", line 86, in get_conn
    conn = deepcopy(self.connection or self.get_connection(conn_id))
  File "/home/airflow/.local/lib/python3.7/site-packages/airflow/hooks/base.py", line 67, in get_connection
    conn = Connection.get_connection_from_secrets(conn_id)
  File "/home/airflow/.local/lib/python3.7/site-packages/airflow/models/connection.py", line 430, in get_connection_from_secrets
    raise AirflowNotFoundException(f"The conn_id `{conn_id}` isn't defined")
airflow.exceptions.AirflowNotFoundException: The conn_id `postgres_default` isn't defined
[2022-12-12 12:32:31,240] {taskinstance.py:1400} INFO - Marking task as FAILED. dag_id=prepare_data, task_id=create_table, execution_date=20221128T173700, start_date=20221212T123225, end_date=20221212T123231
[2022-12-12 12:32:31,511] {standard_task_runner.py:97} ERROR - Failed to execute job 65 for task create_table (The conn_id `postgres_default` isn't defined; 403)
[2022-12-12 12:32:31,723] {local_task_job.py:156} INFO - Task exited with return code 1
[2022-12-12 12:32:32,675] {local_task_job.py:273} INFO - 0 downstream tasks scheduled from follow-on schedule check
