[2022-12-03 15:08:35,853] {taskinstance.py:1159} INFO - Dependencies all met for <TaskInstance: prepare_data.transfer_data scheduled__2022-11-28T19:31:00+00:00 [queued]>
[2022-12-03 15:08:37,098] {taskinstance.py:1159} INFO - Dependencies all met for <TaskInstance: prepare_data.transfer_data scheduled__2022-11-28T19:31:00+00:00 [queued]>
[2022-12-03 15:08:37,099] {taskinstance.py:1356} INFO - 
--------------------------------------------------------------------------------
[2022-12-03 15:08:37,099] {taskinstance.py:1357} INFO - Starting attempt 1 of 1
[2022-12-03 15:08:37,099] {taskinstance.py:1358} INFO - 
--------------------------------------------------------------------------------
[2022-12-03 15:08:37,890] {taskinstance.py:1377} INFO - Executing <Task(PythonOperator): transfer_data> on 2022-11-28 19:31:00+00:00
[2022-12-03 15:08:37,957] {standard_task_runner.py:52} INFO - Started process 1162 to run task
[2022-12-03 15:08:38,172] {standard_task_runner.py:79} INFO - Running: ['airflow', 'tasks', 'run', 'prepare_data', 'transfer_data', 'scheduled__2022-11-28T19:31:00+00:00', '--job-id', '356', '--raw', '--subdir', 'DAGS_FOLDER/prepare_data.py', '--cfg-path', '/tmp/tmpv_6fk2vg', '--error-file', '/tmp/tmph3j41gqw']
[2022-12-03 15:08:38,199] {standard_task_runner.py:80} INFO - Job 356: Subtask transfer_data
[2022-12-03 15:08:40,644] {task_command.py:369} INFO - Running <TaskInstance: prepare_data.transfer_data scheduled__2022-11-28T19:31:00+00:00 [running]> on host b41792e8e843
[2022-12-03 15:08:46,557] {taskinstance.py:1571} INFO - Exporting the following env vars:
AIRFLOW_CTX_DAG_OWNER=airflow
AIRFLOW_CTX_DAG_ID=prepare_data
AIRFLOW_CTX_TASK_ID=transfer_data
AIRFLOW_CTX_EXECUTION_DATE=2022-11-28T19:31:00+00:00
AIRFLOW_CTX_TRY_NUMBER=1
AIRFLOW_CTX_DAG_RUN_ID=scheduled__2022-11-28T19:31:00+00:00
[2022-12-03 15:08:47,392] {base.py:68} INFO - Using connection ID 'postgres_default' for task execution.
[2022-12-03 15:08:48,659] {python.py:173} INFO - Done. Returned value was: None
[2022-12-03 15:08:50,503] {taskinstance.py:1400} INFO - Marking task as SUCCESS. dag_id=prepare_data, task_id=transfer_data, execution_date=20221128T193100, start_date=20221203T150835, end_date=20221203T150850
[2022-12-03 15:08:51,581] {local_task_job.py:221} WARNING - State of this instance has been externally set to success. Terminating instance.
[2022-12-03 15:08:51,636] {process_utils.py:129} INFO - Sending Signals.SIGTERM to group 1162. PIDs of all processes in the group: [1162]
[2022-12-03 15:08:51,636] {process_utils.py:80} INFO - Sending the signal Signals.SIGTERM to group 1162
[2022-12-03 15:08:51,717] {process_utils.py:75} INFO - Process psutil.Process(pid=1162, status='terminated', exitcode=0, started='15:08:37') (1162) terminated with exit code 0
