[2022-12-03 14:51:40,128] {taskinstance.py:1159} INFO - Dependencies all met for <TaskInstance: prepare_data.transfer_data scheduled__2022-11-28T18:16:00+00:00 [queued]>
[2022-12-03 14:51:41,082] {taskinstance.py:1159} INFO - Dependencies all met for <TaskInstance: prepare_data.transfer_data scheduled__2022-11-28T18:16:00+00:00 [queued]>
[2022-12-03 14:51:41,083] {taskinstance.py:1356} INFO - 
--------------------------------------------------------------------------------
[2022-12-03 14:51:41,083] {taskinstance.py:1357} INFO - Starting attempt 1 of 1
[2022-12-03 14:51:41,083] {taskinstance.py:1358} INFO - 
--------------------------------------------------------------------------------
[2022-12-03 14:51:42,815] {taskinstance.py:1377} INFO - Executing <Task(PythonOperator): transfer_data> on 2022-11-28 18:16:00+00:00
[2022-12-03 14:51:43,359] {standard_task_runner.py:52} INFO - Started process 570 to run task
[2022-12-03 14:51:43,860] {standard_task_runner.py:79} INFO - Running: ['airflow', 'tasks', 'run', 'prepare_data', 'transfer_data', 'scheduled__2022-11-28T18:16:00+00:00', '--job-id', '126', '--raw', '--subdir', 'DAGS_FOLDER/prepare_data.py', '--cfg-path', '/tmp/tmpuq7u9712', '--error-file', '/tmp/tmpm8rq11r2']
[2022-12-03 14:51:44,052] {standard_task_runner.py:80} INFO - Job 126: Subtask transfer_data
[2022-12-03 14:51:51,170] {task_command.py:369} INFO - Running <TaskInstance: prepare_data.transfer_data scheduled__2022-11-28T18:16:00+00:00 [running]> on host b41792e8e843
[2022-12-03 14:52:02,708] {taskinstance.py:1571} INFO - Exporting the following env vars:
AIRFLOW_CTX_DAG_OWNER=airflow
AIRFLOW_CTX_DAG_ID=prepare_data
AIRFLOW_CTX_TASK_ID=transfer_data
AIRFLOW_CTX_EXECUTION_DATE=2022-11-28T18:16:00+00:00
AIRFLOW_CTX_TRY_NUMBER=1
AIRFLOW_CTX_DAG_RUN_ID=scheduled__2022-11-28T18:16:00+00:00
[2022-12-03 14:52:04,857] {base.py:68} INFO - Using connection ID 'postgres_default' for task execution.
[2022-12-03 14:52:18,061] {python.py:173} INFO - Done. Returned value was: None
[2022-12-03 14:52:18,992] {taskinstance.py:1400} INFO - Marking task as SUCCESS. dag_id=prepare_data, task_id=transfer_data, execution_date=20221128T181600, start_date=20221203T145140, end_date=20221203T145218
[2022-12-03 14:52:23,102] {local_task_job.py:156} INFO - Task exited with return code 0
[2022-12-03 14:52:27,513] {local_task_job.py:273} INFO - 0 downstream tasks scheduled from follow-on schedule check
