[2022-12-03 14:50:06,188] {taskinstance.py:1159} INFO - Dependencies all met for <TaskInstance: prepare_data.get_last_id scheduled__2022-11-28T18:15:00+00:00 [queued]>
[2022-12-03 14:50:07,392] {taskinstance.py:1159} INFO - Dependencies all met for <TaskInstance: prepare_data.get_last_id scheduled__2022-11-28T18:15:00+00:00 [queued]>
[2022-12-03 14:50:07,427] {taskinstance.py:1356} INFO - 
--------------------------------------------------------------------------------
[2022-12-03 14:50:07,438] {taskinstance.py:1357} INFO - Starting attempt 1 of 1
[2022-12-03 14:50:07,438] {taskinstance.py:1358} INFO - 
--------------------------------------------------------------------------------
[2022-12-03 14:50:09,318] {taskinstance.py:1377} INFO - Executing <Task(PythonOperator): get_last_id> on 2022-11-28 18:15:00+00:00
[2022-12-03 14:50:09,395] {standard_task_runner.py:52} INFO - Started process 532 to run task
[2022-12-03 14:50:09,523] {standard_task_runner.py:79} INFO - Running: ['airflow', 'tasks', 'run', 'prepare_data', 'get_last_id', 'scheduled__2022-11-28T18:15:00+00:00', '--job-id', '111', '--raw', '--subdir', 'DAGS_FOLDER/prepare_data.py', '--cfg-path', '/tmp/tmpjyjgap7q', '--error-file', '/tmp/tmpl133zeca']
[2022-12-03 14:50:09,611] {standard_task_runner.py:80} INFO - Job 111: Subtask get_last_id
[2022-12-03 14:50:15,722] {task_command.py:369} INFO - Running <TaskInstance: prepare_data.get_last_id scheduled__2022-11-28T18:15:00+00:00 [running]> on host b41792e8e843
[2022-12-03 14:50:23,913] {taskinstance.py:1571} INFO - Exporting the following env vars:
AIRFLOW_CTX_DAG_OWNER=airflow
AIRFLOW_CTX_DAG_ID=prepare_data
AIRFLOW_CTX_TASK_ID=get_last_id
AIRFLOW_CTX_EXECUTION_DATE=2022-11-28T18:15:00+00:00
AIRFLOW_CTX_TRY_NUMBER=1
AIRFLOW_CTX_DAG_RUN_ID=scheduled__2022-11-28T18:15:00+00:00
[2022-12-03 14:50:25,297] {base.py:68} INFO - Using connection ID 'postgres_default' for task execution.
[2022-12-03 14:50:26,338] {python.py:173} INFO - Done. Returned value was: None
[2022-12-03 14:50:27,088] {taskinstance.py:1400} INFO - Marking task as SUCCESS. dag_id=prepare_data, task_id=get_last_id, execution_date=20221128T181500, start_date=20221203T145006, end_date=20221203T145027
[2022-12-03 14:50:28,931] {local_task_job.py:156} INFO - Task exited with return code 0
[2022-12-03 14:50:35,511] {local_task_job.py:273} INFO - 1 downstream tasks scheduled from follow-on schedule check
