[2022-12-12 13:25:11,214] {taskinstance.py:1159} INFO - Dependencies all met for <TaskInstance: prepare_data.transfer_data scheduled__2022-11-29T00:53:00+00:00 [queued]>
[2022-12-12 13:25:11,434] {taskinstance.py:1159} INFO - Dependencies all met for <TaskInstance: prepare_data.transfer_data scheduled__2022-11-29T00:53:00+00:00 [queued]>
[2022-12-12 13:25:11,463] {taskinstance.py:1356} INFO - 
--------------------------------------------------------------------------------
[2022-12-12 13:25:11,463] {taskinstance.py:1357} INFO - Starting attempt 1 of 1
[2022-12-12 13:25:11,463] {taskinstance.py:1358} INFO - 
--------------------------------------------------------------------------------
[2022-12-12 13:25:11,749] {taskinstance.py:1377} INFO - Executing <Task(PythonOperator): transfer_data> on 2022-11-29 00:53:00+00:00
[2022-12-12 13:25:11,772] {standard_task_runner.py:52} INFO - Started process 2599 to run task
[2022-12-12 13:25:11,876] {standard_task_runner.py:79} INFO - Running: ['airflow', 'tasks', 'run', 'prepare_data', 'transfer_data', 'scheduled__2022-11-29T00:53:00+00:00', '--job-id', '949', '--raw', '--subdir', 'DAGS_FOLDER/prepare_data.py', '--cfg-path', '/tmp/tmp99r_1pxj', '--error-file', '/tmp/tmpf05hj2fo']
[2022-12-12 13:25:11,878] {standard_task_runner.py:80} INFO - Job 949: Subtask transfer_data
[2022-12-12 13:25:13,304] {task_command.py:369} INFO - Running <TaskInstance: prepare_data.transfer_data scheduled__2022-11-29T00:53:00+00:00 [running]> on host b778137d8ea6
[2022-12-12 13:25:15,715] {taskinstance.py:1571} INFO - Exporting the following env vars:
AIRFLOW_CTX_DAG_OWNER=airflow
AIRFLOW_CTX_DAG_ID=prepare_data
AIRFLOW_CTX_TASK_ID=transfer_data
AIRFLOW_CTX_EXECUTION_DATE=2022-11-29T00:53:00+00:00
AIRFLOW_CTX_TRY_NUMBER=1
AIRFLOW_CTX_DAG_RUN_ID=scheduled__2022-11-29T00:53:00+00:00
[2022-12-12 13:25:15,933] {base.py:68} INFO - Using connection ID 'postgres_default' for task execution.
[2022-12-12 13:25:16,398] {python.py:173} INFO - Done. Returned value was: None
[2022-12-12 13:25:16,604] {taskinstance.py:1400} INFO - Marking task as SUCCESS. dag_id=prepare_data, task_id=transfer_data, execution_date=20221129T005300, start_date=20221212T132511, end_date=20221212T132516
[2022-12-12 13:25:16,775] {local_task_job.py:156} INFO - Task exited with return code 0
[2022-12-12 13:25:17,374] {local_task_job.py:273} INFO - 0 downstream tasks scheduled from follow-on schedule check
