[2022-12-03 15:10:05,513] {taskinstance.py:1159} INFO - Dependencies all met for <TaskInstance: prepare_data.transfer_data scheduled__2022-11-28T19:43:00+00:00 [queued]>
[2022-12-03 15:10:05,985] {taskinstance.py:1159} INFO - Dependencies all met for <TaskInstance: prepare_data.transfer_data scheduled__2022-11-28T19:43:00+00:00 [queued]>
[2022-12-03 15:10:05,992] {taskinstance.py:1356} INFO - 
--------------------------------------------------------------------------------
[2022-12-03 15:10:05,992] {taskinstance.py:1357} INFO - Starting attempt 1 of 1
[2022-12-03 15:10:05,992] {taskinstance.py:1358} INFO - 
--------------------------------------------------------------------------------
[2022-12-03 15:10:06,566] {taskinstance.py:1377} INFO - Executing <Task(PythonOperator): transfer_data> on 2022-11-28 19:43:00+00:00
[2022-12-03 15:10:06,643] {standard_task_runner.py:52} INFO - Started process 1229 to run task
[2022-12-03 15:10:06,884] {standard_task_runner.py:79} INFO - Running: ['airflow', 'tasks', 'run', 'prepare_data', 'transfer_data', 'scheduled__2022-11-28T19:43:00+00:00', '--job-id', '383', '--raw', '--subdir', 'DAGS_FOLDER/prepare_data.py', '--cfg-path', '/tmp/tmpr_dj12q4', '--error-file', '/tmp/tmpsk6qwb9w']
[2022-12-03 15:10:06,977] {standard_task_runner.py:80} INFO - Job 383: Subtask transfer_data
[2022-12-03 15:10:09,783] {task_command.py:369} INFO - Running <TaskInstance: prepare_data.transfer_data scheduled__2022-11-28T19:43:00+00:00 [running]> on host b41792e8e843
[2022-12-03 15:10:13,270] {taskinstance.py:1571} INFO - Exporting the following env vars:
AIRFLOW_CTX_DAG_OWNER=airflow
AIRFLOW_CTX_DAG_ID=prepare_data
AIRFLOW_CTX_TASK_ID=transfer_data
AIRFLOW_CTX_EXECUTION_DATE=2022-11-28T19:43:00+00:00
AIRFLOW_CTX_TRY_NUMBER=1
AIRFLOW_CTX_DAG_RUN_ID=scheduled__2022-11-28T19:43:00+00:00
[2022-12-03 15:10:13,469] {base.py:68} INFO - Using connection ID 'postgres_default' for task execution.
[2022-12-03 15:10:14,525] {python.py:173} INFO - Done. Returned value was: None
[2022-12-03 15:10:14,815] {taskinstance.py:1400} INFO - Marking task as SUCCESS. dag_id=prepare_data, task_id=transfer_data, execution_date=20221128T194300, start_date=20221203T151005, end_date=20221203T151014
[2022-12-03 15:10:15,315] {local_task_job.py:156} INFO - Task exited with return code 0
[2022-12-03 15:10:20,190] {local_task_job.py:273} INFO - 0 downstream tasks scheduled from follow-on schedule check
