[2022-12-03 15:07:44,079] {taskinstance.py:1159} INFO - Dependencies all met for <TaskInstance: prepare_data.create_table scheduled__2022-11-28T19:33:00+00:00 [queued]>
[2022-12-03 15:07:44,558] {taskinstance.py:1159} INFO - Dependencies all met for <TaskInstance: prepare_data.create_table scheduled__2022-11-28T19:33:00+00:00 [queued]>
[2022-12-03 15:07:44,559] {taskinstance.py:1356} INFO - 
--------------------------------------------------------------------------------
[2022-12-03 15:07:44,559] {taskinstance.py:1357} INFO - Starting attempt 1 of 1
[2022-12-03 15:07:44,598] {taskinstance.py:1358} INFO - 
--------------------------------------------------------------------------------
[2022-12-03 15:07:45,605] {taskinstance.py:1377} INFO - Executing <Task(PostgresOperator): create_table> on 2022-11-28 19:33:00+00:00
[2022-12-03 15:07:45,848] {standard_task_runner.py:52} INFO - Started process 1129 to run task
[2022-12-03 15:07:46,275] {standard_task_runner.py:79} INFO - Running: ['airflow', 'tasks', 'run', 'prepare_data', 'create_table', 'scheduled__2022-11-28T19:33:00+00:00', '--job-id', '343', '--raw', '--subdir', 'DAGS_FOLDER/prepare_data.py', '--cfg-path', '/tmp/tmpnchynkdu', '--error-file', '/tmp/tmpqmpwv2ag']
[2022-12-03 15:07:46,409] {standard_task_runner.py:80} INFO - Job 343: Subtask create_table
[2022-12-03 15:07:51,200] {task_command.py:369} INFO - Running <TaskInstance: prepare_data.create_table scheduled__2022-11-28T19:33:00+00:00 [running]> on host b41792e8e843
[2022-12-03 15:07:58,167] {taskinstance.py:1571} INFO - Exporting the following env vars:
AIRFLOW_CTX_DAG_OWNER=airflow
AIRFLOW_CTX_DAG_ID=prepare_data
AIRFLOW_CTX_TASK_ID=create_table
AIRFLOW_CTX_EXECUTION_DATE=2022-11-28T19:33:00+00:00
AIRFLOW_CTX_TRY_NUMBER=1
AIRFLOW_CTX_DAG_RUN_ID=scheduled__2022-11-28T19:33:00+00:00
[2022-12-03 15:07:58,770] {base.py:68} INFO - Using connection ID 'postgres_default' for task execution.
[2022-12-03 15:07:59,004] {dbapi.py:208} INFO - Running statement: CREATE TABLE IF NOT EXISTS prepared_data (
	id SERIAL,
	sensor_id BIGINT,
	longitude FLOAT,
	latitude FLOAT,
	controller_id BIGINT,
	datetime TIMESTAMP WITH TIME ZONE,
	temperature INTEGER
);, parameters: None
[2022-12-03 15:07:59,037] {postgres.py:94} INFO - NOTICE:  relation "prepared_data" already exists, skipping

[2022-12-03 15:08:03,177] {taskinstance.py:1400} INFO - Marking task as SUCCESS. dag_id=prepare_data, task_id=create_table, execution_date=20221128T193300, start_date=20221203T150744, end_date=20221203T150803
[2022-12-03 15:08:03,945] {local_task_job.py:156} INFO - Task exited with return code 0
[2022-12-03 15:08:07,298] {local_task_job.py:273} INFO - 1 downstream tasks scheduled from follow-on schedule check
[2022-12-12 12:36:12,457] {taskinstance.py:1159} INFO - Dependencies all met for <TaskInstance: prepare_data.create_table scheduled__2022-11-28T19:33:00+00:00 [queued]>
[2022-12-12 12:36:12,513] {taskinstance.py:1159} INFO - Dependencies all met for <TaskInstance: prepare_data.create_table scheduled__2022-11-28T19:33:00+00:00 [queued]>
[2022-12-12 12:36:12,513] {taskinstance.py:1356} INFO - 
--------------------------------------------------------------------------------
[2022-12-12 12:36:12,513] {taskinstance.py:1357} INFO - Starting attempt 1 of 1
[2022-12-12 12:36:12,513] {taskinstance.py:1358} INFO - 
--------------------------------------------------------------------------------
[2022-12-12 12:36:12,627] {taskinstance.py:1377} INFO - Executing <Task(PostgresOperator): create_table> on 2022-11-28 19:33:00+00:00
[2022-12-12 12:36:12,668] {standard_task_runner.py:52} INFO - Started process 675 to run task
[2022-12-12 12:36:12,727] {standard_task_runner.py:79} INFO - Running: ['airflow', 'tasks', 'run', 'prepare_data', 'create_table', 'scheduled__2022-11-28T19:33:00+00:00', '--job-id', '181', '--raw', '--subdir', 'DAGS_FOLDER/prepare_data.py', '--cfg-path', '/tmp/tmppsnsc5dg', '--error-file', '/tmp/tmpunjtxbd9']
[2022-12-12 12:36:12,765] {standard_task_runner.py:80} INFO - Job 181: Subtask create_table
[2022-12-12 12:36:13,485] {task_command.py:369} INFO - Running <TaskInstance: prepare_data.create_table scheduled__2022-11-28T19:33:00+00:00 [running]> on host b778137d8ea6
[2022-12-12 12:36:14,036] {taskinstance.py:1571} INFO - Exporting the following env vars:
AIRFLOW_CTX_DAG_OWNER=airflow
AIRFLOW_CTX_DAG_ID=prepare_data
AIRFLOW_CTX_TASK_ID=create_table
AIRFLOW_CTX_EXECUTION_DATE=2022-11-28T19:33:00+00:00
AIRFLOW_CTX_TRY_NUMBER=1
AIRFLOW_CTX_DAG_RUN_ID=scheduled__2022-11-28T19:33:00+00:00
[2022-12-12 12:36:14,176] {taskinstance.py:1889} ERROR - Task failed with exception
Traceback (most recent call last):
  File "/home/airflow/.local/lib/python3.7/site-packages/airflow/providers/postgres/operators/postgres.py", line 92, in execute
    self.hook.run(self.sql, self.autocommit, parameters=self.parameters)
  File "/home/airflow/.local/lib/python3.7/site-packages/airflow/hooks/dbapi.py", line 181, in run
    with closing(self.get_conn()) as conn:
  File "/home/airflow/.local/lib/python3.7/site-packages/airflow/providers/postgres/hooks/postgres.py", line 86, in get_conn
    conn = deepcopy(self.connection or self.get_connection(conn_id))
  File "/home/airflow/.local/lib/python3.7/site-packages/airflow/hooks/base.py", line 67, in get_connection
    conn = Connection.get_connection_from_secrets(conn_id)
  File "/home/airflow/.local/lib/python3.7/site-packages/airflow/models/connection.py", line 430, in get_connection_from_secrets
    raise AirflowNotFoundException(f"The conn_id `{conn_id}` isn't defined")
airflow.exceptions.AirflowNotFoundException: The conn_id `postgres_default` isn't defined
[2022-12-12 12:36:14,188] {taskinstance.py:1400} INFO - Marking task as FAILED. dag_id=prepare_data, task_id=create_table, execution_date=20221128T193300, start_date=20221212T123612, end_date=20221212T123614
[2022-12-12 12:36:14,245] {standard_task_runner.py:97} ERROR - Failed to execute job 181 for task create_table (The conn_id `postgres_default` isn't defined; 675)
[2022-12-12 12:36:14,291] {local_task_job.py:156} INFO - Task exited with return code 1
[2022-12-12 12:36:14,525] {local_task_job.py:273} INFO - 0 downstream tasks scheduled from follow-on schedule check
