[2022-12-12 13:15:12,396] {taskinstance.py:1159} INFO - Dependencies all met for <TaskInstance: prepare_data.transfer_data scheduled__2022-11-29T00:13:00+00:00 [queued]>
[2022-12-12 13:15:13,561] {taskinstance.py:1159} INFO - Dependencies all met for <TaskInstance: prepare_data.transfer_data scheduled__2022-11-29T00:13:00+00:00 [queued]>
[2022-12-12 13:15:13,561] {taskinstance.py:1356} INFO - 
--------------------------------------------------------------------------------
[2022-12-12 13:15:13,561] {taskinstance.py:1357} INFO - Starting attempt 1 of 1
[2022-12-12 13:15:13,561] {taskinstance.py:1358} INFO - 
--------------------------------------------------------------------------------
[2022-12-12 13:15:14,900] {taskinstance.py:1377} INFO - Executing <Task(PythonOperator): transfer_data> on 2022-11-29 00:13:00+00:00
[2022-12-12 13:15:15,148] {standard_task_runner.py:52} INFO - Started process 2239 to run task
[2022-12-12 13:15:15,470] {standard_task_runner.py:79} INFO - Running: ['airflow', 'tasks', 'run', 'prepare_data', 'transfer_data', 'scheduled__2022-11-29T00:13:00+00:00', '--job-id', '806', '--raw', '--subdir', 'DAGS_FOLDER/prepare_data.py', '--cfg-path', '/tmp/tmpfb76disw', '--error-file', '/tmp/tmp49_sz1yx']
[2022-12-12 13:15:15,612] {standard_task_runner.py:80} INFO - Job 806: Subtask transfer_data
[2022-12-12 13:15:18,619] {task_command.py:369} INFO - Running <TaskInstance: prepare_data.transfer_data scheduled__2022-11-29T00:13:00+00:00 [running]> on host b778137d8ea6
[2022-12-12 13:15:24,253] {taskinstance.py:1571} INFO - Exporting the following env vars:
AIRFLOW_CTX_DAG_OWNER=airflow
AIRFLOW_CTX_DAG_ID=prepare_data
AIRFLOW_CTX_TASK_ID=transfer_data
AIRFLOW_CTX_EXECUTION_DATE=2022-11-29T00:13:00+00:00
AIRFLOW_CTX_TRY_NUMBER=1
AIRFLOW_CTX_DAG_RUN_ID=scheduled__2022-11-29T00:13:00+00:00
[2022-12-12 13:15:24,573] {base.py:68} INFO - Using connection ID 'postgres_default' for task execution.
[2022-12-12 13:15:25,257] {python.py:173} INFO - Done. Returned value was: None
[2022-12-12 13:15:27,403] {taskinstance.py:1400} INFO - Marking task as SUCCESS. dag_id=prepare_data, task_id=transfer_data, execution_date=20221129T001300, start_date=20221212T131512, end_date=20221212T131527
[2022-12-12 13:15:28,718] {local_task_job.py:156} INFO - Task exited with return code 0
[2022-12-12 13:15:36,354] {local_task_job.py:273} INFO - 0 downstream tasks scheduled from follow-on schedule check
