[2022-12-03 14:55:36,076] {taskinstance.py:1159} INFO - Dependencies all met for <TaskInstance: prepare_data.get_last_id scheduled__2022-11-28T18:32:00+00:00 [queued]>
[2022-12-03 14:55:37,561] {taskinstance.py:1159} INFO - Dependencies all met for <TaskInstance: prepare_data.get_last_id scheduled__2022-11-28T18:32:00+00:00 [queued]>
[2022-12-03 14:55:37,769] {taskinstance.py:1356} INFO - 
--------------------------------------------------------------------------------
[2022-12-03 14:55:37,770] {taskinstance.py:1357} INFO - Starting attempt 1 of 1
[2022-12-03 14:55:37,770] {taskinstance.py:1358} INFO - 
--------------------------------------------------------------------------------
[2022-12-03 14:55:39,892] {taskinstance.py:1377} INFO - Executing <Task(PythonOperator): get_last_id> on 2022-11-28 18:32:00+00:00
[2022-12-03 14:55:40,284] {standard_task_runner.py:52} INFO - Started process 674 to run task
[2022-12-03 14:55:40,925] {standard_task_runner.py:79} INFO - Running: ['airflow', 'tasks', 'run', 'prepare_data', 'get_last_id', 'scheduled__2022-11-28T18:32:00+00:00', '--job-id', '163', '--raw', '--subdir', 'DAGS_FOLDER/prepare_data.py', '--cfg-path', '/tmp/tmpfd9f33do', '--error-file', '/tmp/tmpqgq1mn21']
[2022-12-03 14:55:41,134] {standard_task_runner.py:80} INFO - Job 163: Subtask get_last_id
[2022-12-03 14:55:47,414] {task_command.py:369} INFO - Running <TaskInstance: prepare_data.get_last_id scheduled__2022-11-28T18:32:00+00:00 [running]> on host b41792e8e843
[2022-12-03 14:55:57,968] {taskinstance.py:1571} INFO - Exporting the following env vars:
AIRFLOW_CTX_DAG_OWNER=airflow
AIRFLOW_CTX_DAG_ID=prepare_data
AIRFLOW_CTX_TASK_ID=get_last_id
AIRFLOW_CTX_EXECUTION_DATE=2022-11-28T18:32:00+00:00
AIRFLOW_CTX_TRY_NUMBER=1
AIRFLOW_CTX_DAG_RUN_ID=scheduled__2022-11-28T18:32:00+00:00
[2022-12-03 14:55:58,937] {base.py:68} INFO - Using connection ID 'postgres_default' for task execution.
[2022-12-03 14:56:00,708] {python.py:173} INFO - Done. Returned value was: None
[2022-12-03 14:56:03,105] {taskinstance.py:1400} INFO - Marking task as SUCCESS. dag_id=prepare_data, task_id=get_last_id, execution_date=20221128T183200, start_date=20221203T145536, end_date=20221203T145603
[2022-12-03 14:56:04,718] {local_task_job.py:156} INFO - Task exited with return code 0
[2022-12-03 14:56:07,336] {local_task_job.py:273} INFO - 1 downstream tasks scheduled from follow-on schedule check
