[2022-12-12 13:05:14,919] {taskinstance.py:1159} INFO - Dependencies all met for <TaskInstance: prepare_data.transfer_data scheduled__2022-11-28T23:25:00+00:00 [queued]>
[2022-12-12 13:05:15,374] {taskinstance.py:1159} INFO - Dependencies all met for <TaskInstance: prepare_data.transfer_data scheduled__2022-11-28T23:25:00+00:00 [queued]>
[2022-12-12 13:05:15,380] {taskinstance.py:1356} INFO - 
--------------------------------------------------------------------------------
[2022-12-12 13:05:15,380] {taskinstance.py:1357} INFO - Starting attempt 1 of 1
[2022-12-12 13:05:15,380] {taskinstance.py:1358} INFO - 
--------------------------------------------------------------------------------
[2022-12-12 13:05:15,582] {taskinstance.py:1377} INFO - Executing <Task(PythonOperator): transfer_data> on 2022-11-28 23:25:00+00:00
[2022-12-12 13:05:15,658] {standard_task_runner.py:52} INFO - Started process 1790 to run task
[2022-12-12 13:05:15,793] {standard_task_runner.py:79} INFO - Running: ['airflow', 'tasks', 'run', 'prepare_data', 'transfer_data', 'scheduled__2022-11-28T23:25:00+00:00', '--job-id', '623', '--raw', '--subdir', 'DAGS_FOLDER/prepare_data.py', '--cfg-path', '/tmp/tmpyrkucr6m', '--error-file', '/tmp/tmp2ky1zub5']
[2022-12-12 13:05:15,812] {standard_task_runner.py:80} INFO - Job 623: Subtask transfer_data
[2022-12-12 13:05:16,795] {task_command.py:369} INFO - Running <TaskInstance: prepare_data.transfer_data scheduled__2022-11-28T23:25:00+00:00 [running]> on host b778137d8ea6
[2022-12-12 13:05:18,074] {taskinstance.py:1571} INFO - Exporting the following env vars:
AIRFLOW_CTX_DAG_OWNER=airflow
AIRFLOW_CTX_DAG_ID=prepare_data
AIRFLOW_CTX_TASK_ID=transfer_data
AIRFLOW_CTX_EXECUTION_DATE=2022-11-28T23:25:00+00:00
AIRFLOW_CTX_TRY_NUMBER=1
AIRFLOW_CTX_DAG_RUN_ID=scheduled__2022-11-28T23:25:00+00:00
[2022-12-12 13:05:18,223] {base.py:68} INFO - Using connection ID 'postgres_default' for task execution.
[2022-12-12 13:05:18,528] {python.py:173} INFO - Done. Returned value was: None
[2022-12-12 13:05:18,721] {taskinstance.py:1400} INFO - Marking task as SUCCESS. dag_id=prepare_data, task_id=transfer_data, execution_date=20221128T232500, start_date=20221212T130514, end_date=20221212T130518
[2022-12-12 13:05:18,927] {local_task_job.py:156} INFO - Task exited with return code 0
[2022-12-12 13:05:19,358] {local_task_job.py:273} INFO - 0 downstream tasks scheduled from follow-on schedule check
