[2022-12-12 13:04:56,844] {taskinstance.py:1159} INFO - Dependencies all met for <TaskInstance: prepare_data.transfer_data scheduled__2022-11-28T23:21:00+00:00 [queued]>
[2022-12-12 13:04:57,601] {taskinstance.py:1159} INFO - Dependencies all met for <TaskInstance: prepare_data.transfer_data scheduled__2022-11-28T23:21:00+00:00 [queued]>
[2022-12-12 13:04:57,601] {taskinstance.py:1356} INFO - 
--------------------------------------------------------------------------------
[2022-12-12 13:04:57,602] {taskinstance.py:1357} INFO - Starting attempt 1 of 1
[2022-12-12 13:04:57,602] {taskinstance.py:1358} INFO - 
--------------------------------------------------------------------------------
[2022-12-12 13:04:58,619] {taskinstance.py:1377} INFO - Executing <Task(PythonOperator): transfer_data> on 2022-11-28 23:21:00+00:00
[2022-12-12 13:04:58,856] {standard_task_runner.py:52} INFO - Started process 1780 to run task
[2022-12-12 13:04:59,251] {standard_task_runner.py:79} INFO - Running: ['airflow', 'tasks', 'run', 'prepare_data', 'transfer_data', 'scheduled__2022-11-28T23:21:00+00:00', '--job-id', '617', '--raw', '--subdir', 'DAGS_FOLDER/prepare_data.py', '--cfg-path', '/tmp/tmplegkd_zs', '--error-file', '/tmp/tmphhg33jgq']
[2022-12-12 13:04:59,252] {standard_task_runner.py:80} INFO - Job 617: Subtask transfer_data
[2022-12-12 13:05:02,087] {task_command.py:369} INFO - Running <TaskInstance: prepare_data.transfer_data scheduled__2022-11-28T23:21:00+00:00 [running]> on host b778137d8ea6
[2022-12-12 13:05:06,511] {taskinstance.py:1571} INFO - Exporting the following env vars:
AIRFLOW_CTX_DAG_OWNER=airflow
AIRFLOW_CTX_DAG_ID=prepare_data
AIRFLOW_CTX_TASK_ID=transfer_data
AIRFLOW_CTX_EXECUTION_DATE=2022-11-28T23:21:00+00:00
AIRFLOW_CTX_TRY_NUMBER=1
AIRFLOW_CTX_DAG_RUN_ID=scheduled__2022-11-28T23:21:00+00:00
[2022-12-12 13:05:06,793] {base.py:68} INFO - Using connection ID 'postgres_default' for task execution.
[2022-12-12 13:05:07,627] {python.py:173} INFO - Done. Returned value was: None
[2022-12-12 13:05:08,112] {taskinstance.py:1400} INFO - Marking task as SUCCESS. dag_id=prepare_data, task_id=transfer_data, execution_date=20221128T232100, start_date=20221212T130456, end_date=20221212T130508
[2022-12-12 13:05:08,519] {local_task_job.py:156} INFO - Task exited with return code 0
[2022-12-12 13:05:09,782] {local_task_job.py:273} INFO - 0 downstream tasks scheduled from follow-on schedule check
