[2022-12-03 14:58:19,729] {taskinstance.py:1159} INFO - Dependencies all met for <TaskInstance: prepare_data.create_table scheduled__2022-11-28T18:47:00+00:00 [queued]>
[2022-12-03 14:58:19,944] {taskinstance.py:1159} INFO - Dependencies all met for <TaskInstance: prepare_data.create_table scheduled__2022-11-28T18:47:00+00:00 [queued]>
[2022-12-03 14:58:19,944] {taskinstance.py:1356} INFO - 
--------------------------------------------------------------------------------
[2022-12-03 14:58:19,945] {taskinstance.py:1357} INFO - Starting attempt 1 of 1
[2022-12-03 14:58:19,945] {taskinstance.py:1358} INFO - 
--------------------------------------------------------------------------------
[2022-12-03 14:58:20,661] {taskinstance.py:1377} INFO - Executing <Task(PostgresOperator): create_table> on 2022-11-28 18:47:00+00:00
[2022-12-03 14:58:20,766] {standard_task_runner.py:52} INFO - Started process 772 to run task
[2022-12-03 14:58:20,867] {standard_task_runner.py:79} INFO - Running: ['airflow', 'tasks', 'run', 'prepare_data', 'create_table', 'scheduled__2022-11-28T18:47:00+00:00', '--job-id', '201', '--raw', '--subdir', 'DAGS_FOLDER/prepare_data.py', '--cfg-path', '/tmp/tmpt5011luk', '--error-file', '/tmp/tmpwgrbjbzj']
[2022-12-03 14:58:20,959] {standard_task_runner.py:80} INFO - Job 201: Subtask create_table
[2022-12-03 14:58:23,412] {task_command.py:369} INFO - Running <TaskInstance: prepare_data.create_table scheduled__2022-11-28T18:47:00+00:00 [running]> on host b41792e8e843
[2022-12-03 14:58:26,182] {taskinstance.py:1571} INFO - Exporting the following env vars:
AIRFLOW_CTX_DAG_OWNER=airflow
AIRFLOW_CTX_DAG_ID=prepare_data
AIRFLOW_CTX_TASK_ID=create_table
AIRFLOW_CTX_EXECUTION_DATE=2022-11-28T18:47:00+00:00
AIRFLOW_CTX_TRY_NUMBER=1
AIRFLOW_CTX_DAG_RUN_ID=scheduled__2022-11-28T18:47:00+00:00
[2022-12-03 14:58:26,561] {base.py:68} INFO - Using connection ID 'postgres_default' for task execution.
[2022-12-03 14:58:26,702] {dbapi.py:208} INFO - Running statement: CREATE TABLE IF NOT EXISTS prepared_data (
	id SERIAL,
	sensor_id BIGINT,
	longitude FLOAT,
	latitude FLOAT,
	controller_id BIGINT,
	datetime TIMESTAMP WITH TIME ZONE,
	temperature INTEGER
);, parameters: None
[2022-12-03 14:58:26,726] {postgres.py:94} INFO - NOTICE:  relation "prepared_data" already exists, skipping

[2022-12-03 14:58:27,530] {taskinstance.py:1400} INFO - Marking task as SUCCESS. dag_id=prepare_data, task_id=create_table, execution_date=20221128T184700, start_date=20221203T145819, end_date=20221203T145827
[2022-12-03 14:58:27,929] {local_task_job.py:156} INFO - Task exited with return code 0
[2022-12-03 14:58:29,236] {local_task_job.py:273} INFO - 1 downstream tasks scheduled from follow-on schedule check
[2022-12-12 12:34:31,163] {taskinstance.py:1159} INFO - Dependencies all met for <TaskInstance: prepare_data.create_table scheduled__2022-11-28T18:47:00+00:00 [queued]>
[2022-12-12 12:34:31,328] {taskinstance.py:1159} INFO - Dependencies all met for <TaskInstance: prepare_data.create_table scheduled__2022-11-28T18:47:00+00:00 [queued]>
[2022-12-12 12:34:31,332] {taskinstance.py:1356} INFO - 
--------------------------------------------------------------------------------
[2022-12-12 12:34:31,332] {taskinstance.py:1357} INFO - Starting attempt 1 of 1
[2022-12-12 12:34:31,333] {taskinstance.py:1358} INFO - 
--------------------------------------------------------------------------------
[2022-12-12 12:34:31,480] {taskinstance.py:1377} INFO - Executing <Task(PostgresOperator): create_table> on 2022-11-28 18:47:00+00:00
[2022-12-12 12:34:31,497] {standard_task_runner.py:52} INFO - Started process 562 to run task
[2022-12-12 12:34:31,524] {standard_task_runner.py:79} INFO - Running: ['airflow', 'tasks', 'run', 'prepare_data', 'create_table', 'scheduled__2022-11-28T18:47:00+00:00', '--job-id', '135', '--raw', '--subdir', 'DAGS_FOLDER/prepare_data.py', '--cfg-path', '/tmp/tmpd1f9cy21', '--error-file', '/tmp/tmpycvkkvgp']
[2022-12-12 12:34:31,530] {standard_task_runner.py:80} INFO - Job 135: Subtask create_table
[2022-12-12 12:34:31,910] {task_command.py:369} INFO - Running <TaskInstance: prepare_data.create_table scheduled__2022-11-28T18:47:00+00:00 [running]> on host b778137d8ea6
[2022-12-12 12:34:32,426] {taskinstance.py:1571} INFO - Exporting the following env vars:
AIRFLOW_CTX_DAG_OWNER=airflow
AIRFLOW_CTX_DAG_ID=prepare_data
AIRFLOW_CTX_TASK_ID=create_table
AIRFLOW_CTX_EXECUTION_DATE=2022-11-28T18:47:00+00:00
AIRFLOW_CTX_TRY_NUMBER=1
AIRFLOW_CTX_DAG_RUN_ID=scheduled__2022-11-28T18:47:00+00:00
[2022-12-12 12:34:32,549] {taskinstance.py:1889} ERROR - Task failed with exception
Traceback (most recent call last):
  File "/home/airflow/.local/lib/python3.7/site-packages/airflow/providers/postgres/operators/postgres.py", line 92, in execute
    self.hook.run(self.sql, self.autocommit, parameters=self.parameters)
  File "/home/airflow/.local/lib/python3.7/site-packages/airflow/hooks/dbapi.py", line 181, in run
    with closing(self.get_conn()) as conn:
  File "/home/airflow/.local/lib/python3.7/site-packages/airflow/providers/postgres/hooks/postgres.py", line 86, in get_conn
    conn = deepcopy(self.connection or self.get_connection(conn_id))
  File "/home/airflow/.local/lib/python3.7/site-packages/airflow/hooks/base.py", line 67, in get_connection
    conn = Connection.get_connection_from_secrets(conn_id)
  File "/home/airflow/.local/lib/python3.7/site-packages/airflow/models/connection.py", line 430, in get_connection_from_secrets
    raise AirflowNotFoundException(f"The conn_id `{conn_id}` isn't defined")
airflow.exceptions.AirflowNotFoundException: The conn_id `postgres_default` isn't defined
[2022-12-12 12:34:32,578] {taskinstance.py:1400} INFO - Marking task as FAILED. dag_id=prepare_data, task_id=create_table, execution_date=20221128T184700, start_date=20221212T123431, end_date=20221212T123432
[2022-12-12 12:34:32,628] {standard_task_runner.py:97} ERROR - Failed to execute job 135 for task create_table (The conn_id `postgres_default` isn't defined; 562)
[2022-12-12 12:34:32,663] {local_task_job.py:156} INFO - Task exited with return code 1
[2022-12-12 12:34:32,922] {local_task_job.py:273} INFO - 0 downstream tasks scheduled from follow-on schedule check
