[2022-12-03 14:58:10,829] {taskinstance.py:1159} INFO - Dependencies all met for <TaskInstance: prepare_data.create_table scheduled__2022-11-28T18:43:00+00:00 [queued]>
[2022-12-03 14:58:10,982] {taskinstance.py:1159} INFO - Dependencies all met for <TaskInstance: prepare_data.create_table scheduled__2022-11-28T18:43:00+00:00 [queued]>
[2022-12-03 14:58:10,983] {taskinstance.py:1356} INFO - 
--------------------------------------------------------------------------------
[2022-12-03 14:58:10,983] {taskinstance.py:1357} INFO - Starting attempt 1 of 1
[2022-12-03 14:58:10,983] {taskinstance.py:1358} INFO - 
--------------------------------------------------------------------------------
[2022-12-03 14:58:11,385] {taskinstance.py:1377} INFO - Executing <Task(PostgresOperator): create_table> on 2022-11-28 18:43:00+00:00
[2022-12-03 14:58:11,403] {standard_task_runner.py:52} INFO - Started process 756 to run task
[2022-12-03 14:58:11,476] {standard_task_runner.py:79} INFO - Running: ['airflow', 'tasks', 'run', 'prepare_data', 'create_table', 'scheduled__2022-11-28T18:43:00+00:00', '--job-id', '196', '--raw', '--subdir', 'DAGS_FOLDER/prepare_data.py', '--cfg-path', '/tmp/tmp9on0c8w8', '--error-file', '/tmp/tmpgsabwfa6']
[2022-12-03 14:58:11,507] {standard_task_runner.py:80} INFO - Job 196: Subtask create_table
[2022-12-03 14:58:12,811] {task_command.py:369} INFO - Running <TaskInstance: prepare_data.create_table scheduled__2022-11-28T18:43:00+00:00 [running]> on host b41792e8e843
[2022-12-03 14:58:14,808] {taskinstance.py:1571} INFO - Exporting the following env vars:
AIRFLOW_CTX_DAG_OWNER=airflow
AIRFLOW_CTX_DAG_ID=prepare_data
AIRFLOW_CTX_TASK_ID=create_table
AIRFLOW_CTX_EXECUTION_DATE=2022-11-28T18:43:00+00:00
AIRFLOW_CTX_TRY_NUMBER=1
AIRFLOW_CTX_DAG_RUN_ID=scheduled__2022-11-28T18:43:00+00:00
[2022-12-03 14:58:15,188] {base.py:68} INFO - Using connection ID 'postgres_default' for task execution.
[2022-12-03 14:58:15,298] {dbapi.py:208} INFO - Running statement: CREATE TABLE IF NOT EXISTS prepared_data (
	id SERIAL,
	sensor_id BIGINT,
	longitude FLOAT,
	latitude FLOAT,
	controller_id BIGINT,
	datetime TIMESTAMP WITH TIME ZONE,
	temperature INTEGER
);, parameters: None
[2022-12-03 14:58:15,309] {postgres.py:94} INFO - NOTICE:  relation "prepared_data" already exists, skipping

[2022-12-03 14:58:16,957] {taskinstance.py:1400} INFO - Marking task as SUCCESS. dag_id=prepare_data, task_id=create_table, execution_date=20221128T184300, start_date=20221203T145810, end_date=20221203T145816
[2022-12-03 14:58:17,295] {local_task_job.py:221} WARNING - State of this instance has been externally set to success. Terminating instance.
[2022-12-03 14:58:17,343] {process_utils.py:129} INFO - Sending Signals.SIGTERM to group 756. PIDs of all processes in the group: [756]
[2022-12-03 14:58:17,344] {process_utils.py:80} INFO - Sending the signal Signals.SIGTERM to group 756
[2022-12-03 14:58:17,344] {process_utils.py:75} INFO - Process psutil.Process(pid=756, status='terminated', exitcode=0, started='14:58:10') (756) terminated with exit code 0
[2022-12-12 12:34:27,514] {taskinstance.py:1159} INFO - Dependencies all met for <TaskInstance: prepare_data.create_table scheduled__2022-11-28T18:43:00+00:00 [queued]>
[2022-12-12 12:34:27,665] {taskinstance.py:1159} INFO - Dependencies all met for <TaskInstance: prepare_data.create_table scheduled__2022-11-28T18:43:00+00:00 [queued]>
[2022-12-12 12:34:27,665] {taskinstance.py:1356} INFO - 
--------------------------------------------------------------------------------
[2022-12-12 12:34:27,665] {taskinstance.py:1357} INFO - Starting attempt 1 of 1
[2022-12-12 12:34:27,665] {taskinstance.py:1358} INFO - 
--------------------------------------------------------------------------------
[2022-12-12 12:34:27,851] {taskinstance.py:1377} INFO - Executing <Task(PostgresOperator): create_table> on 2022-11-28 18:43:00+00:00
[2022-12-12 12:34:27,910] {standard_task_runner.py:52} INFO - Started process 555 to run task
[2022-12-12 12:34:28,053] {standard_task_runner.py:79} INFO - Running: ['airflow', 'tasks', 'run', 'prepare_data', 'create_table', 'scheduled__2022-11-28T18:43:00+00:00', '--job-id', '131', '--raw', '--subdir', 'DAGS_FOLDER/prepare_data.py', '--cfg-path', '/tmp/tmp4uuvuz2n', '--error-file', '/tmp/tmppd5l98sf']
[2022-12-12 12:34:28,054] {standard_task_runner.py:80} INFO - Job 131: Subtask create_table
[2022-12-12 12:34:28,754] {task_command.py:369} INFO - Running <TaskInstance: prepare_data.create_table scheduled__2022-11-28T18:43:00+00:00 [running]> on host b778137d8ea6
[2022-12-12 12:34:29,548] {taskinstance.py:1571} INFO - Exporting the following env vars:
AIRFLOW_CTX_DAG_OWNER=airflow
AIRFLOW_CTX_DAG_ID=prepare_data
AIRFLOW_CTX_TASK_ID=create_table
AIRFLOW_CTX_EXECUTION_DATE=2022-11-28T18:43:00+00:00
AIRFLOW_CTX_TRY_NUMBER=1
AIRFLOW_CTX_DAG_RUN_ID=scheduled__2022-11-28T18:43:00+00:00
[2022-12-12 12:34:29,644] {taskinstance.py:1889} ERROR - Task failed with exception
Traceback (most recent call last):
  File "/home/airflow/.local/lib/python3.7/site-packages/airflow/providers/postgres/operators/postgres.py", line 92, in execute
    self.hook.run(self.sql, self.autocommit, parameters=self.parameters)
  File "/home/airflow/.local/lib/python3.7/site-packages/airflow/hooks/dbapi.py", line 181, in run
    with closing(self.get_conn()) as conn:
  File "/home/airflow/.local/lib/python3.7/site-packages/airflow/providers/postgres/hooks/postgres.py", line 86, in get_conn
    conn = deepcopy(self.connection or self.get_connection(conn_id))
  File "/home/airflow/.local/lib/python3.7/site-packages/airflow/hooks/base.py", line 67, in get_connection
    conn = Connection.get_connection_from_secrets(conn_id)
  File "/home/airflow/.local/lib/python3.7/site-packages/airflow/models/connection.py", line 430, in get_connection_from_secrets
    raise AirflowNotFoundException(f"The conn_id `{conn_id}` isn't defined")
airflow.exceptions.AirflowNotFoundException: The conn_id `postgres_default` isn't defined
[2022-12-12 12:34:29,669] {taskinstance.py:1400} INFO - Marking task as FAILED. dag_id=prepare_data, task_id=create_table, execution_date=20221128T184300, start_date=20221212T123427, end_date=20221212T123429
[2022-12-12 12:34:29,791] {standard_task_runner.py:97} ERROR - Failed to execute job 131 for task create_table (The conn_id `postgres_default` isn't defined; 555)
[2022-12-12 12:34:29,823] {local_task_job.py:156} INFO - Task exited with return code 1
[2022-12-12 12:34:30,279] {local_task_job.py:273} INFO - 0 downstream tasks scheduled from follow-on schedule check
