[2022-12-03 14:55:36,245] {taskinstance.py:1159} INFO - Dependencies all met for <TaskInstance: prepare_data.transfer_data scheduled__2022-11-28T18:27:00+00:00 [queued]>
[2022-12-03 14:55:38,059] {taskinstance.py:1159} INFO - Dependencies all met for <TaskInstance: prepare_data.transfer_data scheduled__2022-11-28T18:27:00+00:00 [queued]>
[2022-12-03 14:55:38,059] {taskinstance.py:1356} INFO - 
--------------------------------------------------------------------------------
[2022-12-03 14:55:38,059] {taskinstance.py:1357} INFO - Starting attempt 1 of 1
[2022-12-03 14:55:38,059] {taskinstance.py:1358} INFO - 
--------------------------------------------------------------------------------
[2022-12-03 14:55:40,040] {taskinstance.py:1377} INFO - Executing <Task(PythonOperator): transfer_data> on 2022-11-28 18:27:00+00:00
[2022-12-03 14:55:40,485] {standard_task_runner.py:52} INFO - Started process 673 to run task
[2022-12-03 14:55:41,022] {standard_task_runner.py:79} INFO - Running: ['airflow', 'tasks', 'run', 'prepare_data', 'transfer_data', 'scheduled__2022-11-28T18:27:00+00:00', '--job-id', '162', '--raw', '--subdir', 'DAGS_FOLDER/prepare_data.py', '--cfg-path', '/tmp/tmpwsxjfeas', '--error-file', '/tmp/tmprjjt3q8o']
[2022-12-03 14:55:41,025] {standard_task_runner.py:80} INFO - Job 162: Subtask transfer_data
[2022-12-03 14:55:46,843] {task_command.py:369} INFO - Running <TaskInstance: prepare_data.transfer_data scheduled__2022-11-28T18:27:00+00:00 [running]> on host b41792e8e843
[2022-12-03 14:55:57,594] {taskinstance.py:1571} INFO - Exporting the following env vars:
AIRFLOW_CTX_DAG_OWNER=airflow
AIRFLOW_CTX_DAG_ID=prepare_data
AIRFLOW_CTX_TASK_ID=transfer_data
AIRFLOW_CTX_EXECUTION_DATE=2022-11-28T18:27:00+00:00
AIRFLOW_CTX_TRY_NUMBER=1
AIRFLOW_CTX_DAG_RUN_ID=scheduled__2022-11-28T18:27:00+00:00
[2022-12-03 14:55:58,727] {base.py:68} INFO - Using connection ID 'postgres_default' for task execution.
[2022-12-03 14:56:00,386] {python.py:173} INFO - Done. Returned value was: None
[2022-12-03 14:56:02,900] {taskinstance.py:1400} INFO - Marking task as SUCCESS. dag_id=prepare_data, task_id=transfer_data, execution_date=20221128T182700, start_date=20221203T145536, end_date=20221203T145602
[2022-12-03 14:56:04,313] {local_task_job.py:156} INFO - Task exited with return code 0
[2022-12-03 14:56:06,467] {local_task_job.py:273} INFO - 0 downstream tasks scheduled from follow-on schedule check
