[2022-12-12 13:08:54,737] {taskinstance.py:1159} INFO - Dependencies all met for <TaskInstance: prepare_data.transfer_data scheduled__2022-11-28T23:44:00+00:00 [queued]>
[2022-12-12 13:08:55,251] {taskinstance.py:1159} INFO - Dependencies all met for <TaskInstance: prepare_data.transfer_data scheduled__2022-11-28T23:44:00+00:00 [queued]>
[2022-12-12 13:08:55,251] {taskinstance.py:1356} INFO - 
--------------------------------------------------------------------------------
[2022-12-12 13:08:55,251] {taskinstance.py:1357} INFO - Starting attempt 1 of 1
[2022-12-12 13:08:55,251] {taskinstance.py:1358} INFO - 
--------------------------------------------------------------------------------
[2022-12-12 13:08:56,227] {taskinstance.py:1377} INFO - Executing <Task(PythonOperator): transfer_data> on 2022-11-28 23:44:00+00:00
[2022-12-12 13:08:56,510] {standard_task_runner.py:52} INFO - Started process 1963 to run task
[2022-12-12 13:08:56,743] {standard_task_runner.py:79} INFO - Running: ['airflow', 'tasks', 'run', 'prepare_data', 'transfer_data', 'scheduled__2022-11-28T23:44:00+00:00', '--job-id', '694', '--raw', '--subdir', 'DAGS_FOLDER/prepare_data.py', '--cfg-path', '/tmp/tmpwmt9nvm0', '--error-file', '/tmp/tmpgo_hf46j']
[2022-12-12 13:08:56,744] {standard_task_runner.py:80} INFO - Job 694: Subtask transfer_data
[2022-12-12 13:09:00,604] {task_command.py:369} INFO - Running <TaskInstance: prepare_data.transfer_data scheduled__2022-11-28T23:44:00+00:00 [running]> on host b778137d8ea6
[2022-12-12 13:09:05,820] {taskinstance.py:1571} INFO - Exporting the following env vars:
AIRFLOW_CTX_DAG_OWNER=airflow
AIRFLOW_CTX_DAG_ID=prepare_data
AIRFLOW_CTX_TASK_ID=transfer_data
AIRFLOW_CTX_EXECUTION_DATE=2022-11-28T23:44:00+00:00
AIRFLOW_CTX_TRY_NUMBER=1
AIRFLOW_CTX_DAG_RUN_ID=scheduled__2022-11-28T23:44:00+00:00
[2022-12-12 13:09:06,283] {base.py:68} INFO - Using connection ID 'postgres_default' for task execution.
[2022-12-12 13:09:08,164] {python.py:173} INFO - Done. Returned value was: None
[2022-12-12 13:09:09,144] {taskinstance.py:1400} INFO - Marking task as SUCCESS. dag_id=prepare_data, task_id=transfer_data, execution_date=20221128T234400, start_date=20221212T130854, end_date=20221212T130909
[2022-12-12 13:09:10,505] {local_task_job.py:221} WARNING - State of this instance has been externally set to success. Terminating instance.
[2022-12-12 13:09:10,903] {process_utils.py:129} INFO - Sending Signals.SIGTERM to group 1963. PIDs of all processes in the group: [1963]
[2022-12-12 13:09:10,903] {process_utils.py:80} INFO - Sending the signal Signals.SIGTERM to group 1963
[2022-12-12 13:09:10,904] {process_utils.py:75} INFO - Process psutil.Process(pid=1963, status='terminated', exitcode=0, started='13:08:56') (1963) terminated with exit code 0
