[2022-12-12 12:53:03,995] {taskinstance.py:1159} INFO - Dependencies all met for <TaskInstance: prepare_data.get_last_id scheduled__2022-12-12T12:51:00+00:00 [queued]>
[2022-12-12 12:53:04,738] {taskinstance.py:1159} INFO - Dependencies all met for <TaskInstance: prepare_data.get_last_id scheduled__2022-12-12T12:51:00+00:00 [queued]>
[2022-12-12 12:53:04,738] {taskinstance.py:1356} INFO - 
--------------------------------------------------------------------------------
[2022-12-12 12:53:04,738] {taskinstance.py:1357} INFO - Starting attempt 1 of 1
[2022-12-12 12:53:04,738] {taskinstance.py:1358} INFO - 
--------------------------------------------------------------------------------
[2022-12-12 12:53:06,035] {taskinstance.py:1377} INFO - Executing <Task(PythonOperator): get_last_id> on 2022-12-12 12:51:00+00:00
[2022-12-12 12:53:06,199] {standard_task_runner.py:52} INFO - Started process 1318 to run task
[2022-12-12 12:53:06,757] {standard_task_runner.py:79} INFO - Running: ['airflow', 'tasks', 'run', 'prepare_data', 'get_last_id', 'scheduled__2022-12-12T12:51:00+00:00', '--job-id', '434', '--raw', '--subdir', 'DAGS_FOLDER/prepare_data.py', '--cfg-path', '/tmp/tmpwukgdv1j', '--error-file', '/tmp/tmp7r2r3w5_']
[2022-12-12 12:53:06,869] {standard_task_runner.py:80} INFO - Job 434: Subtask get_last_id
[2022-12-12 12:53:10,455] {task_command.py:369} INFO - Running <TaskInstance: prepare_data.get_last_id scheduled__2022-12-12T12:51:00+00:00 [running]> on host b778137d8ea6
[2022-12-12 12:53:17,061] {taskinstance.py:1571} INFO - Exporting the following env vars:
AIRFLOW_CTX_DAG_OWNER=airflow
AIRFLOW_CTX_DAG_ID=prepare_data
AIRFLOW_CTX_TASK_ID=get_last_id
AIRFLOW_CTX_EXECUTION_DATE=2022-12-12T12:51:00+00:00
AIRFLOW_CTX_TRY_NUMBER=1
AIRFLOW_CTX_DAG_RUN_ID=scheduled__2022-12-12T12:51:00+00:00
[2022-12-12 12:53:17,972] {base.py:68} INFO - Using connection ID 'postgres_default' for task execution.
[2022-12-12 12:53:19,439] {python.py:173} INFO - Done. Returned value was: None
[2022-12-12 12:53:22,008] {taskinstance.py:1400} INFO - Marking task as SUCCESS. dag_id=prepare_data, task_id=get_last_id, execution_date=20221212T125100, start_date=20221212T125304, end_date=20221212T125322
[2022-12-12 12:53:23,399] {local_task_job.py:156} INFO - Task exited with return code 0
[2022-12-12 12:53:25,213] {local_task_job.py:273} INFO - 1 downstream tasks scheduled from follow-on schedule check
