[2022-12-12 12:50:53,435] {taskinstance.py:1159} INFO - Dependencies all met for <TaskInstance: prepare_data.get_last_id scheduled__2022-11-28T22:28:00+00:00 [queued]>
[2022-12-12 12:50:53,991] {taskinstance.py:1159} INFO - Dependencies all met for <TaskInstance: prepare_data.get_last_id scheduled__2022-11-28T22:28:00+00:00 [queued]>
[2022-12-12 12:50:53,991] {taskinstance.py:1356} INFO - 
--------------------------------------------------------------------------------
[2022-12-12 12:50:53,991] {taskinstance.py:1357} INFO - Starting attempt 1 of 1
[2022-12-12 12:50:53,991] {taskinstance.py:1358} INFO - 
--------------------------------------------------------------------------------
[2022-12-12 12:50:54,644] {taskinstance.py:1377} INFO - Executing <Task(PythonOperator): get_last_id> on 2022-11-28 22:28:00+00:00
[2022-12-12 12:50:54,710] {standard_task_runner.py:52} INFO - Started process 1243 to run task
[2022-12-12 12:50:54,928] {standard_task_runner.py:79} INFO - Running: ['airflow', 'tasks', 'run', 'prepare_data', 'get_last_id', 'scheduled__2022-11-28T22:28:00+00:00', '--job-id', '406', '--raw', '--subdir', 'DAGS_FOLDER/prepare_data.py', '--cfg-path', '/tmp/tmpbei2h1gl', '--error-file', '/tmp/tmpav_6q1bn']
[2022-12-12 12:50:54,929] {standard_task_runner.py:80} INFO - Job 406: Subtask get_last_id
[2022-12-12 12:50:56,627] {task_command.py:369} INFO - Running <TaskInstance: prepare_data.get_last_id scheduled__2022-11-28T22:28:00+00:00 [running]> on host b778137d8ea6
[2022-12-12 12:50:59,271] {taskinstance.py:1571} INFO - Exporting the following env vars:
AIRFLOW_CTX_DAG_OWNER=airflow
AIRFLOW_CTX_DAG_ID=prepare_data
AIRFLOW_CTX_TASK_ID=get_last_id
AIRFLOW_CTX_EXECUTION_DATE=2022-11-28T22:28:00+00:00
AIRFLOW_CTX_TRY_NUMBER=1
AIRFLOW_CTX_DAG_RUN_ID=scheduled__2022-11-28T22:28:00+00:00
[2022-12-12 12:50:59,595] {base.py:68} INFO - Using connection ID 'postgres_default' for task execution.
[2022-12-12 12:51:00,140] {python.py:173} INFO - Done. Returned value was: None
[2022-12-12 12:51:00,660] {taskinstance.py:1400} INFO - Marking task as SUCCESS. dag_id=prepare_data, task_id=get_last_id, execution_date=20221128T222800, start_date=20221212T125053, end_date=20221212T125100
[2022-12-12 12:51:01,139] {local_task_job.py:221} WARNING - State of this instance has been externally set to success. Terminating instance.
[2022-12-12 12:51:01,227] {process_utils.py:129} INFO - Sending Signals.SIGTERM to group 1243. PIDs of all processes in the group: [1243]
[2022-12-12 12:51:01,227] {process_utils.py:80} INFO - Sending the signal Signals.SIGTERM to group 1243
[2022-12-12 12:51:01,269] {process_utils.py:75} INFO - Process psutil.Process(pid=1243, status='terminated', exitcode=0, started='12:50:54') (1243) terminated with exit code 0
