[2022-12-03 14:46:07,052] {taskinstance.py:1159} INFO - Dependencies all met for <TaskInstance: prepare_data.create_table scheduled__2022-11-28T17:20:00+00:00 [queued]>
[2022-12-03 14:46:07,393] {taskinstance.py:1159} INFO - Dependencies all met for <TaskInstance: prepare_data.create_table scheduled__2022-11-28T17:20:00+00:00 [queued]>
[2022-12-03 14:46:07,394] {taskinstance.py:1356} INFO - 
--------------------------------------------------------------------------------
[2022-12-03 14:46:07,394] {taskinstance.py:1357} INFO - Starting attempt 1 of 1
[2022-12-03 14:46:07,394] {taskinstance.py:1358} INFO - 
--------------------------------------------------------------------------------
[2022-12-03 14:46:07,726] {taskinstance.py:1377} INFO - Executing <Task(PostgresOperator): create_table> on 2022-11-28 17:20:00+00:00
[2022-12-03 14:46:07,821] {standard_task_runner.py:52} INFO - Started process 369 to run task
[2022-12-03 14:46:07,921] {standard_task_runner.py:79} INFO - Running: ['airflow', 'tasks', 'run', 'prepare_data', 'create_table', 'scheduled__2022-11-28T17:20:00+00:00', '--job-id', '48', '--raw', '--subdir', 'DAGS_FOLDER/prepare_data.py', '--cfg-path', '/tmp/tmp6zbgf0x0', '--error-file', '/tmp/tmp72jv5_w0']
[2022-12-03 14:46:07,943] {standard_task_runner.py:80} INFO - Job 48: Subtask create_table
[2022-12-03 14:46:09,086] {task_command.py:369} INFO - Running <TaskInstance: prepare_data.create_table scheduled__2022-11-28T17:20:00+00:00 [running]> on host b41792e8e843
[2022-12-03 14:46:11,071] {taskinstance.py:1571} INFO - Exporting the following env vars:
AIRFLOW_CTX_DAG_OWNER=airflow
AIRFLOW_CTX_DAG_ID=prepare_data
AIRFLOW_CTX_TASK_ID=create_table
AIRFLOW_CTX_EXECUTION_DATE=2022-11-28T17:20:00+00:00
AIRFLOW_CTX_TRY_NUMBER=1
AIRFLOW_CTX_DAG_RUN_ID=scheduled__2022-11-28T17:20:00+00:00
[2022-12-03 14:46:12,188] {taskinstance.py:1889} ERROR - Task failed with exception
Traceback (most recent call last):
  File "/home/airflow/.local/lib/python3.7/site-packages/airflow/providers/postgres/operators/postgres.py", line 92, in execute
    self.hook.run(self.sql, self.autocommit, parameters=self.parameters)
  File "/home/airflow/.local/lib/python3.7/site-packages/airflow/hooks/dbapi.py", line 181, in run
    with closing(self.get_conn()) as conn:
  File "/home/airflow/.local/lib/python3.7/site-packages/airflow/providers/postgres/hooks/postgres.py", line 86, in get_conn
    conn = deepcopy(self.connection or self.get_connection(conn_id))
  File "/home/airflow/.local/lib/python3.7/site-packages/airflow/hooks/base.py", line 67, in get_connection
    conn = Connection.get_connection_from_secrets(conn_id)
  File "/home/airflow/.local/lib/python3.7/site-packages/airflow/models/connection.py", line 430, in get_connection_from_secrets
    raise AirflowNotFoundException(f"The conn_id `{conn_id}` isn't defined")
airflow.exceptions.AirflowNotFoundException: The conn_id `postgres_default` isn't defined
[2022-12-03 14:46:12,284] {taskinstance.py:1400} INFO - Marking task as FAILED. dag_id=prepare_data, task_id=create_table, execution_date=20221128T172000, start_date=20221203T144607, end_date=20221203T144612
[2022-12-03 14:46:12,665] {standard_task_runner.py:97} ERROR - Failed to execute job 48 for task create_table (The conn_id `postgres_default` isn't defined; 369)
[2022-12-03 14:46:12,841] {local_task_job.py:156} INFO - Task exited with return code 1
[2022-12-03 14:46:13,805] {local_task_job.py:273} INFO - 0 downstream tasks scheduled from follow-on schedule check
[2022-12-12 12:31:33,344] {taskinstance.py:1159} INFO - Dependencies all met for <TaskInstance: prepare_data.create_table scheduled__2022-11-28T17:20:00+00:00 [queued]>
[2022-12-12 12:31:33,430] {taskinstance.py:1159} INFO - Dependencies all met for <TaskInstance: prepare_data.create_table scheduled__2022-11-28T17:20:00+00:00 [queued]>
[2022-12-12 12:31:33,430] {taskinstance.py:1356} INFO - 
--------------------------------------------------------------------------------
[2022-12-12 12:31:33,430] {taskinstance.py:1357} INFO - Starting attempt 1 of 1
[2022-12-12 12:31:33,430] {taskinstance.py:1358} INFO - 
--------------------------------------------------------------------------------
[2022-12-12 12:31:33,935] {taskinstance.py:1377} INFO - Executing <Task(PostgresOperator): create_table> on 2022-11-28 17:20:00+00:00
[2022-12-12 12:31:33,989] {standard_task_runner.py:52} INFO - Started process 362 to run task
[2022-12-12 12:31:34,074] {standard_task_runner.py:79} INFO - Running: ['airflow', 'tasks', 'run', 'prepare_data', 'create_table', 'scheduled__2022-11-28T17:20:00+00:00', '--job-id', '48', '--raw', '--subdir', 'DAGS_FOLDER/prepare_data.py', '--cfg-path', '/tmp/tmp9ixoed89', '--error-file', '/tmp/tmpqdxh037r']
[2022-12-12 12:31:34,188] {standard_task_runner.py:80} INFO - Job 48: Subtask create_table
[2022-12-12 12:31:34,907] {task_command.py:369} INFO - Running <TaskInstance: prepare_data.create_table scheduled__2022-11-28T17:20:00+00:00 [running]> on host b778137d8ea6
[2022-12-12 12:31:35,654] {taskinstance.py:1571} INFO - Exporting the following env vars:
AIRFLOW_CTX_DAG_OWNER=airflow
AIRFLOW_CTX_DAG_ID=prepare_data
AIRFLOW_CTX_TASK_ID=create_table
AIRFLOW_CTX_EXECUTION_DATE=2022-11-28T17:20:00+00:00
AIRFLOW_CTX_TRY_NUMBER=1
AIRFLOW_CTX_DAG_RUN_ID=scheduled__2022-11-28T17:20:00+00:00
[2022-12-12 12:31:35,753] {taskinstance.py:1889} ERROR - Task failed with exception
Traceback (most recent call last):
  File "/home/airflow/.local/lib/python3.7/site-packages/airflow/providers/postgres/operators/postgres.py", line 92, in execute
    self.hook.run(self.sql, self.autocommit, parameters=self.parameters)
  File "/home/airflow/.local/lib/python3.7/site-packages/airflow/hooks/dbapi.py", line 181, in run
    with closing(self.get_conn()) as conn:
  File "/home/airflow/.local/lib/python3.7/site-packages/airflow/providers/postgres/hooks/postgres.py", line 86, in get_conn
    conn = deepcopy(self.connection or self.get_connection(conn_id))
  File "/home/airflow/.local/lib/python3.7/site-packages/airflow/hooks/base.py", line 67, in get_connection
    conn = Connection.get_connection_from_secrets(conn_id)
  File "/home/airflow/.local/lib/python3.7/site-packages/airflow/models/connection.py", line 430, in get_connection_from_secrets
    raise AirflowNotFoundException(f"The conn_id `{conn_id}` isn't defined")
airflow.exceptions.AirflowNotFoundException: The conn_id `postgres_default` isn't defined
[2022-12-12 12:31:35,764] {taskinstance.py:1400} INFO - Marking task as FAILED. dag_id=prepare_data, task_id=create_table, execution_date=20221128T172000, start_date=20221212T123133, end_date=20221212T123135
[2022-12-12 12:31:35,814] {standard_task_runner.py:97} ERROR - Failed to execute job 48 for task create_table (The conn_id `postgres_default` isn't defined; 362)
[2022-12-12 12:31:35,851] {local_task_job.py:156} INFO - Task exited with return code 1
[2022-12-12 12:31:36,020] {local_task_job.py:273} INFO - 0 downstream tasks scheduled from follow-on schedule check
[2022-12-12 15:18:39,394] {taskinstance.py:1159} INFO - Dependencies all met for <TaskInstance: prepare_data.create_table scheduled__2022-11-28T17:20:00+00:00 [queued]>
[2022-12-12 15:18:40,077] {taskinstance.py:1159} INFO - Dependencies all met for <TaskInstance: prepare_data.create_table scheduled__2022-11-28T17:20:00+00:00 [queued]>
[2022-12-12 15:18:40,092] {taskinstance.py:1356} INFO - 
--------------------------------------------------------------------------------
[2022-12-12 15:18:40,093] {taskinstance.py:1357} INFO - Starting attempt 1 of 1
[2022-12-12 15:18:40,093] {taskinstance.py:1358} INFO - 
--------------------------------------------------------------------------------
[2022-12-12 15:18:40,554] {taskinstance.py:1377} INFO - Executing <Task(PostgresOperator): create_table> on 2022-11-28 17:20:00+00:00
[2022-12-12 15:18:40,629] {standard_task_runner.py:52} INFO - Started process 415 to run task
[2022-12-12 15:18:40,782] {standard_task_runner.py:79} INFO - Running: ['airflow', 'tasks', 'run', 'prepare_data', 'create_table', 'scheduled__2022-11-28T17:20:00+00:00', '--job-id', '48', '--raw', '--subdir', 'DAGS_FOLDER/prepare_data.py', '--cfg-path', '/tmp/tmpj8ky6se8', '--error-file', '/tmp/tmp9x41ejj8']
[2022-12-12 15:18:40,825] {standard_task_runner.py:80} INFO - Job 48: Subtask create_table
[2022-12-12 15:18:43,309] {task_command.py:369} INFO - Running <TaskInstance: prepare_data.create_table scheduled__2022-11-28T17:20:00+00:00 [running]> on host d4eb34144d92
[2022-12-12 15:18:46,309] {taskinstance.py:1571} INFO - Exporting the following env vars:
AIRFLOW_CTX_DAG_OWNER=airflow
AIRFLOW_CTX_DAG_ID=prepare_data
AIRFLOW_CTX_TASK_ID=create_table
AIRFLOW_CTX_EXECUTION_DATE=2022-11-28T17:20:00+00:00
AIRFLOW_CTX_TRY_NUMBER=1
AIRFLOW_CTX_DAG_RUN_ID=scheduled__2022-11-28T17:20:00+00:00
[2022-12-12 15:18:49,398] {taskinstance.py:1889} ERROR - Task failed with exception
Traceback (most recent call last):
  File "/home/airflow/.local/lib/python3.7/site-packages/airflow/providers/postgres/operators/postgres.py", line 92, in execute
    self.hook.run(self.sql, self.autocommit, parameters=self.parameters)
  File "/home/airflow/.local/lib/python3.7/site-packages/airflow/hooks/dbapi.py", line 181, in run
    with closing(self.get_conn()) as conn:
  File "/home/airflow/.local/lib/python3.7/site-packages/airflow/providers/postgres/hooks/postgres.py", line 86, in get_conn
    conn = deepcopy(self.connection or self.get_connection(conn_id))
  File "/home/airflow/.local/lib/python3.7/site-packages/airflow/hooks/base.py", line 67, in get_connection
    conn = Connection.get_connection_from_secrets(conn_id)
  File "/home/airflow/.local/lib/python3.7/site-packages/airflow/models/connection.py", line 430, in get_connection_from_secrets
    raise AirflowNotFoundException(f"The conn_id `{conn_id}` isn't defined")
airflow.exceptions.AirflowNotFoundException: The conn_id `postgres_default` isn't defined
[2022-12-12 15:18:49,664] {taskinstance.py:1400} INFO - Marking task as FAILED. dag_id=prepare_data, task_id=create_table, execution_date=20221128T172000, start_date=20221212T151839, end_date=20221212T151849
[2022-12-12 15:18:50,233] {standard_task_runner.py:97} ERROR - Failed to execute job 48 for task create_table (The conn_id `postgres_default` isn't defined; 415)
[2022-12-12 15:18:50,441] {local_task_job.py:156} INFO - Task exited with return code 1
[2022-12-12 15:18:52,134] {local_task_job.py:273} INFO - 0 downstream tasks scheduled from follow-on schedule check
