[2022-12-12 13:21:00,291] {taskinstance.py:1159} INFO - Dependencies all met for <TaskInstance: prepare_data.get_last_id scheduled__2022-11-29T00:45:00+00:00 [queued]>
[2022-12-12 13:21:01,529] {taskinstance.py:1159} INFO - Dependencies all met for <TaskInstance: prepare_data.get_last_id scheduled__2022-11-29T00:45:00+00:00 [queued]>
[2022-12-12 13:21:01,529] {taskinstance.py:1356} INFO - 
--------------------------------------------------------------------------------
[2022-12-12 13:21:01,530] {taskinstance.py:1357} INFO - Starting attempt 1 of 1
[2022-12-12 13:21:01,530] {taskinstance.py:1358} INFO - 
--------------------------------------------------------------------------------
[2022-12-12 13:21:03,699] {taskinstance.py:1377} INFO - Executing <Task(PythonOperator): get_last_id> on 2022-11-29 00:45:00+00:00
[2022-12-12 13:21:03,942] {standard_task_runner.py:52} INFO - Started process 2494 to run task
[2022-12-12 13:21:04,801] {standard_task_runner.py:79} INFO - Running: ['airflow', 'tasks', 'run', 'prepare_data', 'get_last_id', 'scheduled__2022-11-29T00:45:00+00:00', '--job-id', '908', '--raw', '--subdir', 'DAGS_FOLDER/prepare_data.py', '--cfg-path', '/tmp/tmp5t3mjboi', '--error-file', '/tmp/tmphrottgf4']
[2022-12-12 13:21:04,804] {standard_task_runner.py:80} INFO - Job 908: Subtask get_last_id
[2022-12-12 13:21:12,591] {task_command.py:369} INFO - Running <TaskInstance: prepare_data.get_last_id scheduled__2022-11-29T00:45:00+00:00 [running]> on host b778137d8ea6
[2022-12-12 13:21:21,573] {taskinstance.py:1571} INFO - Exporting the following env vars:
AIRFLOW_CTX_DAG_OWNER=airflow
AIRFLOW_CTX_DAG_ID=prepare_data
AIRFLOW_CTX_TASK_ID=get_last_id
AIRFLOW_CTX_EXECUTION_DATE=2022-11-29T00:45:00+00:00
AIRFLOW_CTX_TRY_NUMBER=1
AIRFLOW_CTX_DAG_RUN_ID=scheduled__2022-11-29T00:45:00+00:00
[2022-12-12 13:21:23,389] {base.py:68} INFO - Using connection ID 'postgres_default' for task execution.
[2022-12-12 13:21:25,702] {python.py:173} INFO - Done. Returned value was: None
[2022-12-12 13:21:26,925] {taskinstance.py:1400} INFO - Marking task as SUCCESS. dag_id=prepare_data, task_id=get_last_id, execution_date=20221129T004500, start_date=20221212T132100, end_date=20221212T132126
[2022-12-12 13:21:28,880] {local_task_job.py:156} INFO - Task exited with return code 0
[2022-12-12 13:21:43,184] {local_task_job.py:273} INFO - 0 downstream tasks scheduled from follow-on schedule check
