[2022-12-03 14:44:36,831] {taskinstance.py:1159} INFO - Dependencies all met for <TaskInstance: prepare_data.create_table scheduled__2022-11-28T16:56:00+00:00 [queued]>
[2022-12-03 14:44:37,239] {taskinstance.py:1159} INFO - Dependencies all met for <TaskInstance: prepare_data.create_table scheduled__2022-11-28T16:56:00+00:00 [queued]>
[2022-12-03 14:44:37,240] {taskinstance.py:1356} INFO - 
--------------------------------------------------------------------------------
[2022-12-03 14:44:37,240] {taskinstance.py:1357} INFO - Starting attempt 1 of 1
[2022-12-03 14:44:37,240] {taskinstance.py:1358} INFO - 
--------------------------------------------------------------------------------
[2022-12-03 14:44:37,766] {taskinstance.py:1377} INFO - Executing <Task(PostgresOperator): create_table> on 2022-11-28 16:56:00+00:00
[2022-12-03 14:44:37,850] {standard_task_runner.py:52} INFO - Started process 309 to run task
[2022-12-03 14:44:37,987] {standard_task_runner.py:79} INFO - Running: ['airflow', 'tasks', 'run', 'prepare_data', 'create_table', 'scheduled__2022-11-28T16:56:00+00:00', '--job-id', '24', '--raw', '--subdir', 'DAGS_FOLDER/prepare_data.py', '--cfg-path', '/tmp/tmpq29xvbu2', '--error-file', '/tmp/tmpnry7yu9t']
[2022-12-03 14:44:38,027] {standard_task_runner.py:80} INFO - Job 24: Subtask create_table
[2022-12-03 14:44:40,166] {task_command.py:369} INFO - Running <TaskInstance: prepare_data.create_table scheduled__2022-11-28T16:56:00+00:00 [running]> on host b41792e8e843
[2022-12-03 14:44:41,974] {taskinstance.py:1571} INFO - Exporting the following env vars:
AIRFLOW_CTX_DAG_OWNER=airflow
AIRFLOW_CTX_DAG_ID=prepare_data
AIRFLOW_CTX_TASK_ID=create_table
AIRFLOW_CTX_EXECUTION_DATE=2022-11-28T16:56:00+00:00
AIRFLOW_CTX_TRY_NUMBER=1
AIRFLOW_CTX_DAG_RUN_ID=scheduled__2022-11-28T16:56:00+00:00
[2022-12-03 14:44:43,516] {taskinstance.py:1889} ERROR - Task failed with exception
Traceback (most recent call last):
  File "/home/airflow/.local/lib/python3.7/site-packages/airflow/providers/postgres/operators/postgres.py", line 92, in execute
    self.hook.run(self.sql, self.autocommit, parameters=self.parameters)
  File "/home/airflow/.local/lib/python3.7/site-packages/airflow/hooks/dbapi.py", line 181, in run
    with closing(self.get_conn()) as conn:
  File "/home/airflow/.local/lib/python3.7/site-packages/airflow/providers/postgres/hooks/postgres.py", line 86, in get_conn
    conn = deepcopy(self.connection or self.get_connection(conn_id))
  File "/home/airflow/.local/lib/python3.7/site-packages/airflow/hooks/base.py", line 67, in get_connection
    conn = Connection.get_connection_from_secrets(conn_id)
  File "/home/airflow/.local/lib/python3.7/site-packages/airflow/models/connection.py", line 430, in get_connection_from_secrets
    raise AirflowNotFoundException(f"The conn_id `{conn_id}` isn't defined")
airflow.exceptions.AirflowNotFoundException: The conn_id `postgres_default` isn't defined
[2022-12-03 14:44:43,587] {taskinstance.py:1400} INFO - Marking task as FAILED. dag_id=prepare_data, task_id=create_table, execution_date=20221128T165600, start_date=20221203T144436, end_date=20221203T144443
[2022-12-03 14:44:43,774] {standard_task_runner.py:97} ERROR - Failed to execute job 24 for task create_table (The conn_id `postgres_default` isn't defined; 309)
[2022-12-03 14:44:43,860] {local_task_job.py:156} INFO - Task exited with return code 1
[2022-12-03 14:44:44,834] {local_task_job.py:273} INFO - 0 downstream tasks scheduled from follow-on schedule check
[2022-12-12 12:30:09,401] {taskinstance.py:1159} INFO - Dependencies all met for <TaskInstance: prepare_data.create_table scheduled__2022-11-28T16:56:00+00:00 [queued]>
[2022-12-12 12:30:09,967] {taskinstance.py:1159} INFO - Dependencies all met for <TaskInstance: prepare_data.create_table scheduled__2022-11-28T16:56:00+00:00 [queued]>
[2022-12-12 12:30:09,967] {taskinstance.py:1356} INFO - 
--------------------------------------------------------------------------------
[2022-12-12 12:30:09,967] {taskinstance.py:1357} INFO - Starting attempt 1 of 1
[2022-12-12 12:30:09,967] {taskinstance.py:1358} INFO - 
--------------------------------------------------------------------------------
[2022-12-12 12:30:11,096] {taskinstance.py:1377} INFO - Executing <Task(PostgresOperator): create_table> on 2022-11-28 16:56:00+00:00
[2022-12-12 12:30:11,168] {standard_task_runner.py:52} INFO - Started process 299 to run task
[2022-12-12 12:30:11,340] {standard_task_runner.py:79} INFO - Running: ['airflow', 'tasks', 'run', 'prepare_data', 'create_table', 'scheduled__2022-11-28T16:56:00+00:00', '--job-id', '24', '--raw', '--subdir', 'DAGS_FOLDER/prepare_data.py', '--cfg-path', '/tmp/tmp4iv7q14v', '--error-file', '/tmp/tmpvsch9au5']
[2022-12-12 12:30:11,367] {standard_task_runner.py:80} INFO - Job 24: Subtask create_table
[2022-12-12 12:30:14,768] {task_command.py:369} INFO - Running <TaskInstance: prepare_data.create_table scheduled__2022-11-28T16:56:00+00:00 [running]> on host b778137d8ea6
[2022-12-12 12:30:18,432] {taskinstance.py:1571} INFO - Exporting the following env vars:
AIRFLOW_CTX_DAG_OWNER=airflow
AIRFLOW_CTX_DAG_ID=prepare_data
AIRFLOW_CTX_TASK_ID=create_table
AIRFLOW_CTX_EXECUTION_DATE=2022-11-28T16:56:00+00:00
AIRFLOW_CTX_TRY_NUMBER=1
AIRFLOW_CTX_DAG_RUN_ID=scheduled__2022-11-28T16:56:00+00:00
[2022-12-12 12:30:18,812] {taskinstance.py:1889} ERROR - Task failed with exception
Traceback (most recent call last):
  File "/home/airflow/.local/lib/python3.7/site-packages/airflow/providers/postgres/operators/postgres.py", line 92, in execute
    self.hook.run(self.sql, self.autocommit, parameters=self.parameters)
  File "/home/airflow/.local/lib/python3.7/site-packages/airflow/hooks/dbapi.py", line 181, in run
    with closing(self.get_conn()) as conn:
  File "/home/airflow/.local/lib/python3.7/site-packages/airflow/providers/postgres/hooks/postgres.py", line 86, in get_conn
    conn = deepcopy(self.connection or self.get_connection(conn_id))
  File "/home/airflow/.local/lib/python3.7/site-packages/airflow/hooks/base.py", line 67, in get_connection
    conn = Connection.get_connection_from_secrets(conn_id)
  File "/home/airflow/.local/lib/python3.7/site-packages/airflow/models/connection.py", line 430, in get_connection_from_secrets
    raise AirflowNotFoundException(f"The conn_id `{conn_id}` isn't defined")
airflow.exceptions.AirflowNotFoundException: The conn_id `postgres_default` isn't defined
[2022-12-12 12:30:18,868] {taskinstance.py:1400} INFO - Marking task as FAILED. dag_id=prepare_data, task_id=create_table, execution_date=20221128T165600, start_date=20221212T123009, end_date=20221212T123018
[2022-12-12 12:30:19,221] {standard_task_runner.py:97} ERROR - Failed to execute job 24 for task create_table (The conn_id `postgres_default` isn't defined; 299)
[2022-12-12 12:30:19,463] {local_task_job.py:156} INFO - Task exited with return code 1
[2022-12-12 12:30:20,155] {local_task_job.py:273} INFO - 0 downstream tasks scheduled from follow-on schedule check
[2022-12-12 15:14:11,218] {taskinstance.py:1159} INFO - Dependencies all met for <TaskInstance: prepare_data.create_table scheduled__2022-11-28T16:56:00+00:00 [queued]>
[2022-12-12 15:14:11,912] {taskinstance.py:1159} INFO - Dependencies all met for <TaskInstance: prepare_data.create_table scheduled__2022-11-28T16:56:00+00:00 [queued]>
[2022-12-12 15:14:11,915] {taskinstance.py:1356} INFO - 
--------------------------------------------------------------------------------
[2022-12-12 15:14:11,915] {taskinstance.py:1357} INFO - Starting attempt 1 of 1
[2022-12-12 15:14:11,915] {taskinstance.py:1358} INFO - 
--------------------------------------------------------------------------------
[2022-12-12 15:14:12,562] {taskinstance.py:1377} INFO - Executing <Task(PostgresOperator): create_table> on 2022-11-28 16:56:00+00:00
[2022-12-12 15:14:12,680] {standard_task_runner.py:52} INFO - Started process 334 to run task
[2022-12-12 15:14:12,957] {standard_task_runner.py:79} INFO - Running: ['airflow', 'tasks', 'run', 'prepare_data', 'create_table', 'scheduled__2022-11-28T16:56:00+00:00', '--job-id', '24', '--raw', '--subdir', 'DAGS_FOLDER/prepare_data.py', '--cfg-path', '/tmp/tmpfiuf0w4k', '--error-file', '/tmp/tmpwv7ku7c7']
[2022-12-12 15:14:13,188] {standard_task_runner.py:80} INFO - Job 24: Subtask create_table
[2022-12-12 15:14:18,868] {task_command.py:369} INFO - Running <TaskInstance: prepare_data.create_table scheduled__2022-11-28T16:56:00+00:00 [running]> on host d4eb34144d92
[2022-12-12 15:14:23,850] {taskinstance.py:1571} INFO - Exporting the following env vars:
AIRFLOW_CTX_DAG_OWNER=airflow
AIRFLOW_CTX_DAG_ID=prepare_data
AIRFLOW_CTX_TASK_ID=create_table
AIRFLOW_CTX_EXECUTION_DATE=2022-11-28T16:56:00+00:00
AIRFLOW_CTX_TRY_NUMBER=1
AIRFLOW_CTX_DAG_RUN_ID=scheduled__2022-11-28T16:56:00+00:00
[2022-12-12 15:14:24,465] {taskinstance.py:1889} ERROR - Task failed with exception
Traceback (most recent call last):
  File "/home/airflow/.local/lib/python3.7/site-packages/airflow/providers/postgres/operators/postgres.py", line 92, in execute
    self.hook.run(self.sql, self.autocommit, parameters=self.parameters)
  File "/home/airflow/.local/lib/python3.7/site-packages/airflow/hooks/dbapi.py", line 181, in run
    with closing(self.get_conn()) as conn:
  File "/home/airflow/.local/lib/python3.7/site-packages/airflow/providers/postgres/hooks/postgres.py", line 86, in get_conn
    conn = deepcopy(self.connection or self.get_connection(conn_id))
  File "/home/airflow/.local/lib/python3.7/site-packages/airflow/hooks/base.py", line 67, in get_connection
    conn = Connection.get_connection_from_secrets(conn_id)
  File "/home/airflow/.local/lib/python3.7/site-packages/airflow/models/connection.py", line 430, in get_connection_from_secrets
    raise AirflowNotFoundException(f"The conn_id `{conn_id}` isn't defined")
airflow.exceptions.AirflowNotFoundException: The conn_id `postgres_default` isn't defined
[2022-12-12 15:14:24,531] {taskinstance.py:1400} INFO - Marking task as FAILED. dag_id=prepare_data, task_id=create_table, execution_date=20221128T165600, start_date=20221212T151411, end_date=20221212T151424
[2022-12-12 15:14:24,844] {standard_task_runner.py:97} ERROR - Failed to execute job 24 for task create_table (The conn_id `postgres_default` isn't defined; 334)
[2022-12-12 15:14:24,946] {local_task_job.py:156} INFO - Task exited with return code 1
[2022-12-12 15:14:25,863] {local_task_job.py:273} INFO - 0 downstream tasks scheduled from follow-on schedule check
