[2022-12-12 13:11:17,087] {taskinstance.py:1159} INFO - Dependencies all met for <TaskInstance: prepare_data.get_last_id scheduled__2022-11-28T23:58:00+00:00 [queued]>
[2022-12-12 13:11:17,663] {taskinstance.py:1159} INFO - Dependencies all met for <TaskInstance: prepare_data.get_last_id scheduled__2022-11-28T23:58:00+00:00 [queued]>
[2022-12-12 13:11:17,664] {taskinstance.py:1356} INFO - 
--------------------------------------------------------------------------------
[2022-12-12 13:11:17,664] {taskinstance.py:1357} INFO - Starting attempt 1 of 1
[2022-12-12 13:11:17,664] {taskinstance.py:1358} INFO - 
--------------------------------------------------------------------------------
[2022-12-12 13:11:18,386] {taskinstance.py:1377} INFO - Executing <Task(PythonOperator): get_last_id> on 2022-11-28 23:58:00+00:00
[2022-12-12 13:11:18,429] {standard_task_runner.py:52} INFO - Started process 2064 to run task
[2022-12-12 13:11:18,664] {standard_task_runner.py:79} INFO - Running: ['airflow', 'tasks', 'run', 'prepare_data', 'get_last_id', 'scheduled__2022-11-28T23:58:00+00:00', '--job-id', '735', '--raw', '--subdir', 'DAGS_FOLDER/prepare_data.py', '--cfg-path', '/tmp/tmp55nqktu5', '--error-file', '/tmp/tmpqjjoxkca']
[2022-12-12 13:11:18,754] {standard_task_runner.py:80} INFO - Job 735: Subtask get_last_id
[2022-12-12 13:11:21,083] {task_command.py:369} INFO - Running <TaskInstance: prepare_data.get_last_id scheduled__2022-11-28T23:58:00+00:00 [running]> on host b778137d8ea6
[2022-12-12 13:11:22,946] {taskinstance.py:1571} INFO - Exporting the following env vars:
AIRFLOW_CTX_DAG_OWNER=airflow
AIRFLOW_CTX_DAG_ID=prepare_data
AIRFLOW_CTX_TASK_ID=get_last_id
AIRFLOW_CTX_EXECUTION_DATE=2022-11-28T23:58:00+00:00
AIRFLOW_CTX_TRY_NUMBER=1
AIRFLOW_CTX_DAG_RUN_ID=scheduled__2022-11-28T23:58:00+00:00
[2022-12-12 13:11:23,140] {base.py:68} INFO - Using connection ID 'postgres_default' for task execution.
[2022-12-12 13:11:23,722] {python.py:173} INFO - Done. Returned value was: None
[2022-12-12 13:11:24,344] {taskinstance.py:1400} INFO - Marking task as SUCCESS. dag_id=prepare_data, task_id=get_last_id, execution_date=20221128T235800, start_date=20221212T131117, end_date=20221212T131124
[2022-12-12 13:11:24,920] {local_task_job.py:221} WARNING - State of this instance has been externally set to success. Terminating instance.
[2022-12-12 13:11:25,073] {process_utils.py:129} INFO - Sending Signals.SIGTERM to group 2064. PIDs of all processes in the group: [2064]
[2022-12-12 13:11:25,073] {process_utils.py:80} INFO - Sending the signal Signals.SIGTERM to group 2064
[2022-12-12 13:11:25,151] {process_utils.py:75} INFO - Process psutil.Process(pid=2064, status='terminated', exitcode=0, started='13:11:18') (2064) terminated with exit code 0
