[2022-12-12 13:03:21,129] {taskinstance.py:1159} INFO - Dependencies all met for <TaskInstance: prepare_data.transfer_data scheduled__2022-12-12T13:01:00+00:00 [queued]>
[2022-12-12 13:03:21,325] {taskinstance.py:1159} INFO - Dependencies all met for <TaskInstance: prepare_data.transfer_data scheduled__2022-12-12T13:01:00+00:00 [queued]>
[2022-12-12 13:03:21,325] {taskinstance.py:1356} INFO - 
--------------------------------------------------------------------------------
[2022-12-12 13:03:21,325] {taskinstance.py:1357} INFO - Starting attempt 1 of 1
[2022-12-12 13:03:21,325] {taskinstance.py:1358} INFO - 
--------------------------------------------------------------------------------
[2022-12-12 13:03:21,469] {taskinstance.py:1377} INFO - Executing <Task(PythonOperator): transfer_data> on 2022-12-12 13:01:00+00:00
[2022-12-12 13:03:21,496] {standard_task_runner.py:52} INFO - Started process 1716 to run task
[2022-12-12 13:03:21,620] {standard_task_runner.py:79} INFO - Running: ['airflow', 'tasks', 'run', 'prepare_data', 'transfer_data', 'scheduled__2022-12-12T13:01:00+00:00', '--job-id', '595', '--raw', '--subdir', 'DAGS_FOLDER/prepare_data.py', '--cfg-path', '/tmp/tmpnhcudm8o', '--error-file', '/tmp/tmpe9i04bo8']
[2022-12-12 13:03:21,664] {standard_task_runner.py:80} INFO - Job 595: Subtask transfer_data
[2022-12-12 13:03:22,694] {task_command.py:369} INFO - Running <TaskInstance: prepare_data.transfer_data scheduled__2022-12-12T13:01:00+00:00 [running]> on host b778137d8ea6
[2022-12-12 13:03:23,284] {taskinstance.py:1571} INFO - Exporting the following env vars:
AIRFLOW_CTX_DAG_OWNER=airflow
AIRFLOW_CTX_DAG_ID=prepare_data
AIRFLOW_CTX_TASK_ID=transfer_data
AIRFLOW_CTX_EXECUTION_DATE=2022-12-12T13:01:00+00:00
AIRFLOW_CTX_TRY_NUMBER=1
AIRFLOW_CTX_DAG_RUN_ID=scheduled__2022-12-12T13:01:00+00:00
[2022-12-12 13:03:23,377] {base.py:68} INFO - Using connection ID 'postgres_default' for task execution.
[2022-12-12 13:03:23,564] {python.py:173} INFO - Done. Returned value was: None
[2022-12-12 13:03:23,705] {taskinstance.py:1400} INFO - Marking task as SUCCESS. dag_id=prepare_data, task_id=transfer_data, execution_date=20221212T130100, start_date=20221212T130321, end_date=20221212T130323
[2022-12-12 13:03:23,879] {local_task_job.py:156} INFO - Task exited with return code 0
[2022-12-12 13:03:24,429] {local_task_job.py:273} INFO - 0 downstream tasks scheduled from follow-on schedule check
