[2022-12-12 13:24:03,018] {taskinstance.py:1159} INFO - Dependencies all met for <TaskInstance: prepare_data.transfer_data scheduled__2022-11-29T00:51:00+00:00 [queued]>
[2022-12-12 13:24:03,742] {taskinstance.py:1159} INFO - Dependencies all met for <TaskInstance: prepare_data.transfer_data scheduled__2022-11-29T00:51:00+00:00 [queued]>
[2022-12-12 13:24:03,743] {taskinstance.py:1356} INFO - 
--------------------------------------------------------------------------------
[2022-12-12 13:24:03,743] {taskinstance.py:1357} INFO - Starting attempt 1 of 1
[2022-12-12 13:24:03,743] {taskinstance.py:1358} INFO - 
--------------------------------------------------------------------------------
[2022-12-12 13:24:04,587] {taskinstance.py:1377} INFO - Executing <Task(PythonOperator): transfer_data> on 2022-11-29 00:51:00+00:00
[2022-12-12 13:24:04,702] {standard_task_runner.py:52} INFO - Started process 2562 to run task
[2022-12-12 13:24:04,898] {standard_task_runner.py:79} INFO - Running: ['airflow', 'tasks', 'run', 'prepare_data', 'transfer_data', 'scheduled__2022-11-29T00:51:00+00:00', '--job-id', '935', '--raw', '--subdir', 'DAGS_FOLDER/prepare_data.py', '--cfg-path', '/tmp/tmpbq0163c7', '--error-file', '/tmp/tmpwyv11nk8']
[2022-12-12 13:24:05,075] {standard_task_runner.py:80} INFO - Job 935: Subtask transfer_data
[2022-12-12 13:24:06,863] {task_command.py:369} INFO - Running <TaskInstance: prepare_data.transfer_data scheduled__2022-11-29T00:51:00+00:00 [running]> on host b778137d8ea6
[2022-12-12 13:24:09,973] {taskinstance.py:1571} INFO - Exporting the following env vars:
AIRFLOW_CTX_DAG_OWNER=airflow
AIRFLOW_CTX_DAG_ID=prepare_data
AIRFLOW_CTX_TASK_ID=transfer_data
AIRFLOW_CTX_EXECUTION_DATE=2022-11-29T00:51:00+00:00
AIRFLOW_CTX_TRY_NUMBER=1
AIRFLOW_CTX_DAG_RUN_ID=scheduled__2022-11-29T00:51:00+00:00
[2022-12-12 13:24:10,504] {base.py:68} INFO - Using connection ID 'postgres_default' for task execution.
[2022-12-12 13:24:12,359] {python.py:173} INFO - Done. Returned value was: None
[2022-12-12 13:24:12,796] {taskinstance.py:1400} INFO - Marking task as SUCCESS. dag_id=prepare_data, task_id=transfer_data, execution_date=20221129T005100, start_date=20221212T132403, end_date=20221212T132412
[2022-12-12 13:24:13,353] {local_task_job.py:156} INFO - Task exited with return code 0
[2022-12-12 13:24:14,859] {local_task_job.py:273} INFO - 0 downstream tasks scheduled from follow-on schedule check
