[2022-12-12 13:26:42,608] {taskinstance.py:1159} INFO - Dependencies all met for <TaskInstance: prepare_data.get_last_id scheduled__2022-12-12T13:25:00+00:00 [queued]>
[2022-12-12 13:26:43,086] {taskinstance.py:1159} INFO - Dependencies all met for <TaskInstance: prepare_data.get_last_id scheduled__2022-12-12T13:25:00+00:00 [queued]>
[2022-12-12 13:26:43,086] {taskinstance.py:1356} INFO - 
--------------------------------------------------------------------------------
[2022-12-12 13:26:43,086] {taskinstance.py:1357} INFO - Starting attempt 1 of 1
[2022-12-12 13:26:43,086] {taskinstance.py:1358} INFO - 
--------------------------------------------------------------------------------
[2022-12-12 13:26:43,539] {taskinstance.py:1377} INFO - Executing <Task(PythonOperator): get_last_id> on 2022-12-12 13:25:00+00:00
[2022-12-12 13:26:43,636] {standard_task_runner.py:52} INFO - Started process 2654 to run task
[2022-12-12 13:26:43,717] {standard_task_runner.py:79} INFO - Running: ['airflow', 'tasks', 'run', 'prepare_data', 'get_last_id', 'scheduled__2022-12-12T13:25:00+00:00', '--job-id', '968', '--raw', '--subdir', 'DAGS_FOLDER/prepare_data.py', '--cfg-path', '/tmp/tmpficw2mju', '--error-file', '/tmp/tmpcn9lvqpp']
[2022-12-12 13:26:43,751] {standard_task_runner.py:80} INFO - Job 968: Subtask get_last_id
[2022-12-12 13:26:45,801] {task_command.py:369} INFO - Running <TaskInstance: prepare_data.get_last_id scheduled__2022-12-12T13:25:00+00:00 [running]> on host b778137d8ea6
[2022-12-12 13:26:47,566] {taskinstance.py:1571} INFO - Exporting the following env vars:
AIRFLOW_CTX_DAG_OWNER=airflow
AIRFLOW_CTX_DAG_ID=prepare_data
AIRFLOW_CTX_TASK_ID=get_last_id
AIRFLOW_CTX_EXECUTION_DATE=2022-12-12T13:25:00+00:00
AIRFLOW_CTX_TRY_NUMBER=1
AIRFLOW_CTX_DAG_RUN_ID=scheduled__2022-12-12T13:25:00+00:00
[2022-12-12 13:26:47,860] {base.py:68} INFO - Using connection ID 'postgres_default' for task execution.
[2022-12-12 13:26:48,483] {python.py:173} INFO - Done. Returned value was: None
[2022-12-12 13:26:49,083] {taskinstance.py:1400} INFO - Marking task as SUCCESS. dag_id=prepare_data, task_id=get_last_id, execution_date=20221212T132500, start_date=20221212T132642, end_date=20221212T132649
[2022-12-12 13:26:49,504] {local_task_job.py:156} INFO - Task exited with return code 0
[2022-12-12 13:26:50,470] {local_task_job.py:273} INFO - 1 downstream tasks scheduled from follow-on schedule check
