[2022-12-12 13:55:02,702] {taskinstance.py:1159} INFO - Dependencies all met for <TaskInstance: prepare_data.get_last_id scheduled__2022-12-12T13:54:00+00:00 [queued]>
[2022-12-12 13:55:02,714] {taskinstance.py:1159} INFO - Dependencies all met for <TaskInstance: prepare_data.get_last_id scheduled__2022-12-12T13:54:00+00:00 [queued]>
[2022-12-12 13:55:02,715] {taskinstance.py:1356} INFO - 
--------------------------------------------------------------------------------
[2022-12-12 13:55:02,715] {taskinstance.py:1357} INFO - Starting attempt 1 of 1
[2022-12-12 13:55:02,715] {taskinstance.py:1358} INFO - 
--------------------------------------------------------------------------------
[2022-12-12 13:55:02,747] {taskinstance.py:1377} INFO - Executing <Task(PythonOperator): get_last_id> on 2022-12-12 13:54:00+00:00
[2022-12-12 13:55:02,755] {standard_task_runner.py:52} INFO - Started process 3078 to run task
[2022-12-12 13:55:02,766] {standard_task_runner.py:79} INFO - Running: ['airflow', 'tasks', 'run', 'prepare_data', 'get_last_id', 'scheduled__2022-12-12T13:54:00+00:00', '--job-id', '1041', '--raw', '--subdir', 'DAGS_FOLDER/prepare_data.py', '--cfg-path', '/tmp/tmpmsf85ctm', '--error-file', '/tmp/tmp0n0en65m']
[2022-12-12 13:55:02,770] {standard_task_runner.py:80} INFO - Job 1041: Subtask get_last_id
[2022-12-12 13:55:02,935] {task_command.py:369} INFO - Running <TaskInstance: prepare_data.get_last_id scheduled__2022-12-12T13:54:00+00:00 [running]> on host b778137d8ea6
[2022-12-12 13:55:03,093] {taskinstance.py:1571} INFO - Exporting the following env vars:
AIRFLOW_CTX_DAG_OWNER=airflow
AIRFLOW_CTX_DAG_ID=prepare_data
AIRFLOW_CTX_TASK_ID=get_last_id
AIRFLOW_CTX_EXECUTION_DATE=2022-12-12T13:54:00+00:00
AIRFLOW_CTX_TRY_NUMBER=1
AIRFLOW_CTX_DAG_RUN_ID=scheduled__2022-12-12T13:54:00+00:00
[2022-12-12 13:55:03,094] {taskinstance.py:1889} ERROR - Task failed with exception
Traceback (most recent call last):
  File "/home/airflow/.local/lib/python3.7/site-packages/airflow/operators/python.py", line 171, in execute
    return_value = self.execute_callable()
  File "/home/airflow/.local/lib/python3.7/site-packages/airflow/operators/python.py", line 189, in execute_callable
    return self.python_callable(*self.op_args, **self.op_kwargs)
  File "/opt/airflow/dags/prepare_data.py", line 11, in get_last_id
    data_log = datetime.date.today
AttributeError: 'method_descriptor' object has no attribute 'today'
[2022-12-12 13:55:03,128] {taskinstance.py:1400} INFO - Marking task as FAILED. dag_id=prepare_data, task_id=get_last_id, execution_date=20221212T135400, start_date=20221212T135502, end_date=20221212T135503
[2022-12-12 13:55:03,158] {standard_task_runner.py:97} ERROR - Failed to execute job 1041 for task get_last_id ('method_descriptor' object has no attribute 'today'; 3078)
[2022-12-12 13:55:03,193] {local_task_job.py:156} INFO - Task exited with return code 1
[2022-12-12 13:55:03,280] {local_task_job.py:273} INFO - 0 downstream tasks scheduled from follow-on schedule check
