[2022-12-12 12:47:45,836] {taskinstance.py:1159} INFO - Dependencies all met for <TaskInstance: prepare_data.get_last_id manual__2022-12-12T12:46:40.745106+00:00 [queued]>
[2022-12-12 12:47:46,367] {taskinstance.py:1159} INFO - Dependencies all met for <TaskInstance: prepare_data.get_last_id manual__2022-12-12T12:46:40.745106+00:00 [queued]>
[2022-12-12 12:47:46,367] {taskinstance.py:1356} INFO - 
--------------------------------------------------------------------------------
[2022-12-12 12:47:46,367] {taskinstance.py:1357} INFO - Starting attempt 1 of 1
[2022-12-12 12:47:46,367] {taskinstance.py:1358} INFO - 
--------------------------------------------------------------------------------
[2022-12-12 12:47:47,111] {taskinstance.py:1377} INFO - Executing <Task(PythonOperator): get_last_id> on 2022-12-12 12:46:40.745106+00:00
[2022-12-12 12:47:47,393] {standard_task_runner.py:52} INFO - Started process 1142 to run task
[2022-12-12 12:47:47,470] {standard_task_runner.py:79} INFO - Running: ['airflow', 'tasks', 'run', 'prepare_data', 'get_last_id', 'manual__2022-12-12T12:46:40.745106+00:00', '--job-id', '367', '--raw', '--subdir', 'DAGS_FOLDER/prepare_data.py', '--cfg-path', '/tmp/tmpjsvzdgcz', '--error-file', '/tmp/tmpweungi_m']
[2022-12-12 12:47:47,523] {standard_task_runner.py:80} INFO - Job 367: Subtask get_last_id
[2022-12-12 12:47:52,288] {task_command.py:369} INFO - Running <TaskInstance: prepare_data.get_last_id manual__2022-12-12T12:46:40.745106+00:00 [running]> on host b778137d8ea6
[2022-12-12 12:47:59,595] {taskinstance.py:1571} INFO - Exporting the following env vars:
AIRFLOW_CTX_DAG_OWNER=airflow
AIRFLOW_CTX_DAG_ID=prepare_data
AIRFLOW_CTX_TASK_ID=get_last_id
AIRFLOW_CTX_EXECUTION_DATE=2022-12-12T12:46:40.745106+00:00
AIRFLOW_CTX_TRY_NUMBER=1
AIRFLOW_CTX_DAG_RUN_ID=manual__2022-12-12T12:46:40.745106+00:00
[2022-12-12 12:48:00,888] {base.py:68} INFO - Using connection ID 'postgres_default' for task execution.
[2022-12-12 12:48:02,872] {python.py:173} INFO - Done. Returned value was: None
[2022-12-12 12:48:05,464] {taskinstance.py:1400} INFO - Marking task as SUCCESS. dag_id=prepare_data, task_id=get_last_id, execution_date=20221212T124640, start_date=20221212T124745, end_date=20221212T124805
[2022-12-12 12:48:07,616] {local_task_job.py:156} INFO - Task exited with return code 0
[2022-12-12 12:48:09,731] {local_task_job.py:273} INFO - 1 downstream tasks scheduled from follow-on schedule check
