[2022-12-03 15:07:37,291] {taskinstance.py:1159} INFO - Dependencies all met for <TaskInstance: prepare_data.create_table scheduled__2022-11-28T19:32:00+00:00 [queued]>
[2022-12-03 15:07:38,359] {taskinstance.py:1159} INFO - Dependencies all met for <TaskInstance: prepare_data.create_table scheduled__2022-11-28T19:32:00+00:00 [queued]>
[2022-12-03 15:07:38,359] {taskinstance.py:1356} INFO - 
--------------------------------------------------------------------------------
[2022-12-03 15:07:38,360] {taskinstance.py:1357} INFO - Starting attempt 1 of 1
[2022-12-03 15:07:38,360] {taskinstance.py:1358} INFO - 
--------------------------------------------------------------------------------
[2022-12-03 15:07:39,540] {taskinstance.py:1377} INFO - Executing <Task(PostgresOperator): create_table> on 2022-11-28 19:32:00+00:00
[2022-12-03 15:07:39,705] {standard_task_runner.py:52} INFO - Started process 1127 to run task
[2022-12-03 15:07:39,976] {standard_task_runner.py:79} INFO - Running: ['airflow', 'tasks', 'run', 'prepare_data', 'create_table', 'scheduled__2022-11-28T19:32:00+00:00', '--job-id', '342', '--raw', '--subdir', 'DAGS_FOLDER/prepare_data.py', '--cfg-path', '/tmp/tmp40mu3xtb', '--error-file', '/tmp/tmpzszd3u8d']
[2022-12-03 15:07:40,057] {standard_task_runner.py:80} INFO - Job 342: Subtask create_table
[2022-12-03 15:07:44,191] {task_command.py:369} INFO - Running <TaskInstance: prepare_data.create_table scheduled__2022-11-28T19:32:00+00:00 [running]> on host b41792e8e843
[2022-12-03 15:07:50,074] {taskinstance.py:1571} INFO - Exporting the following env vars:
AIRFLOW_CTX_DAG_OWNER=airflow
AIRFLOW_CTX_DAG_ID=prepare_data
AIRFLOW_CTX_TASK_ID=create_table
AIRFLOW_CTX_EXECUTION_DATE=2022-11-28T19:32:00+00:00
AIRFLOW_CTX_TRY_NUMBER=1
AIRFLOW_CTX_DAG_RUN_ID=scheduled__2022-11-28T19:32:00+00:00
[2022-12-03 15:07:50,766] {base.py:68} INFO - Using connection ID 'postgres_default' for task execution.
[2022-12-03 15:07:51,157] {dbapi.py:208} INFO - Running statement: CREATE TABLE IF NOT EXISTS prepared_data (
	id SERIAL,
	sensor_id BIGINT,
	longitude FLOAT,
	latitude FLOAT,
	controller_id BIGINT,
	datetime TIMESTAMP WITH TIME ZONE,
	temperature INTEGER
);, parameters: None
[2022-12-03 15:07:51,166] {postgres.py:94} INFO - NOTICE:  relation "prepared_data" already exists, skipping

[2022-12-03 15:07:52,076] {taskinstance.py:1400} INFO - Marking task as SUCCESS. dag_id=prepare_data, task_id=create_table, execution_date=20221128T193200, start_date=20221203T150737, end_date=20221203T150752
[2022-12-03 15:07:54,386] {local_task_job.py:156} INFO - Task exited with return code 0
[2022-12-03 15:07:57,401] {local_task_job.py:273} INFO - 1 downstream tasks scheduled from follow-on schedule check
[2022-12-12 12:36:09,836] {taskinstance.py:1159} INFO - Dependencies all met for <TaskInstance: prepare_data.create_table scheduled__2022-11-28T19:32:00+00:00 [queued]>
[2022-12-12 12:36:09,968] {taskinstance.py:1159} INFO - Dependencies all met for <TaskInstance: prepare_data.create_table scheduled__2022-11-28T19:32:00+00:00 [queued]>
[2022-12-12 12:36:09,968] {taskinstance.py:1356} INFO - 
--------------------------------------------------------------------------------
[2022-12-12 12:36:09,968] {taskinstance.py:1357} INFO - Starting attempt 1 of 1
[2022-12-12 12:36:09,968] {taskinstance.py:1358} INFO - 
--------------------------------------------------------------------------------
[2022-12-12 12:36:10,095] {taskinstance.py:1377} INFO - Executing <Task(PostgresOperator): create_table> on 2022-11-28 19:32:00+00:00
[2022-12-12 12:36:10,108] {standard_task_runner.py:52} INFO - Started process 669 to run task
[2022-12-12 12:36:10,126] {standard_task_runner.py:79} INFO - Running: ['airflow', 'tasks', 'run', 'prepare_data', 'create_table', 'scheduled__2022-11-28T19:32:00+00:00', '--job-id', '180', '--raw', '--subdir', 'DAGS_FOLDER/prepare_data.py', '--cfg-path', '/tmp/tmpro566vn4', '--error-file', '/tmp/tmpb3exgntx']
[2022-12-12 12:36:10,131] {standard_task_runner.py:80} INFO - Job 180: Subtask create_table
[2022-12-12 12:36:10,446] {task_command.py:369} INFO - Running <TaskInstance: prepare_data.create_table scheduled__2022-11-28T19:32:00+00:00 [running]> on host b778137d8ea6
[2022-12-12 12:36:10,768] {taskinstance.py:1571} INFO - Exporting the following env vars:
AIRFLOW_CTX_DAG_OWNER=airflow
AIRFLOW_CTX_DAG_ID=prepare_data
AIRFLOW_CTX_TASK_ID=create_table
AIRFLOW_CTX_EXECUTION_DATE=2022-11-28T19:32:00+00:00
AIRFLOW_CTX_TRY_NUMBER=1
AIRFLOW_CTX_DAG_RUN_ID=scheduled__2022-11-28T19:32:00+00:00
[2022-12-12 12:36:10,969] {taskinstance.py:1889} ERROR - Task failed with exception
Traceback (most recent call last):
  File "/home/airflow/.local/lib/python3.7/site-packages/airflow/providers/postgres/operators/postgres.py", line 92, in execute
    self.hook.run(self.sql, self.autocommit, parameters=self.parameters)
  File "/home/airflow/.local/lib/python3.7/site-packages/airflow/hooks/dbapi.py", line 181, in run
    with closing(self.get_conn()) as conn:
  File "/home/airflow/.local/lib/python3.7/site-packages/airflow/providers/postgres/hooks/postgres.py", line 86, in get_conn
    conn = deepcopy(self.connection or self.get_connection(conn_id))
  File "/home/airflow/.local/lib/python3.7/site-packages/airflow/hooks/base.py", line 67, in get_connection
    conn = Connection.get_connection_from_secrets(conn_id)
  File "/home/airflow/.local/lib/python3.7/site-packages/airflow/models/connection.py", line 430, in get_connection_from_secrets
    raise AirflowNotFoundException(f"The conn_id `{conn_id}` isn't defined")
airflow.exceptions.AirflowNotFoundException: The conn_id `postgres_default` isn't defined
[2022-12-12 12:36:11,016] {taskinstance.py:1400} INFO - Marking task as FAILED. dag_id=prepare_data, task_id=create_table, execution_date=20221128T193200, start_date=20221212T123609, end_date=20221212T123611
[2022-12-12 12:36:11,100] {standard_task_runner.py:97} ERROR - Failed to execute job 180 for task create_table (The conn_id `postgres_default` isn't defined; 669)
[2022-12-12 12:36:11,143] {local_task_job.py:156} INFO - Task exited with return code 1
[2022-12-12 12:36:11,336] {local_task_job.py:273} INFO - 0 downstream tasks scheduled from follow-on schedule check
