[2022-12-03 14:47:07,301] {taskinstance.py:1159} INFO - Dependencies all met for <TaskInstance: prepare_data.create_table scheduled__2022-11-28T17:43:00+00:00 [queued]>
[2022-12-03 14:47:07,371] {taskinstance.py:1159} INFO - Dependencies all met for <TaskInstance: prepare_data.create_table scheduled__2022-11-28T17:43:00+00:00 [queued]>
[2022-12-03 14:47:07,371] {taskinstance.py:1356} INFO - 
--------------------------------------------------------------------------------
[2022-12-03 14:47:07,371] {taskinstance.py:1357} INFO - Starting attempt 1 of 1
[2022-12-03 14:47:07,371] {taskinstance.py:1358} INFO - 
--------------------------------------------------------------------------------
[2022-12-03 14:47:07,492] {taskinstance.py:1377} INFO - Executing <Task(PostgresOperator): create_table> on 2022-11-28 17:43:00+00:00
[2022-12-03 14:47:07,540] {standard_task_runner.py:52} INFO - Started process 423 to run task
[2022-12-03 14:47:07,604] {standard_task_runner.py:79} INFO - Running: ['airflow', 'tasks', 'run', 'prepare_data', 'create_table', 'scheduled__2022-11-28T17:43:00+00:00', '--job-id', '71', '--raw', '--subdir', 'DAGS_FOLDER/prepare_data.py', '--cfg-path', '/tmp/tmpi4rrgevt', '--error-file', '/tmp/tmprctkly34']
[2022-12-03 14:47:07,637] {standard_task_runner.py:80} INFO - Job 71: Subtask create_table
[2022-12-03 14:47:08,591] {task_command.py:369} INFO - Running <TaskInstance: prepare_data.create_table scheduled__2022-11-28T17:43:00+00:00 [running]> on host b41792e8e843
[2022-12-03 14:47:12,343] {taskinstance.py:1571} INFO - Exporting the following env vars:
AIRFLOW_CTX_DAG_OWNER=airflow
AIRFLOW_CTX_DAG_ID=prepare_data
AIRFLOW_CTX_TASK_ID=create_table
AIRFLOW_CTX_EXECUTION_DATE=2022-11-28T17:43:00+00:00
AIRFLOW_CTX_TRY_NUMBER=1
AIRFLOW_CTX_DAG_RUN_ID=scheduled__2022-11-28T17:43:00+00:00
[2022-12-03 14:47:14,068] {taskinstance.py:1889} ERROR - Task failed with exception
Traceback (most recent call last):
  File "/home/airflow/.local/lib/python3.7/site-packages/airflow/providers/postgres/operators/postgres.py", line 92, in execute
    self.hook.run(self.sql, self.autocommit, parameters=self.parameters)
  File "/home/airflow/.local/lib/python3.7/site-packages/airflow/hooks/dbapi.py", line 181, in run
    with closing(self.get_conn()) as conn:
  File "/home/airflow/.local/lib/python3.7/site-packages/airflow/providers/postgres/hooks/postgres.py", line 86, in get_conn
    conn = deepcopy(self.connection or self.get_connection(conn_id))
  File "/home/airflow/.local/lib/python3.7/site-packages/airflow/hooks/base.py", line 67, in get_connection
    conn = Connection.get_connection_from_secrets(conn_id)
  File "/home/airflow/.local/lib/python3.7/site-packages/airflow/models/connection.py", line 430, in get_connection_from_secrets
    raise AirflowNotFoundException(f"The conn_id `{conn_id}` isn't defined")
airflow.exceptions.AirflowNotFoundException: The conn_id `postgres_default` isn't defined
[2022-12-03 14:47:14,275] {taskinstance.py:1400} INFO - Marking task as FAILED. dag_id=prepare_data, task_id=create_table, execution_date=20221128T174300, start_date=20221203T144707, end_date=20221203T144714
[2022-12-03 14:47:15,102] {standard_task_runner.py:97} ERROR - Failed to execute job 71 for task create_table (The conn_id `postgres_default` isn't defined; 423)
[2022-12-03 14:47:15,283] {local_task_job.py:221} WARNING - State of this instance has been externally set to failed. Terminating instance.
[2022-12-03 14:47:15,383] {process_utils.py:129} INFO - Sending Signals.SIGTERM to group 423. PIDs of all processes in the group: [423]
[2022-12-03 14:47:15,383] {process_utils.py:80} INFO - Sending the signal Signals.SIGTERM to group 423
[2022-12-03 14:47:15,455] {process_utils.py:75} INFO - Process psutil.Process(pid=423, status='terminated', exitcode=1, started='14:47:06') (423) terminated with exit code 1
[2022-12-12 12:32:37,972] {taskinstance.py:1159} INFO - Dependencies all met for <TaskInstance: prepare_data.create_table scheduled__2022-11-28T17:43:00+00:00 [queued]>
[2022-12-12 12:32:38,063] {taskinstance.py:1159} INFO - Dependencies all met for <TaskInstance: prepare_data.create_table scheduled__2022-11-28T17:43:00+00:00 [queued]>
[2022-12-12 12:32:38,063] {taskinstance.py:1356} INFO - 
--------------------------------------------------------------------------------
[2022-12-12 12:32:38,063] {taskinstance.py:1357} INFO - Starting attempt 1 of 1
[2022-12-12 12:32:38,063] {taskinstance.py:1358} INFO - 
--------------------------------------------------------------------------------
[2022-12-12 12:32:38,271] {taskinstance.py:1377} INFO - Executing <Task(PostgresOperator): create_table> on 2022-11-28 17:43:00+00:00
[2022-12-12 12:32:38,295] {standard_task_runner.py:52} INFO - Started process 418 to run task
[2022-12-12 12:32:38,302] {standard_task_runner.py:79} INFO - Running: ['airflow', 'tasks', 'run', 'prepare_data', 'create_table', 'scheduled__2022-11-28T17:43:00+00:00', '--job-id', '71', '--raw', '--subdir', 'DAGS_FOLDER/prepare_data.py', '--cfg-path', '/tmp/tmp7ftk3n8l', '--error-file', '/tmp/tmpzvj619ku']
[2022-12-12 12:32:38,320] {standard_task_runner.py:80} INFO - Job 71: Subtask create_table
[2022-12-12 12:32:38,799] {task_command.py:369} INFO - Running <TaskInstance: prepare_data.create_table scheduled__2022-11-28T17:43:00+00:00 [running]> on host b778137d8ea6
[2022-12-12 12:32:39,389] {taskinstance.py:1571} INFO - Exporting the following env vars:
AIRFLOW_CTX_DAG_OWNER=airflow
AIRFLOW_CTX_DAG_ID=prepare_data
AIRFLOW_CTX_TASK_ID=create_table
AIRFLOW_CTX_EXECUTION_DATE=2022-11-28T17:43:00+00:00
AIRFLOW_CTX_TRY_NUMBER=1
AIRFLOW_CTX_DAG_RUN_ID=scheduled__2022-11-28T17:43:00+00:00
[2022-12-12 12:32:39,524] {taskinstance.py:1889} ERROR - Task failed with exception
Traceback (most recent call last):
  File "/home/airflow/.local/lib/python3.7/site-packages/airflow/providers/postgres/operators/postgres.py", line 92, in execute
    self.hook.run(self.sql, self.autocommit, parameters=self.parameters)
  File "/home/airflow/.local/lib/python3.7/site-packages/airflow/hooks/dbapi.py", line 181, in run
    with closing(self.get_conn()) as conn:
  File "/home/airflow/.local/lib/python3.7/site-packages/airflow/providers/postgres/hooks/postgres.py", line 86, in get_conn
    conn = deepcopy(self.connection or self.get_connection(conn_id))
  File "/home/airflow/.local/lib/python3.7/site-packages/airflow/hooks/base.py", line 67, in get_connection
    conn = Connection.get_connection_from_secrets(conn_id)
  File "/home/airflow/.local/lib/python3.7/site-packages/airflow/models/connection.py", line 430, in get_connection_from_secrets
    raise AirflowNotFoundException(f"The conn_id `{conn_id}` isn't defined")
airflow.exceptions.AirflowNotFoundException: The conn_id `postgres_default` isn't defined
[2022-12-12 12:32:39,532] {taskinstance.py:1400} INFO - Marking task as FAILED. dag_id=prepare_data, task_id=create_table, execution_date=20221128T174300, start_date=20221212T123237, end_date=20221212T123239
[2022-12-12 12:32:39,653] {standard_task_runner.py:97} ERROR - Failed to execute job 71 for task create_table (The conn_id `postgres_default` isn't defined; 418)
[2022-12-12 12:32:39,735] {local_task_job.py:156} INFO - Task exited with return code 1
[2022-12-12 12:32:40,033] {local_task_job.py:273} INFO - 0 downstream tasks scheduled from follow-on schedule check
