[2022-12-03 15:12:42,104] {taskinstance.py:1159} INFO - Dependencies all met for <TaskInstance: prepare_data.create_table scheduled__2022-11-28T20:03:00+00:00 [queued]>
[2022-12-03 15:12:42,399] {taskinstance.py:1159} INFO - Dependencies all met for <TaskInstance: prepare_data.create_table scheduled__2022-11-28T20:03:00+00:00 [queued]>
[2022-12-03 15:12:42,399] {taskinstance.py:1356} INFO - 
--------------------------------------------------------------------------------
[2022-12-03 15:12:42,399] {taskinstance.py:1357} INFO - Starting attempt 1 of 1
[2022-12-03 15:12:42,399] {taskinstance.py:1358} INFO - 
--------------------------------------------------------------------------------
[2022-12-03 15:12:43,164] {taskinstance.py:1377} INFO - Executing <Task(PostgresOperator): create_table> on 2022-11-28 20:03:00+00:00
[2022-12-03 15:12:43,380] {standard_task_runner.py:52} INFO - Started process 1351 to run task
[2022-12-03 15:12:43,666] {standard_task_runner.py:79} INFO - Running: ['airflow', 'tasks', 'run', 'prepare_data', 'create_table', 'scheduled__2022-11-28T20:03:00+00:00', '--job-id', '434', '--raw', '--subdir', 'DAGS_FOLDER/prepare_data.py', '--cfg-path', '/tmp/tmpbs1vfn6f', '--error-file', '/tmp/tmp7hs4ytz0']
[2022-12-03 15:12:43,778] {standard_task_runner.py:80} INFO - Job 434: Subtask create_table
[2022-12-03 15:12:44,593] {local_task_job.py:84} ERROR - Received SIGTERM. Terminating subprocesses
[2022-12-03 15:12:45,288] {process_utils.py:129} INFO - Sending Signals.SIGTERM to group 1351. PIDs of all processes in the group: [1351]
[2022-12-03 15:12:45,770] {process_utils.py:80} INFO - Sending the signal Signals.SIGTERM to group 1351
[2022-12-03 15:12:46,793] {process_utils.py:75} INFO - Process psutil.Process(pid=1351, status='terminated', exitcode=<Negsignal.SIGTERM: -15>, started='15:12:42') (1351) terminated with exit code Negsignal.SIGTERM
[2022-12-03 15:12:46,949] {local_task_job.py:156} INFO - Task exited with return code 143
[2022-12-12 12:37:01,447] {taskinstance.py:1159} INFO - Dependencies all met for <TaskInstance: prepare_data.create_table scheduled__2022-11-28T20:03:00+00:00 [queued]>
[2022-12-12 12:37:01,572] {taskinstance.py:1159} INFO - Dependencies all met for <TaskInstance: prepare_data.create_table scheduled__2022-11-28T20:03:00+00:00 [queued]>
[2022-12-12 12:37:01,572] {taskinstance.py:1356} INFO - 
--------------------------------------------------------------------------------
[2022-12-12 12:37:01,572] {taskinstance.py:1357} INFO - Starting attempt 1 of 1
[2022-12-12 12:37:01,572] {taskinstance.py:1358} INFO - 
--------------------------------------------------------------------------------
[2022-12-12 12:37:01,656] {taskinstance.py:1377} INFO - Executing <Task(PostgresOperator): create_table> on 2022-11-28 20:03:00+00:00
[2022-12-12 12:37:01,664] {standard_task_runner.py:52} INFO - Started process 738 to run task
[2022-12-12 12:37:01,684] {standard_task_runner.py:79} INFO - Running: ['airflow', 'tasks', 'run', 'prepare_data', 'create_table', 'scheduled__2022-11-28T20:03:00+00:00', '--job-id', '211', '--raw', '--subdir', 'DAGS_FOLDER/prepare_data.py', '--cfg-path', '/tmp/tmp_aw7y4ym', '--error-file', '/tmp/tmpia57tak2']
[2022-12-12 12:37:01,700] {standard_task_runner.py:80} INFO - Job 211: Subtask create_table
[2022-12-12 12:37:01,969] {task_command.py:369} INFO - Running <TaskInstance: prepare_data.create_table scheduled__2022-11-28T20:03:00+00:00 [running]> on host b778137d8ea6
[2022-12-12 12:37:02,609] {taskinstance.py:1571} INFO - Exporting the following env vars:
AIRFLOW_CTX_DAG_OWNER=airflow
AIRFLOW_CTX_DAG_ID=prepare_data
AIRFLOW_CTX_TASK_ID=create_table
AIRFLOW_CTX_EXECUTION_DATE=2022-11-28T20:03:00+00:00
AIRFLOW_CTX_TRY_NUMBER=1
AIRFLOW_CTX_DAG_RUN_ID=scheduled__2022-11-28T20:03:00+00:00
[2022-12-12 12:37:02,672] {taskinstance.py:1889} ERROR - Task failed with exception
Traceback (most recent call last):
  File "/home/airflow/.local/lib/python3.7/site-packages/airflow/providers/postgres/operators/postgres.py", line 92, in execute
    self.hook.run(self.sql, self.autocommit, parameters=self.parameters)
  File "/home/airflow/.local/lib/python3.7/site-packages/airflow/hooks/dbapi.py", line 181, in run
    with closing(self.get_conn()) as conn:
  File "/home/airflow/.local/lib/python3.7/site-packages/airflow/providers/postgres/hooks/postgres.py", line 86, in get_conn
    conn = deepcopy(self.connection or self.get_connection(conn_id))
  File "/home/airflow/.local/lib/python3.7/site-packages/airflow/hooks/base.py", line 67, in get_connection
    conn = Connection.get_connection_from_secrets(conn_id)
  File "/home/airflow/.local/lib/python3.7/site-packages/airflow/models/connection.py", line 430, in get_connection_from_secrets
    raise AirflowNotFoundException(f"The conn_id `{conn_id}` isn't defined")
airflow.exceptions.AirflowNotFoundException: The conn_id `postgres_default` isn't defined
[2022-12-12 12:37:02,684] {taskinstance.py:1400} INFO - Marking task as FAILED. dag_id=prepare_data, task_id=create_table, execution_date=20221128T200300, start_date=20221212T123701, end_date=20221212T123702
[2022-12-12 12:37:02,722] {standard_task_runner.py:97} ERROR - Failed to execute job 211 for task create_table (The conn_id `postgres_default` isn't defined; 738)
[2022-12-12 12:37:02,751] {local_task_job.py:156} INFO - Task exited with return code 1
[2022-12-12 12:37:03,307] {local_task_job.py:273} INFO - 0 downstream tasks scheduled from follow-on schedule check
