[2022-12-12 12:51:09,680] {taskinstance.py:1159} INFO - Dependencies all met for <TaskInstance: prepare_data.create_table scheduled__2022-12-12T12:50:00+00:00 [queued]>
[2022-12-12 12:51:10,081] {taskinstance.py:1159} INFO - Dependencies all met for <TaskInstance: prepare_data.create_table scheduled__2022-12-12T12:50:00+00:00 [queued]>
[2022-12-12 12:51:10,081] {taskinstance.py:1356} INFO - 
--------------------------------------------------------------------------------
[2022-12-12 12:51:10,081] {taskinstance.py:1357} INFO - Starting attempt 1 of 1
[2022-12-12 12:51:10,081] {taskinstance.py:1358} INFO - 
--------------------------------------------------------------------------------
[2022-12-12 12:51:10,913] {taskinstance.py:1377} INFO - Executing <Task(PostgresOperator): create_table> on 2022-12-12 12:50:00+00:00
[2022-12-12 12:51:11,091] {standard_task_runner.py:52} INFO - Started process 1254 to run task
[2022-12-12 12:51:11,300] {standard_task_runner.py:79} INFO - Running: ['airflow', 'tasks', 'run', 'prepare_data', 'create_table', 'scheduled__2022-12-12T12:50:00+00:00', '--job-id', '411', '--raw', '--subdir', 'DAGS_FOLDER/prepare_data.py', '--cfg-path', '/tmp/tmp3jsl409c', '--error-file', '/tmp/tmpdnv855_k']
[2022-12-12 12:51:11,377] {standard_task_runner.py:80} INFO - Job 411: Subtask create_table
[2022-12-12 12:51:13,262] {task_command.py:369} INFO - Running <TaskInstance: prepare_data.create_table scheduled__2022-12-12T12:50:00+00:00 [running]> on host b778137d8ea6
[2022-12-12 12:51:19,469] {taskinstance.py:1571} INFO - Exporting the following env vars:
AIRFLOW_CTX_DAG_OWNER=airflow
AIRFLOW_CTX_DAG_ID=prepare_data
AIRFLOW_CTX_TASK_ID=create_table
AIRFLOW_CTX_EXECUTION_DATE=2022-12-12T12:50:00+00:00
AIRFLOW_CTX_TRY_NUMBER=1
AIRFLOW_CTX_DAG_RUN_ID=scheduled__2022-12-12T12:50:00+00:00
[2022-12-12 12:51:20,138] {base.py:68} INFO - Using connection ID 'postgres_default' for task execution.
[2022-12-12 12:51:20,262] {dbapi.py:208} INFO - Running statement: CREATE TABLE IF NOT EXISTS prepared_data (
	id SERIAL,
	sensor_id BIGINT,
	longitude FLOAT,
	latitude FLOAT,
	controller_id BIGINT,
	datetime TIMESTAMP WITH TIME ZONE,
	temperature INTEGER
);, parameters: None
[2022-12-12 12:51:20,310] {postgres.py:94} INFO - NOTICE:  relation "prepared_data" already exists, skipping

[2022-12-12 12:51:21,735] {taskinstance.py:1400} INFO - Marking task as SUCCESS. dag_id=prepare_data, task_id=create_table, execution_date=20221212T125000, start_date=20221212T125109, end_date=20221212T125121
[2022-12-12 12:51:22,652] {local_task_job.py:156} INFO - Task exited with return code 0
[2022-12-12 12:51:25,221] {local_task_job.py:273} INFO - 1 downstream tasks scheduled from follow-on schedule check
