[2022-12-03 14:44:28,253] {taskinstance.py:1159} INFO - Dependencies all met for <TaskInstance: prepare_data.create_table scheduled__2022-11-28T16:53:00+00:00 [queued]>
[2022-12-03 14:44:28,783] {taskinstance.py:1159} INFO - Dependencies all met for <TaskInstance: prepare_data.create_table scheduled__2022-11-28T16:53:00+00:00 [queued]>
[2022-12-03 14:44:28,783] {taskinstance.py:1356} INFO - 
--------------------------------------------------------------------------------
[2022-12-03 14:44:28,783] {taskinstance.py:1357} INFO - Starting attempt 1 of 1
[2022-12-03 14:44:28,783] {taskinstance.py:1358} INFO - 
--------------------------------------------------------------------------------
[2022-12-03 14:44:29,420] {taskinstance.py:1377} INFO - Executing <Task(PostgresOperator): create_table> on 2022-11-28 16:53:00+00:00
[2022-12-03 14:44:29,484] {standard_task_runner.py:52} INFO - Started process 300 to run task
[2022-12-03 14:44:29,601] {standard_task_runner.py:79} INFO - Running: ['airflow', 'tasks', 'run', 'prepare_data', 'create_table', 'scheduled__2022-11-28T16:53:00+00:00', '--job-id', '21', '--raw', '--subdir', 'DAGS_FOLDER/prepare_data.py', '--cfg-path', '/tmp/tmpb4snwdwm', '--error-file', '/tmp/tmpwvxwyc15']
[2022-12-03 14:44:29,623] {standard_task_runner.py:80} INFO - Job 21: Subtask create_table
[2022-12-03 14:44:31,132] {task_command.py:369} INFO - Running <TaskInstance: prepare_data.create_table scheduled__2022-11-28T16:53:00+00:00 [running]> on host b41792e8e843
[2022-12-03 14:44:33,927] {taskinstance.py:1571} INFO - Exporting the following env vars:
AIRFLOW_CTX_DAG_OWNER=airflow
AIRFLOW_CTX_DAG_ID=prepare_data
AIRFLOW_CTX_TASK_ID=create_table
AIRFLOW_CTX_EXECUTION_DATE=2022-11-28T16:53:00+00:00
AIRFLOW_CTX_TRY_NUMBER=1
AIRFLOW_CTX_DAG_RUN_ID=scheduled__2022-11-28T16:53:00+00:00
[2022-12-03 14:44:34,338] {taskinstance.py:1889} ERROR - Task failed with exception
Traceback (most recent call last):
  File "/home/airflow/.local/lib/python3.7/site-packages/airflow/providers/postgres/operators/postgres.py", line 92, in execute
    self.hook.run(self.sql, self.autocommit, parameters=self.parameters)
  File "/home/airflow/.local/lib/python3.7/site-packages/airflow/hooks/dbapi.py", line 181, in run
    with closing(self.get_conn()) as conn:
  File "/home/airflow/.local/lib/python3.7/site-packages/airflow/providers/postgres/hooks/postgres.py", line 86, in get_conn
    conn = deepcopy(self.connection or self.get_connection(conn_id))
  File "/home/airflow/.local/lib/python3.7/site-packages/airflow/hooks/base.py", line 67, in get_connection
    conn = Connection.get_connection_from_secrets(conn_id)
  File "/home/airflow/.local/lib/python3.7/site-packages/airflow/models/connection.py", line 430, in get_connection_from_secrets
    raise AirflowNotFoundException(f"The conn_id `{conn_id}` isn't defined")
airflow.exceptions.AirflowNotFoundException: The conn_id `postgres_default` isn't defined
[2022-12-03 14:44:34,452] {taskinstance.py:1400} INFO - Marking task as FAILED. dag_id=prepare_data, task_id=create_table, execution_date=20221128T165300, start_date=20221203T144428, end_date=20221203T144434
[2022-12-03 14:44:34,856] {standard_task_runner.py:97} ERROR - Failed to execute job 21 for task create_table (The conn_id `postgres_default` isn't defined; 300)
[2022-12-03 14:44:35,375] {local_task_job.py:156} INFO - Task exited with return code 1
[2022-12-03 14:44:36,613] {local_task_job.py:273} INFO - 0 downstream tasks scheduled from follow-on schedule check
[2022-12-12 12:29:44,805] {taskinstance.py:1159} INFO - Dependencies all met for <TaskInstance: prepare_data.create_table scheduled__2022-11-28T16:53:00+00:00 [queued]>
[2022-12-12 12:29:45,702] {taskinstance.py:1159} INFO - Dependencies all met for <TaskInstance: prepare_data.create_table scheduled__2022-11-28T16:53:00+00:00 [queued]>
[2022-12-12 12:29:45,736] {taskinstance.py:1356} INFO - 
--------------------------------------------------------------------------------
[2022-12-12 12:29:45,736] {taskinstance.py:1357} INFO - Starting attempt 1 of 1
[2022-12-12 12:29:45,748] {taskinstance.py:1358} INFO - 
--------------------------------------------------------------------------------
[2022-12-12 12:29:47,769] {taskinstance.py:1377} INFO - Executing <Task(PostgresOperator): create_table> on 2022-11-28 16:53:00+00:00
[2022-12-12 12:29:48,165] {standard_task_runner.py:52} INFO - Started process 295 to run task
[2022-12-12 12:29:48,354] {standard_task_runner.py:79} INFO - Running: ['airflow', 'tasks', 'run', 'prepare_data', 'create_table', 'scheduled__2022-11-28T16:53:00+00:00', '--job-id', '21', '--raw', '--subdir', 'DAGS_FOLDER/prepare_data.py', '--cfg-path', '/tmp/tmpit2aang7', '--error-file', '/tmp/tmp9dgyxzlm']
[2022-12-12 12:29:48,526] {standard_task_runner.py:80} INFO - Job 21: Subtask create_table
[2022-12-12 12:29:52,940] {task_command.py:369} INFO - Running <TaskInstance: prepare_data.create_table scheduled__2022-11-28T16:53:00+00:00 [running]> on host b778137d8ea6
[2022-12-12 12:29:56,386] {taskinstance.py:1571} INFO - Exporting the following env vars:
AIRFLOW_CTX_DAG_OWNER=airflow
AIRFLOW_CTX_DAG_ID=prepare_data
AIRFLOW_CTX_TASK_ID=create_table
AIRFLOW_CTX_EXECUTION_DATE=2022-11-28T16:53:00+00:00
AIRFLOW_CTX_TRY_NUMBER=1
AIRFLOW_CTX_DAG_RUN_ID=scheduled__2022-11-28T16:53:00+00:00
[2022-12-12 12:29:57,446] {taskinstance.py:1889} ERROR - Task failed with exception
Traceback (most recent call last):
  File "/home/airflow/.local/lib/python3.7/site-packages/airflow/providers/postgres/operators/postgres.py", line 92, in execute
    self.hook.run(self.sql, self.autocommit, parameters=self.parameters)
  File "/home/airflow/.local/lib/python3.7/site-packages/airflow/hooks/dbapi.py", line 181, in run
    with closing(self.get_conn()) as conn:
  File "/home/airflow/.local/lib/python3.7/site-packages/airflow/providers/postgres/hooks/postgres.py", line 86, in get_conn
    conn = deepcopy(self.connection or self.get_connection(conn_id))
  File "/home/airflow/.local/lib/python3.7/site-packages/airflow/hooks/base.py", line 67, in get_connection
    conn = Connection.get_connection_from_secrets(conn_id)
  File "/home/airflow/.local/lib/python3.7/site-packages/airflow/models/connection.py", line 430, in get_connection_from_secrets
    raise AirflowNotFoundException(f"The conn_id `{conn_id}` isn't defined")
airflow.exceptions.AirflowNotFoundException: The conn_id `postgres_default` isn't defined
[2022-12-12 12:29:57,879] {taskinstance.py:1400} INFO - Marking task as FAILED. dag_id=prepare_data, task_id=create_table, execution_date=20221128T165300, start_date=20221212T122944, end_date=20221212T122957
[2022-12-12 12:29:58,624] {standard_task_runner.py:97} ERROR - Failed to execute job 21 for task create_table (The conn_id `postgres_default` isn't defined; 295)
[2022-12-12 12:29:58,998] {local_task_job.py:156} INFO - Task exited with return code 1
[2022-12-12 12:30:00,696] {local_task_job.py:273} INFO - 0 downstream tasks scheduled from follow-on schedule check
[2022-12-12 15:13:41,548] {taskinstance.py:1159} INFO - Dependencies all met for <TaskInstance: prepare_data.create_table scheduled__2022-11-28T16:53:00+00:00 [queued]>
[2022-12-12 15:13:45,583] {taskinstance.py:1159} INFO - Dependencies all met for <TaskInstance: prepare_data.create_table scheduled__2022-11-28T16:53:00+00:00 [queued]>
[2022-12-12 15:13:45,620] {taskinstance.py:1356} INFO - 
--------------------------------------------------------------------------------
[2022-12-12 15:13:45,620] {taskinstance.py:1357} INFO - Starting attempt 1 of 1
[2022-12-12 15:13:45,620] {taskinstance.py:1358} INFO - 
--------------------------------------------------------------------------------
[2022-12-12 15:13:47,449] {taskinstance.py:1377} INFO - Executing <Task(PostgresOperator): create_table> on 2022-11-28 16:53:00+00:00
[2022-12-12 15:13:47,766] {standard_task_runner.py:52} INFO - Started process 328 to run task
[2022-12-12 15:13:48,165] {standard_task_runner.py:79} INFO - Running: ['airflow', 'tasks', 'run', 'prepare_data', 'create_table', 'scheduled__2022-11-28T16:53:00+00:00', '--job-id', '21', '--raw', '--subdir', 'DAGS_FOLDER/prepare_data.py', '--cfg-path', '/tmp/tmp1vhzcbdh', '--error-file', '/tmp/tmpmh3a_ykb']
[2022-12-12 15:13:48,275] {standard_task_runner.py:80} INFO - Job 21: Subtask create_table
[2022-12-12 15:13:53,573] {task_command.py:369} INFO - Running <TaskInstance: prepare_data.create_table scheduled__2022-11-28T16:53:00+00:00 [running]> on host d4eb34144d92
[2022-12-12 15:13:59,559] {taskinstance.py:1571} INFO - Exporting the following env vars:
AIRFLOW_CTX_DAG_OWNER=airflow
AIRFLOW_CTX_DAG_ID=prepare_data
AIRFLOW_CTX_TASK_ID=create_table
AIRFLOW_CTX_EXECUTION_DATE=2022-11-28T16:53:00+00:00
AIRFLOW_CTX_TRY_NUMBER=1
AIRFLOW_CTX_DAG_RUN_ID=scheduled__2022-11-28T16:53:00+00:00
[2022-12-12 15:14:00,705] {taskinstance.py:1889} ERROR - Task failed with exception
Traceback (most recent call last):
  File "/home/airflow/.local/lib/python3.7/site-packages/airflow/providers/postgres/operators/postgres.py", line 92, in execute
    self.hook.run(self.sql, self.autocommit, parameters=self.parameters)
  File "/home/airflow/.local/lib/python3.7/site-packages/airflow/hooks/dbapi.py", line 181, in run
    with closing(self.get_conn()) as conn:
  File "/home/airflow/.local/lib/python3.7/site-packages/airflow/providers/postgres/hooks/postgres.py", line 86, in get_conn
    conn = deepcopy(self.connection or self.get_connection(conn_id))
  File "/home/airflow/.local/lib/python3.7/site-packages/airflow/hooks/base.py", line 67, in get_connection
    conn = Connection.get_connection_from_secrets(conn_id)
  File "/home/airflow/.local/lib/python3.7/site-packages/airflow/models/connection.py", line 430, in get_connection_from_secrets
    raise AirflowNotFoundException(f"The conn_id `{conn_id}` isn't defined")
airflow.exceptions.AirflowNotFoundException: The conn_id `postgres_default` isn't defined
[2022-12-12 15:14:01,021] {taskinstance.py:1400} INFO - Marking task as FAILED. dag_id=prepare_data, task_id=create_table, execution_date=20221128T165300, start_date=20221212T151341, end_date=20221212T151400
[2022-12-12 15:14:02,117] {standard_task_runner.py:97} ERROR - Failed to execute job 21 for task create_table (The conn_id `postgres_default` isn't defined; 328)
[2022-12-12 15:14:02,390] {local_task_job.py:156} INFO - Task exited with return code 1
[2022-12-12 15:14:03,945] {local_task_job.py:273} INFO - 0 downstream tasks scheduled from follow-on schedule check
