[2022-12-03 14:49:46,779] {taskinstance.py:1159} INFO - Dependencies all met for <TaskInstance: prepare_data.create_table scheduled__2022-11-28T18:17:00+00:00 [queued]>
[2022-12-03 14:49:48,360] {taskinstance.py:1159} INFO - Dependencies all met for <TaskInstance: prepare_data.create_table scheduled__2022-11-28T18:17:00+00:00 [queued]>
[2022-12-03 14:49:48,360] {taskinstance.py:1356} INFO - 
--------------------------------------------------------------------------------
[2022-12-03 14:49:48,361] {taskinstance.py:1357} INFO - Starting attempt 1 of 1
[2022-12-03 14:49:48,361] {taskinstance.py:1358} INFO - 
--------------------------------------------------------------------------------
[2022-12-03 14:49:50,397] {taskinstance.py:1377} INFO - Executing <Task(PostgresOperator): create_table> on 2022-11-28 18:17:00+00:00
[2022-12-03 14:49:50,772] {standard_task_runner.py:52} INFO - Started process 524 to run task
[2022-12-03 14:49:51,044] {standard_task_runner.py:79} INFO - Running: ['airflow', 'tasks', 'run', 'prepare_data', 'create_table', 'scheduled__2022-11-28T18:17:00+00:00', '--job-id', '107', '--raw', '--subdir', 'DAGS_FOLDER/prepare_data.py', '--cfg-path', '/tmp/tmpkykqnivq', '--error-file', '/tmp/tmpczw1juws']
[2022-12-03 14:49:51,193] {standard_task_runner.py:80} INFO - Job 107: Subtask create_table
[2022-12-03 14:49:56,358] {task_command.py:369} INFO - Running <TaskInstance: prepare_data.create_table scheduled__2022-11-28T18:17:00+00:00 [running]> on host b41792e8e843
[2022-12-03 14:50:04,702] {taskinstance.py:1571} INFO - Exporting the following env vars:
AIRFLOW_CTX_DAG_OWNER=airflow
AIRFLOW_CTX_DAG_ID=prepare_data
AIRFLOW_CTX_TASK_ID=create_table
AIRFLOW_CTX_EXECUTION_DATE=2022-11-28T18:17:00+00:00
AIRFLOW_CTX_TRY_NUMBER=1
AIRFLOW_CTX_DAG_RUN_ID=scheduled__2022-11-28T18:17:00+00:00
[2022-12-03 14:50:05,930] {base.py:68} INFO - Using connection ID 'postgres_default' for task execution.
[2022-12-03 14:50:06,317] {dbapi.py:208} INFO - Running statement: CREATE TABLE IF NOT EXISTS prepared_data (
	id SERIAL,
	sensor_id BIGINT,
	longitude FLOAT,
	latitude FLOAT,
	controller_id BIGINT,
	datetime TIMESTAMP WITH TIME ZONE,
	temperature INTEGER
);, parameters: None
[2022-12-03 14:50:06,359] {postgres.py:94} INFO - NOTICE:  relation "prepared_data" already exists, skipping

[2022-12-03 14:50:13,368] {taskinstance.py:1400} INFO - Marking task as SUCCESS. dag_id=prepare_data, task_id=create_table, execution_date=20221128T181700, start_date=20221203T144946, end_date=20221203T145013
[2022-12-03 14:50:14,418] {local_task_job.py:156} INFO - Task exited with return code 0
[2022-12-03 14:50:18,804] {local_task_job.py:273} INFO - 1 downstream tasks scheduled from follow-on schedule check
[2022-12-12 12:33:42,412] {taskinstance.py:1159} INFO - Dependencies all met for <TaskInstance: prepare_data.create_table scheduled__2022-11-28T18:17:00+00:00 [queued]>
[2022-12-12 12:33:42,583] {taskinstance.py:1159} INFO - Dependencies all met for <TaskInstance: prepare_data.create_table scheduled__2022-11-28T18:17:00+00:00 [queued]>
[2022-12-12 12:33:42,583] {taskinstance.py:1356} INFO - 
--------------------------------------------------------------------------------
[2022-12-12 12:33:42,583] {taskinstance.py:1357} INFO - Starting attempt 1 of 1
[2022-12-12 12:33:42,583] {taskinstance.py:1358} INFO - 
--------------------------------------------------------------------------------
[2022-12-12 12:33:42,803] {taskinstance.py:1377} INFO - Executing <Task(PostgresOperator): create_table> on 2022-11-28 18:17:00+00:00
[2022-12-12 12:33:42,884] {standard_task_runner.py:52} INFO - Started process 498 to run task
[2022-12-12 12:33:42,950] {standard_task_runner.py:79} INFO - Running: ['airflow', 'tasks', 'run', 'prepare_data', 'create_table', 'scheduled__2022-11-28T18:17:00+00:00', '--job-id', '105', '--raw', '--subdir', 'DAGS_FOLDER/prepare_data.py', '--cfg-path', '/tmp/tmprlwzzs6k', '--error-file', '/tmp/tmp83nwu0hv']
[2022-12-12 12:33:43,041] {standard_task_runner.py:80} INFO - Job 105: Subtask create_table
[2022-12-12 12:33:44,485] {task_command.py:369} INFO - Running <TaskInstance: prepare_data.create_table scheduled__2022-11-28T18:17:00+00:00 [running]> on host b778137d8ea6
[2022-12-12 12:33:46,435] {taskinstance.py:1571} INFO - Exporting the following env vars:
AIRFLOW_CTX_DAG_OWNER=airflow
AIRFLOW_CTX_DAG_ID=prepare_data
AIRFLOW_CTX_TASK_ID=create_table
AIRFLOW_CTX_EXECUTION_DATE=2022-11-28T18:17:00+00:00
AIRFLOW_CTX_TRY_NUMBER=1
AIRFLOW_CTX_DAG_RUN_ID=scheduled__2022-11-28T18:17:00+00:00
[2022-12-12 12:33:47,077] {taskinstance.py:1889} ERROR - Task failed with exception
Traceback (most recent call last):
  File "/home/airflow/.local/lib/python3.7/site-packages/airflow/providers/postgres/operators/postgres.py", line 92, in execute
    self.hook.run(self.sql, self.autocommit, parameters=self.parameters)
  File "/home/airflow/.local/lib/python3.7/site-packages/airflow/hooks/dbapi.py", line 181, in run
    with closing(self.get_conn()) as conn:
  File "/home/airflow/.local/lib/python3.7/site-packages/airflow/providers/postgres/hooks/postgres.py", line 86, in get_conn
    conn = deepcopy(self.connection or self.get_connection(conn_id))
  File "/home/airflow/.local/lib/python3.7/site-packages/airflow/hooks/base.py", line 67, in get_connection
    conn = Connection.get_connection_from_secrets(conn_id)
  File "/home/airflow/.local/lib/python3.7/site-packages/airflow/models/connection.py", line 430, in get_connection_from_secrets
    raise AirflowNotFoundException(f"The conn_id `{conn_id}` isn't defined")
airflow.exceptions.AirflowNotFoundException: The conn_id `postgres_default` isn't defined
[2022-12-12 12:33:47,137] {taskinstance.py:1400} INFO - Marking task as FAILED. dag_id=prepare_data, task_id=create_table, execution_date=20221128T181700, start_date=20221212T123342, end_date=20221212T123347
[2022-12-12 12:33:47,304] {standard_task_runner.py:97} ERROR - Failed to execute job 105 for task create_table (The conn_id `postgres_default` isn't defined; 498)
[2022-12-12 12:33:47,398] {local_task_job.py:156} INFO - Task exited with return code 1
[2022-12-12 12:33:49,203] {local_task_job.py:273} INFO - 0 downstream tasks scheduled from follow-on schedule check
