[2022-12-03 14:46:43,372] {taskinstance.py:1159} INFO - Dependencies all met for <TaskInstance: prepare_data.create_table scheduled__2022-11-28T17:34:00+00:00 [queued]>
[2022-12-03 14:46:43,452] {taskinstance.py:1159} INFO - Dependencies all met for <TaskInstance: prepare_data.create_table scheduled__2022-11-28T17:34:00+00:00 [queued]>
[2022-12-03 14:46:43,453] {taskinstance.py:1356} INFO - 
--------------------------------------------------------------------------------
[2022-12-03 14:46:43,453] {taskinstance.py:1357} INFO - Starting attempt 1 of 1
[2022-12-03 14:46:43,453] {taskinstance.py:1358} INFO - 
--------------------------------------------------------------------------------
[2022-12-03 14:46:43,710] {taskinstance.py:1377} INFO - Executing <Task(PostgresOperator): create_table> on 2022-11-28 17:34:00+00:00
[2022-12-03 14:46:43,737] {standard_task_runner.py:52} INFO - Started process 401 to run task
[2022-12-03 14:46:43,764] {standard_task_runner.py:79} INFO - Running: ['airflow', 'tasks', 'run', 'prepare_data', 'create_table', 'scheduled__2022-11-28T17:34:00+00:00', '--job-id', '62', '--raw', '--subdir', 'DAGS_FOLDER/prepare_data.py', '--cfg-path', '/tmp/tmpzj2pnf0s', '--error-file', '/tmp/tmp20ih6dhr']
[2022-12-03 14:46:43,774] {standard_task_runner.py:80} INFO - Job 62: Subtask create_table
[2022-12-03 14:46:44,554] {task_command.py:369} INFO - Running <TaskInstance: prepare_data.create_table scheduled__2022-11-28T17:34:00+00:00 [running]> on host b41792e8e843
[2022-12-03 14:46:45,970] {taskinstance.py:1571} INFO - Exporting the following env vars:
AIRFLOW_CTX_DAG_OWNER=airflow
AIRFLOW_CTX_DAG_ID=prepare_data
AIRFLOW_CTX_TASK_ID=create_table
AIRFLOW_CTX_EXECUTION_DATE=2022-11-28T17:34:00+00:00
AIRFLOW_CTX_TRY_NUMBER=1
AIRFLOW_CTX_DAG_RUN_ID=scheduled__2022-11-28T17:34:00+00:00
[2022-12-03 14:46:46,359] {taskinstance.py:1889} ERROR - Task failed with exception
Traceback (most recent call last):
  File "/home/airflow/.local/lib/python3.7/site-packages/airflow/providers/postgres/operators/postgres.py", line 92, in execute
    self.hook.run(self.sql, self.autocommit, parameters=self.parameters)
  File "/home/airflow/.local/lib/python3.7/site-packages/airflow/hooks/dbapi.py", line 181, in run
    with closing(self.get_conn()) as conn:
  File "/home/airflow/.local/lib/python3.7/site-packages/airflow/providers/postgres/hooks/postgres.py", line 86, in get_conn
    conn = deepcopy(self.connection or self.get_connection(conn_id))
  File "/home/airflow/.local/lib/python3.7/site-packages/airflow/hooks/base.py", line 67, in get_connection
    conn = Connection.get_connection_from_secrets(conn_id)
  File "/home/airflow/.local/lib/python3.7/site-packages/airflow/models/connection.py", line 430, in get_connection_from_secrets
    raise AirflowNotFoundException(f"The conn_id `{conn_id}` isn't defined")
airflow.exceptions.AirflowNotFoundException: The conn_id `postgres_default` isn't defined
[2022-12-03 14:46:46,434] {taskinstance.py:1400} INFO - Marking task as FAILED. dag_id=prepare_data, task_id=create_table, execution_date=20221128T173400, start_date=20221203T144643, end_date=20221203T144646
[2022-12-03 14:46:46,655] {standard_task_runner.py:97} ERROR - Failed to execute job 62 for task create_table (The conn_id `postgres_default` isn't defined; 401)
[2022-12-03 14:46:46,736] {local_task_job.py:156} INFO - Task exited with return code 1
[2022-12-03 14:46:47,125] {local_task_job.py:273} INFO - 0 downstream tasks scheduled from follow-on schedule check
[2022-12-12 12:32:14,613] {taskinstance.py:1159} INFO - Dependencies all met for <TaskInstance: prepare_data.create_table scheduled__2022-11-28T17:34:00+00:00 [queued]>
[2022-12-12 12:32:14,879] {taskinstance.py:1159} INFO - Dependencies all met for <TaskInstance: prepare_data.create_table scheduled__2022-11-28T17:34:00+00:00 [queued]>
[2022-12-12 12:32:14,880] {taskinstance.py:1356} INFO - 
--------------------------------------------------------------------------------
[2022-12-12 12:32:14,880] {taskinstance.py:1357} INFO - Starting attempt 1 of 1
[2022-12-12 12:32:14,880] {taskinstance.py:1358} INFO - 
--------------------------------------------------------------------------------
[2022-12-12 12:32:15,128] {taskinstance.py:1377} INFO - Executing <Task(PostgresOperator): create_table> on 2022-11-28 17:34:00+00:00
[2022-12-12 12:32:15,280] {standard_task_runner.py:52} INFO - Started process 396 to run task
[2022-12-12 12:32:15,446] {standard_task_runner.py:79} INFO - Running: ['airflow', 'tasks', 'run', 'prepare_data', 'create_table', 'scheduled__2022-11-28T17:34:00+00:00', '--job-id', '62', '--raw', '--subdir', 'DAGS_FOLDER/prepare_data.py', '--cfg-path', '/tmp/tmpezhsete_', '--error-file', '/tmp/tmp_8u79nx0']
[2022-12-12 12:32:15,458] {standard_task_runner.py:80} INFO - Job 62: Subtask create_table
[2022-12-12 12:32:17,476] {task_command.py:369} INFO - Running <TaskInstance: prepare_data.create_table scheduled__2022-11-28T17:34:00+00:00 [running]> on host b778137d8ea6
[2022-12-12 12:32:18,654] {taskinstance.py:1571} INFO - Exporting the following env vars:
AIRFLOW_CTX_DAG_OWNER=airflow
AIRFLOW_CTX_DAG_ID=prepare_data
AIRFLOW_CTX_TASK_ID=create_table
AIRFLOW_CTX_EXECUTION_DATE=2022-11-28T17:34:00+00:00
AIRFLOW_CTX_TRY_NUMBER=1
AIRFLOW_CTX_DAG_RUN_ID=scheduled__2022-11-28T17:34:00+00:00
[2022-12-12 12:32:18,870] {taskinstance.py:1889} ERROR - Task failed with exception
Traceback (most recent call last):
  File "/home/airflow/.local/lib/python3.7/site-packages/airflow/providers/postgres/operators/postgres.py", line 92, in execute
    self.hook.run(self.sql, self.autocommit, parameters=self.parameters)
  File "/home/airflow/.local/lib/python3.7/site-packages/airflow/hooks/dbapi.py", line 181, in run
    with closing(self.get_conn()) as conn:
  File "/home/airflow/.local/lib/python3.7/site-packages/airflow/providers/postgres/hooks/postgres.py", line 86, in get_conn
    conn = deepcopy(self.connection or self.get_connection(conn_id))
  File "/home/airflow/.local/lib/python3.7/site-packages/airflow/hooks/base.py", line 67, in get_connection
    conn = Connection.get_connection_from_secrets(conn_id)
  File "/home/airflow/.local/lib/python3.7/site-packages/airflow/models/connection.py", line 430, in get_connection_from_secrets
    raise AirflowNotFoundException(f"The conn_id `{conn_id}` isn't defined")
airflow.exceptions.AirflowNotFoundException: The conn_id `postgres_default` isn't defined
[2022-12-12 12:32:18,896] {taskinstance.py:1400} INFO - Marking task as FAILED. dag_id=prepare_data, task_id=create_table, execution_date=20221128T173400, start_date=20221212T123214, end_date=20221212T123218
[2022-12-12 12:32:18,964] {standard_task_runner.py:97} ERROR - Failed to execute job 62 for task create_table (The conn_id `postgres_default` isn't defined; 396)
[2022-12-12 12:32:19,011] {local_task_job.py:156} INFO - Task exited with return code 1
[2022-12-12 12:32:19,377] {local_task_job.py:273} INFO - 0 downstream tasks scheduled from follow-on schedule check
