[2022-12-03 14:46:16,040] {taskinstance.py:1159} INFO - Dependencies all met for <TaskInstance: prepare_data.create_table scheduled__2022-11-28T17:24:00+00:00 [queued]>
[2022-12-03 14:46:16,258] {taskinstance.py:1159} INFO - Dependencies all met for <TaskInstance: prepare_data.create_table scheduled__2022-11-28T17:24:00+00:00 [queued]>
[2022-12-03 14:46:16,259] {taskinstance.py:1356} INFO - 
--------------------------------------------------------------------------------
[2022-12-03 14:46:16,259] {taskinstance.py:1357} INFO - Starting attempt 1 of 1
[2022-12-03 14:46:16,259] {taskinstance.py:1358} INFO - 
--------------------------------------------------------------------------------
[2022-12-03 14:46:16,550] {taskinstance.py:1377} INFO - Executing <Task(PostgresOperator): create_table> on 2022-11-28 17:24:00+00:00
[2022-12-03 14:46:16,594] {standard_task_runner.py:52} INFO - Started process 375 to run task
[2022-12-03 14:46:16,643] {standard_task_runner.py:79} INFO - Running: ['airflow', 'tasks', 'run', 'prepare_data', 'create_table', 'scheduled__2022-11-28T17:24:00+00:00', '--job-id', '52', '--raw', '--subdir', 'DAGS_FOLDER/prepare_data.py', '--cfg-path', '/tmp/tmp8w77nk02', '--error-file', '/tmp/tmpd2wwz2hw']
[2022-12-03 14:46:16,661] {standard_task_runner.py:80} INFO - Job 52: Subtask create_table
[2022-12-03 14:46:17,373] {task_command.py:369} INFO - Running <TaskInstance: prepare_data.create_table scheduled__2022-11-28T17:24:00+00:00 [running]> on host b41792e8e843
[2022-12-03 14:46:18,663] {taskinstance.py:1571} INFO - Exporting the following env vars:
AIRFLOW_CTX_DAG_OWNER=airflow
AIRFLOW_CTX_DAG_ID=prepare_data
AIRFLOW_CTX_TASK_ID=create_table
AIRFLOW_CTX_EXECUTION_DATE=2022-11-28T17:24:00+00:00
AIRFLOW_CTX_TRY_NUMBER=1
AIRFLOW_CTX_DAG_RUN_ID=scheduled__2022-11-28T17:24:00+00:00
[2022-12-03 14:46:18,853] {taskinstance.py:1889} ERROR - Task failed with exception
Traceback (most recent call last):
  File "/home/airflow/.local/lib/python3.7/site-packages/airflow/providers/postgres/operators/postgres.py", line 92, in execute
    self.hook.run(self.sql, self.autocommit, parameters=self.parameters)
  File "/home/airflow/.local/lib/python3.7/site-packages/airflow/hooks/dbapi.py", line 181, in run
    with closing(self.get_conn()) as conn:
  File "/home/airflow/.local/lib/python3.7/site-packages/airflow/providers/postgres/hooks/postgres.py", line 86, in get_conn
    conn = deepcopy(self.connection or self.get_connection(conn_id))
  File "/home/airflow/.local/lib/python3.7/site-packages/airflow/hooks/base.py", line 67, in get_connection
    conn = Connection.get_connection_from_secrets(conn_id)
  File "/home/airflow/.local/lib/python3.7/site-packages/airflow/models/connection.py", line 430, in get_connection_from_secrets
    raise AirflowNotFoundException(f"The conn_id `{conn_id}` isn't defined")
airflow.exceptions.AirflowNotFoundException: The conn_id `postgres_default` isn't defined
[2022-12-03 14:46:18,882] {taskinstance.py:1400} INFO - Marking task as FAILED. dag_id=prepare_data, task_id=create_table, execution_date=20221128T172400, start_date=20221203T144616, end_date=20221203T144618
[2022-12-03 14:46:18,973] {standard_task_runner.py:97} ERROR - Failed to execute job 52 for task create_table (The conn_id `postgres_default` isn't defined; 375)
[2022-12-03 14:46:19,011] {local_task_job.py:156} INFO - Task exited with return code 1
[2022-12-03 14:46:19,237] {local_task_job.py:273} INFO - 0 downstream tasks scheduled from follow-on schedule check
[2022-12-12 12:31:46,555] {taskinstance.py:1159} INFO - Dependencies all met for <TaskInstance: prepare_data.create_table scheduled__2022-11-28T17:24:00+00:00 [queued]>
[2022-12-12 12:31:46,761] {taskinstance.py:1159} INFO - Dependencies all met for <TaskInstance: prepare_data.create_table scheduled__2022-11-28T17:24:00+00:00 [queued]>
[2022-12-12 12:31:46,761] {taskinstance.py:1356} INFO - 
--------------------------------------------------------------------------------
[2022-12-12 12:31:46,761] {taskinstance.py:1357} INFO - Starting attempt 1 of 1
[2022-12-12 12:31:46,761] {taskinstance.py:1358} INFO - 
--------------------------------------------------------------------------------
[2022-12-12 12:31:47,498] {taskinstance.py:1377} INFO - Executing <Task(PostgresOperator): create_table> on 2022-11-28 17:24:00+00:00
[2022-12-12 12:31:47,696] {standard_task_runner.py:52} INFO - Started process 372 to run task
[2022-12-12 12:31:47,914] {standard_task_runner.py:79} INFO - Running: ['airflow', 'tasks', 'run', 'prepare_data', 'create_table', 'scheduled__2022-11-28T17:24:00+00:00', '--job-id', '52', '--raw', '--subdir', 'DAGS_FOLDER/prepare_data.py', '--cfg-path', '/tmp/tmpucephv68', '--error-file', '/tmp/tmpiqga2k7s']
[2022-12-12 12:31:47,938] {standard_task_runner.py:80} INFO - Job 52: Subtask create_table
[2022-12-12 12:31:49,006] {task_command.py:369} INFO - Running <TaskInstance: prepare_data.create_table scheduled__2022-11-28T17:24:00+00:00 [running]> on host b778137d8ea6
[2022-12-12 12:31:51,379] {taskinstance.py:1571} INFO - Exporting the following env vars:
AIRFLOW_CTX_DAG_OWNER=airflow
AIRFLOW_CTX_DAG_ID=prepare_data
AIRFLOW_CTX_TASK_ID=create_table
AIRFLOW_CTX_EXECUTION_DATE=2022-11-28T17:24:00+00:00
AIRFLOW_CTX_TRY_NUMBER=1
AIRFLOW_CTX_DAG_RUN_ID=scheduled__2022-11-28T17:24:00+00:00
[2022-12-12 12:31:52,686] {taskinstance.py:1889} ERROR - Task failed with exception
Traceback (most recent call last):
  File "/home/airflow/.local/lib/python3.7/site-packages/airflow/providers/postgres/operators/postgres.py", line 92, in execute
    self.hook.run(self.sql, self.autocommit, parameters=self.parameters)
  File "/home/airflow/.local/lib/python3.7/site-packages/airflow/hooks/dbapi.py", line 181, in run
    with closing(self.get_conn()) as conn:
  File "/home/airflow/.local/lib/python3.7/site-packages/airflow/providers/postgres/hooks/postgres.py", line 86, in get_conn
    conn = deepcopy(self.connection or self.get_connection(conn_id))
  File "/home/airflow/.local/lib/python3.7/site-packages/airflow/hooks/base.py", line 67, in get_connection
    conn = Connection.get_connection_from_secrets(conn_id)
  File "/home/airflow/.local/lib/python3.7/site-packages/airflow/models/connection.py", line 430, in get_connection_from_secrets
    raise AirflowNotFoundException(f"The conn_id `{conn_id}` isn't defined")
airflow.exceptions.AirflowNotFoundException: The conn_id `postgres_default` isn't defined
[2022-12-12 12:31:52,769] {taskinstance.py:1400} INFO - Marking task as FAILED. dag_id=prepare_data, task_id=create_table, execution_date=20221128T172400, start_date=20221212T123146, end_date=20221212T123152
[2022-12-12 12:31:53,683] {standard_task_runner.py:97} ERROR - Failed to execute job 52 for task create_table (The conn_id `postgres_default` isn't defined; 372)
[2022-12-12 12:31:53,819] {local_task_job.py:156} INFO - Task exited with return code 1
[2022-12-12 12:31:54,371] {local_task_job.py:273} INFO - 0 downstream tasks scheduled from follow-on schedule check
