[2022-12-03 15:10:29,428] {taskinstance.py:1159} INFO - Dependencies all met for <TaskInstance: prepare_data.transfer_data scheduled__2022-11-28T19:45:00+00:00 [queued]>
[2022-12-03 15:10:29,664] {taskinstance.py:1159} INFO - Dependencies all met for <TaskInstance: prepare_data.transfer_data scheduled__2022-11-28T19:45:00+00:00 [queued]>
[2022-12-03 15:10:29,667] {taskinstance.py:1356} INFO - 
--------------------------------------------------------------------------------
[2022-12-03 15:10:29,668] {taskinstance.py:1357} INFO - Starting attempt 1 of 1
[2022-12-03 15:10:29,668] {taskinstance.py:1358} INFO - 
--------------------------------------------------------------------------------
[2022-12-03 15:10:30,054] {taskinstance.py:1377} INFO - Executing <Task(PythonOperator): transfer_data> on 2022-11-28 19:45:00+00:00
[2022-12-03 15:10:30,072] {standard_task_runner.py:52} INFO - Started process 1239 to run task
[2022-12-03 15:10:30,148] {standard_task_runner.py:79} INFO - Running: ['airflow', 'tasks', 'run', 'prepare_data', 'transfer_data', 'scheduled__2022-11-28T19:45:00+00:00', '--job-id', '389', '--raw', '--subdir', 'DAGS_FOLDER/prepare_data.py', '--cfg-path', '/tmp/tmpt74zydjd', '--error-file', '/tmp/tmpu6fxjm38']
[2022-12-03 15:10:30,171] {standard_task_runner.py:80} INFO - Job 389: Subtask transfer_data
[2022-12-03 15:10:32,764] {task_command.py:369} INFO - Running <TaskInstance: prepare_data.transfer_data scheduled__2022-11-28T19:45:00+00:00 [running]> on host b41792e8e843
[2022-12-03 15:10:34,767] {taskinstance.py:1571} INFO - Exporting the following env vars:
AIRFLOW_CTX_DAG_OWNER=airflow
AIRFLOW_CTX_DAG_ID=prepare_data
AIRFLOW_CTX_TASK_ID=transfer_data
AIRFLOW_CTX_EXECUTION_DATE=2022-11-28T19:45:00+00:00
AIRFLOW_CTX_TRY_NUMBER=1
AIRFLOW_CTX_DAG_RUN_ID=scheduled__2022-11-28T19:45:00+00:00
[2022-12-03 15:10:34,951] {base.py:68} INFO - Using connection ID 'postgres_default' for task execution.
[2022-12-03 15:10:35,226] {python.py:173} INFO - Done. Returned value was: None
[2022-12-03 15:10:35,824] {taskinstance.py:1400} INFO - Marking task as SUCCESS. dag_id=prepare_data, task_id=transfer_data, execution_date=20221128T194500, start_date=20221203T151029, end_date=20221203T151035
[2022-12-03 15:10:36,117] {local_task_job.py:156} INFO - Task exited with return code 0
[2022-12-03 15:10:36,601] {local_task_job.py:273} INFO - 0 downstream tasks scheduled from follow-on schedule check
