[2022-12-12 13:01:49,346] {taskinstance.py:1159} INFO - Dependencies all met for <TaskInstance: prepare_data.transfer_data scheduled__2022-11-28T23:06:00+00:00 [queued]>
[2022-12-12 13:01:49,612] {taskinstance.py:1159} INFO - Dependencies all met for <TaskInstance: prepare_data.transfer_data scheduled__2022-11-28T23:06:00+00:00 [queued]>
[2022-12-12 13:01:49,612] {taskinstance.py:1356} INFO - 
--------------------------------------------------------------------------------
[2022-12-12 13:01:49,612] {taskinstance.py:1357} INFO - Starting attempt 1 of 1
[2022-12-12 13:01:49,612] {taskinstance.py:1358} INFO - 
--------------------------------------------------------------------------------
[2022-12-12 13:01:49,737] {taskinstance.py:1377} INFO - Executing <Task(PythonOperator): transfer_data> on 2022-11-28 23:06:00+00:00
[2022-12-12 13:01:49,791] {standard_task_runner.py:52} INFO - Started process 1623 to run task
[2022-12-12 13:01:49,802] {standard_task_runner.py:79} INFO - Running: ['airflow', 'tasks', 'run', 'prepare_data', 'transfer_data', 'scheduled__2022-11-28T23:06:00+00:00', '--job-id', '556', '--raw', '--subdir', 'DAGS_FOLDER/prepare_data.py', '--cfg-path', '/tmp/tmpgb789dpc', '--error-file', '/tmp/tmpk4gw_ouf']
[2022-12-12 13:01:49,892] {standard_task_runner.py:80} INFO - Job 556: Subtask transfer_data
[2022-12-12 13:01:50,844] {task_command.py:369} INFO - Running <TaskInstance: prepare_data.transfer_data scheduled__2022-11-28T23:06:00+00:00 [running]> on host b778137d8ea6
[2022-12-12 13:01:51,968] {taskinstance.py:1571} INFO - Exporting the following env vars:
AIRFLOW_CTX_DAG_OWNER=airflow
AIRFLOW_CTX_DAG_ID=prepare_data
AIRFLOW_CTX_TASK_ID=transfer_data
AIRFLOW_CTX_EXECUTION_DATE=2022-11-28T23:06:00+00:00
AIRFLOW_CTX_TRY_NUMBER=1
AIRFLOW_CTX_DAG_RUN_ID=scheduled__2022-11-28T23:06:00+00:00
[2022-12-12 13:01:52,036] {base.py:68} INFO - Using connection ID 'postgres_default' for task execution.
[2022-12-12 13:01:52,188] {python.py:173} INFO - Done. Returned value was: None
[2022-12-12 13:01:52,364] {taskinstance.py:1400} INFO - Marking task as SUCCESS. dag_id=prepare_data, task_id=transfer_data, execution_date=20221128T230600, start_date=20221212T130149, end_date=20221212T130152
[2022-12-12 13:01:52,445] {local_task_job.py:156} INFO - Task exited with return code 0
[2022-12-12 13:01:52,522] {local_task_job.py:273} INFO - 0 downstream tasks scheduled from follow-on schedule check
