[2022-12-03 14:49:53,435] {taskinstance.py:1159} INFO - Dependencies all met for <TaskInstance: prepare_data.get_last_id scheduled__2022-11-28T18:14:00+00:00 [queued]>
[2022-12-03 14:49:54,399] {taskinstance.py:1159} INFO - Dependencies all met for <TaskInstance: prepare_data.get_last_id scheduled__2022-11-28T18:14:00+00:00 [queued]>
[2022-12-03 14:49:54,400] {taskinstance.py:1356} INFO - 
--------------------------------------------------------------------------------
[2022-12-03 14:49:54,400] {taskinstance.py:1357} INFO - Starting attempt 1 of 1
[2022-12-03 14:49:54,400] {taskinstance.py:1358} INFO - 
--------------------------------------------------------------------------------
[2022-12-03 14:49:55,712] {taskinstance.py:1377} INFO - Executing <Task(PythonOperator): get_last_id> on 2022-11-28 18:14:00+00:00
[2022-12-03 14:49:55,908] {standard_task_runner.py:52} INFO - Started process 526 to run task
[2022-12-03 14:49:56,210] {standard_task_runner.py:79} INFO - Running: ['airflow', 'tasks', 'run', 'prepare_data', 'get_last_id', 'scheduled__2022-11-28T18:14:00+00:00', '--job-id', '109', '--raw', '--subdir', 'DAGS_FOLDER/prepare_data.py', '--cfg-path', '/tmp/tmpicyyk9lr', '--error-file', '/tmp/tmpfjeinreq']
[2022-12-03 14:49:56,273] {standard_task_runner.py:80} INFO - Job 109: Subtask get_last_id
[2022-12-03 14:50:01,560] {task_command.py:369} INFO - Running <TaskInstance: prepare_data.get_last_id scheduled__2022-11-28T18:14:00+00:00 [running]> on host b41792e8e843
[2022-12-03 14:50:10,302] {taskinstance.py:1571} INFO - Exporting the following env vars:
AIRFLOW_CTX_DAG_OWNER=airflow
AIRFLOW_CTX_DAG_ID=prepare_data
AIRFLOW_CTX_TASK_ID=get_last_id
AIRFLOW_CTX_EXECUTION_DATE=2022-11-28T18:14:00+00:00
AIRFLOW_CTX_TRY_NUMBER=1
AIRFLOW_CTX_DAG_RUN_ID=scheduled__2022-11-28T18:14:00+00:00
[2022-12-03 14:50:11,640] {base.py:68} INFO - Using connection ID 'postgres_default' for task execution.
[2022-12-03 14:50:12,761] {python.py:173} INFO - Done. Returned value was: None
[2022-12-03 14:50:14,231] {taskinstance.py:1400} INFO - Marking task as SUCCESS. dag_id=prepare_data, task_id=get_last_id, execution_date=20221128T181400, start_date=20221203T144953, end_date=20221203T145014
[2022-12-03 14:50:15,791] {local_task_job.py:156} INFO - Task exited with return code 0
[2022-12-03 14:50:18,840] {local_task_job.py:273} INFO - 1 downstream tasks scheduled from follow-on schedule check
