[2022-12-03 15:11:04,458] {taskinstance.py:1159} INFO - Dependencies all met for <TaskInstance: prepare_data.transfer_data scheduled__2022-11-28T19:49:00+00:00 [queued]>
[2022-12-03 15:11:04,710] {taskinstance.py:1159} INFO - Dependencies all met for <TaskInstance: prepare_data.transfer_data scheduled__2022-11-28T19:49:00+00:00 [queued]>
[2022-12-03 15:11:04,711] {taskinstance.py:1356} INFO - 
--------------------------------------------------------------------------------
[2022-12-03 15:11:04,711] {taskinstance.py:1357} INFO - Starting attempt 1 of 1
[2022-12-03 15:11:04,711] {taskinstance.py:1358} INFO - 
--------------------------------------------------------------------------------
[2022-12-03 15:11:05,046] {taskinstance.py:1377} INFO - Executing <Task(PythonOperator): transfer_data> on 2022-11-28 19:49:00+00:00
[2022-12-03 15:11:05,098] {standard_task_runner.py:52} INFO - Started process 1272 to run task
[2022-12-03 15:11:05,179] {standard_task_runner.py:79} INFO - Running: ['airflow', 'tasks', 'run', 'prepare_data', 'transfer_data', 'scheduled__2022-11-28T19:49:00+00:00', '--job-id', '402', '--raw', '--subdir', 'DAGS_FOLDER/prepare_data.py', '--cfg-path', '/tmp/tmp3bfmohfp', '--error-file', '/tmp/tmpblmyh0eh']
[2022-12-03 15:11:05,216] {standard_task_runner.py:80} INFO - Job 402: Subtask transfer_data
[2022-12-03 15:11:06,458] {task_command.py:369} INFO - Running <TaskInstance: prepare_data.transfer_data scheduled__2022-11-28T19:49:00+00:00 [running]> on host b41792e8e843
[2022-12-03 15:11:08,393] {taskinstance.py:1571} INFO - Exporting the following env vars:
AIRFLOW_CTX_DAG_OWNER=airflow
AIRFLOW_CTX_DAG_ID=prepare_data
AIRFLOW_CTX_TASK_ID=transfer_data
AIRFLOW_CTX_EXECUTION_DATE=2022-11-28T19:49:00+00:00
AIRFLOW_CTX_TRY_NUMBER=1
AIRFLOW_CTX_DAG_RUN_ID=scheduled__2022-11-28T19:49:00+00:00
[2022-12-03 15:11:08,596] {base.py:68} INFO - Using connection ID 'postgres_default' for task execution.
[2022-12-03 15:11:08,878] {python.py:173} INFO - Done. Returned value was: None
[2022-12-03 15:11:09,156] {taskinstance.py:1400} INFO - Marking task as SUCCESS. dag_id=prepare_data, task_id=transfer_data, execution_date=20221128T194900, start_date=20221203T151104, end_date=20221203T151109
[2022-12-03 15:11:09,363] {local_task_job.py:156} INFO - Task exited with return code 0
[2022-12-03 15:11:10,001] {local_task_job.py:273} INFO - 0 downstream tasks scheduled from follow-on schedule check
