[2022-12-03 14:45:06,668] {taskinstance.py:1159} INFO - Dependencies all met for <TaskInstance: prepare_data.create_table scheduled__2022-11-28T17:03:00+00:00 [queued]>
[2022-12-03 14:45:06,995] {taskinstance.py:1159} INFO - Dependencies all met for <TaskInstance: prepare_data.create_table scheduled__2022-11-28T17:03:00+00:00 [queued]>
[2022-12-03 14:45:07,016] {taskinstance.py:1356} INFO - 
--------------------------------------------------------------------------------
[2022-12-03 14:45:07,016] {taskinstance.py:1357} INFO - Starting attempt 1 of 1
[2022-12-03 14:45:07,017] {taskinstance.py:1358} INFO - 
--------------------------------------------------------------------------------
[2022-12-03 14:45:07,410] {taskinstance.py:1377} INFO - Executing <Task(PostgresOperator): create_table> on 2022-11-28 17:03:00+00:00
[2022-12-03 14:45:07,563] {standard_task_runner.py:52} INFO - Started process 325 to run task
[2022-12-03 14:45:07,627] {standard_task_runner.py:79} INFO - Running: ['airflow', 'tasks', 'run', 'prepare_data', 'create_table', 'scheduled__2022-11-28T17:03:00+00:00', '--job-id', '31', '--raw', '--subdir', 'DAGS_FOLDER/prepare_data.py', '--cfg-path', '/tmp/tmpw54mrswl', '--error-file', '/tmp/tmpu6wxuscb']
[2022-12-03 14:45:07,656] {standard_task_runner.py:80} INFO - Job 31: Subtask create_table
[2022-12-03 14:45:08,816] {task_command.py:369} INFO - Running <TaskInstance: prepare_data.create_table scheduled__2022-11-28T17:03:00+00:00 [running]> on host b41792e8e843
[2022-12-03 14:45:11,352] {taskinstance.py:1571} INFO - Exporting the following env vars:
AIRFLOW_CTX_DAG_OWNER=airflow
AIRFLOW_CTX_DAG_ID=prepare_data
AIRFLOW_CTX_TASK_ID=create_table
AIRFLOW_CTX_EXECUTION_DATE=2022-11-28T17:03:00+00:00
AIRFLOW_CTX_TRY_NUMBER=1
AIRFLOW_CTX_DAG_RUN_ID=scheduled__2022-11-28T17:03:00+00:00
[2022-12-03 14:45:11,850] {taskinstance.py:1889} ERROR - Task failed with exception
Traceback (most recent call last):
  File "/home/airflow/.local/lib/python3.7/site-packages/airflow/providers/postgres/operators/postgres.py", line 92, in execute
    self.hook.run(self.sql, self.autocommit, parameters=self.parameters)
  File "/home/airflow/.local/lib/python3.7/site-packages/airflow/hooks/dbapi.py", line 181, in run
    with closing(self.get_conn()) as conn:
  File "/home/airflow/.local/lib/python3.7/site-packages/airflow/providers/postgres/hooks/postgres.py", line 86, in get_conn
    conn = deepcopy(self.connection or self.get_connection(conn_id))
  File "/home/airflow/.local/lib/python3.7/site-packages/airflow/hooks/base.py", line 67, in get_connection
    conn = Connection.get_connection_from_secrets(conn_id)
  File "/home/airflow/.local/lib/python3.7/site-packages/airflow/models/connection.py", line 430, in get_connection_from_secrets
    raise AirflowNotFoundException(f"The conn_id `{conn_id}` isn't defined")
airflow.exceptions.AirflowNotFoundException: The conn_id `postgres_default` isn't defined
[2022-12-03 14:45:11,955] {taskinstance.py:1400} INFO - Marking task as FAILED. dag_id=prepare_data, task_id=create_table, execution_date=20221128T170300, start_date=20221203T144506, end_date=20221203T144511
[2022-12-03 14:45:12,338] {standard_task_runner.py:97} ERROR - Failed to execute job 31 for task create_table (The conn_id `postgres_default` isn't defined; 325)
[2022-12-03 14:45:12,457] {local_task_job.py:156} INFO - Task exited with return code 1
[2022-12-03 14:45:13,272] {local_task_job.py:273} INFO - 0 downstream tasks scheduled from follow-on schedule check
[2022-12-12 12:30:49,084] {taskinstance.py:1159} INFO - Dependencies all met for <TaskInstance: prepare_data.create_table scheduled__2022-11-28T17:03:00+00:00 [queued]>
[2022-12-12 12:30:49,221] {taskinstance.py:1159} INFO - Dependencies all met for <TaskInstance: prepare_data.create_table scheduled__2022-11-28T17:03:00+00:00 [queued]>
[2022-12-12 12:30:49,221] {taskinstance.py:1356} INFO - 
--------------------------------------------------------------------------------
[2022-12-12 12:30:49,221] {taskinstance.py:1357} INFO - Starting attempt 1 of 1
[2022-12-12 12:30:49,221] {taskinstance.py:1358} INFO - 
--------------------------------------------------------------------------------
[2022-12-12 12:30:49,427] {taskinstance.py:1377} INFO - Executing <Task(PostgresOperator): create_table> on 2022-11-28 17:03:00+00:00
[2022-12-12 12:30:49,452] {standard_task_runner.py:52} INFO - Started process 318 to run task
[2022-12-12 12:30:49,491] {standard_task_runner.py:79} INFO - Running: ['airflow', 'tasks', 'run', 'prepare_data', 'create_table', 'scheduled__2022-11-28T17:03:00+00:00', '--job-id', '31', '--raw', '--subdir', 'DAGS_FOLDER/prepare_data.py', '--cfg-path', '/tmp/tmpvwvm48oh', '--error-file', '/tmp/tmpxaumzji3']
[2022-12-12 12:30:49,515] {standard_task_runner.py:80} INFO - Job 31: Subtask create_table
[2022-12-12 12:30:50,155] {task_command.py:369} INFO - Running <TaskInstance: prepare_data.create_table scheduled__2022-11-28T17:03:00+00:00 [running]> on host b778137d8ea6
[2022-12-12 12:30:51,526] {taskinstance.py:1571} INFO - Exporting the following env vars:
AIRFLOW_CTX_DAG_OWNER=airflow
AIRFLOW_CTX_DAG_ID=prepare_data
AIRFLOW_CTX_TASK_ID=create_table
AIRFLOW_CTX_EXECUTION_DATE=2022-11-28T17:03:00+00:00
AIRFLOW_CTX_TRY_NUMBER=1
AIRFLOW_CTX_DAG_RUN_ID=scheduled__2022-11-28T17:03:00+00:00
[2022-12-12 12:30:52,231] {taskinstance.py:1889} ERROR - Task failed with exception
Traceback (most recent call last):
  File "/home/airflow/.local/lib/python3.7/site-packages/airflow/providers/postgres/operators/postgres.py", line 92, in execute
    self.hook.run(self.sql, self.autocommit, parameters=self.parameters)
  File "/home/airflow/.local/lib/python3.7/site-packages/airflow/hooks/dbapi.py", line 181, in run
    with closing(self.get_conn()) as conn:
  File "/home/airflow/.local/lib/python3.7/site-packages/airflow/providers/postgres/hooks/postgres.py", line 86, in get_conn
    conn = deepcopy(self.connection or self.get_connection(conn_id))
  File "/home/airflow/.local/lib/python3.7/site-packages/airflow/hooks/base.py", line 67, in get_connection
    conn = Connection.get_connection_from_secrets(conn_id)
  File "/home/airflow/.local/lib/python3.7/site-packages/airflow/models/connection.py", line 430, in get_connection_from_secrets
    raise AirflowNotFoundException(f"The conn_id `{conn_id}` isn't defined")
airflow.exceptions.AirflowNotFoundException: The conn_id `postgres_default` isn't defined
[2022-12-12 12:30:52,446] {taskinstance.py:1400} INFO - Marking task as FAILED. dag_id=prepare_data, task_id=create_table, execution_date=20221128T170300, start_date=20221212T123049, end_date=20221212T123052
[2022-12-12 12:30:52,619] {standard_task_runner.py:97} ERROR - Failed to execute job 31 for task create_table (The conn_id `postgres_default` isn't defined; 318)
[2022-12-12 12:30:52,667] {local_task_job.py:156} INFO - Task exited with return code 1
[2022-12-12 12:30:52,823] {local_task_job.py:273} INFO - 0 downstream tasks scheduled from follow-on schedule check
[2022-12-12 15:15:45,508] {taskinstance.py:1159} INFO - Dependencies all met for <TaskInstance: prepare_data.create_table scheduled__2022-11-28T17:03:00+00:00 [queued]>
[2022-12-12 15:15:46,713] {taskinstance.py:1159} INFO - Dependencies all met for <TaskInstance: prepare_data.create_table scheduled__2022-11-28T17:03:00+00:00 [queued]>
[2022-12-12 15:15:46,714] {taskinstance.py:1356} INFO - 
--------------------------------------------------------------------------------
[2022-12-12 15:15:46,714] {taskinstance.py:1357} INFO - Starting attempt 1 of 1
[2022-12-12 15:15:46,714] {taskinstance.py:1358} INFO - 
--------------------------------------------------------------------------------
[2022-12-12 15:15:47,795] {taskinstance.py:1377} INFO - Executing <Task(PostgresOperator): create_table> on 2022-11-28 17:03:00+00:00
[2022-12-12 15:15:48,066] {standard_task_runner.py:52} INFO - Started process 360 to run task
[2022-12-12 15:15:48,297] {standard_task_runner.py:79} INFO - Running: ['airflow', 'tasks', 'run', 'prepare_data', 'create_table', 'scheduled__2022-11-28T17:03:00+00:00', '--job-id', '31', '--raw', '--subdir', 'DAGS_FOLDER/prepare_data.py', '--cfg-path', '/tmp/tmp40th4no1', '--error-file', '/tmp/tmpab7rniur']
[2022-12-12 15:15:48,388] {standard_task_runner.py:80} INFO - Job 31: Subtask create_table
[2022-12-12 15:15:51,722] {task_command.py:369} INFO - Running <TaskInstance: prepare_data.create_table scheduled__2022-11-28T17:03:00+00:00 [running]> on host d4eb34144d92
[2022-12-12 15:15:56,922] {taskinstance.py:1571} INFO - Exporting the following env vars:
AIRFLOW_CTX_DAG_OWNER=airflow
AIRFLOW_CTX_DAG_ID=prepare_data
AIRFLOW_CTX_TASK_ID=create_table
AIRFLOW_CTX_EXECUTION_DATE=2022-11-28T17:03:00+00:00
AIRFLOW_CTX_TRY_NUMBER=1
AIRFLOW_CTX_DAG_RUN_ID=scheduled__2022-11-28T17:03:00+00:00
[2022-12-12 15:15:59,988] {taskinstance.py:1889} ERROR - Task failed with exception
Traceback (most recent call last):
  File "/home/airflow/.local/lib/python3.7/site-packages/airflow/providers/postgres/operators/postgres.py", line 92, in execute
    self.hook.run(self.sql, self.autocommit, parameters=self.parameters)
  File "/home/airflow/.local/lib/python3.7/site-packages/airflow/hooks/dbapi.py", line 181, in run
    with closing(self.get_conn()) as conn:
  File "/home/airflow/.local/lib/python3.7/site-packages/airflow/providers/postgres/hooks/postgres.py", line 86, in get_conn
    conn = deepcopy(self.connection or self.get_connection(conn_id))
  File "/home/airflow/.local/lib/python3.7/site-packages/airflow/hooks/base.py", line 67, in get_connection
    conn = Connection.get_connection_from_secrets(conn_id)
  File "/home/airflow/.local/lib/python3.7/site-packages/airflow/models/connection.py", line 430, in get_connection_from_secrets
    raise AirflowNotFoundException(f"The conn_id `{conn_id}` isn't defined")
airflow.exceptions.AirflowNotFoundException: The conn_id `postgres_default` isn't defined
[2022-12-12 15:16:00,282] {taskinstance.py:1400} INFO - Marking task as FAILED. dag_id=prepare_data, task_id=create_table, execution_date=20221128T170300, start_date=20221212T151545, end_date=20221212T151600
[2022-12-12 15:16:02,835] {standard_task_runner.py:97} ERROR - Failed to execute job 31 for task create_table (The conn_id `postgres_default` isn't defined; 360)
[2022-12-12 15:16:03,713] {local_task_job.py:156} INFO - Task exited with return code 1
[2022-12-12 15:16:08,399] {local_task_job.py:273} INFO - 0 downstream tasks scheduled from follow-on schedule check
