[2022-12-03 14:45:29,299] {taskinstance.py:1159} INFO - Dependencies all met for <TaskInstance: prepare_data.create_table scheduled__2022-11-28T17:10:00+00:00 [queued]>
[2022-12-03 14:45:29,488] {taskinstance.py:1159} INFO - Dependencies all met for <TaskInstance: prepare_data.create_table scheduled__2022-11-28T17:10:00+00:00 [queued]>
[2022-12-03 14:45:29,735] {taskinstance.py:1356} INFO - 
--------------------------------------------------------------------------------
[2022-12-03 14:45:29,735] {taskinstance.py:1357} INFO - Starting attempt 1 of 1
[2022-12-03 14:45:29,735] {taskinstance.py:1358} INFO - 
--------------------------------------------------------------------------------
[2022-12-03 14:45:30,858] {taskinstance.py:1377} INFO - Executing <Task(PostgresOperator): create_table> on 2022-11-28 17:10:00+00:00
[2022-12-03 14:45:30,965] {standard_task_runner.py:52} INFO - Started process 344 to run task
[2022-12-03 14:45:31,117] {standard_task_runner.py:79} INFO - Running: ['airflow', 'tasks', 'run', 'prepare_data', 'create_table', 'scheduled__2022-11-28T17:10:00+00:00', '--job-id', '38', '--raw', '--subdir', 'DAGS_FOLDER/prepare_data.py', '--cfg-path', '/tmp/tmp2p78_m8d', '--error-file', '/tmp/tmp85h0sfdu']
[2022-12-03 14:45:31,148] {standard_task_runner.py:80} INFO - Job 38: Subtask create_table
[2022-12-03 14:45:32,999] {task_command.py:369} INFO - Running <TaskInstance: prepare_data.create_table scheduled__2022-11-28T17:10:00+00:00 [running]> on host b41792e8e843
[2022-12-03 14:45:40,119] {taskinstance.py:1571} INFO - Exporting the following env vars:
AIRFLOW_CTX_DAG_OWNER=airflow
AIRFLOW_CTX_DAG_ID=prepare_data
AIRFLOW_CTX_TASK_ID=create_table
AIRFLOW_CTX_EXECUTION_DATE=2022-11-28T17:10:00+00:00
AIRFLOW_CTX_TRY_NUMBER=1
AIRFLOW_CTX_DAG_RUN_ID=scheduled__2022-11-28T17:10:00+00:00
[2022-12-03 14:45:43,208] {taskinstance.py:1889} ERROR - Task failed with exception
Traceback (most recent call last):
  File "/home/airflow/.local/lib/python3.7/site-packages/airflow/providers/postgres/operators/postgres.py", line 92, in execute
    self.hook.run(self.sql, self.autocommit, parameters=self.parameters)
  File "/home/airflow/.local/lib/python3.7/site-packages/airflow/hooks/dbapi.py", line 181, in run
    with closing(self.get_conn()) as conn:
  File "/home/airflow/.local/lib/python3.7/site-packages/airflow/providers/postgres/hooks/postgres.py", line 86, in get_conn
    conn = deepcopy(self.connection or self.get_connection(conn_id))
  File "/home/airflow/.local/lib/python3.7/site-packages/airflow/hooks/base.py", line 67, in get_connection
    conn = Connection.get_connection_from_secrets(conn_id)
  File "/home/airflow/.local/lib/python3.7/site-packages/airflow/models/connection.py", line 430, in get_connection_from_secrets
    raise AirflowNotFoundException(f"The conn_id `{conn_id}` isn't defined")
airflow.exceptions.AirflowNotFoundException: The conn_id `postgres_default` isn't defined
[2022-12-03 14:45:43,302] {taskinstance.py:1400} INFO - Marking task as FAILED. dag_id=prepare_data, task_id=create_table, execution_date=20221128T171000, start_date=20221203T144529, end_date=20221203T144543
[2022-12-03 14:45:46,130] {standard_task_runner.py:97} ERROR - Failed to execute job 38 for task create_table (The conn_id `postgres_default` isn't defined; 344)
[2022-12-03 14:45:46,332] {local_task_job.py:156} INFO - Task exited with return code 1
[2022-12-03 14:45:48,182] {local_task_job.py:273} INFO - 0 downstream tasks scheduled from follow-on schedule check
[2022-12-12 12:31:10,204] {taskinstance.py:1159} INFO - Dependencies all met for <TaskInstance: prepare_data.create_table scheduled__2022-11-28T17:10:00+00:00 [queued]>
[2022-12-12 12:31:10,344] {taskinstance.py:1159} INFO - Dependencies all met for <TaskInstance: prepare_data.create_table scheduled__2022-11-28T17:10:00+00:00 [queued]>
[2022-12-12 12:31:10,345] {taskinstance.py:1356} INFO - 
--------------------------------------------------------------------------------
[2022-12-12 12:31:10,345] {taskinstance.py:1357} INFO - Starting attempt 1 of 1
[2022-12-12 12:31:10,345] {taskinstance.py:1358} INFO - 
--------------------------------------------------------------------------------
[2022-12-12 12:31:10,634] {taskinstance.py:1377} INFO - Executing <Task(PostgresOperator): create_table> on 2022-11-28 17:10:00+00:00
[2022-12-12 12:31:10,638] {standard_task_runner.py:52} INFO - Started process 339 to run task
[2022-12-12 12:31:10,734] {standard_task_runner.py:79} INFO - Running: ['airflow', 'tasks', 'run', 'prepare_data', 'create_table', 'scheduled__2022-11-28T17:10:00+00:00', '--job-id', '38', '--raw', '--subdir', 'DAGS_FOLDER/prepare_data.py', '--cfg-path', '/tmp/tmpn8vfze9w', '--error-file', '/tmp/tmpgitn651n']
[2022-12-12 12:31:10,748] {standard_task_runner.py:80} INFO - Job 38: Subtask create_table
[2022-12-12 12:31:11,713] {task_command.py:369} INFO - Running <TaskInstance: prepare_data.create_table scheduled__2022-11-28T17:10:00+00:00 [running]> on host b778137d8ea6
[2022-12-12 12:31:12,960] {taskinstance.py:1571} INFO - Exporting the following env vars:
AIRFLOW_CTX_DAG_OWNER=airflow
AIRFLOW_CTX_DAG_ID=prepare_data
AIRFLOW_CTX_TASK_ID=create_table
AIRFLOW_CTX_EXECUTION_DATE=2022-11-28T17:10:00+00:00
AIRFLOW_CTX_TRY_NUMBER=1
AIRFLOW_CTX_DAG_RUN_ID=scheduled__2022-11-28T17:10:00+00:00
[2022-12-12 12:31:13,890] {taskinstance.py:1889} ERROR - Task failed with exception
Traceback (most recent call last):
  File "/home/airflow/.local/lib/python3.7/site-packages/airflow/providers/postgres/operators/postgres.py", line 92, in execute
    self.hook.run(self.sql, self.autocommit, parameters=self.parameters)
  File "/home/airflow/.local/lib/python3.7/site-packages/airflow/hooks/dbapi.py", line 181, in run
    with closing(self.get_conn()) as conn:
  File "/home/airflow/.local/lib/python3.7/site-packages/airflow/providers/postgres/hooks/postgres.py", line 86, in get_conn
    conn = deepcopy(self.connection or self.get_connection(conn_id))
  File "/home/airflow/.local/lib/python3.7/site-packages/airflow/hooks/base.py", line 67, in get_connection
    conn = Connection.get_connection_from_secrets(conn_id)
  File "/home/airflow/.local/lib/python3.7/site-packages/airflow/models/connection.py", line 430, in get_connection_from_secrets
    raise AirflowNotFoundException(f"The conn_id `{conn_id}` isn't defined")
airflow.exceptions.AirflowNotFoundException: The conn_id `postgres_default` isn't defined
[2022-12-12 12:31:14,024] {taskinstance.py:1400} INFO - Marking task as FAILED. dag_id=prepare_data, task_id=create_table, execution_date=20221128T171000, start_date=20221212T123110, end_date=20221212T123113
[2022-12-12 12:31:14,549] {standard_task_runner.py:97} ERROR - Failed to execute job 38 for task create_table (The conn_id `postgres_default` isn't defined; 339)
[2022-12-12 12:31:14,617] {local_task_job.py:156} INFO - Task exited with return code 1
[2022-12-12 12:31:14,941] {local_task_job.py:273} INFO - 0 downstream tasks scheduled from follow-on schedule check
[2022-12-12 15:17:02,744] {taskinstance.py:1159} INFO - Dependencies all met for <TaskInstance: prepare_data.create_table scheduled__2022-11-28T17:10:00+00:00 [queued]>
[2022-12-12 15:17:03,276] {taskinstance.py:1159} INFO - Dependencies all met for <TaskInstance: prepare_data.create_table scheduled__2022-11-28T17:10:00+00:00 [queued]>
[2022-12-12 15:17:03,312] {taskinstance.py:1356} INFO - 
--------------------------------------------------------------------------------
[2022-12-12 15:17:03,312] {taskinstance.py:1357} INFO - Starting attempt 1 of 1
[2022-12-12 15:17:03,312] {taskinstance.py:1358} INFO - 
--------------------------------------------------------------------------------
[2022-12-12 15:17:04,870] {taskinstance.py:1377} INFO - Executing <Task(PostgresOperator): create_table> on 2022-11-28 17:10:00+00:00
[2022-12-12 15:17:05,139] {standard_task_runner.py:52} INFO - Started process 384 to run task
[2022-12-12 15:17:05,493] {standard_task_runner.py:79} INFO - Running: ['airflow', 'tasks', 'run', 'prepare_data', 'create_table', 'scheduled__2022-11-28T17:10:00+00:00', '--job-id', '38', '--raw', '--subdir', 'DAGS_FOLDER/prepare_data.py', '--cfg-path', '/tmp/tmpn46p3mo4', '--error-file', '/tmp/tmpi_q1vzav']
[2022-12-12 15:17:05,553] {standard_task_runner.py:80} INFO - Job 38: Subtask create_table
[2022-12-12 15:17:14,124] {task_command.py:369} INFO - Running <TaskInstance: prepare_data.create_table scheduled__2022-11-28T17:10:00+00:00 [running]> on host d4eb34144d92
[2022-12-12 15:17:20,100] {taskinstance.py:1571} INFO - Exporting the following env vars:
AIRFLOW_CTX_DAG_OWNER=airflow
AIRFLOW_CTX_DAG_ID=prepare_data
AIRFLOW_CTX_TASK_ID=create_table
AIRFLOW_CTX_EXECUTION_DATE=2022-11-28T17:10:00+00:00
AIRFLOW_CTX_TRY_NUMBER=1
AIRFLOW_CTX_DAG_RUN_ID=scheduled__2022-11-28T17:10:00+00:00
[2022-12-12 15:17:21,359] {taskinstance.py:1889} ERROR - Task failed with exception
Traceback (most recent call last):
  File "/home/airflow/.local/lib/python3.7/site-packages/airflow/providers/postgres/operators/postgres.py", line 92, in execute
    self.hook.run(self.sql, self.autocommit, parameters=self.parameters)
  File "/home/airflow/.local/lib/python3.7/site-packages/airflow/hooks/dbapi.py", line 181, in run
    with closing(self.get_conn()) as conn:
  File "/home/airflow/.local/lib/python3.7/site-packages/airflow/providers/postgres/hooks/postgres.py", line 86, in get_conn
    conn = deepcopy(self.connection or self.get_connection(conn_id))
  File "/home/airflow/.local/lib/python3.7/site-packages/airflow/hooks/base.py", line 67, in get_connection
    conn = Connection.get_connection_from_secrets(conn_id)
  File "/home/airflow/.local/lib/python3.7/site-packages/airflow/models/connection.py", line 430, in get_connection_from_secrets
    raise AirflowNotFoundException(f"The conn_id `{conn_id}` isn't defined")
airflow.exceptions.AirflowNotFoundException: The conn_id `postgres_default` isn't defined
[2022-12-12 15:17:21,462] {taskinstance.py:1400} INFO - Marking task as FAILED. dag_id=prepare_data, task_id=create_table, execution_date=20221128T171000, start_date=20221212T151702, end_date=20221212T151721
[2022-12-12 15:17:21,993] {standard_task_runner.py:97} ERROR - Failed to execute job 38 for task create_table (The conn_id `postgres_default` isn't defined; 384)
[2022-12-12 15:17:22,217] {local_task_job.py:156} INFO - Task exited with return code 1
[2022-12-12 15:17:23,792] {local_task_job.py:273} INFO - 0 downstream tasks scheduled from follow-on schedule check
