[2022-12-03 14:59:19,255] {taskinstance.py:1159} INFO - Dependencies all met for <TaskInstance: prepare_data.create_table scheduled__2022-11-28T18:53:00+00:00 [queued]>
[2022-12-03 14:59:19,929] {taskinstance.py:1159} INFO - Dependencies all met for <TaskInstance: prepare_data.create_table scheduled__2022-11-28T18:53:00+00:00 [queued]>
[2022-12-03 14:59:19,929] {taskinstance.py:1356} INFO - 
--------------------------------------------------------------------------------
[2022-12-03 14:59:19,961] {taskinstance.py:1357} INFO - Starting attempt 1 of 1
[2022-12-03 14:59:19,962] {taskinstance.py:1358} INFO - 
--------------------------------------------------------------------------------
[2022-12-03 14:59:20,570] {taskinstance.py:1377} INFO - Executing <Task(PostgresOperator): create_table> on 2022-11-28 18:53:00+00:00
[2022-12-03 14:59:20,704] {standard_task_runner.py:52} INFO - Started process 814 to run task
[2022-12-03 14:59:20,925] {standard_task_runner.py:79} INFO - Running: ['airflow', 'tasks', 'run', 'prepare_data', 'create_table', 'scheduled__2022-11-28T18:53:00+00:00', '--job-id', '220', '--raw', '--subdir', 'DAGS_FOLDER/prepare_data.py', '--cfg-path', '/tmp/tmpmzf7ih4i', '--error-file', '/tmp/tmpogqvanep']
[2022-12-03 14:59:20,982] {standard_task_runner.py:80} INFO - Job 220: Subtask create_table
[2022-12-03 14:59:24,504] {task_command.py:369} INFO - Running <TaskInstance: prepare_data.create_table scheduled__2022-11-28T18:53:00+00:00 [running]> on host b41792e8e843
[2022-12-03 14:59:29,692] {taskinstance.py:1571} INFO - Exporting the following env vars:
AIRFLOW_CTX_DAG_OWNER=airflow
AIRFLOW_CTX_DAG_ID=prepare_data
AIRFLOW_CTX_TASK_ID=create_table
AIRFLOW_CTX_EXECUTION_DATE=2022-11-28T18:53:00+00:00
AIRFLOW_CTX_TRY_NUMBER=1
AIRFLOW_CTX_DAG_RUN_ID=scheduled__2022-11-28T18:53:00+00:00
[2022-12-03 14:59:30,377] {base.py:68} INFO - Using connection ID 'postgres_default' for task execution.
[2022-12-03 14:59:30,517] {dbapi.py:208} INFO - Running statement: CREATE TABLE IF NOT EXISTS prepared_data (
	id SERIAL,
	sensor_id BIGINT,
	longitude FLOAT,
	latitude FLOAT,
	controller_id BIGINT,
	datetime TIMESTAMP WITH TIME ZONE,
	temperature INTEGER
);, parameters: None
[2022-12-03 14:59:30,534] {postgres.py:94} INFO - NOTICE:  relation "prepared_data" already exists, skipping

[2022-12-03 14:59:31,239] {taskinstance.py:1400} INFO - Marking task as SUCCESS. dag_id=prepare_data, task_id=create_table, execution_date=20221128T185300, start_date=20221203T145919, end_date=20221203T145931
[2022-12-03 14:59:32,325] {local_task_job.py:156} INFO - Task exited with return code 0
[2022-12-03 14:59:36,300] {local_task_job.py:273} INFO - 1 downstream tasks scheduled from follow-on schedule check
[2022-12-12 12:34:46,225] {taskinstance.py:1159} INFO - Dependencies all met for <TaskInstance: prepare_data.create_table scheduled__2022-11-28T18:53:00+00:00 [queued]>
[2022-12-12 12:34:46,599] {taskinstance.py:1159} INFO - Dependencies all met for <TaskInstance: prepare_data.create_table scheduled__2022-11-28T18:53:00+00:00 [queued]>
[2022-12-12 12:34:46,599] {taskinstance.py:1356} INFO - 
--------------------------------------------------------------------------------
[2022-12-12 12:34:46,599] {taskinstance.py:1357} INFO - Starting attempt 1 of 1
[2022-12-12 12:34:46,599] {taskinstance.py:1358} INFO - 
--------------------------------------------------------------------------------
[2022-12-12 12:34:47,116] {taskinstance.py:1377} INFO - Executing <Task(PostgresOperator): create_table> on 2022-11-28 18:53:00+00:00
[2022-12-12 12:34:47,495] {standard_task_runner.py:52} INFO - Started process 579 to run task
[2022-12-12 12:34:47,493] {standard_task_runner.py:79} INFO - Running: ['airflow', 'tasks', 'run', 'prepare_data', 'create_table', 'scheduled__2022-11-28T18:53:00+00:00', '--job-id', '141', '--raw', '--subdir', 'DAGS_FOLDER/prepare_data.py', '--cfg-path', '/tmp/tmpeqj_0522', '--error-file', '/tmp/tmpr6e5t9cv']
[2022-12-12 12:34:47,541] {standard_task_runner.py:80} INFO - Job 141: Subtask create_table
[2022-12-12 12:34:49,378] {task_command.py:369} INFO - Running <TaskInstance: prepare_data.create_table scheduled__2022-11-28T18:53:00+00:00 [running]> on host b778137d8ea6
[2022-12-12 12:34:51,493] {taskinstance.py:1571} INFO - Exporting the following env vars:
AIRFLOW_CTX_DAG_OWNER=airflow
AIRFLOW_CTX_DAG_ID=prepare_data
AIRFLOW_CTX_TASK_ID=create_table
AIRFLOW_CTX_EXECUTION_DATE=2022-11-28T18:53:00+00:00
AIRFLOW_CTX_TRY_NUMBER=1
AIRFLOW_CTX_DAG_RUN_ID=scheduled__2022-11-28T18:53:00+00:00
[2022-12-12 12:34:51,984] {taskinstance.py:1889} ERROR - Task failed with exception
Traceback (most recent call last):
  File "/home/airflow/.local/lib/python3.7/site-packages/airflow/providers/postgres/operators/postgres.py", line 92, in execute
    self.hook.run(self.sql, self.autocommit, parameters=self.parameters)
  File "/home/airflow/.local/lib/python3.7/site-packages/airflow/hooks/dbapi.py", line 181, in run
    with closing(self.get_conn()) as conn:
  File "/home/airflow/.local/lib/python3.7/site-packages/airflow/providers/postgres/hooks/postgres.py", line 86, in get_conn
    conn = deepcopy(self.connection or self.get_connection(conn_id))
  File "/home/airflow/.local/lib/python3.7/site-packages/airflow/hooks/base.py", line 67, in get_connection
    conn = Connection.get_connection_from_secrets(conn_id)
  File "/home/airflow/.local/lib/python3.7/site-packages/airflow/models/connection.py", line 430, in get_connection_from_secrets
    raise AirflowNotFoundException(f"The conn_id `{conn_id}` isn't defined")
airflow.exceptions.AirflowNotFoundException: The conn_id `postgres_default` isn't defined
[2022-12-12 12:34:52,085] {taskinstance.py:1400} INFO - Marking task as FAILED. dag_id=prepare_data, task_id=create_table, execution_date=20221128T185300, start_date=20221212T123446, end_date=20221212T123452
[2022-12-12 12:34:52,292] {standard_task_runner.py:97} ERROR - Failed to execute job 141 for task create_table (The conn_id `postgres_default` isn't defined; 579)
[2022-12-12 12:34:52,349] {local_task_job.py:156} INFO - Task exited with return code 1
[2022-12-12 12:34:52,928] {local_task_job.py:273} INFO - 0 downstream tasks scheduled from follow-on schedule check
