[2022-12-03 14:48:35,740] {taskinstance.py:1159} INFO - Dependencies all met for <TaskInstance: prepare_data.create_table scheduled__2022-11-28T18:07:00+00:00 [queued]>
[2022-12-03 14:48:35,871] {taskinstance.py:1159} INFO - Dependencies all met for <TaskInstance: prepare_data.create_table scheduled__2022-11-28T18:07:00+00:00 [queued]>
[2022-12-03 14:48:35,872] {taskinstance.py:1356} INFO - 
--------------------------------------------------------------------------------
[2022-12-03 14:48:35,872] {taskinstance.py:1357} INFO - Starting attempt 1 of 1
[2022-12-03 14:48:35,872] {taskinstance.py:1358} INFO - 
--------------------------------------------------------------------------------
[2022-12-03 14:48:35,985] {taskinstance.py:1377} INFO - Executing <Task(PostgresOperator): create_table> on 2022-11-28 18:07:00+00:00
[2022-12-03 14:48:36,002] {standard_task_runner.py:52} INFO - Started process 486 to run task
[2022-12-03 14:48:36,034] {standard_task_runner.py:79} INFO - Running: ['airflow', 'tasks', 'run', 'prepare_data', 'create_table', 'scheduled__2022-11-28T18:07:00+00:00', '--job-id', '95', '--raw', '--subdir', 'DAGS_FOLDER/prepare_data.py', '--cfg-path', '/tmp/tmp83zzyldq', '--error-file', '/tmp/tmpv7own3ov']
[2022-12-03 14:48:36,043] {standard_task_runner.py:80} INFO - Job 95: Subtask create_table
[2022-12-03 14:48:36,494] {task_command.py:369} INFO - Running <TaskInstance: prepare_data.create_table scheduled__2022-11-28T18:07:00+00:00 [running]> on host b41792e8e843
[2022-12-03 14:48:37,055] {taskinstance.py:1571} INFO - Exporting the following env vars:
AIRFLOW_CTX_DAG_OWNER=airflow
AIRFLOW_CTX_DAG_ID=prepare_data
AIRFLOW_CTX_TASK_ID=create_table
AIRFLOW_CTX_EXECUTION_DATE=2022-11-28T18:07:00+00:00
AIRFLOW_CTX_TRY_NUMBER=1
AIRFLOW_CTX_DAG_RUN_ID=scheduled__2022-11-28T18:07:00+00:00
[2022-12-03 14:48:37,150] {taskinstance.py:1889} ERROR - Task failed with exception
Traceback (most recent call last):
  File "/home/airflow/.local/lib/python3.7/site-packages/airflow/providers/postgres/operators/postgres.py", line 92, in execute
    self.hook.run(self.sql, self.autocommit, parameters=self.parameters)
  File "/home/airflow/.local/lib/python3.7/site-packages/airflow/hooks/dbapi.py", line 181, in run
    with closing(self.get_conn()) as conn:
  File "/home/airflow/.local/lib/python3.7/site-packages/airflow/providers/postgres/hooks/postgres.py", line 86, in get_conn
    conn = deepcopy(self.connection or self.get_connection(conn_id))
  File "/home/airflow/.local/lib/python3.7/site-packages/airflow/hooks/base.py", line 67, in get_connection
    conn = Connection.get_connection_from_secrets(conn_id)
  File "/home/airflow/.local/lib/python3.7/site-packages/airflow/models/connection.py", line 430, in get_connection_from_secrets
    raise AirflowNotFoundException(f"The conn_id `{conn_id}` isn't defined")
airflow.exceptions.AirflowNotFoundException: The conn_id `postgres_default` isn't defined
[2022-12-03 14:48:37,159] {taskinstance.py:1400} INFO - Marking task as FAILED. dag_id=prepare_data, task_id=create_table, execution_date=20221128T180700, start_date=20221203T144835, end_date=20221203T144837
[2022-12-03 14:48:37,192] {standard_task_runner.py:97} ERROR - Failed to execute job 95 for task create_table (The conn_id `postgres_default` isn't defined; 486)
[2022-12-03 14:48:37,221] {local_task_job.py:156} INFO - Task exited with return code 1
[2022-12-03 14:48:37,379] {local_task_job.py:273} INFO - 0 downstream tasks scheduled from follow-on schedule check
[2022-12-12 12:33:24,810] {taskinstance.py:1159} INFO - Dependencies all met for <TaskInstance: prepare_data.create_table scheduled__2022-11-28T18:07:00+00:00 [queued]>
[2022-12-12 12:33:24,998] {taskinstance.py:1159} INFO - Dependencies all met for <TaskInstance: prepare_data.create_table scheduled__2022-11-28T18:07:00+00:00 [queued]>
[2022-12-12 12:33:24,998] {taskinstance.py:1356} INFO - 
--------------------------------------------------------------------------------
[2022-12-12 12:33:24,998] {taskinstance.py:1357} INFO - Starting attempt 1 of 1
[2022-12-12 12:33:24,998] {taskinstance.py:1358} INFO - 
--------------------------------------------------------------------------------
[2022-12-12 12:33:25,113] {taskinstance.py:1377} INFO - Executing <Task(PostgresOperator): create_table> on 2022-11-28 18:07:00+00:00
[2022-12-12 12:33:25,137] {standard_task_runner.py:52} INFO - Started process 472 to run task
[2022-12-12 12:33:25,160] {standard_task_runner.py:79} INFO - Running: ['airflow', 'tasks', 'run', 'prepare_data', 'create_table', 'scheduled__2022-11-28T18:07:00+00:00', '--job-id', '95', '--raw', '--subdir', 'DAGS_FOLDER/prepare_data.py', '--cfg-path', '/tmp/tmp9ivir4zd', '--error-file', '/tmp/tmpbsvi6znh']
[2022-12-12 12:33:25,164] {standard_task_runner.py:80} INFO - Job 95: Subtask create_table
[2022-12-12 12:33:25,656] {task_command.py:369} INFO - Running <TaskInstance: prepare_data.create_table scheduled__2022-11-28T18:07:00+00:00 [running]> on host b778137d8ea6
[2022-12-12 12:33:26,250] {taskinstance.py:1571} INFO - Exporting the following env vars:
AIRFLOW_CTX_DAG_OWNER=airflow
AIRFLOW_CTX_DAG_ID=prepare_data
AIRFLOW_CTX_TASK_ID=create_table
AIRFLOW_CTX_EXECUTION_DATE=2022-11-28T18:07:00+00:00
AIRFLOW_CTX_TRY_NUMBER=1
AIRFLOW_CTX_DAG_RUN_ID=scheduled__2022-11-28T18:07:00+00:00
[2022-12-12 12:33:26,309] {taskinstance.py:1889} ERROR - Task failed with exception
Traceback (most recent call last):
  File "/home/airflow/.local/lib/python3.7/site-packages/airflow/providers/postgres/operators/postgres.py", line 92, in execute
    self.hook.run(self.sql, self.autocommit, parameters=self.parameters)
  File "/home/airflow/.local/lib/python3.7/site-packages/airflow/hooks/dbapi.py", line 181, in run
    with closing(self.get_conn()) as conn:
  File "/home/airflow/.local/lib/python3.7/site-packages/airflow/providers/postgres/hooks/postgres.py", line 86, in get_conn
    conn = deepcopy(self.connection or self.get_connection(conn_id))
  File "/home/airflow/.local/lib/python3.7/site-packages/airflow/hooks/base.py", line 67, in get_connection
    conn = Connection.get_connection_from_secrets(conn_id)
  File "/home/airflow/.local/lib/python3.7/site-packages/airflow/models/connection.py", line 430, in get_connection_from_secrets
    raise AirflowNotFoundException(f"The conn_id `{conn_id}` isn't defined")
airflow.exceptions.AirflowNotFoundException: The conn_id `postgres_default` isn't defined
[2022-12-12 12:33:26,315] {taskinstance.py:1400} INFO - Marking task as FAILED. dag_id=prepare_data, task_id=create_table, execution_date=20221128T180700, start_date=20221212T123324, end_date=20221212T123326
[2022-12-12 12:33:26,355] {standard_task_runner.py:97} ERROR - Failed to execute job 95 for task create_table (The conn_id `postgres_default` isn't defined; 472)
[2022-12-12 12:33:26,399] {local_task_job.py:156} INFO - Task exited with return code 1
[2022-12-12 12:33:26,708] {local_task_job.py:273} INFO - 0 downstream tasks scheduled from follow-on schedule check
