[2022-12-03 15:11:33,911] {taskinstance.py:1159} INFO - Dependencies all met for <TaskInstance: prepare_data.create_table scheduled__2022-11-28T19:58:00+00:00 [queued]>
[2022-12-03 15:11:34,078] {taskinstance.py:1159} INFO - Dependencies all met for <TaskInstance: prepare_data.create_table scheduled__2022-11-28T19:58:00+00:00 [queued]>
[2022-12-03 15:11:34,079] {taskinstance.py:1356} INFO - 
--------------------------------------------------------------------------------
[2022-12-03 15:11:34,079] {taskinstance.py:1357} INFO - Starting attempt 1 of 1
[2022-12-03 15:11:34,079] {taskinstance.py:1358} INFO - 
--------------------------------------------------------------------------------
[2022-12-03 15:11:34,898] {taskinstance.py:1377} INFO - Executing <Task(PostgresOperator): create_table> on 2022-11-28 19:58:00+00:00
[2022-12-03 15:11:35,009] {standard_task_runner.py:52} INFO - Started process 1305 to run task
[2022-12-03 15:11:35,199] {standard_task_runner.py:79} INFO - Running: ['airflow', 'tasks', 'run', 'prepare_data', 'create_table', 'scheduled__2022-11-28T19:58:00+00:00', '--job-id', '415', '--raw', '--subdir', 'DAGS_FOLDER/prepare_data.py', '--cfg-path', '/tmp/tmpw32gpfqy', '--error-file', '/tmp/tmprc2u3fwx']
[2022-12-03 15:11:35,251] {standard_task_runner.py:80} INFO - Job 415: Subtask create_table
[2022-12-03 15:11:38,458] {task_command.py:369} INFO - Running <TaskInstance: prepare_data.create_table scheduled__2022-11-28T19:58:00+00:00 [running]> on host b41792e8e843
[2022-12-03 15:11:46,700] {taskinstance.py:1571} INFO - Exporting the following env vars:
AIRFLOW_CTX_DAG_OWNER=airflow
AIRFLOW_CTX_DAG_ID=prepare_data
AIRFLOW_CTX_TASK_ID=create_table
AIRFLOW_CTX_EXECUTION_DATE=2022-11-28T19:58:00+00:00
AIRFLOW_CTX_TRY_NUMBER=1
AIRFLOW_CTX_DAG_RUN_ID=scheduled__2022-11-28T19:58:00+00:00
[2022-12-03 15:11:47,302] {base.py:68} INFO - Using connection ID 'postgres_default' for task execution.
[2022-12-03 15:11:47,533] {dbapi.py:208} INFO - Running statement: CREATE TABLE IF NOT EXISTS prepared_data (
	id SERIAL,
	sensor_id BIGINT,
	longitude FLOAT,
	latitude FLOAT,
	controller_id BIGINT,
	datetime TIMESTAMP WITH TIME ZONE,
	temperature INTEGER
);, parameters: None
[2022-12-03 15:11:47,558] {postgres.py:94} INFO - NOTICE:  relation "prepared_data" already exists, skipping

[2022-12-03 15:11:52,362] {taskinstance.py:1400} INFO - Marking task as SUCCESS. dag_id=prepare_data, task_id=create_table, execution_date=20221128T195800, start_date=20221203T151133, end_date=20221203T151152
[2022-12-03 15:11:53,159] {local_task_job.py:156} INFO - Task exited with return code 0
[2022-12-03 15:11:57,298] {local_task_job.py:273} INFO - 1 downstream tasks scheduled from follow-on schedule check
[2022-12-12 12:36:55,757] {taskinstance.py:1159} INFO - Dependencies all met for <TaskInstance: prepare_data.create_table scheduled__2022-11-28T19:58:00+00:00 [queued]>
[2022-12-12 12:36:56,046] {taskinstance.py:1159} INFO - Dependencies all met for <TaskInstance: prepare_data.create_table scheduled__2022-11-28T19:58:00+00:00 [queued]>
[2022-12-12 12:36:56,046] {taskinstance.py:1356} INFO - 
--------------------------------------------------------------------------------
[2022-12-12 12:36:56,054] {taskinstance.py:1357} INFO - Starting attempt 1 of 1
[2022-12-12 12:36:56,054] {taskinstance.py:1358} INFO - 
--------------------------------------------------------------------------------
[2022-12-12 12:36:56,483] {taskinstance.py:1377} INFO - Executing <Task(PostgresOperator): create_table> on 2022-11-28 19:58:00+00:00
[2022-12-12 12:36:56,577] {standard_task_runner.py:52} INFO - Started process 730 to run task
[2022-12-12 12:36:56,621] {standard_task_runner.py:79} INFO - Running: ['airflow', 'tasks', 'run', 'prepare_data', 'create_table', 'scheduled__2022-11-28T19:58:00+00:00', '--job-id', '206', '--raw', '--subdir', 'DAGS_FOLDER/prepare_data.py', '--cfg-path', '/tmp/tmpms6yv46t', '--error-file', '/tmp/tmpxqxvo_28']
[2022-12-12 12:36:56,622] {standard_task_runner.py:80} INFO - Job 206: Subtask create_table
[2022-12-12 12:36:57,315] {task_command.py:369} INFO - Running <TaskInstance: prepare_data.create_table scheduled__2022-11-28T19:58:00+00:00 [running]> on host b778137d8ea6
[2022-12-12 12:36:58,522] {taskinstance.py:1571} INFO - Exporting the following env vars:
AIRFLOW_CTX_DAG_OWNER=airflow
AIRFLOW_CTX_DAG_ID=prepare_data
AIRFLOW_CTX_TASK_ID=create_table
AIRFLOW_CTX_EXECUTION_DATE=2022-11-28T19:58:00+00:00
AIRFLOW_CTX_TRY_NUMBER=1
AIRFLOW_CTX_DAG_RUN_ID=scheduled__2022-11-28T19:58:00+00:00
[2022-12-12 12:36:58,901] {taskinstance.py:1889} ERROR - Task failed with exception
Traceback (most recent call last):
  File "/home/airflow/.local/lib/python3.7/site-packages/airflow/providers/postgres/operators/postgres.py", line 92, in execute
    self.hook.run(self.sql, self.autocommit, parameters=self.parameters)
  File "/home/airflow/.local/lib/python3.7/site-packages/airflow/hooks/dbapi.py", line 181, in run
    with closing(self.get_conn()) as conn:
  File "/home/airflow/.local/lib/python3.7/site-packages/airflow/providers/postgres/hooks/postgres.py", line 86, in get_conn
    conn = deepcopy(self.connection or self.get_connection(conn_id))
  File "/home/airflow/.local/lib/python3.7/site-packages/airflow/hooks/base.py", line 67, in get_connection
    conn = Connection.get_connection_from_secrets(conn_id)
  File "/home/airflow/.local/lib/python3.7/site-packages/airflow/models/connection.py", line 430, in get_connection_from_secrets
    raise AirflowNotFoundException(f"The conn_id `{conn_id}` isn't defined")
airflow.exceptions.AirflowNotFoundException: The conn_id `postgres_default` isn't defined
[2022-12-12 12:36:58,916] {taskinstance.py:1400} INFO - Marking task as FAILED. dag_id=prepare_data, task_id=create_table, execution_date=20221128T195800, start_date=20221212T123655, end_date=20221212T123658
[2022-12-12 12:36:58,983] {standard_task_runner.py:97} ERROR - Failed to execute job 206 for task create_table (The conn_id `postgres_default` isn't defined; 730)
[2022-12-12 12:36:59,043] {local_task_job.py:156} INFO - Task exited with return code 1
[2022-12-12 12:36:59,424] {local_task_job.py:273} INFO - 0 downstream tasks scheduled from follow-on schedule check
