[2022-12-12 13:14:08,276] {taskinstance.py:1159} INFO - Dependencies all met for <TaskInstance: prepare_data.transfer_data scheduled__2022-11-29T00:08:00+00:00 [queued]>
[2022-12-12 13:14:09,063] {taskinstance.py:1159} INFO - Dependencies all met for <TaskInstance: prepare_data.transfer_data scheduled__2022-11-29T00:08:00+00:00 [queued]>
[2022-12-12 13:14:09,064] {taskinstance.py:1356} INFO - 
--------------------------------------------------------------------------------
[2022-12-12 13:14:09,064] {taskinstance.py:1357} INFO - Starting attempt 1 of 1
[2022-12-12 13:14:09,093] {taskinstance.py:1358} INFO - 
--------------------------------------------------------------------------------
[2022-12-12 13:14:09,868] {taskinstance.py:1377} INFO - Executing <Task(PythonOperator): transfer_data> on 2022-11-29 00:08:00+00:00
[2022-12-12 13:14:09,948] {standard_task_runner.py:52} INFO - Started process 2184 to run task
[2022-12-12 13:14:10,196] {standard_task_runner.py:79} INFO - Running: ['airflow', 'tasks', 'run', 'prepare_data', 'transfer_data', 'scheduled__2022-11-29T00:08:00+00:00', '--job-id', '783', '--raw', '--subdir', 'DAGS_FOLDER/prepare_data.py', '--cfg-path', '/tmp/tmp_mnjgpd_', '--error-file', '/tmp/tmprtpuxq17']
[2022-12-12 13:14:10,224] {standard_task_runner.py:80} INFO - Job 783: Subtask transfer_data
[2022-12-12 13:14:13,181] {task_command.py:369} INFO - Running <TaskInstance: prepare_data.transfer_data scheduled__2022-11-29T00:08:00+00:00 [running]> on host b778137d8ea6
[2022-12-12 13:14:15,951] {taskinstance.py:1571} INFO - Exporting the following env vars:
AIRFLOW_CTX_DAG_OWNER=airflow
AIRFLOW_CTX_DAG_ID=prepare_data
AIRFLOW_CTX_TASK_ID=transfer_data
AIRFLOW_CTX_EXECUTION_DATE=2022-11-29T00:08:00+00:00
AIRFLOW_CTX_TRY_NUMBER=1
AIRFLOW_CTX_DAG_RUN_ID=scheduled__2022-11-29T00:08:00+00:00
[2022-12-12 13:14:16,595] {base.py:68} INFO - Using connection ID 'postgres_default' for task execution.
[2022-12-12 13:14:17,123] {python.py:173} INFO - Done. Returned value was: None
[2022-12-12 13:14:18,065] {taskinstance.py:1400} INFO - Marking task as SUCCESS. dag_id=prepare_data, task_id=transfer_data, execution_date=20221129T000800, start_date=20221212T131408, end_date=20221212T131418
[2022-12-12 13:14:18,479] {local_task_job.py:156} INFO - Task exited with return code 0
[2022-12-12 13:14:19,173] {local_task_job.py:273} INFO - 0 downstream tasks scheduled from follow-on schedule check
